This file contains any messages produced by compilers while
running configure, to aid debugging if configure makes a mistake.

It was created by gnome-pty-helper configure 1.95.0, which was
generated by GNU Autoconf 2.65.  Invocation command line was

  $ ./configure --disable-option-checking --prefix=/usr/local CFLAGS=-O2 -march=armv6j -mtune=arm1136jf-s -pipe -fomit-frame-pointer -fno-stack-protector --cache-file=/dev/null --srcdir=.

## --------- ##
## Platform. ##
## --------- ##

hostname = tjw-pc
uname -m = arm
uname -r = 2.6.38-11-generic
uname -s = Linux
uname -v = #48-Ubuntu SMP Fri Jul 29 19:02:55 UTC 2011

/usr/bin/uname -p = unknown
/bin/uname -X     = unknown

/bin/arch              = arm
/usr/bin/arch -k       = arm
/usr/convex/getsysinfo = unknown
/usr/bin/hostinfo      = unknown
/bin/machine           = unknown
/usr/bin/oslevel       = unknown
/bin/universe          = unknown

PATH: /home/tjw/kindle/tjKindle
PATH: /usr/local/bin
PATH: /usr/local/bin
PATH: /host_usr/bin
PATH: /scratchbox/devkits/svn/bin
PATH: /scratchbox/devkits/qemu/bin
PATH: /scratchbox/devkits/perl/bin
PATH: /scratchbox/devkits/git/bin
PATH: /scratchbox/devkits/doctools/bin
PATH: /scratchbox/tools/bin
PATH: /targets/links/arch_tools/bin
PATH: /scratchbox/compilers/bin
PATH: /bin
PATH: /usr/bin
PATH: /usr/local/bin
PATH: /usr/X11R6/bin
PATH: /sbin
PATH: /usr/sbin


## ----------- ##
## Core tests. ##
## ----------- ##

configure:2167: checking for a BSD-compatible install
configure:2235: result: /scratchbox/tools/bin/install -c
configure:2246: checking whether build environment is sane
configure:2296: result: yes
configure:2437: checking for a thread-safe mkdir -p
configure:2476: result: /scratchbox/tools/bin/mkdir -p
configure:2489: checking for gawk
configure:2505: found /scratchbox/tools/bin/gawk
configure:2516: result: gawk
configure:2527: checking whether make sets $(MAKE)
configure:2549: result: yes
configure:2646: checking for style of include used by make
configure:2674: result: GNU
configure:2744: checking for gcc
configure:2760: found /scratchbox/compilers/bin/gcc
configure:2771: result: gcc
configure:3000: checking for C compiler version
configure:3009: gcc --version >&5
sbox-arm-none-linux-gnueabi-gcc (GCC) 4.2.1
Copyright (C) 2007 Free Software Foundation, Inc.
This is free software; see the source for copying conditions.  There is NO
warranty; not even for MERCHANTABILITY or FITNESS FOR A PARTICULAR PURPOSE.

configure:3020: $? = 0
configure:3009: gcc -v >&5
Using built-in specs.
Reading specs from /scratchbox/compilers/cs2007q3-glibc2.5-arm6/gcc.specs
rename spec cpp to old_cpp
rename spec cc1 to old_cc1
rename spec cc1plus to old_cc1plus
rename spec link to old_link
Target: arm-none-linux-gnueabi
Configured with: /home/jhakala/cs2007q3-sb4/arm/src/gcc-4.2/configure --build=i686-pc-linux-gnu --host=i686-pc-linux-gnu --target=arm-none-linux-gnueabi --enable-threads --disable-libmudflap --disable-libssp --disable-libgomp --disable-libstdcxx-pch --with-gnu-as --with-gnu-ld --enable-languages=c,c++ --enable-shared --enable-symvers=gnu --enable-__cxa_atexit --disable-nls --prefix=/opt/maemo --with-sysroot=/opt/maemo/arm-none-linux-gnueabi/libc --with-build-sysroot=/home/jhakala/cs2007q3-sb4/arm/install/arm-none-linux-gnueabi/libc --with-build-time-tools=/home/jhakala/cs2007q3-sb4/arm/install/arm-none-linux-gnueabi/bin
Thread model: posix
gcc version 4.2.1
configure:3020: $? = 0
configure:3009: gcc -V >&5
sbox-arm-none-linux-gnueabi-gcc: '-V' must come at the start of the command line
configure:3020: $? = 1
configure:3009: gcc -qversion >&5
sbox-arm-none-linux-gnueabi-gcc: unrecognized option '-qversion'
sbox-arm-none-linux-gnueabi-gcc: no input files
configure:3020: $? = 1
configure:3040: checking whether the C compiler works
configure:3062: gcc -O2 -march=armv6j -mtune=arm1136jf-s -pipe -fomit-frame-pointer -fno-stack-protector   conftest.c  >&5
configure:3066: $? = 0
configure:3115: result: yes
configure:3118: checking for C compiler default output file name
configure:3120: result: a.out
configure:3126: checking for suffix of executables
configure:3133: gcc -o conftest -O2 -march=armv6j -mtune=arm1136jf-s -pipe -fomit-frame-pointer -fno-stack-protector   conftest.c  >&5
configure:3137: $? = 0
configure:3159: result: 
configure:3181: checking whether we are cross compiling
configure:3189: gcc -o conftest -O2 -march=armv6j -mtune=arm1136jf-s -pipe -fomit-frame-pointer -fno-stack-protector   conftest.c  >&5
configure:3193: $? = 0
configure:3200: ./conftest
configure:3204: $? = 0
configure:3219: result: no
configure:3224: checking for suffix of object files
configure:3246: gcc -c -O2 -march=armv6j -mtune=arm1136jf-s -pipe -fomit-frame-pointer -fno-stack-protector  conftest.c >&5
configure:3250: $? = 0
configure:3271: result: o
configure:3275: checking whether we are using the GNU C compiler
configure:3294: gcc -c -O2 -march=armv6j -mtune=arm1136jf-s -pipe -fomit-frame-pointer -fno-stack-protector  conftest.c >&5
configure:3294: $? = 0
configure:3303: result: yes
configure:3312: checking whether gcc accepts -g
configure:3332: gcc -c -g  conftest.c >&5
configure:3332: $? = 0
configure:3373: result: yes
configure:3390: checking for gcc option to accept ISO C89
configure:3454: gcc  -c -O2 -march=armv6j -mtune=arm1136jf-s -pipe -fomit-frame-pointer -fno-stack-protector  conftest.c >&5
configure:3454: $? = 0
configure:3467: result: none needed
configure:3489: checking dependency style of gcc
configure:3599: result: gcc3
configure:3615: checking for library containing strerror
configure:3646: gcc -o conftest -O2 -march=armv6j -mtune=arm1136jf-s -pipe -fomit-frame-pointer -fno-stack-protector   conftest.c  >&5
configure:3646: $? = 0
configure:3663: result: none required
configure:3719: checking for gcc
configure:3746: result: gcc
configure:3975: checking for C compiler version
configure:3984: gcc --version >&5
sbox-arm-none-linux-gnueabi-gcc (GCC) 4.2.1
Copyright (C) 2007 Free Software Foundation, Inc.
This is free software; see the source for copying conditions.  There is NO
warranty; not even for MERCHANTABILITY or FITNESS FOR A PARTICULAR PURPOSE.

configure:3995: $? = 0
configure:3984: gcc -v >&5
Using built-in specs.
Reading specs from /scratchbox/compilers/cs2007q3-glibc2.5-arm6/gcc.specs
rename spec cpp to old_cpp
rename spec cc1 to old_cc1
rename spec cc1plus to old_cc1plus
rename spec link to old_link
Target: arm-none-linux-gnueabi
Configured with: /home/jhakala/cs2007q3-sb4/arm/src/gcc-4.2/configure --build=i686-pc-linux-gnu --host=i686-pc-linux-gnu --target=arm-none-linux-gnueabi --enable-threads --disable-libmudflap --disable-libssp --disable-libgomp --disable-libstdcxx-pch --with-gnu-as --with-gnu-ld --enable-languages=c,c++ --enable-shared --enable-symvers=gnu --enable-__cxa_atexit --disable-nls --prefix=/opt/maemo --with-sysroot=/opt/maemo/arm-none-linux-gnueabi/libc --with-build-sysroot=/home/jhakala/cs2007q3-sb4/arm/install/arm-none-linux-gnueabi/libc --with-build-time-tools=/home/jhakala/cs2007q3-sb4/arm/install/arm-none-linux-gnueabi/bin
Thread model: posix
gcc version 4.2.1
configure:3995: $? = 0
configure:3984: gcc -V >&5
sbox-arm-none-linux-gnueabi-gcc: '-V' must come at the start of the command line
configure:3995: $? = 1
configure:3984: gcc -qversion >&5
sbox-arm-none-linux-gnueabi-gcc: unrecognized option '-qversion'
sbox-arm-none-linux-gnueabi-gcc: no input files
configure:3995: $? = 1
configure:3999: checking whether we are using the GNU C compiler
configure:4027: result: yes
configure:4036: checking whether gcc accepts -g
configure:4097: result: yes
configure:4114: checking for gcc option to accept ISO C89
configure:4191: result: none needed
configure:4213: checking dependency style of gcc
configure:4323: result: gcc3
configure:4343: checking how to run the C preprocessor
configure:4374: gcc -E  conftest.c
configure:4374: $? = 0
configure:4388: gcc -E  conftest.c
conftest.c:11:28: error: ac_nonexistent.h: No such file or directory
configure:4388: $? = 1
configure: failed program was:
| /* confdefs.h */
| #define PACKAGE_NAME "gnome-pty-helper"
| #define PACKAGE_TARNAME "gnome-pty-helper"
| #define PACKAGE_VERSION "1.95.0"
| #define PACKAGE_STRING "gnome-pty-helper 1.95.0"
| #define PACKAGE_BUGREPORT "http://bugzilla.gnome.org/enter_bug.cgi?product=vte"
| #define PACKAGE_URL ""
| #define PACKAGE "gnome-pty-helper"
| #define VERSION "1.95.0"
| /* end confdefs.h.  */
| #include <ac_nonexistent.h>
configure:4413: result: gcc -E
configure:4433: gcc -E  conftest.c
configure:4433: $? = 0
configure:4447: gcc -E  conftest.c
conftest.c:11:28: error: ac_nonexistent.h: No such file or directory
configure:4447: $? = 1
configure: failed program was:
| /* confdefs.h */
| #define PACKAGE_NAME "gnome-pty-helper"
| #define PACKAGE_TARNAME "gnome-pty-helper"
| #define PACKAGE_VERSION "1.95.0"
| #define PACKAGE_STRING "gnome-pty-helper 1.95.0"
| #define PACKAGE_BUGREPORT "http://bugzilla.gnome.org/enter_bug.cgi?product=vte"
| #define PACKAGE_URL ""
| #define PACKAGE "gnome-pty-helper"
| #define VERSION "1.95.0"
| /* end confdefs.h.  */
| #include <ac_nonexistent.h>
configure:4476: checking for grep that handles long lines and -e
configure:4534: result: /scratchbox/tools/bin/grep
configure:4539: checking for egrep
configure:4601: result: /scratchbox/tools/bin/grep -E
configure:4606: checking for ANSI C header files
configure:4626: gcc -c -O2 -march=armv6j -mtune=arm1136jf-s -pipe -fomit-frame-pointer -fno-stack-protector  conftest.c >&5
configure:4626: $? = 0
configure:4699: gcc -o conftest -O2 -march=armv6j -mtune=arm1136jf-s -pipe -fomit-frame-pointer -fno-stack-protector   conftest.c  >&5
configure:4699: $? = 0
configure:4699: ./conftest
configure:4699: $? = 0
configure:4710: result: yes
configure:4766: checking for gcc
configure:4793: result: gcc
configure:5022: checking for C compiler version
configure:5031: gcc --version >&5
sbox-arm-none-linux-gnueabi-gcc (GCC) 4.2.1
Copyright (C) 2007 Free Software Foundation, Inc.
This is free software; see the source for copying conditions.  There is NO
warranty; not even for MERCHANTABILITY or FITNESS FOR A PARTICULAR PURPOSE.

configure:5042: $? = 0
configure:5031: gcc -v >&5
Using built-in specs.
Reading specs from /scratchbox/compilers/cs2007q3-glibc2.5-arm6/gcc.specs
rename spec cpp to old_cpp
rename spec cc1 to old_cc1
rename spec cc1plus to old_cc1plus
rename spec link to old_link
Target: arm-none-linux-gnueabi
Configured with: /home/jhakala/cs2007q3-sb4/arm/src/gcc-4.2/configure --build=i686-pc-linux-gnu --host=i686-pc-linux-gnu --target=arm-none-linux-gnueabi --enable-threads --disable-libmudflap --disable-libssp --disable-libgomp --disable-libstdcxx-pch --with-gnu-as --with-gnu-ld --enable-languages=c,c++ --enable-shared --enable-symvers=gnu --enable-__cxa_atexit --disable-nls --prefix=/opt/maemo --with-sysroot=/opt/maemo/arm-none-linux-gnueabi/libc --with-build-sysroot=/home/jhakala/cs2007q3-sb4/arm/install/arm-none-linux-gnueabi/libc --with-build-time-tools=/home/jhakala/cs2007q3-sb4/arm/install/arm-none-linux-gnueabi/bin
Thread model: posix
gcc version 4.2.1
configure:5042: $? = 0
configure:5031: gcc -V >&5
sbox-arm-none-linux-gnueabi-gcc: '-V' must come at the start of the command line
configure:5042: $? = 1
configure:5031: gcc -qversion >&5
sbox-arm-none-linux-gnueabi-gcc: unrecognized option '-qversion'
sbox-arm-none-linux-gnueabi-gcc: no input files
configure:5042: $? = 1
configure:5046: checking whether we are using the GNU C compiler
configure:5074: result: yes
configure:5083: checking whether gcc accepts -g
configure:5144: result: yes
configure:5161: checking for gcc option to accept ISO C89
configure:5238: result: none needed
configure:5260: checking dependency style of gcc
configure:5370: result: gcc3
configure:5390: checking whether to enable maintainer-specific portions of Makefiles
configure:5399: result: no
configure:5418: checking for sys/types.h
configure:5418: gcc -c -O2 -march=armv6j -mtune=arm1136jf-s -pipe -fomit-frame-pointer -fno-stack-protector  conftest.c >&5
configure:5418: $? = 0
configure:5418: result: yes
configure:5418: checking for sys/stat.h
configure:5418: gcc -c -O2 -march=armv6j -mtune=arm1136jf-s -pipe -fomit-frame-pointer -fno-stack-protector  conftest.c >&5
configure:5418: $? = 0
configure:5418: result: yes
configure:5418: checking for stdlib.h
configure:5418: gcc -c -O2 -march=armv6j -mtune=arm1136jf-s -pipe -fomit-frame-pointer -fno-stack-protector  conftest.c >&5
configure:5418: $? = 0
configure:5418: result: yes
configure:5418: checking for string.h
configure:5418: gcc -c -O2 -march=armv6j -mtune=arm1136jf-s -pipe -fomit-frame-pointer -fno-stack-protector  conftest.c >&5
configure:5418: $? = 0
configure:5418: result: yes
configure:5418: checking for memory.h
configure:5418: gcc -c -O2 -march=armv6j -mtune=arm1136jf-s -pipe -fomit-frame-pointer -fno-stack-protector  conftest.c >&5
configure:5418: $? = 0
configure:5418: result: yes
configure:5418: checking for strings.h
configure:5418: gcc -c -O2 -march=armv6j -mtune=arm1136jf-s -pipe -fomit-frame-pointer -fno-stack-protector  conftest.c >&5
configure:5418: $? = 0
configure:5418: result: yes
configure:5418: checking for inttypes.h
configure:5418: gcc -c -O2 -march=armv6j -mtune=arm1136jf-s -pipe -fomit-frame-pointer -fno-stack-protector  conftest.c >&5
configure:5418: $? = 0
configure:5418: result: yes
configure:5418: checking for stdint.h
configure:5418: gcc -c -O2 -march=armv6j -mtune=arm1136jf-s -pipe -fomit-frame-pointer -fno-stack-protector  conftest.c >&5
configure:5418: $? = 0
configure:5418: result: yes
configure:5418: checking for unistd.h
configure:5418: gcc -c -O2 -march=armv6j -mtune=arm1136jf-s -pipe -fomit-frame-pointer -fno-stack-protector  conftest.c >&5
configure:5418: $? = 0
configure:5418: result: yes
configure:5434: checking sys/syslimits.h usability
configure:5434: gcc -c -O2 -march=armv6j -mtune=arm1136jf-s -pipe -fomit-frame-pointer -fno-stack-protector  conftest.c >&5
conftest.c:54:27: error: sys/syslimits.h: No such file or directory
configure:5434: $? = 1
configure: failed program was:
| /* confdefs.h */
| #define PACKAGE_NAME "gnome-pty-helper"
| #define PACKAGE_TARNAME "gnome-pty-helper"
| #define PACKAGE_VERSION "1.95.0"
| #define PACKAGE_STRING "gnome-pty-helper 1.95.0"
| #define PACKAGE_BUGREPORT "http://bugzilla.gnome.org/enter_bug.cgi?product=vte"
| #define PACKAGE_URL ""
| #define PACKAGE "gnome-pty-helper"
| #define VERSION "1.95.0"
| #define STDC_HEADERS 1
| #define HAVE_SYS_TYPES_H 1
| #define HAVE_SYS_STAT_H 1
| #define HAVE_STDLIB_H 1
| #define HAVE_STRING_H 1
| #define HAVE_MEMORY_H 1
| #define HAVE_STRINGS_H 1
| #define HAVE_INTTYPES_H 1
| #define HAVE_STDINT_H 1
| #define HAVE_UNISTD_H 1
| /* end confdefs.h.  */
| #include <stdio.h>
| #ifdef HAVE_SYS_TYPES_H
| # include <sys/types.h>
| #endif
| #ifdef HAVE_SYS_STAT_H
| # include <sys/stat.h>
| #endif
| #ifdef STDC_HEADERS
| # include <stdlib.h>
| # include <stddef.h>
| #else
| # ifdef HAVE_STDLIB_H
| #  include <stdlib.h>
| # endif
| #endif
| #ifdef HAVE_STRING_H
| # if !defined STDC_HEADERS && defined HAVE_MEMORY_H
| #  include <memory.h>
| # endif
| # include <string.h>
| #endif
| #ifdef HAVE_STRINGS_H
| # include <strings.h>
| #endif
| #ifdef HAVE_INTTYPES_H
| # include <inttypes.h>
| #endif
| #ifdef HAVE_STDINT_H
| # include <stdint.h>
| #endif
| #ifdef HAVE_UNISTD_H
| # include <unistd.h>
| #endif
| #include <sys/syslimits.h>
configure:5434: result: no
configure:5434: checking sys/syslimits.h presence
configure:5434: gcc -E  conftest.c
conftest.c:21:27: error: sys/syslimits.h: No such file or directory
configure:5434: $? = 1
configure: failed program was:
| /* confdefs.h */
| #define PACKAGE_NAME "gnome-pty-helper"
| #define PACKAGE_TARNAME "gnome-pty-helper"
| #define PACKAGE_VERSION "1.95.0"
| #define PACKAGE_STRING "gnome-pty-helper 1.95.0"
| #define PACKAGE_BUGREPORT "http://bugzilla.gnome.org/enter_bug.cgi?product=vte"
| #define PACKAGE_URL ""
| #define PACKAGE "gnome-pty-helper"
| #define VERSION "1.95.0"
| #define STDC_HEADERS 1
| #define HAVE_SYS_TYPES_H 1
| #define HAVE_SYS_STAT_H 1
| #define HAVE_STDLIB_H 1
| #define HAVE_STRING_H 1
| #define HAVE_MEMORY_H 1
| #define HAVE_STRINGS_H 1
| #define HAVE_INTTYPES_H 1
| #define HAVE_STDINT_H 1
| #define HAVE_UNISTD_H 1
| /* end confdefs.h.  */
| #include <sys/syslimits.h>
configure:5434: result: no
configure:5434: checking for sys/syslimits.h
configure:5434: result: no
configure:5434: checking sys/time.h usability
configure:5434: gcc -c -O2 -march=armv6j -mtune=arm1136jf-s -pipe -fomit-frame-pointer -fno-stack-protector  conftest.c >&5
configure:5434: $? = 0
configure:5434: result: yes
configure:5434: checking sys/time.h presence
configure:5434: gcc -E  conftest.c
configure:5434: $? = 0
configure:5434: result: yes
configure:5434: checking for sys/time.h
configure:5434: result: yes
configure:5434: checking for sys/types.h
configure:5434: result: yes
configure:5434: checking sys/un.h usability
configure:5434: gcc -c -O2 -march=armv6j -mtune=arm1136jf-s -pipe -fomit-frame-pointer -fno-stack-protector  conftest.c >&5
configure:5434: $? = 0
configure:5434: result: yes
configure:5434: checking sys/un.h presence
configure:5434: gcc -E  conftest.c
configure:5434: $? = 0
configure:5434: result: yes
configure:5434: checking for sys/un.h
configure:5434: result: yes
configure:5434: checking alloca.h usability
configure:5434: gcc -c -O2 -march=armv6j -mtune=arm1136jf-s -pipe -fomit-frame-pointer -fno-stack-protector  conftest.c >&5
configure:5434: $? = 0
configure:5434: result: yes
configure:5434: checking alloca.h presence
configure:5434: gcc -E  conftest.c
configure:5434: $? = 0
configure:5434: result: yes
configure:5434: checking for alloca.h
configure:5434: result: yes
configure:5434: checking lastlog.h usability
configure:5434: gcc -c -O2 -march=armv6j -mtune=arm1136jf-s -pipe -fomit-frame-pointer -fno-stack-protector  conftest.c >&5
configure:5434: $? = 0
configure:5434: result: yes
configure:5434: checking lastlog.h presence
configure:5434: gcc -E  conftest.c
configure:5434: $? = 0
configure:5434: result: yes
configure:5434: checking for lastlog.h
configure:5434: result: yes
configure:5434: checking libutil.h usability
configure:5434: gcc -c -O2 -march=armv6j -mtune=arm1136jf-s -pipe -fomit-frame-pointer -fno-stack-protector  conftest.c >&5
conftest.c:59:21: error: libutil.h: No such file or directory
configure:5434: $? = 1
configure: failed program was:
| /* confdefs.h */
| #define PACKAGE_NAME "gnome-pty-helper"
| #define PACKAGE_TARNAME "gnome-pty-helper"
| #define PACKAGE_VERSION "1.95.0"
| #define PACKAGE_STRING "gnome-pty-helper 1.95.0"
| #define PACKAGE_BUGREPORT "http://bugzilla.gnome.org/enter_bug.cgi?product=vte"
| #define PACKAGE_URL ""
| #define PACKAGE "gnome-pty-helper"
| #define VERSION "1.95.0"
| #define STDC_HEADERS 1
| #define HAVE_SYS_TYPES_H 1
| #define HAVE_SYS_STAT_H 1
| #define HAVE_STDLIB_H 1
| #define HAVE_STRING_H 1
| #define HAVE_MEMORY_H 1
| #define HAVE_STRINGS_H 1
| #define HAVE_INTTYPES_H 1
| #define HAVE_STDINT_H 1
| #define HAVE_UNISTD_H 1
| #define HAVE_SYS_TIME_H 1
| #define HAVE_SYS_TYPES_H 1
| #define HAVE_SYS_UN_H 1
| #define HAVE_ALLOCA_H 1
| #define HAVE_LASTLOG_H 1
| /* end confdefs.h.  */
| #include <stdio.h>
| #ifdef HAVE_SYS_TYPES_H
| # include <sys/types.h>
| #endif
| #ifdef HAVE_SYS_STAT_H
| # include <sys/stat.h>
| #endif
| #ifdef STDC_HEADERS
| # include <stdlib.h>
| # include <stddef.h>
| #else
| # ifdef HAVE_STDLIB_H
| #  include <stdlib.h>
| # endif
| #endif
| #ifdef HAVE_STRING_H
| # if !defined STDC_HEADERS && defined HAVE_MEMORY_H
| #  include <memory.h>
| # endif
| # include <string.h>
| #endif
| #ifdef HAVE_STRINGS_H
| # include <strings.h>
| #endif
| #ifdef HAVE_INTTYPES_H
| # include <inttypes.h>
| #endif
| #ifdef HAVE_STDINT_H
| # include <stdint.h>
| #endif
| #ifdef HAVE_UNISTD_H
| # include <unistd.h>
| #endif
| #include <libutil.h>
configure:5434: result: no
configure:5434: checking libutil.h presence
configure:5434: gcc -E  conftest.c
conftest.c:26:21: error: libutil.h: No such file or directory
configure:5434: $? = 1
configure: failed program was:
| /* confdefs.h */
| #define PACKAGE_NAME "gnome-pty-helper"
| #define PACKAGE_TARNAME "gnome-pty-helper"
| #define PACKAGE_VERSION "1.95.0"
| #define PACKAGE_STRING "gnome-pty-helper 1.95.0"
| #define PACKAGE_BUGREPORT "http://bugzilla.gnome.org/enter_bug.cgi?product=vte"
| #define PACKAGE_URL ""
| #define PACKAGE "gnome-pty-helper"
| #define VERSION "1.95.0"
| #define STDC_HEADERS 1
| #define HAVE_SYS_TYPES_H 1
| #define HAVE_SYS_STAT_H 1
| #define HAVE_STDLIB_H 1
| #define HAVE_STRING_H 1
| #define HAVE_MEMORY_H 1
| #define HAVE_STRINGS_H 1
| #define HAVE_INTTYPES_H 1
| #define HAVE_STDINT_H 1
| #define HAVE_UNISTD_H 1
| #define HAVE_SYS_TIME_H 1
| #define HAVE_SYS_TYPES_H 1
| #define HAVE_SYS_UN_H 1
| #define HAVE_ALLOCA_H 1
| #define HAVE_LASTLOG_H 1
| /* end confdefs.h.  */
| #include <libutil.h>
configure:5434: result: no
configure:5434: checking for libutil.h
configure:5434: result: no
configure:5434: checking paths.h usability
configure:5434: gcc -c -O2 -march=armv6j -mtune=arm1136jf-s -pipe -fomit-frame-pointer -fno-stack-protector  conftest.c >&5
configure:5434: $? = 0
configure:5434: result: yes
configure:5434: checking paths.h presence
configure:5434: gcc -E  conftest.c
configure:5434: $? = 0
configure:5434: result: yes
configure:5434: checking for paths.h
configure:5434: result: yes
configure:5434: checking pty.h usability
configure:5434: gcc -c -O2 -march=armv6j -mtune=arm1136jf-s -pipe -fomit-frame-pointer -fno-stack-protector  conftest.c >&5
configure:5434: $? = 0
configure:5434: result: yes
configure:5434: checking pty.h presence
configure:5434: gcc -E  conftest.c
configure:5434: $? = 0
configure:5434: result: yes
configure:5434: checking for pty.h
configure:5434: result: yes
configure:5434: checking stropts.h usability
configure:5434: gcc -c -O2 -march=armv6j -mtune=arm1136jf-s -pipe -fomit-frame-pointer -fno-stack-protector  conftest.c >&5
configure:5434: $? = 0
configure:5434: result: yes
configure:5434: checking stropts.h presence
configure:5434: gcc -E  conftest.c
configure:5434: $? = 0
configure:5434: result: yes
configure:5434: checking for stropts.h
configure:5434: result: yes
configure:5434: checking termios.h usability
configure:5434: gcc -c -O2 -march=armv6j -mtune=arm1136jf-s -pipe -fomit-frame-pointer -fno-stack-protector  conftest.c >&5
configure:5434: $? = 0
configure:5434: result: yes
configure:5434: checking termios.h presence
configure:5434: gcc -E  conftest.c
configure:5434: $? = 0
configure:5434: result: yes
configure:5434: checking for termios.h
configure:5434: result: yes
configure:5434: checking ttyent.h usability
configure:5434: gcc -c -O2 -march=armv6j -mtune=arm1136jf-s -pipe -fomit-frame-pointer -fno-stack-protector  conftest.c >&5
configure:5434: $? = 0
configure:5434: result: yes
configure:5434: checking ttyent.h presence
configure:5434: gcc -E  conftest.c
configure:5434: $? = 0
configure:5434: result: yes
configure:5434: checking for ttyent.h
configure:5434: result: yes
configure:5434: checking util.h usability
configure:5434: gcc -c -O2 -march=armv6j -mtune=arm1136jf-s -pipe -fomit-frame-pointer -fno-stack-protector  conftest.c >&5
conftest.c:64:18: error: util.h: No such file or directory
configure:5434: $? = 1
configure: failed program was:
| /* confdefs.h */
| #define PACKAGE_NAME "gnome-pty-helper"
| #define PACKAGE_TARNAME "gnome-pty-helper"
| #define PACKAGE_VERSION "1.95.0"
| #define PACKAGE_STRING "gnome-pty-helper 1.95.0"
| #define PACKAGE_BUGREPORT "http://bugzilla.gnome.org/enter_bug.cgi?product=vte"
| #define PACKAGE_URL ""
| #define PACKAGE "gnome-pty-helper"
| #define VERSION "1.95.0"
| #define STDC_HEADERS 1
| #define HAVE_SYS_TYPES_H 1
| #define HAVE_SYS_STAT_H 1
| #define HAVE_STDLIB_H 1
| #define HAVE_STRING_H 1
| #define HAVE_MEMORY_H 1
| #define HAVE_STRINGS_H 1
| #define HAVE_INTTYPES_H 1
| #define HAVE_STDINT_H 1
| #define HAVE_UNISTD_H 1
| #define HAVE_SYS_TIME_H 1
| #define HAVE_SYS_TYPES_H 1
| #define HAVE_SYS_UN_H 1
| #define HAVE_ALLOCA_H 1
| #define HAVE_LASTLOG_H 1
| #define HAVE_PATHS_H 1
| #define HAVE_PTY_H 1
| #define HAVE_STROPTS_H 1
| #define HAVE_TERMIOS_H 1
| #define HAVE_TTYENT_H 1
| /* end confdefs.h.  */
| #include <stdio.h>
| #ifdef HAVE_SYS_TYPES_H
| # include <sys/types.h>
| #endif
| #ifdef HAVE_SYS_STAT_H
| # include <sys/stat.h>
| #endif
| #ifdef STDC_HEADERS
| # include <stdlib.h>
| # include <stddef.h>
| #else
| # ifdef HAVE_STDLIB_H
| #  include <stdlib.h>
| # endif
| #endif
| #ifdef HAVE_STRING_H
| # if !defined STDC_HEADERS && defined HAVE_MEMORY_H
| #  include <memory.h>
| # endif
| # include <string.h>
| #endif
| #ifdef HAVE_STRINGS_H
| # include <strings.h>
| #endif
| #ifdef HAVE_INTTYPES_H
| # include <inttypes.h>
| #endif
| #ifdef HAVE_STDINT_H
| # include <stdint.h>
| #endif
| #ifdef HAVE_UNISTD_H
| # include <unistd.h>
| #endif
| #include <util.h>
configure:5434: result: no
configure:5434: checking util.h presence
configure:5434: gcc -E  conftest.c
conftest.c:31:18: error: util.h: No such file or directory
configure:5434: $? = 1
configure: failed program was:
| /* confdefs.h */
| #define PACKAGE_NAME "gnome-pty-helper"
| #define PACKAGE_TARNAME "gnome-pty-helper"
| #define PACKAGE_VERSION "1.95.0"
| #define PACKAGE_STRING "gnome-pty-helper 1.95.0"
| #define PACKAGE_BUGREPORT "http://bugzilla.gnome.org/enter_bug.cgi?product=vte"
| #define PACKAGE_URL ""
| #define PACKAGE "gnome-pty-helper"
| #define VERSION "1.95.0"
| #define STDC_HEADERS 1
| #define HAVE_SYS_TYPES_H 1
| #define HAVE_SYS_STAT_H 1
| #define HAVE_STDLIB_H 1
| #define HAVE_STRING_H 1
| #define HAVE_MEMORY_H 1
| #define HAVE_STRINGS_H 1
| #define HAVE_INTTYPES_H 1
| #define HAVE_STDINT_H 1
| #define HAVE_UNISTD_H 1
| #define HAVE_SYS_TIME_H 1
| #define HAVE_SYS_TYPES_H 1
| #define HAVE_SYS_UN_H 1
| #define HAVE_ALLOCA_H 1
| #define HAVE_LASTLOG_H 1
| #define HAVE_PATHS_H 1
| #define HAVE_PTY_H 1
| #define HAVE_STROPTS_H 1
| #define HAVE_TERMIOS_H 1
| #define HAVE_TTYENT_H 1
| /* end confdefs.h.  */
| #include <util.h>
configure:5434: result: no
configure:5434: checking for util.h
configure:5434: result: no
configure:5434: checking utmp.h usability
configure:5434: gcc -c -O2 -march=armv6j -mtune=arm1136jf-s -pipe -fomit-frame-pointer -fno-stack-protector  conftest.c >&5
configure:5434: $? = 0
configure:5434: result: yes
configure:5434: checking utmp.h presence
configure:5434: gcc -E  conftest.c
configure:5434: $? = 0
configure:5434: result: yes
configure:5434: checking for utmp.h
configure:5434: result: yes
configure:5434: checking utmpx.h usability
configure:5434: gcc -c -O2 -march=armv6j -mtune=arm1136jf-s -pipe -fomit-frame-pointer -fno-stack-protector  conftest.c >&5
configure:5434: $? = 0
configure:5434: result: yes
configure:5434: checking utmpx.h presence
configure:5434: gcc -E  conftest.c
configure:5434: $? = 0
configure:5434: result: yes
configure:5434: checking for utmpx.h
configure:5434: result: yes
configure:5434: checking for pty.h
configure:5434: result: yes
configure:5434: checking for util.h
configure:5434: result: no
configure:5434: checking for libutil.h
configure:5434: result: no
configure:5434: checking for ttyent.h
configure:5434: result: yes
configure:5446: checking for grantpt in -lc
configure:5471: gcc -o conftest -O2 -march=armv6j -mtune=arm1136jf-s -pipe -fomit-frame-pointer -fno-stack-protector   conftest.c -lc   >&5
configure:5471: $? = 0
configure:5480: result: yes
configure:5532: checking for openpty in -lc
configure:5557: gcc -o conftest -O2 -march=armv6j -mtune=arm1136jf-s -pipe -fomit-frame-pointer -fno-stack-protector   conftest.c -lc   >&5
/tmp/ccW8MHJH.o: In function `main':
conftest.c:(.text+0x4): undefined reference to `openpty'
collect2: ld returned 1 exit status
configure:5557: $? = 1
configure: failed program was:
| /* confdefs.h */
| #define PACKAGE_NAME "gnome-pty-helper"
| #define PACKAGE_TARNAME "gnome-pty-helper"
| #define PACKAGE_VERSION "1.95.0"
| #define PACKAGE_STRING "gnome-pty-helper 1.95.0"
| #define PACKAGE_BUGREPORT "http://bugzilla.gnome.org/enter_bug.cgi?product=vte"
| #define PACKAGE_URL ""
| #define PACKAGE "gnome-pty-helper"
| #define VERSION "1.95.0"
| #define STDC_HEADERS 1
| #define HAVE_SYS_TYPES_H 1
| #define HAVE_SYS_STAT_H 1
| #define HAVE_STDLIB_H 1
| #define HAVE_STRING_H 1
| #define HAVE_MEMORY_H 1
| #define HAVE_STRINGS_H 1
| #define HAVE_INTTYPES_H 1
| #define HAVE_STDINT_H 1
| #define HAVE_UNISTD_H 1
| #define HAVE_SYS_TIME_H 1
| #define HAVE_SYS_TYPES_H 1
| #define HAVE_SYS_UN_H 1
| #define HAVE_ALLOCA_H 1
| #define HAVE_LASTLOG_H 1
| #define HAVE_PATHS_H 1
| #define HAVE_PTY_H 1
| #define HAVE_STROPTS_H 1
| #define HAVE_TERMIOS_H 1
| #define HAVE_TTYENT_H 1
| #define HAVE_UTMP_H 1
| #define HAVE_UTMPX_H 1
| #define HAVE_PTY_H 1
| #define HAVE_TTYENT_H 1
| /* end confdefs.h.  */
| 
| /* Override any GCC internal prototype to avoid an error.
|    Use char because int might match the return type of a GCC
|    builtin and then its argument prototype would still apply.  */
| #ifdef __cplusplus
| extern "C"
| #endif
| char openpty ();
| int
| main ()
| {
| return openpty ();
|   ;
|   return 0;
| }
configure:5566: result: no
configure:5571: checking for openpty in -lutil
configure:5596: gcc -o conftest -O2 -march=armv6j -mtune=arm1136jf-s -pipe -fomit-frame-pointer -fno-stack-protector   conftest.c -lutil   >&5
configure:5596: $? = 0
configure:5605: result: yes
configure:5618: checking for sendmsg in -lc
configure:5643: gcc -o conftest -O2 -march=armv6j -mtune=arm1136jf-s -pipe -fomit-frame-pointer -fno-stack-protector   conftest.c -lc  -lutil  >&5
configure:5643: $? = 0
configure:5652: result: yes
configure:5702: checking for endutent
configure:5702: gcc -o conftest -O2 -march=armv6j -mtune=arm1136jf-s -pipe -fomit-frame-pointer -fno-stack-protector   conftest.c -lutil  >&5
configure:5702: $? = 0
configure:5702: result: yes
configure:5702: checking for fcntl
configure:5702: gcc -o conftest -O2 -march=armv6j -mtune=arm1136jf-s -pipe -fomit-frame-pointer -fno-stack-protector   conftest.c -lutil  >&5
configure:5702: $? = 0
configure:5702: result: yes
configure:5702: checking for forkpty
configure:5702: gcc -o conftest -O2 -march=armv6j -mtune=arm1136jf-s -pipe -fomit-frame-pointer -fno-stack-protector   conftest.c -lutil  >&5
configure:5702: $? = 0
configure:5702: result: yes
configure:5702: checking for getttyent
configure:5702: gcc -o conftest -O2 -march=armv6j -mtune=arm1136jf-s -pipe -fomit-frame-pointer -fno-stack-protector   conftest.c -lutil  >&5
configure:5702: $? = 0
configure:5702: result: yes
configure:5702: checking for getutent
configure:5702: gcc -o conftest -O2 -march=armv6j -mtune=arm1136jf-s -pipe -fomit-frame-pointer -fno-stack-protector   conftest.c -lutil  >&5
configure:5702: $? = 0
configure:5702: result: yes
configure:5702: checking for getutmpx
configure:5702: gcc -o conftest -O2 -march=armv6j -mtune=arm1136jf-s -pipe -fomit-frame-pointer -fno-stack-protector   conftest.c -lutil  >&5
configure:5702: $? = 0
configure:5702: result: yes
configure:5702: checking for grantpt
configure:5702: gcc -o conftest -O2 -march=armv6j -mtune=arm1136jf-s -pipe -fomit-frame-pointer -fno-stack-protector   conftest.c -lutil  >&5
configure:5702: $? = 0
configure:5702: result: yes
configure:5702: checking for flock
configure:5702: gcc -o conftest -O2 -march=armv6j -mtune=arm1136jf-s -pipe -fomit-frame-pointer -fno-stack-protector   conftest.c -lutil  >&5
configure:5702: $? = 0
configure:5702: result: yes
configure:5702: checking for login_tty
configure:5702: gcc -o conftest -O2 -march=armv6j -mtune=arm1136jf-s -pipe -fomit-frame-pointer -fno-stack-protector   conftest.c -lutil  >&5
configure:5702: $? = 0
configure:5702: result: yes
configure:5702: checking for openpty
configure:5702: gcc -o conftest -O2 -march=armv6j -mtune=arm1136jf-s -pipe -fomit-frame-pointer -fno-stack-protector   conftest.c -lutil  >&5
configure:5702: $? = 0
configure:5702: result: yes
configure:5702: checking for revoke
configure:5702: gcc -o conftest -O2 -march=armv6j -mtune=arm1136jf-s -pipe -fomit-frame-pointer -fno-stack-protector   conftest.c -lutil  >&5
conftest.c:74: error: expected '=', ',', ';', 'asm' or '__attribute__' before 'me'
configure:5702: $? = 1
configure: failed program was:
| /* confdefs.h */
| #define PACKAGE_NAME "gnome-pty-helper"
| #define PACKAGE_TARNAME "gnome-pty-helper"
| #define PACKAGE_VERSION "1.95.0"
| #define PACKAGE_STRING "gnome-pty-helper 1.95.0"
| #define PACKAGE_BUGREPORT "http://bugzilla.gnome.org/enter_bug.cgi?product=vte"
| #define PACKAGE_URL ""
| #define PACKAGE "gnome-pty-helper"
| #define VERSION "1.95.0"
| #define STDC_HEADERS 1
| #define HAVE_SYS_TYPES_H 1
| #define HAVE_SYS_STAT_H 1
| #define HAVE_STDLIB_H 1
| #define HAVE_STRING_H 1
| #define HAVE_MEMORY_H 1
| #define HAVE_STRINGS_H 1
| #define HAVE_INTTYPES_H 1
| #define HAVE_STDINT_H 1
| #define HAVE_UNISTD_H 1
| #define HAVE_SYS_TIME_H 1
| #define HAVE_SYS_TYPES_H 1
| #define HAVE_SYS_UN_H 1
| #define HAVE_ALLOCA_H 1
| #define HAVE_LASTLOG_H 1
| #define HAVE_PATHS_H 1
| #define HAVE_PTY_H 1
| #define HAVE_STROPTS_H 1
| #define HAVE_TERMIOS_H 1
| #define HAVE_TTYENT_H 1
| #define HAVE_UTMP_H 1
| #define HAVE_UTMPX_H 1
| #define HAVE_PTY_H 1
| #define HAVE_TTYENT_H 1
| #define HAVE_LIBUTIL 1
| #define HAVE_ENDUTENT 1
| #define HAVE_FCNTL 1
| #define HAVE_FORKPTY 1
| #define HAVE_GETTTYENT 1
| #define HAVE_GETUTENT 1
| #define HAVE_GETUTMPX 1
| #define HAVE_GRANTPT 1
| #define HAVE_FLOCK 1
| #define HAVE_LOGIN_TTY 1
| #define HAVE_OPENPTY 1
| /* end confdefs.h.  */
| /* Define revoke to an innocuous variant, in case <limits.h> declares revoke.
|    For example, HP-UX 11i <limits.h> declares gettimeofday.  */
| #define revoke innocuous_revoke
| 
| /* System header to define __stub macros and hopefully few prototypes,
|     which can conflict with char revoke (); below.
|     Prefer <limits.h> to <assert.h> if __STDC__ is defined, since
|     <limits.h> exists even on freestanding compilers.  */
| 
| #ifdef __STDC__
| # include <limits.h>
| #else
| # include <assert.h>
| #endif
| 
| #undef revoke
| 
| /* Override any GCC internal prototype to avoid an error.
|    Use char because int might match the return type of a GCC
|    builtin and then its argument prototype would still apply.  */
| #ifdef __cplusplus
| extern "C"
| #endif
| char revoke ();
| /* The GNU C library defines this for functions which it implements
|     to always fail with ENOSYS.  Some functions are actually named
|     something starting with __ and the normal name is an alias.  */
| #if defined __stub_revoke || defined __stub___revoke
| choke me
| #endif
| 
| int
| main ()
| {
| return revoke ();
|   ;
|   return 0;
| }
configure:5702: result: no
configure:5702: checking for sendmsg
configure:5702: gcc -o conftest -O2 -march=armv6j -mtune=arm1136jf-s -pipe -fomit-frame-pointer -fno-stack-protector   conftest.c -lutil  >&5
configure:5702: $? = 0
configure:5702: result: yes
configure:5702: checking for seteuid
configure:5702: gcc -o conftest -O2 -march=armv6j -mtune=arm1136jf-s -pipe -fomit-frame-pointer -fno-stack-protector   conftest.c -lutil  >&5
configure:5702: $? = 0
configure:5702: result: yes
configure:5702: checking for setreuid
configure:5702: gcc -o conftest -O2 -march=armv6j -mtune=arm1136jf-s -pipe -fomit-frame-pointer -fno-stack-protector   conftest.c -lutil  >&5
configure:5702: $? = 0
configure:5702: result: yes
configure:5702: checking for setutent
configure:5702: gcc -o conftest -O2 -march=armv6j -mtune=arm1136jf-s -pipe -fomit-frame-pointer -fno-stack-protector   conftest.c -lutil  >&5
configure:5702: $? = 0
configure:5702: result: yes
configure:5702: checking for strrchr
configure:5702: gcc -o conftest -O2 -march=armv6j -mtune=arm1136jf-s -pipe -fomit-frame-pointer -fno-stack-protector   conftest.c -lutil  >&5
conftest.c:73: warning: conflicting types for built-in function 'strrchr'
configure:5702: $? = 0
configure:5702: result: yes
configure:5702: checking for updwtmp
configure:5702: gcc -o conftest -O2 -march=armv6j -mtune=arm1136jf-s -pipe -fomit-frame-pointer -fno-stack-protector   conftest.c -lutil  >&5
configure:5702: $? = 0
configure:5702: result: yes
configure:5702: checking for updwtmpx
configure:5702: gcc -o conftest -O2 -march=armv6j -mtune=arm1136jf-s -pipe -fomit-frame-pointer -fno-stack-protector   conftest.c -lutil  >&5
configure:5702: $? = 0
configure:5702: result: yes
configure:5702: checking for utmpname
configure:5702: gcc -o conftest -O2 -march=armv6j -mtune=arm1136jf-s -pipe -fomit-frame-pointer -fno-stack-protector   conftest.c -lutil  >&5
configure:5702: $? = 0
configure:5702: result: yes
configure:5702: checking for utmpxname
configure:5702: gcc -o conftest -O2 -march=armv6j -mtune=arm1136jf-s -pipe -fomit-frame-pointer -fno-stack-protector   conftest.c -lutil  >&5
configure:5702: $? = 0
configure:5702: result: yes
configure:5717: checking for sys/time.h
configure:5717: result: yes
configure:5717: checking for utmp.h
configure:5717: result: yes
configure:5717: checking for utmpx.h
configure:5717: result: yes
configure:5728: checking whether time.h and sys/time.h may both be included
configure:5748: gcc -c -O2 -march=armv6j -mtune=arm1136jf-s -pipe -fomit-frame-pointer -fno-stack-protector  conftest.c >&5
configure:5748: $? = 0
configure:5755: result: yes
configure:5774: checking for ut_host field in the utmp structure
configure:5802: gcc -c -O2 -march=armv6j -mtune=arm1136jf-s -pipe -fomit-frame-pointer -fno-stack-protector  conftest.c >&5
configure:5802: $? = 0
configure:5813: result: yes
configure:5816: checking for ut_pid field in the utmp structure
configure:5844: gcc -c -O2 -march=armv6j -mtune=arm1136jf-s -pipe -fomit-frame-pointer -fno-stack-protector  conftest.c >&5
configure:5844: $? = 0
configure:5855: result: yes
configure:5858: checking for ut_id field in the utmp structure
configure:5886: gcc -c -O2 -march=armv6j -mtune=arm1136jf-s -pipe -fomit-frame-pointer -fno-stack-protector  conftest.c >&5
configure:5886: $? = 0
configure:5897: result: yes
configure:5900: checking for ut_name field in the utmp structure
configure:5928: gcc -c -O2 -march=armv6j -mtune=arm1136jf-s -pipe -fomit-frame-pointer -fno-stack-protector  conftest.c >&5
configure:5928: $? = 0
configure:5939: result: yes
configure:5942: checking for ut_type field in the utmp structure
configure:5970: gcc -c -O2 -march=armv6j -mtune=arm1136jf-s -pipe -fomit-frame-pointer -fno-stack-protector  conftest.c >&5
configure:5970: $? = 0
configure:5981: result: yes
configure:5984: checking for ut_exit.e_termination field in the utmp structure
configure:6012: gcc -c -O2 -march=armv6j -mtune=arm1136jf-s -pipe -fomit-frame-pointer -fno-stack-protector  conftest.c >&5
conftest.c: In function 'main':
conftest.c:84: error: 'struct __exit_status' has no member named 'e_termination'
configure:6012: $? = 1
configure: failed program was:
| /* confdefs.h */
| #define PACKAGE_NAME "gnome-pty-helper"
| #define PACKAGE_TARNAME "gnome-pty-helper"
| #define PACKAGE_VERSION "1.95.0"
| #define PACKAGE_STRING "gnome-pty-helper 1.95.0"
| #define PACKAGE_BUGREPORT "http://bugzilla.gnome.org/enter_bug.cgi?product=vte"
| #define PACKAGE_URL ""
| #define PACKAGE "gnome-pty-helper"
| #define VERSION "1.95.0"
| #define STDC_HEADERS 1
| #define HAVE_SYS_TYPES_H 1
| #define HAVE_SYS_STAT_H 1
| #define HAVE_STDLIB_H 1
| #define HAVE_STRING_H 1
| #define HAVE_MEMORY_H 1
| #define HAVE_STRINGS_H 1
| #define HAVE_INTTYPES_H 1
| #define HAVE_STDINT_H 1
| #define HAVE_UNISTD_H 1
| #define HAVE_SYS_TIME_H 1
| #define HAVE_SYS_TYPES_H 1
| #define HAVE_SYS_UN_H 1
| #define HAVE_ALLOCA_H 1
| #define HAVE_LASTLOG_H 1
| #define HAVE_PATHS_H 1
| #define HAVE_PTY_H 1
| #define HAVE_STROPTS_H 1
| #define HAVE_TERMIOS_H 1
| #define HAVE_TTYENT_H 1
| #define HAVE_UTMP_H 1
| #define HAVE_UTMPX_H 1
| #define HAVE_PTY_H 1
| #define HAVE_TTYENT_H 1
| #define HAVE_LIBUTIL 1
| #define HAVE_ENDUTENT 1
| #define HAVE_FCNTL 1
| #define HAVE_FORKPTY 1
| #define HAVE_GETTTYENT 1
| #define HAVE_GETUTENT 1
| #define HAVE_GETUTMPX 1
| #define HAVE_GRANTPT 1
| #define HAVE_FLOCK 1
| #define HAVE_LOGIN_TTY 1
| #define HAVE_OPENPTY 1
| #define HAVE_SENDMSG 1
| #define HAVE_SETEUID 1
| #define HAVE_SETREUID 1
| #define HAVE_SETUTENT 1
| #define HAVE_STRRCHR 1
| #define HAVE_UPDWTMP 1
| #define HAVE_UPDWTMPX 1
| #define HAVE_UTMPNAME 1
| #define HAVE_UTMPXNAME 1
| #define HAVE_SYS_TIME_H 1
| #define HAVE_UTMP_H 1
| #define HAVE_UTMPX_H 1
| #define TIME_WITH_SYS_TIME 1
| #define UTMP struct utmpx
| #define HAVE_UT_UT_HOST 1
| #define HAVE_UT_UT_PID 1
| #define HAVE_UT_UT_ID 1
| #define HAVE_UT_UT_NAME 1
| #define HAVE_UT_UT_TYPE 1
| /* end confdefs.h.  */
| #ifdef TIME_WITH_SYS_TIME
| #include <sys/time.h>
| #include <time.h>
| #else
| #ifdef HAVE_SYS_TIME_H
| #include <sys/time.h>
| #else
| #include <time.h>
| #endif
| #endif
| #ifdef HAVE_UTMP_H
| #include <utmp.h>
| #endif
| #ifdef HAVE_UTMPX_H
| #include <utmpx.h>
| #endif
| int
| main ()
| {
| UTMP ut; ut.ut_exit.e_termination=0;
|   ;
|   return 0;
| }
configure:6023: result: no
configure:6026: checking for ut_user field in the utmp structure
configure:6054: gcc -c -O2 -march=armv6j -mtune=arm1136jf-s -pipe -fomit-frame-pointer -fno-stack-protector  conftest.c >&5
configure:6054: $? = 0
configure:6065: result: yes
configure:6068: checking for ut_time field in the utmp structure
configure:6096: gcc -c -O2 -march=armv6j -mtune=arm1136jf-s -pipe -fomit-frame-pointer -fno-stack-protector  conftest.c >&5
configure:6096: $? = 0
configure:6107: result: yes
configure:6110: checking for ut_tv field in the utmp structure
configure:6138: gcc -c -O2 -march=armv6j -mtune=arm1136jf-s -pipe -fomit-frame-pointer -fno-stack-protector  conftest.c >&5
configure:6138: $? = 0
configure:6149: result: yes
configure:6152: checking for ut_syslen field in the utmp structure
configure:6180: gcc -c -O2 -march=armv6j -mtune=arm1136jf-s -pipe -fomit-frame-pointer -fno-stack-protector  conftest.c >&5
conftest.c: In function 'main':
conftest.c:87: error: 'struct utmpx' has no member named 'ut_syslen'
configure:6180: $? = 1
configure: failed program was:
| /* confdefs.h */
| #define PACKAGE_NAME "gnome-pty-helper"
| #define PACKAGE_TARNAME "gnome-pty-helper"
| #define PACKAGE_VERSION "1.95.0"
| #define PACKAGE_STRING "gnome-pty-helper 1.95.0"
| #define PACKAGE_BUGREPORT "http://bugzilla.gnome.org/enter_bug.cgi?product=vte"
| #define PACKAGE_URL ""
| #define PACKAGE "gnome-pty-helper"
| #define VERSION "1.95.0"
| #define STDC_HEADERS 1
| #define HAVE_SYS_TYPES_H 1
| #define HAVE_SYS_STAT_H 1
| #define HAVE_STDLIB_H 1
| #define HAVE_STRING_H 1
| #define HAVE_MEMORY_H 1
| #define HAVE_STRINGS_H 1
| #define HAVE_INTTYPES_H 1
| #define HAVE_STDINT_H 1
| #define HAVE_UNISTD_H 1
| #define HAVE_SYS_TIME_H 1
| #define HAVE_SYS_TYPES_H 1
| #define HAVE_SYS_UN_H 1
| #define HAVE_ALLOCA_H 1
| #define HAVE_LASTLOG_H 1
| #define HAVE_PATHS_H 1
| #define HAVE_PTY_H 1
| #define HAVE_STROPTS_H 1
| #define HAVE_TERMIOS_H 1
| #define HAVE_TTYENT_H 1
| #define HAVE_UTMP_H 1
| #define HAVE_UTMPX_H 1
| #define HAVE_PTY_H 1
| #define HAVE_TTYENT_H 1
| #define HAVE_LIBUTIL 1
| #define HAVE_ENDUTENT 1
| #define HAVE_FCNTL 1
| #define HAVE_FORKPTY 1
| #define HAVE_GETTTYENT 1
| #define HAVE_GETUTENT 1
| #define HAVE_GETUTMPX 1
| #define HAVE_GRANTPT 1
| #define HAVE_FLOCK 1
| #define HAVE_LOGIN_TTY 1
| #define HAVE_OPENPTY 1
| #define HAVE_SENDMSG 1
| #define HAVE_SETEUID 1
| #define HAVE_SETREUID 1
| #define HAVE_SETUTENT 1
| #define HAVE_STRRCHR 1
| #define HAVE_UPDWTMP 1
| #define HAVE_UPDWTMPX 1
| #define HAVE_UTMPNAME 1
| #define HAVE_UTMPXNAME 1
| #define HAVE_SYS_TIME_H 1
| #define HAVE_UTMP_H 1
| #define HAVE_UTMPX_H 1
| #define TIME_WITH_SYS_TIME 1
| #define UTMP struct utmpx
| #define HAVE_UT_UT_HOST 1
| #define HAVE_UT_UT_PID 1
| #define HAVE_UT_UT_ID 1
| #define HAVE_UT_UT_NAME 1
| #define HAVE_UT_UT_TYPE 1
| #define HAVE_UT_UT_USER 1
| #define HAVE_UT_UT_TIME 1
| #define HAVE_UT_UT_TV 1
| /* end confdefs.h.  */
| #ifdef TIME_WITH_SYS_TIME
| #include <sys/time.h>
| #include <time.h>
| #else
| #ifdef HAVE_SYS_TIME_H
| #include <sys/time.h>
| #else
| #include <time.h>
| #endif
| #endif
| #ifdef HAVE_UTMP_H
| #include <utmp.h>
| #endif
| #ifdef HAVE_UTMPX_H
| #include <utmpx.h>
| #endif
| int
| main ()
| {
| UTMP ut; ut.ut_syslen=0;
|   ;
|   return 0;
| }
configure:6191: result: no
configure:6198: checking for stropts.h
configure:6198: result: yes
configure:6233: checking build system type
configure:6247: result: arm-unknown-linux-gnueabi
configure:6267: checking host system type
configure:6280: result: arm-unknown-linux-gnueabi
configure:6447: creating ./config.status

## ---------------------- ##
## Running config.status. ##
## ---------------------- ##

This file was extended by gnome-pty-helper config.status 1.95.0, which was
generated by GNU Autoconf 2.65.  Invocation command line was

  CONFIG_FILES    = 
  CONFIG_HEADERS  = 
  CONFIG_LINKS    = 
  CONFIG_COMMANDS = 
  $ ./config.status 

on tjw-pc

config.status:910: creating Makefile
config.status:910: creating config.h
config.status:1082: config.h is unchanged
config.status:1130: executing depfiles commands

## ---------------- ##
## Cache variables. ##
## ---------------- ##

ac_cv_build=arm-unknown-linux-gnueabi
ac_cv_c_compiler_gnu=yes
ac_cv_env_CC_set=
ac_cv_env_CC_value=
ac_cv_env_CFLAGS_set=set
ac_cv_env_CFLAGS_value='-O2 -march=armv6j -mtune=arm1136jf-s -pipe -fomit-frame-pointer -fno-stack-protector'
ac_cv_env_CPPFLAGS_set=
ac_cv_env_CPPFLAGS_value=
ac_cv_env_CPP_set=
ac_cv_env_CPP_value=
ac_cv_env_LDFLAGS_set=
ac_cv_env_LDFLAGS_value=
ac_cv_env_LIBS_set=
ac_cv_env_LIBS_value=
ac_cv_env_build_alias_set=
ac_cv_env_build_alias_value=
ac_cv_env_host_alias_set=
ac_cv_env_host_alias_value=
ac_cv_env_target_alias_set=
ac_cv_env_target_alias_value=
ac_cv_func_endutent=yes
ac_cv_func_fcntl=yes
ac_cv_func_flock=yes
ac_cv_func_forkpty=yes
ac_cv_func_getttyent=yes
ac_cv_func_getutent=yes
ac_cv_func_getutmpx=yes
ac_cv_func_grantpt=yes
ac_cv_func_login_tty=yes
ac_cv_func_openpty=yes
ac_cv_func_revoke=no
ac_cv_func_sendmsg=yes
ac_cv_func_seteuid=yes
ac_cv_func_setreuid=yes
ac_cv_func_setutent=yes
ac_cv_func_strrchr=yes
ac_cv_func_updwtmp=yes
ac_cv_func_updwtmpx=yes
ac_cv_func_utmpname=yes
ac_cv_func_utmpxname=yes
ac_cv_header_alloca_h=yes
ac_cv_header_inttypes_h=yes
ac_cv_header_lastlog_h=yes
ac_cv_header_libutil_h=no
ac_cv_header_memory_h=yes
ac_cv_header_paths_h=yes
ac_cv_header_pty_h=yes
ac_cv_header_stdc=yes
ac_cv_header_stdint_h=yes
ac_cv_header_stdlib_h=yes
ac_cv_header_string_h=yes
ac_cv_header_strings_h=yes
ac_cv_header_stropts_h=yes
ac_cv_header_sys_stat_h=yes
ac_cv_header_sys_syslimits_h=no
ac_cv_header_sys_time_h=yes
ac_cv_header_sys_types_h=yes
ac_cv_header_sys_un_h=yes
ac_cv_header_termios_h=yes
ac_cv_header_time=yes
ac_cv_header_ttyent_h=yes
ac_cv_header_unistd_h=yes
ac_cv_header_util_h=no
ac_cv_header_utmp_h=yes
ac_cv_header_utmpx_h=yes
ac_cv_host=arm-unknown-linux-gnueabi
ac_cv_lib_c_grantpt=yes
ac_cv_lib_c_openpty=no
ac_cv_lib_c_sendmsg=yes
ac_cv_lib_util_openpty=yes
ac_cv_objext=o
ac_cv_path_EGREP='/scratchbox/tools/bin/grep -E'
ac_cv_path_GREP=/scratchbox/tools/bin/grep
ac_cv_path_install='/scratchbox/tools/bin/install -c'
ac_cv_path_mkdir=/scratchbox/tools/bin/mkdir
ac_cv_prog_AWK=gawk
ac_cv_prog_CPP='gcc -E'
ac_cv_prog_ac_ct_CC=gcc
ac_cv_prog_cc_c89=
ac_cv_prog_cc_g=yes
ac_cv_prog_make_make_set=yes
ac_cv_search_strerror='none required'
am_cv_CC_dependencies_compiler_type=gcc3
am_cv_prog_cc_stdc=

## ----------------- ##
## Output variables. ##
## ----------------- ##

ACLOCAL='${SHELL} /home/tjw/tjKindle/GTK1/vte-0.24.3/gnome-pty-helper/missing --run aclocal-1.11'
AMDEPBACKSLASH='\'
AMDEP_FALSE='#'
AMDEP_TRUE=''
AMTAR='${SHELL} /home/tjw/tjKindle/GTK1/vte-0.24.3/gnome-pty-helper/missing --run tar'
AUTOCONF='${SHELL} /home/tjw/tjKindle/GTK1/vte-0.24.3/gnome-pty-helper/missing --run autoconf'
AUTOHEADER='${SHELL} /home/tjw/tjKindle/GTK1/vte-0.24.3/gnome-pty-helper/missing --run autoheader'
AUTOMAKE='${SHELL} /home/tjw/tjKindle/GTK1/vte-0.24.3/gnome-pty-helper/missing --run automake-1.11'
AWK='gawk'
CC='gcc'
CCDEPMODE='depmode=gcc3'
CFLAGS='-O2 -march=armv6j -mtune=arm1136jf-s -pipe -fomit-frame-pointer -fno-stack-protector'
CPP='gcc -E'
CPPFLAGS=''
CYGPATH_W='echo'
DEFS='-DHAVE_CONFIG_H'
DEPDIR='.deps'
ECHO_C=''
ECHO_N='-n'
ECHO_T=''
EGREP='/scratchbox/tools/bin/grep -E'
EXEEXT=''
GREP='/scratchbox/tools/bin/grep'
INSTALL_DATA='${INSTALL} -m 644'
INSTALL_PROGRAM='${INSTALL}'
INSTALL_SCRIPT='${INSTALL}'
INSTALL_STRIP_PROGRAM='$(install_sh) -c -s'
LDFLAGS=''
LIBOBJS=''
LIBS='-lutil '
LTLIBOBJS=''
MAINT='#'
MAINTAINER_MODE_FALSE=''
MAINTAINER_MODE_TRUE='#'
MAKEINFO='${SHELL} /home/tjw/tjKindle/GTK1/vte-0.24.3/gnome-pty-helper/missing --run makeinfo'
MKDIR_P='/scratchbox/tools/bin/mkdir -p'
OBJEXT='o'
PACKAGE='gnome-pty-helper'
PACKAGE_BUGREPORT='http://bugzilla.gnome.org/enter_bug.cgi?product=vte'
PACKAGE_NAME='gnome-pty-helper'
PACKAGE_STRING='gnome-pty-helper 1.95.0'
PACKAGE_TARNAME='gnome-pty-helper'
PACKAGE_URL=''
PACKAGE_VERSION='1.95.0'
PATH_SEPARATOR=':'
SET_MAKE=''
SHELL='/bin/sh'
STRIP=''
VERSION='1.95.0'
ac_ct_CC='gcc'
am__EXEEXT_FALSE=''
am__EXEEXT_TRUE='#'
am__fastdepCC_FALSE='#'
am__fastdepCC_TRUE=''
am__include='include'
am__isrc=''
am__leading_dot='.'
am__quote=''
am__tar='${AMTAR} chof - "$$tardir"'
am__untar='${AMTAR} xf -'
bindir='${exec_prefix}/bin'
build='arm-unknown-linux-gnueabi'
build_alias=''
build_cpu='arm'
build_os='linux-gnueabi'
build_vendor='unknown'
datadir='${datarootdir}'
datarootdir='${prefix}/share'
docdir='${datarootdir}/doc/${PACKAGE_TARNAME}'
dvidir='${docdir}'
exec_prefix='${prefix}'
host='arm-unknown-linux-gnueabi'
host_alias=''
host_cpu='arm'
host_os='linux-gnueabi'
host_vendor='unknown'
htmldir='${docdir}'
includedir='${prefix}/include'
infodir='${datarootdir}/info'
install_sh='${SHELL} /home/tjw/tjKindle/GTK1/vte-0.24.3/gnome-pty-helper/install-sh'
libdir='${exec_prefix}/lib'
libexecdir='${exec_prefix}/libexec'
localedir='${datarootdir}/locale'
localstatedir='${prefix}/var'
mandir='${datarootdir}/man'
mkdir_p='/scratchbox/tools/bin/mkdir -p'
oldincludedir='/usr/include'
pdfdir='${docdir}'
prefix='/usr/local'
program_transform_name='s,x,x,'
psdir='${docdir}'
sbindir='${exec_prefix}/sbin'
sharedstatedir='${prefix}/com'
sysconfdir='${prefix}/etc'
target_alias=''

## ----------- ##
## confdefs.h. ##
## ----------- ##

/* confdefs.h */
#define PACKAGE_NAME "gnome-pty-helper"
#define PACKAGE_TARNAME "gnome-pty-helper"
#define PACKAGE_VERSION "1.95.0"
#define PACKAGE_STRING "gnome-pty-helper 1.95.0"
#define PACKAGE_BUGREPORT "http://bugzilla.gnome.org/enter_bug.cgi?product=vte"
#define PACKAGE_URL ""
#define PACKAGE "gnome-pty-helper"
#define VERSION "1.95.0"
#define STDC_HEADERS 1
#define HAVE_SYS_TYPES_H 1
#define HAVE_SYS_STAT_H 1
#define HAVE_STDLIB_H 1
#define HAVE_STRING_H 1
#define HAVE_MEMORY_H 1
#define HAVE_STRINGS_H 1
#define HAVE_INTTYPES_H 1
#define HAVE_STDINT_H 1
#define HAVE_UNISTD_H 1
#define HAVE_SYS_TIME_H 1
#define HAVE_SYS_TYPES_H 1
#define HAVE_SYS_UN_H 1
#define HAVE_ALLOCA_H 1
#define HAVE_LASTLOG_H 1
#define HAVE_PATHS_H 1
#define HAVE_PTY_H 1
#define HAVE_STROPTS_H 1
#define HAVE_TERMIOS_H 1
#define HAVE_TTYENT_H 1
#define HAVE_UTMP_H 1
#define HAVE_UTMPX_H 1
#define HAVE_PTY_H 1
#define HAVE_TTYENT_H 1
#define HAVE_LIBUTIL 1
#define HAVE_ENDUTENT 1
#define HAVE_FCNTL 1
#define HAVE_FORKPTY 1
#define HAVE_GETTTYENT 1
#define HAVE_GETUTENT 1
#define HAVE_GETUTMPX 1
#define HAVE_GRANTPT 1
#define HAVE_FLOCK 1
#define HAVE_LOGIN_TTY 1
#define HAVE_OPENPTY 1
#define HAVE_SENDMSG 1
#define HAVE_SETEUID 1
#define HAVE_SETREUID 1
#define HAVE_SETUTENT 1
#define HAVE_STRRCHR 1
#define HAVE_UPDWTMP 1
#define HAVE_UPDWTMPX 1
#define HAVE_UTMPNAME 1
#define HAVE_UTMPXNAME 1
#define HAVE_SYS_TIME_H 1
#define HAVE_UTMP_H 1
#define HAVE_UTMPX_H 1
#define TIME_WITH_SYS_TIME 1
#define UTMP struct utmpx
#define HAVE_UT_UT_HOST 1
#define HAVE_UT_UT_PID 1
#define HAVE_UT_UT_ID 1
#define HAVE_UT_UT_NAME 1
#define HAVE_UT_UT_TYPE 1
#define HAVE_UT_UT_USER 1
#define HAVE_UT_UT_TIME 1
#define HAVE_UT_UT_TV 1
#define HAVE_STROPTS_H 1
#define _GNU_SOURCE 1

configure: exit 0
