This file contains any messages produced by compilers while
running configure, to aid debugging if configure makes a mistake.

It was created by atk configure 1.33.6, which was
generated by GNU Autoconf 2.67.  Invocation command line was

  $ ./configure --disable-static

## --------- ##
## Platform. ##
## --------- ##

hostname = tjw-pc
uname -m = arm
uname -r = 2.6.38-11-generic
uname -s = Linux
uname -v = #48-Ubuntu SMP Fri Jul 29 19:02:55 UTC 2011

/usr/bin/uname -p = unknown
/bin/uname -X     = unknown

/bin/arch              = arm
/usr/bin/arch -k       = arm
/usr/convex/getsysinfo = unknown
/usr/bin/hostinfo      = unknown
/bin/machine           = unknown
/usr/bin/oslevel       = unknown
/bin/universe          = unknown

PATH: /home/tjw/kindle/tjKindle
PATH: /usr/local/bin
PATH: /usr/local/bin
PATH: /host_usr/bin
PATH: /scratchbox/devkits/svn/bin
PATH: /scratchbox/devkits/qemu/bin
PATH: /scratchbox/devkits/perl/bin
PATH: /scratchbox/devkits/git/bin
PATH: /scratchbox/devkits/doctools/bin
PATH: /scratchbox/tools/bin
PATH: /targets/links/arch_tools/bin
PATH: /scratchbox/compilers/bin
PATH: /bin
PATH: /usr/bin
PATH: /usr/local/bin
PATH: /usr/X11R6/bin
PATH: /sbin
PATH: /usr/sbin


## ----------- ##
## Core tests. ##
## ----------- ##

configure:2462: checking for a BSD-compatible install
configure:2530: result: /scratchbox/tools/bin/install -c
configure:2541: checking whether build environment is sane
configure:2591: result: yes
configure:2732: checking for a thread-safe mkdir -p
configure:2771: result: /scratchbox/tools/bin/mkdir -p
configure:2784: checking for gawk
configure:2800: found /scratchbox/tools/bin/gawk
configure:2811: result: gawk
configure:2822: checking whether make sets $(MAKE)
configure:2844: result: yes
configure:3013: checking for gcc
configure:3029: found /scratchbox/compilers/bin/gcc
configure:3040: result: gcc
configure:3269: checking for C compiler version
configure:3278: gcc --version >&5
sbox-arm-none-linux-gnueabi-gcc (GCC) 4.2.1
Copyright (C) 2007 Free Software Foundation, Inc.
This is free software; see the source for copying conditions.  There is NO
warranty; not even for MERCHANTABILITY or FITNESS FOR A PARTICULAR PURPOSE.

configure:3289: $? = 0
configure:3278: gcc -v >&5
Using built-in specs.
Reading specs from /scratchbox/compilers/cs2007q3-glibc2.5-arm6/gcc.specs
rename spec cpp to old_cpp
rename spec cc1 to old_cc1
rename spec cc1plus to old_cc1plus
rename spec link to old_link
Target: arm-none-linux-gnueabi
Configured with: /home/jhakala/cs2007q3-sb4/arm/src/gcc-4.2/configure --build=i686-pc-linux-gnu --host=i686-pc-linux-gnu --target=arm-none-linux-gnueabi --enable-threads --disable-libmudflap --disable-libssp --disable-libgomp --disable-libstdcxx-pch --with-gnu-as --with-gnu-ld --enable-languages=c,c++ --enable-shared --enable-symvers=gnu --enable-__cxa_atexit --disable-nls --prefix=/opt/maemo --with-sysroot=/opt/maemo/arm-none-linux-gnueabi/libc --with-build-sysroot=/home/jhakala/cs2007q3-sb4/arm/install/arm-none-linux-gnueabi/libc --with-build-time-tools=/home/jhakala/cs2007q3-sb4/arm/install/arm-none-linux-gnueabi/bin
Thread model: posix
gcc version 4.2.1
configure:3289: $? = 0
configure:3278: gcc -V >&5
sbox-arm-none-linux-gnueabi-gcc: '-V' must come at the start of the command line
configure:3289: $? = 1
configure:3278: gcc -qversion >&5
sbox-arm-none-linux-gnueabi-gcc: unrecognized option '-qversion'
sbox-arm-none-linux-gnueabi-gcc: no input files
configure:3289: $? = 1
configure:3309: checking whether the C compiler works
configure:3331: gcc -O2 -march=armv6j -mtune=arm1136jf-s -pipe -fomit-frame-pointer -fno-stack-protector   conftest.c  >&5
configure:3335: $? = 0
configure:3383: result: yes
configure:3386: checking for C compiler default output file name
configure:3388: result: a.out
configure:3394: checking for suffix of executables
configure:3401: gcc -o conftest -O2 -march=armv6j -mtune=arm1136jf-s -pipe -fomit-frame-pointer -fno-stack-protector   conftest.c  >&5
configure:3405: $? = 0
configure:3427: result: 
configure:3449: checking whether we are cross compiling
configure:3457: gcc -o conftest -O2 -march=armv6j -mtune=arm1136jf-s -pipe -fomit-frame-pointer -fno-stack-protector   conftest.c  >&5
configure:3461: $? = 0
configure:3468: ./conftest
configure:3472: $? = 0
configure:3487: result: no
configure:3492: checking for suffix of object files
configure:3514: gcc -c -O2 -march=armv6j -mtune=arm1136jf-s -pipe -fomit-frame-pointer -fno-stack-protector  conftest.c >&5
configure:3518: $? = 0
configure:3539: result: o
configure:3543: checking whether we are using the GNU C compiler
configure:3562: gcc -c -O2 -march=armv6j -mtune=arm1136jf-s -pipe -fomit-frame-pointer -fno-stack-protector  conftest.c >&5
configure:3562: $? = 0
configure:3571: result: yes
configure:3580: checking whether gcc accepts -g
configure:3600: gcc -c -g  conftest.c >&5
configure:3600: $? = 0
configure:3641: result: yes
configure:3658: checking for gcc option to accept ISO C89
configure:3722: gcc  -c -O2 -march=armv6j -mtune=arm1136jf-s -pipe -fomit-frame-pointer -fno-stack-protector  conftest.c >&5
configure:3722: $? = 0
configure:3735: result: none needed
configure:3766: checking for style of include used by make
configure:3794: result: GNU
configure:3819: checking dependency style of gcc
configure:3929: result: gcc3
configure:3976: checking build system type
configure:3990: result: arm-unknown-linux-gnueabi
configure:4010: checking host system type
configure:4023: result: arm-unknown-linux-gnueabi
configure:4043: checking for a sed that does not truncate output
configure:4107: result: /scratchbox/tools/bin/sed
configure:4125: checking for grep that handles long lines and -e
configure:4183: result: /scratchbox/tools/bin/grep
configure:4188: checking for egrep
configure:4250: result: /scratchbox/tools/bin/grep -E
configure:4255: checking for fgrep
configure:4317: result: /scratchbox/tools/bin/grep -F
configure:4352: checking for ld used by gcc
configure:4419: result: /scratchbox/compilers/cs2007q3-glibc2.5-arm6/arm-none-linux-gnueabi/bin/ld
configure:4426: checking if the linker (/scratchbox/compilers/cs2007q3-glibc2.5-arm6/arm-none-linux-gnueabi/bin/ld) is GNU ld
configure:4441: result: yes
configure:4453: checking for BSD- or MS-compatible name lister (nm)
configure:4502: result: /scratchbox/compilers/bin/nm -B
configure:4620: checking the name lister (/scratchbox/compilers/bin/nm -B) interface
configure:4627: gcc -c -O2 -march=armv6j -mtune=arm1136jf-s -pipe -fomit-frame-pointer -fno-stack-protector  conftest.c >&5
configure:4630: /scratchbox/compilers/bin/nm -B "conftest.o"
configure:4633: output
00000000 B some_variable
configure:4640: result: BSD nm
configure:4643: checking whether ln -s works
configure:4647: result: yes
configure:4655: checking the maximum length of command line arguments
configure:4775: result: 98304
configure:4792: checking whether the shell understands some XSI constructs
configure:4802: result: yes
configure:4806: checking whether the shell understands "+="
configure:4812: result: no
configure:4847: checking for /scratchbox/compilers/cs2007q3-glibc2.5-arm6/arm-none-linux-gnueabi/bin/ld option to reload object files
configure:4854: result: -r
configure:4923: checking for objdump
configure:4939: found /scratchbox/compilers/bin/objdump
configure:4950: result: objdump
configure:4979: checking how to recognize dependent libraries
configure:5175: result: pass_all
configure:5235: checking for ar
configure:5251: found /scratchbox/compilers/bin/ar
configure:5262: result: ar
configure:5340: checking for strip
configure:5356: found /scratchbox/compilers/bin/strip
configure:5367: result: strip
configure:5439: checking for ranlib
configure:5455: found /scratchbox/compilers/bin/ranlib
configure:5466: result: ranlib
configure:5556: checking command to parse /scratchbox/compilers/bin/nm -B output from gcc object
configure:5674: gcc -c -O2 -march=armv6j -mtune=arm1136jf-s -pipe -fomit-frame-pointer -fno-stack-protector  conftest.c >&5
configure:5677: $? = 0
configure:5681: /scratchbox/compilers/bin/nm -B conftest.o \| sed -n -e 's/^.*[	 ]\([ABCDGIRSTW][ABCDGIRSTW]*\)[	 ][	 ]*\([_A-Za-z][_A-Za-z0-9]*\)$/\1 \2 \2/p' \> conftest.nm
configure:5684: $? = 0
configure:5738: gcc -o conftest -O2 -march=armv6j -mtune=arm1136jf-s -pipe -fomit-frame-pointer -fno-stack-protector   conftest.c conftstm.o >&5
configure:5741: $? = 0
configure:5779: result: ok
configure:6588: checking how to run the C preprocessor
configure:6619: gcc -E  conftest.c
configure:6619: $? = 0
configure:6633: gcc -E  conftest.c
conftest.c:11:28: error: ac_nonexistent.h: No such file or directory
configure:6633: $? = 1
configure: failed program was:
| /* confdefs.h */
| #define PACKAGE_NAME "atk"
| #define PACKAGE_TARNAME "atk"
| #define PACKAGE_VERSION "1.33.6"
| #define PACKAGE_STRING "atk 1.33.6"
| #define PACKAGE_BUGREPORT "http://bugzilla.gnome.org/enter_bug.cgi?product=atk"
| #define PACKAGE_URL ""
| #define PACKAGE "atk"
| #define VERSION "1.33.6"
| /* end confdefs.h.  */
| #include <ac_nonexistent.h>
configure:6658: result: gcc -E
configure:6678: gcc -E  conftest.c
configure:6678: $? = 0
configure:6692: gcc -E  conftest.c
conftest.c:11:28: error: ac_nonexistent.h: No such file or directory
configure:6692: $? = 1
configure: failed program was:
| /* confdefs.h */
| #define PACKAGE_NAME "atk"
| #define PACKAGE_TARNAME "atk"
| #define PACKAGE_VERSION "1.33.6"
| #define PACKAGE_STRING "atk 1.33.6"
| #define PACKAGE_BUGREPORT "http://bugzilla.gnome.org/enter_bug.cgi?product=atk"
| #define PACKAGE_URL ""
| #define PACKAGE "atk"
| #define VERSION "1.33.6"
| /* end confdefs.h.  */
| #include <ac_nonexistent.h>
configure:6721: checking for ANSI C header files
configure:6741: gcc -c -O2 -march=armv6j -mtune=arm1136jf-s -pipe -fomit-frame-pointer -fno-stack-protector  conftest.c >&5
configure:6741: $? = 0
configure:6814: gcc -o conftest -O2 -march=armv6j -mtune=arm1136jf-s -pipe -fomit-frame-pointer -fno-stack-protector   conftest.c  >&5
configure:6814: $? = 0
configure:6814: ./conftest
configure:6814: $? = 0
configure:6825: result: yes
configure:6838: checking for sys/types.h
configure:6838: gcc -c -O2 -march=armv6j -mtune=arm1136jf-s -pipe -fomit-frame-pointer -fno-stack-protector  conftest.c >&5
configure:6838: $? = 0
configure:6838: result: yes
configure:6838: checking for sys/stat.h
configure:6838: gcc -c -O2 -march=armv6j -mtune=arm1136jf-s -pipe -fomit-frame-pointer -fno-stack-protector  conftest.c >&5
configure:6838: $? = 0
configure:6838: result: yes
configure:6838: checking for stdlib.h
configure:6838: gcc -c -O2 -march=armv6j -mtune=arm1136jf-s -pipe -fomit-frame-pointer -fno-stack-protector  conftest.c >&5
configure:6838: $? = 0
configure:6838: result: yes
configure:6838: checking for string.h
configure:6838: gcc -c -O2 -march=armv6j -mtune=arm1136jf-s -pipe -fomit-frame-pointer -fno-stack-protector  conftest.c >&5
configure:6838: $? = 0
configure:6838: result: yes
configure:6838: checking for memory.h
configure:6838: gcc -c -O2 -march=armv6j -mtune=arm1136jf-s -pipe -fomit-frame-pointer -fno-stack-protector  conftest.c >&5
configure:6838: $? = 0
configure:6838: result: yes
configure:6838: checking for strings.h
configure:6838: gcc -c -O2 -march=armv6j -mtune=arm1136jf-s -pipe -fomit-frame-pointer -fno-stack-protector  conftest.c >&5
configure:6838: $? = 0
configure:6838: result: yes
configure:6838: checking for inttypes.h
configure:6838: gcc -c -O2 -march=armv6j -mtune=arm1136jf-s -pipe -fomit-frame-pointer -fno-stack-protector  conftest.c >&5
configure:6838: $? = 0
configure:6838: result: yes
configure:6838: checking for stdint.h
configure:6838: gcc -c -O2 -march=armv6j -mtune=arm1136jf-s -pipe -fomit-frame-pointer -fno-stack-protector  conftest.c >&5
configure:6838: $? = 0
configure:6838: result: yes
configure:6838: checking for unistd.h
configure:6838: gcc -c -O2 -march=armv6j -mtune=arm1136jf-s -pipe -fomit-frame-pointer -fno-stack-protector  conftest.c >&5
configure:6838: $? = 0
configure:6838: result: yes
configure:6852: checking for dlfcn.h
configure:6852: gcc -c -O2 -march=armv6j -mtune=arm1136jf-s -pipe -fomit-frame-pointer -fno-stack-protector  conftest.c >&5
configure:6852: $? = 0
configure:6852: result: yes
configure:7333: checking for objdir
configure:7348: result: .libs
configure:7644: checking if gcc supports -fno-rtti -fno-exceptions
configure:7662: gcc -c -O2 -march=armv6j -mtune=arm1136jf-s -pipe -fomit-frame-pointer -fno-stack-protector  -fno-rtti -fno-exceptions conftest.c >&5
cc1: warning: command line option "-fno-rtti" is valid for C++/ObjC++ but not for C
cc1: warning: command line option "-fno-rtti" is valid for C++/ObjC++ but not for C
configure:7666: $? = 0
configure:7679: result: no
configure:7699: checking for gcc option to produce PIC
configure:7971: result: -fPIC -DPIC
configure:7983: checking if gcc PIC flag -fPIC -DPIC works
configure:8001: gcc -c -O2 -march=armv6j -mtune=arm1136jf-s -pipe -fomit-frame-pointer -fno-stack-protector  -fPIC -DPIC -DPIC conftest.c >&5
configure:8005: $? = 0
configure:8018: result: yes
configure:8042: checking if gcc static flag -static works
configure:8070: result: yes
configure:8085: checking if gcc supports -c -o file.o
configure:8106: gcc -c -O2 -march=armv6j -mtune=arm1136jf-s -pipe -fomit-frame-pointer -fno-stack-protector  -o out/conftest2.o conftest.c >&5
configure:8110: $? = 0
configure:8132: result: yes
configure:8140: checking if gcc supports -c -o file.o
configure:8187: result: yes
configure:8220: checking whether the gcc linker (/scratchbox/compilers/cs2007q3-glibc2.5-arm6/arm-none-linux-gnueabi/bin/ld) supports shared libraries
configure:9211: result: yes
configure:9248: checking whether -lc should be explicitly linked in
configure:9253: gcc -c -O2 -march=armv6j -mtune=arm1136jf-s -pipe -fomit-frame-pointer -fno-stack-protector  conftest.c >&5
configure:9256: $? = 0
configure:9271: gcc -shared conftest.o  -v -Wl,-soname -Wl,conftest -o conftest 2\>\&1 \| /scratchbox/tools/bin/grep  -lc  \>/dev/null 2\>\&1
configure:9274: $? = 0
configure:9286: result: no
configure:9450: checking dynamic linker characteristics
configure:9883: gcc -o conftest -O2 -march=armv6j -mtune=arm1136jf-s -pipe -fomit-frame-pointer -fno-stack-protector   -Wl,-rpath -Wl,/foo conftest.c  >&5
configure:9883: $? = 0
configure:10113: result: GNU/Linux ld.so
configure:10215: checking how to hardcode library paths into programs
configure:10240: result: immediate
configure:10760: checking whether stripping libraries is possible
configure:10765: result: yes
configure:10800: checking if libtool supports shared libraries
configure:10802: result: yes
configure:10805: checking whether to build shared libraries
configure:10826: result: yes
configure:10829: checking whether to build static libraries
configure:10833: result: no
configure:10871: checking for bind_textdomain_codeset
configure:10871: gcc -o conftest -O2 -march=armv6j -mtune=arm1136jf-s -pipe -fomit-frame-pointer -fno-stack-protector   conftest.c  >&5
configure:10871: $? = 0
configure:10871: result: yes
configure:10881: checking for some Win32 platform
configure:10891: result: no
configure:10902: checking for native Win32 platform
configure:10920: result: no
configure:11078: checking for aclocal flags
configure:11087: result: 
configure:11196: checking for pkg-config
configure:11214: found /usr/local/bin/pkg-config
configure:11226: result: /usr/local/bin/pkg-config
configure:11251: checking pkg-config is at least version 0.16
configure:11254: result: yes
configure:11271: checking for GLIB - version >= 2.0.0
configure:11385: gcc -o conftest -O2 -march=armv6j -mtune=arm1136jf-s -pipe -fomit-frame-pointer -fno-stack-protector -Wall -pthread -I/usr/local/include/glib-2.0 -I/usr/local/lib/glib-2.0/include    -DG_DISABLE_SINGLE_INCLUDES -DATK_DISABLE_SINGLE_INCLUDES  conftest.c -pthread -L/usr/local/lib -lgobject-2.0 -lgthread-2.0 -lrt -lglib-2.0    >&5
configure:11385: $? = 0
configure:11385: ./conftest
configure:11385: $? = 0
configure:11399: result: yes (version 2.29.18)
configure:11472: checking for DEP
configure:11479: $PKG_CONFIG --exists --print-errors "glib-2.0 >= $GLIB_REQUIRED_VERSION $GLIB_PACKAGES"
configure:11482: $? = 0
configure:11495: $PKG_CONFIG --exists --print-errors "glib-2.0 >= $GLIB_REQUIRED_VERSION $GLIB_PACKAGES"
configure:11498: $? = 0
configure:11541: result: yes
configure:11562: checking locale.h usability
configure:11562: gcc -c -O2 -march=armv6j -mtune=arm1136jf-s -pipe -fomit-frame-pointer -fno-stack-protector -Wall  -DG_DISABLE_SINGLE_INCLUDES -DATK_DISABLE_SINGLE_INCLUDES conftest.c >&5
configure:11562: $? = 0
configure:11562: result: yes
configure:11562: checking locale.h presence
configure:11562: gcc -E  -DG_DISABLE_SINGLE_INCLUDES -DATK_DISABLE_SINGLE_INCLUDES conftest.c
configure:11562: $? = 0
configure:11562: result: yes
configure:11562: checking for locale.h
configure:11562: result: yes
configure:11573: checking for LC_MESSAGES
configure:11589: gcc -o conftest -O2 -march=armv6j -mtune=arm1136jf-s -pipe -fomit-frame-pointer -fno-stack-protector -Wall  -DG_DISABLE_SINGLE_INCLUDES -DATK_DISABLE_SINGLE_INCLUDES  conftest.c  >&5
configure:11589: $? = 0
configure:11597: result: yes
configure:11614: checking libintl.h usability
configure:11614: gcc -c -O2 -march=armv6j -mtune=arm1136jf-s -pipe -fomit-frame-pointer -fno-stack-protector -Wall  -DG_DISABLE_SINGLE_INCLUDES -DATK_DISABLE_SINGLE_INCLUDES conftest.c >&5
configure:11614: $? = 0
configure:11614: result: yes
configure:11614: checking libintl.h presence
configure:11614: gcc -E  -DG_DISABLE_SINGLE_INCLUDES -DATK_DISABLE_SINGLE_INCLUDES conftest.c
configure:11614: $? = 0
configure:11614: result: yes
configure:11614: checking for libintl.h
configure:11614: result: yes
configure:11622: checking for ngettext in libc
configure:11640: gcc -o conftest -O2 -march=armv6j -mtune=arm1136jf-s -pipe -fomit-frame-pointer -fno-stack-protector -Wall  -DG_DISABLE_SINGLE_INCLUDES -DATK_DISABLE_SINGLE_INCLUDES  conftest.c  >&5
configure:11640: $? = 0
configure:11649: result: yes
configure:11653: checking for dgettext in libc
configure:11671: gcc -o conftest -O2 -march=armv6j -mtune=arm1136jf-s -pipe -fomit-frame-pointer -fno-stack-protector -Wall  -DG_DISABLE_SINGLE_INCLUDES -DATK_DISABLE_SINGLE_INCLUDES  conftest.c  >&5
configure:11671: $? = 0
configure:11680: result: yes
configure:11687: checking for bind_textdomain_codeset
configure:11687: result: yes
configure:11963: checking for msgfmt
configure:11990: result: /usr/local/bin/msgfmt
configure:12001: checking for dcgettext
configure:12001: gcc -o conftest -O2 -march=armv6j -mtune=arm1136jf-s -pipe -fomit-frame-pointer -fno-stack-protector -Wall  -DG_DISABLE_SINGLE_INCLUDES -DATK_DISABLE_SINGLE_INCLUDES  conftest.c   >&5
conftest.c:52: warning: conflicting types for built-in function 'dcgettext'
configure:12001: $? = 0
configure:12001: result: yes
configure:12011: checking if msgfmt accepts -c
configure:12026: $MSGFMT -c -o /dev/null conftest.foo
configure:12029: $? = 0
configure:12031: result: yes
configure:12041: checking for gmsgfmt
configure:12072: result: /usr/local/bin/msgfmt
configure:12082: checking for xgettext
configure:12109: result: /usr/local/bin/xgettext
configure:12128: gcc -o conftest -O2 -march=armv6j -mtune=arm1136jf-s -pipe -fomit-frame-pointer -fno-stack-protector -Wall  -DG_DISABLE_SINGLE_INCLUDES -DATK_DISABLE_SINGLE_INCLUDES  conftest.c   >&5
configure:12128: $? = 0
configure:12206: checking for catalogs to be installed
configure:12231: result:  af am ar as ast az be be@latin bg bn bn_IN bs ca ca@valencia cs cy da de dz el en_CA en_GB en@shaw eo es et eu fa fi fr ga gl gu he hi hr hu hy id is it ja ka kk kn ko ku li lt lv mai mk ml mn mr ms nb ne nl nn oc or pa pl ps pt pt_BR ro ru rw si sk sl sq sr sr@latin sr@ije sv ta te th tk tr tt ug uk vi wa xh yi zh_CN zh_HK zh_TW
configure:12276: checking for gobject-introspection
configure:12307: $PKG_CONFIG --exists --print-errors "gobject-introspection-1.0 >= 0.6.7"
Package gobject-introspection-1.0 was not found in the pkg-config search path.
Perhaps you should add the directory containing `gobject-introspection-1.0.pc'
to the PKG_CONFIG_PATH environment variable
No package 'gobject-introspection-1.0' found
configure:12310: $? = 1
configure:12321: result: no
configure:12364: checking for gtkdoc-check
configure:12382: found /usr/local/bin/gtkdoc-check
configure:12394: result: /usr/local/bin/gtkdoc-check
configure:12406: checking for gtkdoc-rebase
configure:12424: found /usr/local/bin/gtkdoc-rebase
configure:12436: result: /usr/local/bin/gtkdoc-rebase
configure:12450: checking for gtkdoc-mkpdf
configure:12468: found /usr/local/bin/gtkdoc-mkpdf
configure:12480: result: /usr/local/bin/gtkdoc-mkpdf
configure:12521: checking whether to build gtk-doc documentation
configure:12523: result: no
configure:12595: checking for gawk
configure:12622: result: gawk
configure:12637: checking for perl5
configure:12667: result: no
configure:12637: checking for perl
configure:12653: found /scratchbox/tools/bin/perl
configure:12664: result: perl
configure:12843: creating ./config.status

## ---------------------- ##
## Running config.status. ##
## ---------------------- ##

This file was extended by atk config.status 1.33.6, which was
generated by GNU Autoconf 2.67.  Invocation command line was

  CONFIG_FILES    = 
  CONFIG_HEADERS  = 
  CONFIG_LINKS    = 
  CONFIG_COMMANDS = 
  $ ./config.status 

on tjw-pc

config.status:1183: creating Makefile
config.status:1183: creating po/Makefile.in
config.status:1183: creating atk.pc
config.status:1183: creating atk-uninstalled.pc
config.status:1183: creating atk/Makefile
config.status:1183: creating atk/atk.rc
config.status:1183: creating tests/Makefile
config.status:1183: creating build/Makefile
config.status:1183: creating build/win32/Makefile
config.status:1183: creating build/win32/vs9/Makefile
config.status:1183: creating docs/Makefile
config.status:1183: creating docs/version.xml
config.status:1183: creating atk.spec
config.status:1183: creating atk-zip.sh
config.status:1183: creating config.h.win32
config.status:1183: creating config.h
config.status:1363: config.h is unchanged
config.status:1411: executing depfiles commands
config.status:1411: executing libtool commands
config.status:1411: executing default-1 commands

## ---------------- ##
## Cache variables. ##
## ---------------- ##

ac_cv_atk_aclocal_flags=
ac_cv_build=arm-unknown-linux-gnueabi
ac_cv_c_compiler_gnu=yes
ac_cv_env_CC_set=
ac_cv_env_CC_value=
ac_cv_env_CFLAGS_set=set
ac_cv_env_CFLAGS_value='-O2 -march=armv6j -mtune=arm1136jf-s -pipe -fomit-frame-pointer -fno-stack-protector'
ac_cv_env_CPPFLAGS_set=
ac_cv_env_CPPFLAGS_value=
ac_cv_env_CPP_set=
ac_cv_env_CPP_value=
ac_cv_env_DEP_CFLAGS_set=
ac_cv_env_DEP_CFLAGS_value=
ac_cv_env_DEP_LIBS_set=
ac_cv_env_DEP_LIBS_value=
ac_cv_env_LDFLAGS_set=
ac_cv_env_LDFLAGS_value=
ac_cv_env_LIBS_set=
ac_cv_env_LIBS_value=
ac_cv_env_PKG_CONFIG_LIBDIR_set=
ac_cv_env_PKG_CONFIG_LIBDIR_value=
ac_cv_env_PKG_CONFIG_PATH_set=set
ac_cv_env_PKG_CONFIG_PATH_value=/usr/lib/pkgconfig:/usr/local/lib/pkgconfig
ac_cv_env_PKG_CONFIG_set=
ac_cv_env_PKG_CONFIG_value=
ac_cv_env_build_alias_set=
ac_cv_env_build_alias_value=
ac_cv_env_host_alias_set=
ac_cv_env_host_alias_value=
ac_cv_env_target_alias_set=
ac_cv_env_target_alias_value=
ac_cv_func_bind_textdomain_codeset=yes
ac_cv_func_dcgettext=yes
ac_cv_header_dlfcn_h=yes
ac_cv_header_inttypes_h=yes
ac_cv_header_libintl_h=yes
ac_cv_header_locale_h=yes
ac_cv_header_memory_h=yes
ac_cv_header_stdc=yes
ac_cv_header_stdint_h=yes
ac_cv_header_stdlib_h=yes
ac_cv_header_string_h=yes
ac_cv_header_strings_h=yes
ac_cv_header_sys_stat_h=yes
ac_cv_header_sys_types_h=yes
ac_cv_header_unistd_h=yes
ac_cv_host=arm-unknown-linux-gnueabi
ac_cv_objext=o
ac_cv_path_EGREP='/scratchbox/tools/bin/grep -E'
ac_cv_path_FGREP='/scratchbox/tools/bin/grep -F'
ac_cv_path_GMSGFMT=/usr/local/bin/msgfmt
ac_cv_path_GREP=/scratchbox/tools/bin/grep
ac_cv_path_GTKDOC_CHECK=/usr/local/bin/gtkdoc-check
ac_cv_path_GTKDOC_MKPDF=/usr/local/bin/gtkdoc-mkpdf
ac_cv_path_GTKDOC_REBASE=/usr/local/bin/gtkdoc-rebase
ac_cv_path_MSGFMT=/usr/local/bin/msgfmt
ac_cv_path_SED=/scratchbox/tools/bin/sed
ac_cv_path_XGETTEXT=/usr/local/bin/xgettext
ac_cv_path_ac_pt_PKG_CONFIG=/usr/local/bin/pkg-config
ac_cv_path_install='/scratchbox/tools/bin/install -c'
ac_cv_path_mkdir=/scratchbox/tools/bin/mkdir
ac_cv_prog_AWK=gawk
ac_cv_prog_CPP='gcc -E'
ac_cv_prog_PERL=perl
ac_cv_prog_ac_ct_AR=ar
ac_cv_prog_ac_ct_CC=gcc
ac_cv_prog_ac_ct_OBJDUMP=objdump
ac_cv_prog_ac_ct_RANLIB=ranlib
ac_cv_prog_ac_ct_STRIP=strip
ac_cv_prog_cc_c89=
ac_cv_prog_cc_g=yes
ac_cv_prog_make_make_set=yes
am_cv_CC_dependencies_compiler_type=gcc3
am_cv_val_LC_MESSAGES=yes
gt_cv_func_dgettext_libc=yes
gt_cv_func_dgettext_libintl=no
gt_cv_func_ngettext_libc=yes
gt_cv_have_gettext=yes
lt_cv_deplibs_check_method=pass_all
lt_cv_file_magic_cmd='$MAGIC_CMD'
lt_cv_file_magic_test_file=
lt_cv_ld_reload_flag=-r
lt_cv_nm_interface='BSD nm'
lt_cv_objdir=.libs
lt_cv_path_LD=/scratchbox/compilers/cs2007q3-glibc2.5-arm6/arm-none-linux-gnueabi/bin/ld
lt_cv_path_NM='/scratchbox/compilers/bin/nm -B'
lt_cv_prog_compiler_c_o=yes
lt_cv_prog_compiler_pic_works=yes
lt_cv_prog_compiler_rtti_exceptions=no
lt_cv_prog_compiler_static_works=yes
lt_cv_prog_gnu_ld=yes
lt_cv_sys_global_symbol_pipe='sed -n -e '\''s/^.*[	 ]\([ABCDGIRSTW][ABCDGIRSTW]*\)[	 ][	 ]*\([_A-Za-z][_A-Za-z0-9]*\)$/\1 \2 \2/p'\'''
lt_cv_sys_global_symbol_to_c_name_address='sed -n -e '\''s/^: \([^ ]*\) $/  {\"\1\", (void *) 0},/p'\'' -e '\''s/^[ABCDGIRSTW]* \([^ ]*\) \([^ ]*\)$/  {"\2", (void *) \&\2},/p'\'''
lt_cv_sys_global_symbol_to_c_name_address_lib_prefix='sed -n -e '\''s/^: \([^ ]*\) $/  {\"\1\", (void *) 0},/p'\'' -e '\''s/^[ABCDGIRSTW]* \([^ ]*\) \(lib[^ ]*\)$/  {"\2", (void *) \&\2},/p'\'' -e '\''s/^[ABCDGIRSTW]* \([^ ]*\) \([^ ]*\)$/  {"lib\2", (void *) \&\2},/p'\'''
lt_cv_sys_global_symbol_to_cdecl='sed -n -e '\''s/^T .* \(.*\)$/extern int \1();/p'\'' -e '\''s/^[ABCDGIRSTW]* .* \(.*\)$/extern char \1;/p'\'''
lt_cv_sys_max_cmd_len=98304
pkg_cv_DEP_CFLAGS='-pthread -I/usr/local/include/glib-2.0 -I/usr/local/lib/glib-2.0/include  '
pkg_cv_DEP_LIBS='-pthread -L/usr/local/lib -lgobject-2.0 -lgthread-2.0 -lrt -lglib-2.0  '

## ----------------- ##
## Output variables. ##
## ----------------- ##

ACLOCAL='${SHELL} /home/tjw/tjKindle/GTK0/atk-1.33.6/missing --run aclocal-1.11 '
AMDEPBACKSLASH='\'
AMDEP_FALSE='#'
AMDEP_TRUE=''
AMTAR='${SHELL} /home/tjw/tjKindle/GTK0/atk-1.33.6/missing --run tar'
AM_BACKSLASH='\'
AM_DEFAULT_VERBOSITY='0'
AR='ar'
AS='as'
ATK_API_VERSION='1.0'
ATK_BINARY_AGE='3316'
ATK_INTERFACE_AGE='1'
ATK_MAJOR_VERSION='1'
ATK_MICRO_VERSION='6'
ATK_MINOR_VERSION='33'
ATK_VERSION='1.33.6'
AUTOCONF='${SHELL} /home/tjw/tjKindle/GTK0/atk-1.33.6/missing --run autoconf'
AUTOHEADER='${SHELL} /home/tjw/tjKindle/GTK0/atk-1.33.6/missing --run autoheader'
AUTOMAKE='${SHELL} /home/tjw/tjKindle/GTK0/atk-1.33.6/missing --run automake-1.11'
AWK='gawk'
CATALOGS=' af.gmo am.gmo ar.gmo as.gmo ast.gmo az.gmo be.gmo be@latin.gmo bg.gmo bn.gmo bn_IN.gmo bs.gmo ca.gmo ca@valencia.gmo cs.gmo cy.gmo da.gmo de.gmo dz.gmo el.gmo en_CA.gmo en_GB.gmo en@shaw.gmo eo.gmo es.gmo et.gmo eu.gmo fa.gmo fi.gmo fr.gmo ga.gmo gl.gmo gu.gmo he.gmo hi.gmo hr.gmo hu.gmo hy.gmo id.gmo is.gmo it.gmo ja.gmo ka.gmo kk.gmo kn.gmo ko.gmo ku.gmo li.gmo lt.gmo lv.gmo mai.gmo mk.gmo ml.gmo mn.gmo mr.gmo ms.gmo nb.gmo ne.gmo nl.gmo nn.gmo oc.gmo or.gmo pa.gmo pl.gmo ps.gmo pt.gmo pt_BR.gmo ro.gmo ru.gmo rw.gmo si.gmo sk.gmo sl.gmo sq.gmo sr.gmo sr@latin.gmo sr@ije.gmo sv.gmo ta.gmo te.gmo th.gmo tk.gmo tr.gmo tt.gmo ug.gmo uk.gmo vi.gmo wa.gmo xh.gmo yi.gmo zh_CN.gmo zh_HK.gmo zh_TW.gmo'
CATOBJEXT='.gmo'
CC='gcc'
CCDEPMODE='depmode=gcc3'
CFLAGS='-O2 -march=armv6j -mtune=arm1136jf-s -pipe -fomit-frame-pointer -fno-stack-protector -Wall'
CPP='gcc -E'
CPPFLAGS=' -DG_DISABLE_SINGLE_INCLUDES -DATK_DISABLE_SINGLE_INCLUDES'
CYGPATH_W='echo'
DATADIRNAME='share'
DEFS='-DHAVE_CONFIG_H'
DEPDIR='.deps'
DEP_CFLAGS='-pthread -I/usr/local/include/glib-2.0 -I/usr/local/lib/glib-2.0/include  '
DEP_LIBS='-pthread -L/usr/local/lib -lgobject-2.0 -lgthread-2.0 -lrt -lglib-2.0  '
DLLTOOL='dlltool'
DSYMUTIL=''
DUMPBIN=''
ECHO_C=''
ECHO_N='-n'
ECHO_T=''
EGREP='/scratchbox/tools/bin/grep -E'
ENABLE_GTK_DOC_FALSE=''
ENABLE_GTK_DOC_TRUE='#'
EXEEXT=''
FGREP='/scratchbox/tools/bin/grep -F'
GETTEXT_PACKAGE='atk10'
GLIB_CFLAGS='-pthread -I/usr/local/include/glib-2.0 -I/usr/local/lib/glib-2.0/include  '
GLIB_GENMARSHAL='glib-genmarshal'
GLIB_LIBS='-pthread -L/usr/local/lib -lgobject-2.0 -lgthread-2.0 -lrt -lglib-2.0  '
GLIB_MKENUMS='glib-mkenums'
GLIB_PACKAGES='gobject-2.0'
GLIB_REQUIRED_VERSION='2.0.0'
GMOFILES=' af.gmo am.gmo ar.gmo as.gmo ast.gmo az.gmo be.gmo be@latin.gmo bg.gmo bn.gmo bn_IN.gmo bs.gmo ca.gmo ca@valencia.gmo cs.gmo cy.gmo da.gmo de.gmo dz.gmo el.gmo en_CA.gmo en_GB.gmo en@shaw.gmo eo.gmo es.gmo et.gmo eu.gmo fa.gmo fi.gmo fr.gmo ga.gmo gl.gmo gu.gmo he.gmo hi.gmo hr.gmo hu.gmo hy.gmo id.gmo is.gmo it.gmo ja.gmo ka.gmo kk.gmo kn.gmo ko.gmo ku.gmo li.gmo lt.gmo lv.gmo mai.gmo mk.gmo ml.gmo mn.gmo mr.gmo ms.gmo nb.gmo ne.gmo nl.gmo nn.gmo oc.gmo or.gmo pa.gmo pl.gmo ps.gmo pt.gmo pt_BR.gmo ro.gmo ru.gmo rw.gmo si.gmo sk.gmo sl.gmo sq.gmo sr.gmo sr@latin.gmo sr@ije.gmo sv.gmo ta.gmo te.gmo th.gmo tk.gmo tr.gmo tt.gmo ug.gmo uk.gmo vi.gmo wa.gmo xh.gmo yi.gmo zh_CN.gmo zh_HK.gmo zh_TW.gmo'
GMSGFMT='/usr/local/bin/msgfmt'
GOBJECT_QUERY='gobject-query'
GREP='/scratchbox/tools/bin/grep'
GTKDOC_CHECK='/usr/local/bin/gtkdoc-check'
GTKDOC_MKPDF='/usr/local/bin/gtkdoc-mkpdf'
GTKDOC_REBASE='/usr/local/bin/gtkdoc-rebase'
GTK_DOC_BUILD_HTML_FALSE='#'
GTK_DOC_BUILD_HTML_TRUE=''
GTK_DOC_BUILD_PDF_FALSE=''
GTK_DOC_BUILD_PDF_TRUE='#'
GTK_DOC_USE_LIBTOOL_FALSE='#'
GTK_DOC_USE_LIBTOOL_TRUE=''
GTK_DOC_USE_REBASE_FALSE='#'
GTK_DOC_USE_REBASE_TRUE=''
HAVE_INTROSPECTION_FALSE=''
HAVE_INTROSPECTION_TRUE='#'
HTML_DIR='${datadir}/gtk-doc/html'
INSTALL_DATA='${INSTALL} -m 644'
INSTALL_PROGRAM='${INSTALL}'
INSTALL_SCRIPT='${INSTALL}'
INSTALL_STRIP_PROGRAM='$(install_sh) -c -s'
INSTOBJEXT='.mo'
INTLLIBS=''
INTROSPECTION_CFLAGS=''
INTROSPECTION_COMPILER=''
INTROSPECTION_GENERATE=''
INTROSPECTION_GIRDIR=''
INTROSPECTION_LIBS=''
INTROSPECTION_MAKEFILE=''
INTROSPECTION_SCANNER=''
INTROSPECTION_TYPELIBDIR=''
LD='/scratchbox/compilers/cs2007q3-glibc2.5-arm6/arm-none-linux-gnueabi/bin/ld'
LDFLAGS=''
LIBOBJS=''
LIBS=''
LIBTOOL='$(SHELL) $(top_builddir)/libtool'
LIB_EXE_MACHINE_FLAG=''
LIPO=''
LN_S='ln -s'
LTLIBOBJS=''
LT_CURRENT_MINUS_AGE='0'
LT_VERSION_INFO='3315:1:3315'
MAKEINFO='${SHELL} /home/tjw/tjKindle/GTK0/atk-1.33.6/missing --run makeinfo'
MKDIR_P='/scratchbox/tools/bin/mkdir -p'
MKINSTALLDIRS='./mkinstalldirs'
MSGFMT='/usr/local/bin/msgfmt'
MSGFMT_OPTS='-c'
MS_LIB_AVAILABLE_FALSE=''
MS_LIB_AVAILABLE_TRUE='#'
NM='/scratchbox/compilers/bin/nm -B'
NMEDIT=''
OBJDUMP='objdump'
OBJEXT='o'
OS_WIN32_FALSE=''
OS_WIN32_TRUE='#'
OTOOL64=''
OTOOL=''
PACKAGE='atk'
PACKAGE_BUGREPORT='http://bugzilla.gnome.org/enter_bug.cgi?product=atk'
PACKAGE_NAME='atk'
PACKAGE_STRING='atk 1.33.6'
PACKAGE_TARNAME='atk'
PACKAGE_URL=''
PACKAGE_VERSION='1.33.6'
PATH_SEPARATOR=':'
PERL='perl'
PKG_CONFIG='/usr/local/bin/pkg-config'
PKG_CONFIG_LIBDIR=''
PKG_CONFIG_PATH='/usr/lib/pkgconfig:/usr/local/lib/pkgconfig'
PLATFORM_WIN32_FALSE=''
PLATFORM_WIN32_TRUE='#'
POFILES=' af.po am.po ar.po as.po ast.po az.po be.po be@latin.po bg.po bn.po bn_IN.po bs.po ca.po ca@valencia.po cs.po cy.po da.po de.po dz.po el.po en_CA.po en_GB.po en@shaw.po eo.po es.po et.po eu.po fa.po fi.po fr.po ga.po gl.po gu.po he.po hi.po hr.po hu.po hy.po id.po is.po it.po ja.po ka.po kk.po kn.po ko.po ku.po li.po lt.po lv.po mai.po mk.po ml.po mn.po mr.po ms.po nb.po ne.po nl.po nn.po oc.po or.po pa.po pl.po ps.po pt.po pt_BR.po ro.po ru.po rw.po si.po sk.po sl.po sq.po sr.po sr@latin.po sr@ije.po sv.po ta.po te.po th.po tk.po tr.po tt.po ug.po uk.po vi.po wa.po xh.po yi.po zh_CN.po zh_HK.po zh_TW.po'
POSUB='po'
PO_IN_DATADIR_FALSE=''
PO_IN_DATADIR_TRUE=''
RANLIB='ranlib'
REBUILD=''
SED='/scratchbox/tools/bin/sed'
SET_MAKE=''
SHELL='/bin/sh'
STRIP='strip'
USE_NLS='yes'
VERSION='1.33.6'
WINDRES=''
XGETTEXT='/usr/local/bin/xgettext'
ac_ct_CC='gcc'
ac_ct_DUMPBIN=''
am__EXEEXT_FALSE=''
am__EXEEXT_TRUE='#'
am__fastdepCC_FALSE='#'
am__fastdepCC_TRUE=''
am__include='include'
am__isrc=''
am__leading_dot='.'
am__quote=''
am__tar='${AMTAR} chof - "$$tardir"'
am__untar='${AMTAR} xf -'
bindir='${exec_prefix}/bin'
build='arm-unknown-linux-gnueabi'
build_alias=''
build_cpu='arm'
build_os='linux-gnueabi'
build_vendor='unknown'
datadir='${datarootdir}'
datarootdir='${prefix}/share'
docdir='${datarootdir}/doc/${PACKAGE_TARNAME}'
dvidir='${docdir}'
exec_prefix='${prefix}'
host='arm-unknown-linux-gnueabi'
host_alias=''
host_cpu='arm'
host_os='linux-gnueabi'
host_vendor='unknown'
htmldir='${docdir}'
includedir='${prefix}/include'
infodir='${datarootdir}/info'
install_sh='${SHELL} /home/tjw/tjKindle/GTK0/atk-1.33.6/install-sh'
libdir='${exec_prefix}/lib'
libexecdir='${exec_prefix}/libexec'
localedir='${datarootdir}/locale'
localstatedir='${prefix}/var'
lt_ECHO='echo'
mandir='${datarootdir}/man'
mkdir_p='/scratchbox/tools/bin/mkdir -p'
ms_librarian=''
oldincludedir='/usr/include'
pdfdir='${docdir}'
prefix='/usr/local'
program_transform_name='s,x,x,'
psdir='${docdir}'
sbindir='${exec_prefix}/sbin'
sharedstatedir='${prefix}/com'
sysconfdir='${prefix}/etc'
target_alias=''

## ----------- ##
## confdefs.h. ##
## ----------- ##

/* confdefs.h */
#define PACKAGE_NAME "atk"
#define PACKAGE_TARNAME "atk"
#define PACKAGE_VERSION "1.33.6"
#define PACKAGE_STRING "atk 1.33.6"
#define PACKAGE_BUGREPORT "http://bugzilla.gnome.org/enter_bug.cgi?product=atk"
#define PACKAGE_URL ""
#define PACKAGE "atk"
#define VERSION "1.33.6"
#define STDC_HEADERS 1
#define HAVE_SYS_TYPES_H 1
#define HAVE_SYS_STAT_H 1
#define HAVE_STDLIB_H 1
#define HAVE_STRING_H 1
#define HAVE_MEMORY_H 1
#define HAVE_STRINGS_H 1
#define HAVE_INTTYPES_H 1
#define HAVE_STDINT_H 1
#define HAVE_UNISTD_H 1
#define HAVE_DLFCN_H 1
#define LT_OBJDIR ".libs/"
#define HAVE_BIND_TEXTDOMAIN_CODESET 1
#define GETTEXT_PACKAGE "atk10"
#define HAVE_LOCALE_H 1
#define HAVE_LC_MESSAGES 1
#define HAVE_BIND_TEXTDOMAIN_CODESET 1
#define HAVE_GETTEXT 1
#define HAVE_DCGETTEXT 1
#define ENABLE_NLS 1

configure: exit 0
