This file contains any messages produced by compilers while
running configure, to aid debugging if configure makes a mistake.

It was created by configure, which was
generated by GNU Autoconf 2.68.  Invocation command line was

  $ ./configure 

## --------- ##
## Platform. ##
## --------- ##

hostname = tjw-pc
uname -m = arm
uname -r = 2.6.38-11-generic
uname -s = Linux
uname -v = #48-Ubuntu SMP Fri Jul 29 19:02:55 UTC 2011

/usr/bin/uname -p = unknown
/bin/uname -X     = unknown

/bin/arch              = arm
/usr/bin/arch -k       = arm
/usr/convex/getsysinfo = unknown
/usr/bin/hostinfo      = unknown
/bin/machine           = unknown
/usr/bin/oslevel       = unknown
/bin/universe          = unknown

PATH: /usr/local/bin
PATH: /host_usr/bin
PATH: /scratchbox/devkits/svn/bin
PATH: /scratchbox/devkits/qemu/bin
PATH: /scratchbox/devkits/perl/bin
PATH: /scratchbox/devkits/git/bin
PATH: /scratchbox/devkits/doctools/bin
PATH: /scratchbox/tools/bin
PATH: /targets/links/arch_tools/bin
PATH: /scratchbox/compilers/bin
PATH: /bin
PATH: /usr/bin
PATH: /usr/local/bin
PATH: /usr/X11R6/bin
PATH: /sbin
PATH: /usr/sbin


## ----------- ##
## Core tests. ##
## ----------- ##

configure:2193: checking for a BSD-compatible install
configure:2261: result: /scratchbox/tools/bin/install -c
configure:2272: checking whether build environment is sane
configure:2322: result: yes
configure:2463: checking for a thread-safe mkdir -p
configure:2502: result: /scratchbox/tools/bin/mkdir -p
configure:2515: checking for gawk
configure:2531: found /scratchbox/tools/bin/gawk
configure:2542: result: gawk
configure:2553: checking whether make sets $(MAKE)
configure:2575: result: yes
configure:2657: checking whether to enable maintainer-specific portions of Makefiles
configure:2666: result: no
configure:2692: checking for style of include used by make
configure:2720: result: GNU
configure:2790: checking for gcc
configure:2806: found /scratchbox/compilers/bin/gcc
configure:2817: result: gcc
configure:3046: checking for C compiler version
configure:3055: gcc --version >&5
sbox-arm-none-linux-gnueabi-gcc (GCC) 4.2.1
Copyright (C) 2007 Free Software Foundation, Inc.
This is free software; see the source for copying conditions.  There is NO
warranty; not even for MERCHANTABILITY or FITNESS FOR A PARTICULAR PURPOSE.

configure:3066: $? = 0
configure:3055: gcc -v >&5
Using built-in specs.
Reading specs from /scratchbox/compilers/cs2007q3-glibc2.5-arm6/gcc.specs
rename spec cpp to old_cpp
rename spec cc1 to old_cc1
rename spec cc1plus to old_cc1plus
rename spec link to old_link
Target: arm-none-linux-gnueabi
Configured with: /home/jhakala/cs2007q3-sb4/arm/src/gcc-4.2/configure --build=i686-pc-linux-gnu --host=i686-pc-linux-gnu --target=arm-none-linux-gnueabi --enable-threads --disable-libmudflap --disable-libssp --disable-libgomp --disable-libstdcxx-pch --with-gnu-as --with-gnu-ld --enable-languages=c,c++ --enable-shared --enable-symvers=gnu --enable-__cxa_atexit --disable-nls --prefix=/opt/maemo --with-sysroot=/opt/maemo/arm-none-linux-gnueabi/libc --with-build-sysroot=/home/jhakala/cs2007q3-sb4/arm/install/arm-none-linux-gnueabi/libc --with-build-time-tools=/home/jhakala/cs2007q3-sb4/arm/install/arm-none-linux-gnueabi/bin
Thread model: posix
gcc version 4.2.1
configure:3066: $? = 0
configure:3055: gcc -V >&5
sbox-arm-none-linux-gnueabi-gcc: '-V' must come at the start of the command line
configure:3066: $? = 1
configure:3055: gcc -qversion >&5
sbox-arm-none-linux-gnueabi-gcc: unrecognized option '-qversion'
sbox-arm-none-linux-gnueabi-gcc: no input files
configure:3066: $? = 1
configure:3086: checking whether the C compiler works
configure:3108: gcc    conftest.c  >&5
configure:3112: $? = 0
configure:3160: result: yes
configure:3163: checking for C compiler default output file name
configure:3165: result: a.out
configure:3171: checking for suffix of executables
configure:3178: gcc -o conftest    conftest.c  >&5
configure:3182: $? = 0
configure:3204: result: 
configure:3226: checking whether we are cross compiling
configure:3234: gcc -o conftest    conftest.c  >&5
configure:3238: $? = 0
configure:3245: ./conftest
configure:3249: $? = 0
configure:3264: result: no
configure:3269: checking for suffix of object files
configure:3291: gcc -c   conftest.c >&5
configure:3295: $? = 0
configure:3316: result: o
configure:3320: checking whether we are using the GNU C compiler
aaaaaaaaaaaaa
configure:3339: gcc -c   conftest.c >&5
configure:3339: $? = 0
configure:3348: result: yes
configure:3357: checking whether gcc accepts -g
aaaaaaaaaaaaa
configure:3377: gcc -c -g  conftest.c >&5
configure:3377: $? = 0
configure:3418: result: yes
configure:3435: checking for gcc option to accept ISO C89
aaaaaaaaaaaaa
configure:3499: gcc  -c -g -O2  conftest.c >&5
configure:3499: $? = 0
configure:3512: result: none needed
configure:3534: checking dependency style of gcc
configure:3644: result: gcc3
configure:3660: checking for library containing strerror
configure:3691: gcc -o conftest -g -O2   conftest.c  >&5
configure:3691: $? = 0
configure:3708: result: none required
configure:3764: checking for gcc
configure:3791: result: gcc
configure:4020: checking for C compiler version
configure:4029: gcc --version >&5
sbox-arm-none-linux-gnueabi-gcc (GCC) 4.2.1
Copyright (C) 2007 Free Software Foundation, Inc.
This is free software; see the source for copying conditions.  There is NO
warranty; not even for MERCHANTABILITY or FITNESS FOR A PARTICULAR PURPOSE.

configure:4040: $? = 0
configure:4029: gcc -v >&5
Using built-in specs.
Reading specs from /scratchbox/compilers/cs2007q3-glibc2.5-arm6/gcc.specs
rename spec cpp to old_cpp
rename spec cc1 to old_cc1
rename spec cc1plus to old_cc1plus
rename spec link to old_link
Target: arm-none-linux-gnueabi
Configured with: /home/jhakala/cs2007q3-sb4/arm/src/gcc-4.2/configure --build=i686-pc-linux-gnu --host=i686-pc-linux-gnu --target=arm-none-linux-gnueabi --enable-threads --disable-libmudflap --disable-libssp --disable-libgomp --disable-libstdcxx-pch --with-gnu-as --with-gnu-ld --enable-languages=c,c++ --enable-shared --enable-symvers=gnu --enable-__cxa_atexit --disable-nls --prefix=/opt/maemo --with-sysroot=/opt/maemo/arm-none-linux-gnueabi/libc --with-build-sysroot=/home/jhakala/cs2007q3-sb4/arm/install/arm-none-linux-gnueabi/libc --with-build-time-tools=/home/jhakala/cs2007q3-sb4/arm/install/arm-none-linux-gnueabi/bin
Thread model: posix
gcc version 4.2.1
configure:4040: $? = 0
configure:4029: gcc -V >&5
sbox-arm-none-linux-gnueabi-gcc: '-V' must come at the start of the command line
configure:4040: $? = 1
configure:4029: gcc -qversion >&5
sbox-arm-none-linux-gnueabi-gcc: unrecognized option '-qversion'
sbox-arm-none-linux-gnueabi-gcc: no input files
configure:4040: $? = 1
configure:4044: checking whether we are using the GNU C compiler
configure:4072: result: yes
configure:4081: checking whether gcc accepts -g
configure:4142: result: yes
configure:4159: checking for gcc option to accept ISO C89
configure:4236: result: none needed
configure:4258: checking dependency style of gcc
configure:4368: result: gcc3
configure:4388: checking how to run the C preprocessor
configure:4419: gcc -E  conftest.c
configure:4419: $? = 0
configure:4433: gcc -E  conftest.c
conftest.c:11:28: error: ac_nonexistent.h: No such file or directory
configure:4433: $? = 1
configure: failed program was:
| /* confdefs.h */
| #define PACKAGE_NAME ""
| #define PACKAGE_TARNAME ""
| #define PACKAGE_VERSION ""
| #define PACKAGE_STRING ""
| #define PACKAGE_BUGREPORT ""
| #define PACKAGE_URL ""
| #define PACKAGE "gqview"
| #define VERSION "2.1.5"
| /* end confdefs.h.  */
| #include <ac_nonexistent.h>
configure:4458: result: gcc -E
configure:4478: gcc -E  conftest.c
configure:4478: $? = 0
configure:4492: gcc -E  conftest.c
conftest.c:11:28: error: ac_nonexistent.h: No such file or directory
configure:4492: $? = 1
configure: failed program was:
| /* confdefs.h */
| #define PACKAGE_NAME ""
| #define PACKAGE_TARNAME ""
| #define PACKAGE_VERSION ""
| #define PACKAGE_STRING ""
| #define PACKAGE_BUGREPORT ""
| #define PACKAGE_URL ""
| #define PACKAGE "gqview"
| #define VERSION "2.1.5"
| /* end confdefs.h.  */
| #include <ac_nonexistent.h>
configure:4521: checking for grep that handles long lines and -e
configure:4579: result: /scratchbox/tools/bin/grep
configure:4584: checking for egrep
configure:4646: result: /scratchbox/tools/bin/grep -E
configure:4651: checking for ANSI C header files
aaaaaaaaaaaaa
configure:4671: gcc -c -g -O2  conftest.c >&5
configure:4671: $? = 0
configure:4744: gcc -o conftest -g -O2   conftest.c  >&5
configure:4744: $? = 0
configure:4744: ./conftest
configure:4744: $? = 0
configure:4755: result: yes
configure:4793: checking for pkg-config
configure:4811: found /usr/local/bin/pkg-config
configure:4824: result: /usr/local/bin/pkg-config
configure:4846: checking for GTK+ - version >= 2.4.0
configure:4959: gcc -o conftest -g -O2 -D_REENTRANT -pthread -I/usr/local/include/gtk-2.0 -I/usr/local/lib/gtk-2.0/include -I/usr/local/include/cairo -I/usr/local/include/directfb -I/usr/local/include/glib-2.0 -I/usr/local/lib/glib-2.0/include -I/usr/local/include/pixman-1 -I/usr/local/include -I/usr/local/include/freetype2 -I/usr/local/include/libpng14 -I/usr/local/include/atk-1.0 -I/usr/local/include/pango-1.0     conftest.c -pthread -L/usr/local/lib -lgtk-directfb-2.0 -lgdk-directfb-2.0 -latk-1.0 -lgio-2.0 -lgdk_pixbuf-2.0 -lpangocairo-1.0 -lpango-1.0 -lcairo -lgobject-2.0 -lgmodule-2.0 -lgthread-2.0 -lrt -lglib-2.0    >&5
configure:4959: $? = 0
configure:4959: ./conftest
qemu: uncaught target signal 11 (Segmentation fault) - core dumped
configure:4959: $? = 126
configure: program exited with status 126
configure: failed program was:
| /* confdefs.h */
| #define PACKAGE_NAME ""
| #define PACKAGE_TARNAME ""
| #define PACKAGE_VERSION ""
| #define PACKAGE_STRING ""
| #define PACKAGE_BUGREPORT ""
| #define PACKAGE_URL ""
| #define PACKAGE "gqview"
| #define VERSION "2.1.5"
| #define STDC_HEADERS 1
| /* end confdefs.h.  */
| 
| #include <gtk/gtk.h>
| #include <stdio.h>
| #include <stdlib.h>
| 
| int
| main ()
| {
|   int major, minor, micro;
|   char *tmp_version;
| 
|   system ("touch conf.gtktest");
| 
|   /* HP/UX 9 (%@#!) writes to sscanf strings */
|   tmp_version = g_strdup("2.4.0");
|   if (sscanf(tmp_version, "%d.%d.%d", &major, &minor, &micro) != 3) {
|      printf("%s, bad version string\n", "2.4.0");
|      exit(1);
|    }
| 
|   if ((gtk_major_version != 2) ||
|       (gtk_minor_version != 16) ||
|       (gtk_micro_version != 5))
|     {
|       printf("\n*** 'pkg-config --modversion gtk+-2.0' returned %d.%d.%d, but GTK+ (%d.%d.%d)\n",
|              2, 16, 5,
|              gtk_major_version, gtk_minor_version, gtk_micro_version);
|       printf ("*** was found! If pkg-config was correct, then it is best\n");
|       printf ("*** to remove the old version of GTK+. You may also be able to fix the error\n");
|       printf("*** by modifying your LD_LIBRARY_PATH enviroment variable, or by editing\n");
|       printf("*** /etc/ld.so.conf. Make sure you have run ldconfig if that is\n");
|       printf("*** required on your system.\n");
|       printf("*** If pkg-config was wrong, set the environment variable PKG_CONFIG_PATH\n");
|       printf("*** to point to the correct configuration files\n");
|     }
|   else if ((gtk_major_version != GTK_MAJOR_VERSION) ||
| 	   (gtk_minor_version != GTK_MINOR_VERSION) ||
|            (gtk_micro_version != GTK_MICRO_VERSION))
|     {
|       printf("*** GTK+ header files (version %d.%d.%d) do not match\n",
| 	     GTK_MAJOR_VERSION, GTK_MINOR_VERSION, GTK_MICRO_VERSION);
|       printf("*** library (version %d.%d.%d)\n",
| 	     gtk_major_version, gtk_minor_version, gtk_micro_version);
|     }
|   else
|     {
|       if ((gtk_major_version > major) ||
|         ((gtk_major_version == major) && (gtk_minor_version > minor)) ||
|         ((gtk_major_version == major) && (gtk_minor_version == minor) && (gtk_micro_version >= micro)))
|       {
|         return 0;
|        }
|      else
|       {
|         printf("\n*** An old version of GTK+ (%d.%d.%d) was found.\n",
|                gtk_major_version, gtk_minor_version, gtk_micro_version);
|         printf("*** You need a version of GTK+ newer than %d.%d.%d. The latest version of\n",
| 	       major, minor, micro);
|         printf("*** GTK+ is always available from ftp://ftp.gtk.org.\n");
|         printf("***\n");
|         printf("*** If you have already installed a sufficiently new version, this error\n");
|         printf("*** probably means that the wrong copy of the pkg-config shell script is\n");
|         printf("*** being found. The easiest way to fix this is to remove the old version\n");
|         printf("*** of GTK+, but you can also set the PKG_CONFIG environment to point to the\n");
|         printf("*** correct copy of pkg-config. (In this case, you will have to\n");
|         printf("*** modify your LD_LIBRARY_PATH enviroment variable, or edit /etc/ld.so.conf\n");
|         printf("*** so that the correct libraries are found at run-time))\n");
|       }
|     }
|   return 1;
| }
| 
configure:4978: result: no
configure:5006: gcc -o conftest -g -O2 -D_REENTRANT -pthread -I/usr/local/include/gtk-2.0 -I/usr/local/lib/gtk-2.0/include -I/usr/local/include/cairo -I/usr/local/include/directfb -I/usr/local/include/glib-2.0 -I/usr/local/lib/glib-2.0/include -I/usr/local/include/pixman-1 -I/usr/local/include -I/usr/local/include/freetype2 -I/usr/local/include/libpng14 -I/usr/local/include/atk-1.0 -I/usr/local/include/pango-1.0     conftest.c  -pthread -L/usr/local/lib -lgtk-directfb-2.0 -lgdk-directfb-2.0 -latk-1.0 -lgio-2.0 -lgdk_pixbuf-2.0 -lpangocairo-1.0 -lpango-1.0 -lcairo -lgobject-2.0 -lgmodule-2.0 -lgthread-2.0 -lrt -lglib-2.0   >&5
configure:5006: $? = 0
configure:5028: error: GTK+ >= 2.4.0 not installed.

## ---------------- ##
## Cache variables. ##
## ---------------- ##

ac_cv_c_compiler_gnu=yes
ac_cv_env_CC_set=
ac_cv_env_CC_value=
ac_cv_env_CFLAGS_set=
ac_cv_env_CFLAGS_value=
ac_cv_env_CPPFLAGS_set=
ac_cv_env_CPPFLAGS_value=
ac_cv_env_CPP_set=
ac_cv_env_CPP_value=
ac_cv_env_LDFLAGS_set=
ac_cv_env_LDFLAGS_value=
ac_cv_env_LIBS_set=
ac_cv_env_LIBS_value=
ac_cv_env_build_alias_set=
ac_cv_env_build_alias_value=
ac_cv_env_host_alias_set=
ac_cv_env_host_alias_value=
ac_cv_env_target_alias_set=
ac_cv_env_target_alias_value=
ac_cv_header_stdc=yes
ac_cv_objext=o
ac_cv_path_EGREP='/scratchbox/tools/bin/grep -E'
ac_cv_path_GREP=/scratchbox/tools/bin/grep
ac_cv_path_PKG_CONFIG=/usr/local/bin/pkg-config
ac_cv_path_install='/scratchbox/tools/bin/install -c'
ac_cv_path_mkdir=/scratchbox/tools/bin/mkdir
ac_cv_prog_AWK=gawk
ac_cv_prog_CPP='gcc -E'
ac_cv_prog_ac_ct_CC=gcc
ac_cv_prog_cc_c89=
ac_cv_prog_cc_g=yes
ac_cv_prog_make_make_set=yes
ac_cv_search_strerror='none required'
am_cv_CC_dependencies_compiler_type=gcc3

## ----------------- ##
## Output variables. ##
## ----------------- ##

ACLOCAL='${SHELL} /home/tjw/tjKindle/GTKAPP/gqview-2.1.5/missing --run aclocal-1.11'
AMDEPBACKSLASH='\'
AMDEP_FALSE='#'
AMDEP_TRUE=''
AMTAR='${SHELL} /home/tjw/tjKindle/GTKAPP/gqview-2.1.5/missing --run tar'
AUTOCONF='${SHELL} /home/tjw/tjKindle/GTKAPP/gqview-2.1.5/missing --run autoconf'
AUTOHEADER='${SHELL} /home/tjw/tjKindle/GTKAPP/gqview-2.1.5/missing --run autoheader'
AUTOMAKE='${SHELL} /home/tjw/tjKindle/GTKAPP/gqview-2.1.5/missing --run automake-1.11'
AWK='gawk'
CATALOGS=''
CATOBJEXT=''
CC='gcc'
CCDEPMODE='depmode=gcc3'
CFLAGS='-g -O2'
CPP='gcc -E'
CPPFLAGS=''
CYGPATH_W='echo'
DATADIRNAME=''
DEFS=''
DEPDIR='.deps'
ECHO_C=''
ECHO_N='-n'
ECHO_T=''
EGREP='/scratchbox/tools/bin/grep -E'
EXEEXT=''
GETTEXT_PACKAGE=''
GMOFILES=''
GMSGFMT=''
GREP='/scratchbox/tools/bin/grep'
GTK_CFLAGS=''
GTK_LIBS=''
HAVE_LCMS_FALSE=''
HAVE_LCMS_TRUE=''
INSTALL_DATA='${INSTALL} -m 644'
INSTALL_PROGRAM='${INSTALL}'
INSTALL_SCRIPT='${INSTALL}'
INSTALL_STRIP_PROGRAM='$(install_sh) -c -s'
INSTOBJEXT=''
INTLLIBS=''
LCMS_LIBS=''
LDFLAGS=''
LIBOBJS=''
LIBS=''
LTLIBOBJS=''
MAINT='#'
MAINTAINER_MODE_FALSE=''
MAINTAINER_MODE_TRUE='#'
MAKEINFO='${SHELL} /home/tjw/tjKindle/GTKAPP/gqview-2.1.5/missing --run makeinfo'
MKDIR_P='/scratchbox/tools/bin/mkdir -p'
MKINSTALLDIRS=''
MSGFMT=''
MSGFMT_OPTS=''
OBJEXT='o'
PACKAGE='gqview'
PACKAGE_BUGREPORT=''
PACKAGE_NAME=''
PACKAGE_STRING=''
PACKAGE_TARNAME=''
PACKAGE_URL=''
PACKAGE_VERSION=''
PATH_SEPARATOR=':'
PKG_CONFIG='/usr/local/bin/pkg-config'
POFILES=''
POSUB=''
PO_IN_DATADIR_FALSE=''
PO_IN_DATADIR_TRUE=''
SET_MAKE=''
SHELL='/bin/sh'
STRIP=''
USE_NLS=''
VERSION='2.1.5'
XGETTEXT=''
ac_ct_CC='gcc'
am__EXEEXT_FALSE=''
am__EXEEXT_TRUE=''
am__fastdepCC_FALSE='#'
am__fastdepCC_TRUE=''
am__include='include'
am__isrc=''
am__leading_dot='.'
am__quote=''
am__tar='${AMTAR} chof - "$$tardir"'
am__untar='${AMTAR} xf -'
bindir='${exec_prefix}/bin'
build_alias=''
datadir='${datarootdir}'
datarootdir='${prefix}/share'
docdir='${datarootdir}/doc/${PACKAGE}'
dvidir='${docdir}'
exec_prefix='NONE'
host_alias=''
htmldir='${docdir}'
includedir='${prefix}/include'
infodir='${datarootdir}/info'
install_sh='${SHELL} /home/tjw/tjKindle/GTKAPP/gqview-2.1.5/install-sh'
libdir='${exec_prefix}/lib'
libexecdir='${exec_prefix}/libexec'
localedir='${datarootdir}/locale'
localstatedir='${prefix}/var'
mandir='${datarootdir}/man'
mkdir_p='/scratchbox/tools/bin/mkdir -p'
oldincludedir='/usr/include'
pdfdir='${docdir}'
prefix='/usr/local'
program_transform_name='s,x,x,'
psdir='${docdir}'
sbindir='${exec_prefix}/sbin'
sharedstatedir='${prefix}/com'
sysconfdir='${prefix}/etc'
target_alias=''

## ----------- ##
## confdefs.h. ##
## ----------- ##

/* confdefs.h */
#define PACKAGE_NAME ""
#define PACKAGE_TARNAME ""
#define PACKAGE_VERSION ""
#define PACKAGE_STRING ""
#define PACKAGE_BUGREPORT ""
#define PACKAGE_URL ""
#define PACKAGE "gqview"
#define VERSION "2.1.5"
#define STDC_HEADERS 1

configure: exit 1
