This file contains any messages produced by compilers while
running configure, to aid debugging if configure makes a mistake.

It was created by libsoup configure 2.29.91, which was
generated by GNU Autoconf 2.68.  Invocation command line was

  $ ./configure --without-gnome

## --------- ##
## Platform. ##
## --------- ##

hostname = tjw-pc
uname -m = arm
uname -r = 2.6.38-11-generic
uname -s = Linux
uname -v = #48-Ubuntu SMP Fri Jul 29 19:02:55 UTC 2011

/usr/bin/uname -p = unknown
/bin/uname -X     = unknown

/bin/arch              = arm
/usr/bin/arch -k       = arm
/usr/convex/getsysinfo = unknown
/usr/bin/hostinfo      = unknown
/bin/machine           = unknown
/usr/bin/oslevel       = unknown
/bin/universe          = unknown

PATH: /home/tjw/kindle/tjKindle
PATH: /usr/local/bin
PATH: /usr/local/bin
PATH: /host_usr/bin
PATH: /scratchbox/devkits/svn/bin
PATH: /scratchbox/devkits/qemu/bin
PATH: /scratchbox/devkits/perl/bin
PATH: /scratchbox/devkits/git/bin
PATH: /scratchbox/devkits/doctools/bin
PATH: /scratchbox/tools/bin
PATH: /targets/links/arch_tools/bin
PATH: /scratchbox/compilers/bin
PATH: /bin
PATH: /usr/bin
PATH: /usr/local/bin
PATH: /usr/X11R6/bin
PATH: /sbin
PATH: /usr/sbin


## ----------- ##
## Core tests. ##
## ----------- ##

configure:2276: checking for a BSD-compatible install
configure:2344: result: /scratchbox/tools/bin/install -c
configure:2355: checking whether build environment is sane
configure:2405: result: yes
configure:2546: checking for a thread-safe mkdir -p
configure:2585: result: /scratchbox/tools/bin/mkdir -p
configure:2598: checking for gawk
configure:2614: found /scratchbox/tools/bin/gawk
configure:2625: result: gawk
configure:2636: checking whether make sets $(MAKE)
configure:2658: result: yes
configure:2751: checking whether make sets $(MAKE)
configure:2773: result: yes
configure:2878: checking for gcc
configure:2894: found /scratchbox/compilers/bin/gcc
configure:2905: result: gcc
configure:3134: checking for C compiler version
configure:3143: gcc --version >&5
sbox-arm-none-linux-gnueabi-gcc (GCC) 4.2.1
Copyright (C) 2007 Free Software Foundation, Inc.
This is free software; see the source for copying conditions.  There is NO
warranty; not even for MERCHANTABILITY or FITNESS FOR A PARTICULAR PURPOSE.

configure:3154: $? = 0
configure:3143: gcc -v >&5
Using built-in specs.
Reading specs from /scratchbox/compilers/cs2007q3-glibc2.5-arm6/gcc.specs
rename spec cpp to old_cpp
rename spec cc1 to old_cc1
rename spec cc1plus to old_cc1plus
rename spec link to old_link
Target: arm-none-linux-gnueabi
Configured with: /home/jhakala/cs2007q3-sb4/arm/src/gcc-4.2/configure --build=i686-pc-linux-gnu --host=i686-pc-linux-gnu --target=arm-none-linux-gnueabi --enable-threads --disable-libmudflap --disable-libssp --disable-libgomp --disable-libstdcxx-pch --with-gnu-as --with-gnu-ld --enable-languages=c,c++ --enable-shared --enable-symvers=gnu --enable-__cxa_atexit --disable-nls --prefix=/opt/maemo --with-sysroot=/opt/maemo/arm-none-linux-gnueabi/libc --with-build-sysroot=/home/jhakala/cs2007q3-sb4/arm/install/arm-none-linux-gnueabi/libc --with-build-time-tools=/home/jhakala/cs2007q3-sb4/arm/install/arm-none-linux-gnueabi/bin
Thread model: posix
gcc version 4.2.1
configure:3154: $? = 0
configure:3143: gcc -V >&5
sbox-arm-none-linux-gnueabi-gcc: '-V' must come at the start of the command line
configure:3154: $? = 1
configure:3143: gcc -qversion >&5
sbox-arm-none-linux-gnueabi-gcc: unrecognized option '-qversion'
sbox-arm-none-linux-gnueabi-gcc: no input files
configure:3154: $? = 1
configure:3174: checking whether the C compiler works
configure:3196: gcc -O2 -march=armv6j -mtune=arm1136jf-s -pipe -fomit-frame-pointer -fno-stack-protector   conftest.c  >&5
configure:3200: $? = 0
configure:3248: result: yes
configure:3251: checking for C compiler default output file name
configure:3253: result: a.out
configure:3259: checking for suffix of executables
configure:3266: gcc -o conftest -O2 -march=armv6j -mtune=arm1136jf-s -pipe -fomit-frame-pointer -fno-stack-protector   conftest.c  >&5
configure:3270: $? = 0
configure:3292: result: 
configure:3314: checking whether we are cross compiling
configure:3322: gcc -o conftest -O2 -march=armv6j -mtune=arm1136jf-s -pipe -fomit-frame-pointer -fno-stack-protector   conftest.c  >&5
configure:3326: $? = 0
configure:3333: ./conftest
configure:3337: $? = 0
configure:3352: result: no
configure:3357: checking for suffix of object files
configure:3379: gcc -c -O2 -march=armv6j -mtune=arm1136jf-s -pipe -fomit-frame-pointer -fno-stack-protector  conftest.c >&5
configure:3383: $? = 0
configure:3404: result: o
configure:3408: checking whether we are using the GNU C compiler
configure:3427: gcc -c -O2 -march=armv6j -mtune=arm1136jf-s -pipe -fomit-frame-pointer -fno-stack-protector  conftest.c >&5
configure:3427: $? = 0
configure:3436: result: yes
configure:3445: checking whether gcc accepts -g
configure:3465: gcc -c -g  conftest.c >&5
configure:3465: $? = 0
configure:3506: result: yes
configure:3523: checking for gcc option to accept ISO C89
configure:3587: gcc  -c -O2 -march=armv6j -mtune=arm1136jf-s -pipe -fomit-frame-pointer -fno-stack-protector  conftest.c >&5
configure:3587: $? = 0
configure:3600: result: none needed
configure:3631: checking for style of include used by make
configure:3659: result: GNU
configure:3684: checking dependency style of gcc
configure:3794: result: gcc3
configure:3841: checking build system type
configure:3855: result: arm-unknown-linux-gnu
configure:3875: checking host system type
configure:3888: result: arm-unknown-linux-gnu
configure:3929: checking how to print strings
configure:3956: result: printf
configure:3977: checking for a sed that does not truncate output
configure:4041: result: /scratchbox/tools/bin/sed
configure:4059: checking for grep that handles long lines and -e
configure:4117: result: /scratchbox/tools/bin/grep
configure:4122: checking for egrep
configure:4184: result: /scratchbox/tools/bin/grep -E
configure:4189: checking for fgrep
configure:4251: result: /scratchbox/tools/bin/grep -F
configure:4286: checking for ld used by gcc
configure:4353: result: /scratchbox/compilers/cs2007q3-glibc2.5-arm6/arm-none-linux-gnueabi/bin/ld
configure:4360: checking if the linker (/scratchbox/compilers/cs2007q3-glibc2.5-arm6/arm-none-linux-gnueabi/bin/ld) is GNU ld
configure:4375: result: yes
configure:4387: checking for BSD- or MS-compatible name lister (nm)
configure:4436: result: /scratchbox/compilers/bin/nm -B
configure:4566: checking the name lister (/scratchbox/compilers/bin/nm -B) interface
configure:4573: gcc -c -O2 -march=armv6j -mtune=arm1136jf-s -pipe -fomit-frame-pointer -fno-stack-protector  conftest.c >&5
configure:4576: /scratchbox/compilers/bin/nm -B "conftest.o"
configure:4579: output
00000000 B some_variable
configure:4586: result: BSD nm
configure:4589: checking whether ln -s works
configure:4593: result: yes
configure:4601: checking the maximum length of command line arguments
configure:4726: result: 98304
configure:4743: checking whether the shell understands some XSI constructs
configure:4753: result: yes
configure:4757: checking whether the shell understands "+="
configure:4763: result: no
configure:4798: checking how to convert arm-unknown-linux-gnu file names to arm-unknown-linux-gnu format
configure:4838: result: func_convert_file_noop
configure:4845: checking how to convert arm-unknown-linux-gnu file names to toolchain format
configure:4865: result: func_convert_file_noop
configure:4872: checking for /scratchbox/compilers/cs2007q3-glibc2.5-arm6/arm-none-linux-gnueabi/bin/ld option to reload object files
configure:4879: result: -r
configure:4953: checking for objdump
configure:4969: found /scratchbox/compilers/bin/objdump
configure:4980: result: objdump
configure:5009: checking how to recognize dependent libraries
configure:5211: result: pass_all
configure:5296: checking for dlltool
configure:5312: found /scratchbox/compilers/bin/dlltool
configure:5323: result: dlltool
configure:5353: checking how to associate runtime and link libraries
configure:5380: result: printf %s\n
configure:5441: checking for ar
configure:5457: found /scratchbox/compilers/bin/ar
configure:5468: result: ar
configure:5505: checking for archiver @FILE support
configure:5522: gcc -c -O2 -march=armv6j -mtune=arm1136jf-s -pipe -fomit-frame-pointer -fno-stack-protector  conftest.c >&5
configure:5522: $? = 0
configure:5525: ar cru libconftest.a @conftest.lst >&5
configure:5528: $? = 0
configure:5533: ar cru libconftest.a @conftest.lst >&5
/scratchbox/compilers/cs2007q3-glibc2.5-arm6/bin/sbox-arm-none-linux-gnueabi-ar: conftest.o: No such file or directory
configure:5536: $? = 1
configure:5548: result: @
configure:5606: checking for strip
configure:5622: found /scratchbox/compilers/bin/strip
configure:5633: result: strip
configure:5705: checking for ranlib
configure:5721: found /scratchbox/compilers/bin/ranlib
configure:5732: result: ranlib
configure:5834: checking command to parse /scratchbox/compilers/bin/nm -B output from gcc object
configure:5953: gcc -c -O2 -march=armv6j -mtune=arm1136jf-s -pipe -fomit-frame-pointer -fno-stack-protector  conftest.c >&5
configure:5956: $? = 0
configure:5960: /scratchbox/compilers/bin/nm -B conftest.o \| sed -n -e 's/^.*[ ]\([ABCDGIRSTW][ABCDGIRSTW]*\)[ ][ ]*\([_A-Za-z][_A-Za-z0-9]*\)$/\1 \2 \2/p' | sed '/ __gnu_lto/d' \> conftest.nm
configure:5963: $? = 0
configure:6029: gcc -o conftest -O2 -march=armv6j -mtune=arm1136jf-s -pipe -fomit-frame-pointer -fno-stack-protector   conftest.c conftstm.o >&5
configure:6032: $? = 0
configure:6070: result: ok
configure:6107: checking for sysroot
configure:6137: result: no
configure:6380: checking for mt
configure:6410: result: no
configure:6430: checking if : is a manifest tool
configure:6436: : '-?'
configure:6444: result: no
configure:7076: checking how to run the C preprocessor
configure:7107: gcc -E  conftest.c
configure:7107: $? = 0
configure:7121: gcc -E  conftest.c
conftest.c:11:28: error: ac_nonexistent.h: No such file or directory
configure:7121: $? = 1
configure: failed program was:
| /* confdefs.h */
| #define PACKAGE_NAME "libsoup"
| #define PACKAGE_TARNAME "libsoup"
| #define PACKAGE_VERSION "2.29.91"
| #define PACKAGE_STRING "libsoup 2.29.91"
| #define PACKAGE_BUGREPORT "http://bugzilla.gnome.org/enter_bug.cgi?product=libsoup"
| #define PACKAGE_URL ""
| #define PACKAGE "libsoup"
| #define VERSION "2.29.91"
| /* end confdefs.h.  */
| #include <ac_nonexistent.h>
configure:7146: result: gcc -E
configure:7166: gcc -E  conftest.c
configure:7166: $? = 0
configure:7180: gcc -E  conftest.c
conftest.c:11:28: error: ac_nonexistent.h: No such file or directory
configure:7180: $? = 1
configure: failed program was:
| /* confdefs.h */
| #define PACKAGE_NAME "libsoup"
| #define PACKAGE_TARNAME "libsoup"
| #define PACKAGE_VERSION "2.29.91"
| #define PACKAGE_STRING "libsoup 2.29.91"
| #define PACKAGE_BUGREPORT "http://bugzilla.gnome.org/enter_bug.cgi?product=libsoup"
| #define PACKAGE_URL ""
| #define PACKAGE "libsoup"
| #define VERSION "2.29.91"
| /* end confdefs.h.  */
| #include <ac_nonexistent.h>
configure:7209: checking for ANSI C header files
configure:7229: gcc -c -O2 -march=armv6j -mtune=arm1136jf-s -pipe -fomit-frame-pointer -fno-stack-protector  conftest.c >&5
configure:7229: $? = 0
configure:7302: gcc -o conftest -O2 -march=armv6j -mtune=arm1136jf-s -pipe -fomit-frame-pointer -fno-stack-protector   conftest.c  >&5
configure:7302: $? = 0
configure:7302: ./conftest
configure:7302: $? = 0
configure:7313: result: yes
configure:7326: checking for sys/types.h
configure:7326: gcc -c -O2 -march=armv6j -mtune=arm1136jf-s -pipe -fomit-frame-pointer -fno-stack-protector  conftest.c >&5
configure:7326: $? = 0
configure:7326: result: yes
configure:7326: checking for sys/stat.h
configure:7326: gcc -c -O2 -march=armv6j -mtune=arm1136jf-s -pipe -fomit-frame-pointer -fno-stack-protector  conftest.c >&5
configure:7326: $? = 0
configure:7326: result: yes
configure:7326: checking for stdlib.h
configure:7326: gcc -c -O2 -march=armv6j -mtune=arm1136jf-s -pipe -fomit-frame-pointer -fno-stack-protector  conftest.c >&5
configure:7326: $? = 0
configure:7326: result: yes
configure:7326: checking for string.h
configure:7326: gcc -c -O2 -march=armv6j -mtune=arm1136jf-s -pipe -fomit-frame-pointer -fno-stack-protector  conftest.c >&5
configure:7326: $? = 0
configure:7326: result: yes
configure:7326: checking for memory.h
configure:7326: gcc -c -O2 -march=armv6j -mtune=arm1136jf-s -pipe -fomit-frame-pointer -fno-stack-protector  conftest.c >&5
configure:7326: $? = 0
configure:7326: result: yes
configure:7326: checking for strings.h
configure:7326: gcc -c -O2 -march=armv6j -mtune=arm1136jf-s -pipe -fomit-frame-pointer -fno-stack-protector  conftest.c >&5
configure:7326: $? = 0
configure:7326: result: yes
configure:7326: checking for inttypes.h
configure:7326: gcc -c -O2 -march=armv6j -mtune=arm1136jf-s -pipe -fomit-frame-pointer -fno-stack-protector  conftest.c >&5
configure:7326: $? = 0
configure:7326: result: yes
configure:7326: checking for stdint.h
configure:7326: gcc -c -O2 -march=armv6j -mtune=arm1136jf-s -pipe -fomit-frame-pointer -fno-stack-protector  conftest.c >&5
configure:7326: $? = 0
configure:7326: result: yes
configure:7326: checking for unistd.h
configure:7326: gcc -c -O2 -march=armv6j -mtune=arm1136jf-s -pipe -fomit-frame-pointer -fno-stack-protector  conftest.c >&5
configure:7326: $? = 0
configure:7326: result: yes
configure:7340: checking for dlfcn.h
configure:7340: gcc -c -O2 -march=armv6j -mtune=arm1136jf-s -pipe -fomit-frame-pointer -fno-stack-protector  conftest.c >&5
configure:7340: $? = 0
configure:7340: result: yes
configure:7825: checking for objdir
configure:7840: result: .libs
configure:8107: checking if gcc supports -fno-rtti -fno-exceptions
configure:8125: gcc -c -O2 -march=armv6j -mtune=arm1136jf-s -pipe -fomit-frame-pointer -fno-stack-protector  -fno-rtti -fno-exceptions conftest.c >&5
cc1: warning: command line option "-fno-rtti" is valid for C++/ObjC++ but not for C
cc1: warning: command line option "-fno-rtti" is valid for C++/ObjC++ but not for C
configure:8129: $? = 0
configure:8142: result: no
configure:8452: checking for gcc option to produce PIC
configure:8459: result: -fPIC -DPIC
configure:8467: checking if gcc PIC flag -fPIC -DPIC works
configure:8485: gcc -c -O2 -march=armv6j -mtune=arm1136jf-s -pipe -fomit-frame-pointer -fno-stack-protector  -fPIC -DPIC -DPIC conftest.c >&5
configure:8489: $? = 0
configure:8502: result: yes
configure:8531: checking if gcc static flag -static works
configure:8559: result: yes
configure:8574: checking if gcc supports -c -o file.o
configure:8595: gcc -c -O2 -march=armv6j -mtune=arm1136jf-s -pipe -fomit-frame-pointer -fno-stack-protector  -o out/conftest2.o conftest.c >&5
configure:8599: $? = 0
configure:8621: result: yes
configure:8629: checking if gcc supports -c -o file.o
configure:8676: result: yes
configure:8709: checking whether the gcc linker (/scratchbox/compilers/cs2007q3-glibc2.5-arm6/arm-none-linux-gnueabi/bin/ld) supports shared libraries
configure:9867: result: yes
configure:9904: checking whether -lc should be explicitly linked in
configure:9912: gcc -c -O2 -march=armv6j -mtune=arm1136jf-s -pipe -fomit-frame-pointer -fno-stack-protector  conftest.c >&5
configure:9915: $? = 0
configure:9930: gcc -shared  -fPIC -DPIC conftest.o  -v -Wl,-soname -Wl,conftest -o conftest 2\>\&1 \| /scratchbox/tools/bin/grep  -lc  \>/dev/null 2\>\&1
configure:9933: $? = 0
configure:9947: result: no
configure:10112: checking dynamic linker characteristics
configure:10626: gcc -o conftest -O2 -march=armv6j -mtune=arm1136jf-s -pipe -fomit-frame-pointer -fno-stack-protector   -Wl,-rpath -Wl,/foo conftest.c  >&5
configure:10626: $? = 0
configure:10848: result: GNU/Linux ld.so
configure:10955: checking how to hardcode library paths into programs
configure:10980: result: immediate
configure:11520: checking whether stripping libraries is possible
configure:11525: result: yes
configure:11560: checking if libtool supports shared libraries
configure:11562: result: yes
configure:11565: checking whether to build shared libraries
configure:11586: result: yes
configure:11589: checking whether to build static libraries
configure:11593: result: yes
configure:11714: checking for pkg-config
configure:11732: found /usr/local/bin/pkg-config
configure:11744: result: /usr/local/bin/pkg-config
configure:11769: checking pkg-config is at least version 0.16
configure:11772: result: yes
configure:11789: checking for GLIB - version >= 2.21.3
configure:11903: gcc -o conftest -O2 -march=armv6j -mtune=arm1136jf-s -pipe -fomit-frame-pointer -fno-stack-protector -pthread -I/usr/local/include/glib-2.0 -I/usr/local/lib/glib-2.0/include     conftest.c -pthread -L/usr/local/lib -lgio-2.0 -lgobject-2.0 -lgmodule-2.0 -lgthread-2.0 -lrt -lglib-2.0    >&5
configure:11903: $? = 0
configure:11903: ./conftest
configure:11903: $? = 0
configure:11917: result: yes (version 2.29.18)
configure:11993: checking for XML
configure:12000: $PKG_CONFIG --exists --print-errors "libxml-2.0"
configure:12003: $? = 0
configure:12016: $PKG_CONFIG --exists --print-errors "libxml-2.0"
configure:12019: $? = 0
configure:12076: result: yes
configure:12084: checking for Win32
configure:12095: result: no
configure:12108: checking for gmtime_r
configure:12108: gcc -o conftest -O2 -march=armv6j -mtune=arm1136jf-s -pipe -fomit-frame-pointer -fno-stack-protector   conftest.c  >&5
configure:12108: $? = 0
configure:12108: result: yes
configure:12119: checking for mmap
configure:12119: gcc -o conftest -O2 -march=armv6j -mtune=arm1136jf-s -pipe -fomit-frame-pointer -fno-stack-protector   conftest.c  >&5
configure:12119: $? = 0
configure:12119: result: yes
configure:12128: checking for socket
configure:12128: gcc -o conftest -O2 -march=armv6j -mtune=arm1136jf-s -pipe -fomit-frame-pointer -fno-stack-protector   conftest.c  >&5
configure:12128: $? = 0
configure:12128: result: yes
configure:12193: checking for LIBGNUTLS
configure:12200: $PKG_CONFIG --exists --print-errors "gnutls >= 2.1.7"
configure:12203: $? = 0
configure:12216: $PKG_CONFIG --exists --print-errors "gnutls >= 2.1.7"
configure:12219: $? = 0
configure:12256: result: yes
configure:12318: checking for libgcrypt-config
configure:12336: found /usr/local/bin/libgcrypt-config
configure:12348: result: /usr/local/bin/libgcrypt-config
configure:12379: checking for LIBGCRYPT - version >= 1.2.0
configure:12413: result: yes (1.5.0)
configure:12425: checking LIBGCRYPT API version
configure:12428: result: okay
configure:12453: WARNING:
***
*** The config script /usr/local/bin/libgcrypt-config was
*** built for arm-unknown-linux-gnueabi and thus may not match the
*** used host arm-unknown-linux-gnu.
*** You may want to use the configure option --with-libgcrypt-prefix
*** to specify a matching config script.
***
configure:12504: checking whether to build libsoup-gnome
configure:12514: result: no
configure:12872: checking for gtkdoc-check
configure:12890: found /usr/local/bin/gtkdoc-check
configure:12902: result: /usr/local/bin/gtkdoc-check
configure:12914: checking for gtkdoc-rebase
configure:12932: found /usr/local/bin/gtkdoc-rebase
configure:12944: result: /usr/local/bin/gtkdoc-rebase
configure:12958: checking for gtkdoc-mkpdf
configure:12976: found /usr/local/bin/gtkdoc-mkpdf
configure:12988: result: /usr/local/bin/gtkdoc-mkpdf
configure:13029: checking whether to build gtk-doc documentation
configure:13031: result: no
configure:13114: checking whether gcc understands -Wmissing-include-dirs
configure:13127: gcc -c -O2 -march=armv6j -mtune=arm1136jf-s -pipe -fomit-frame-pointer -fno-stack-protector 		-Wall -Wstrict-prototypes -Wmissing-declarations 		-Wmissing-prototypes -Wnested-externs -Wpointer-arith 		-Wdeclaration-after-statement -Wformat=2 -Winit-self 		-Waggregate-return -Wmissing-format-attribute -Wmissing-include-dirs  conftest.c >&5
conftest.c:29: warning: function declaration isn't a prototype
configure:13127: $? = 0
configure:13133: result: yes
configure:13114: checking whether gcc understands -Wundef
configure:13127: gcc -c -O2 -march=armv6j -mtune=arm1136jf-s -pipe -fomit-frame-pointer -fno-stack-protector 		-Wall -Wstrict-prototypes -Wmissing-declarations 		-Wmissing-prototypes -Wnested-externs -Wpointer-arith 		-Wdeclaration-after-statement -Wformat=2 -Winit-self 		-Waggregate-return -Wmissing-format-attribute -Wmissing-include-dirs -Wundef  conftest.c >&5
conftest.c:29: warning: function declaration isn't a prototype
configure:13127: $? = 0
configure:13133: result: yes
configure:13141: checking for programs needed for regression tests
configure:13157: checking for httpd2
configure:13191: result: no
configure:13157: checking for httpd
configure:13191: result: no
configure:13157: checking for apache2
configure:13191: result: no
configure:13157: checking for apache
configure:13191: result: no
configure:13372: checking for curl
configure:13390: found /scratchbox/devkits/git/bin/curl
configure:13403: result: /scratchbox/devkits/git/bin/curl
configure:13428: Some regression tests will not be run due to missing packages: apache
configure:13624: creating ./config.status

## ---------------------- ##
## Running config.status. ##
## ---------------------- ##

This file was extended by libsoup config.status 2.29.91, which was
generated by GNU Autoconf 2.68.  Invocation command line was

  CONFIG_FILES    = 
  CONFIG_HEADERS  = 
  CONFIG_LINKS    = 
  CONFIG_COMMANDS = 
  $ ./config.status 

on tjw-pc

config.status:1174: creating libsoup-2.4.pc
config.status:1174: creating libsoup-gnome-2.4.pc
config.status:1174: creating Makefile
config.status:1174: creating libsoup-zip
config.status:1174: creating libsoup/Makefile
config.status:1174: creating tests/Makefile
config.status:1174: creating tests/httpd.conf
config.status:1174: creating docs/Makefile
config.status:1174: creating docs/reference/Makefile
config.status:1174: creating config.h
config.status:1355: config.h is unchanged
config.status:1403: executing depfiles commands
config.status:1403: executing libtool commands

## ---------------- ##
## Cache variables. ##
## ---------------- ##

ac_cv_build=arm-unknown-linux-gnu
ac_cv_c_compiler_gnu=yes
ac_cv_env_CC_set=
ac_cv_env_CC_value=
ac_cv_env_CFLAGS_set=set
ac_cv_env_CFLAGS_value='-O2 -march=armv6j -mtune=arm1136jf-s -pipe -fomit-frame-pointer -fno-stack-protector'
ac_cv_env_CPPFLAGS_set=
ac_cv_env_CPPFLAGS_value=
ac_cv_env_CPP_set=
ac_cv_env_CPP_value=
ac_cv_env_GCONF_CFLAGS_set=
ac_cv_env_GCONF_CFLAGS_value=
ac_cv_env_GCONF_LIBS_set=
ac_cv_env_GCONF_LIBS_value=
ac_cv_env_GNOME_KEYRING_CFLAGS_set=
ac_cv_env_GNOME_KEYRING_CFLAGS_value=
ac_cv_env_GNOME_KEYRING_LIBS_set=
ac_cv_env_GNOME_KEYRING_LIBS_value=
ac_cv_env_LDFLAGS_set=
ac_cv_env_LDFLAGS_value=
ac_cv_env_LIBGNUTLS_CFLAGS_set=
ac_cv_env_LIBGNUTLS_CFLAGS_value=
ac_cv_env_LIBGNUTLS_LIBS_set=
ac_cv_env_LIBGNUTLS_LIBS_value=
ac_cv_env_LIBPROXY_CFLAGS_set=
ac_cv_env_LIBPROXY_CFLAGS_value=
ac_cv_env_LIBPROXY_LIBS_set=
ac_cv_env_LIBPROXY_LIBS_value=
ac_cv_env_LIBS_set=
ac_cv_env_LIBS_value=
ac_cv_env_PKG_CONFIG_LIBDIR_set=
ac_cv_env_PKG_CONFIG_LIBDIR_value=
ac_cv_env_PKG_CONFIG_PATH_set=set
ac_cv_env_PKG_CONFIG_PATH_value=/usr/lib/pkgconfig:/usr/local/lib/pkgconfig
ac_cv_env_PKG_CONFIG_set=
ac_cv_env_PKG_CONFIG_value=
ac_cv_env_SQLITE_CFLAGS_set=
ac_cv_env_SQLITE_CFLAGS_value=
ac_cv_env_SQLITE_LIBS_set=
ac_cv_env_SQLITE_LIBS_value=
ac_cv_env_XML_CFLAGS_set=
ac_cv_env_XML_CFLAGS_value=
ac_cv_env_XML_LIBS_set=
ac_cv_env_XML_LIBS_value=
ac_cv_env_build_alias_set=
ac_cv_env_build_alias_value=
ac_cv_env_host_alias_set=
ac_cv_env_host_alias_value=
ac_cv_env_target_alias_set=
ac_cv_env_target_alias_value=
ac_cv_func_gmtime_r=yes
ac_cv_func_mmap=yes
ac_cv_func_socket=yes
ac_cv_header_dlfcn_h=yes
ac_cv_header_inttypes_h=yes
ac_cv_header_memory_h=yes
ac_cv_header_stdc=yes
ac_cv_header_stdint_h=yes
ac_cv_header_stdlib_h=yes
ac_cv_header_string_h=yes
ac_cv_header_strings_h=yes
ac_cv_header_sys_stat_h=yes
ac_cv_header_sys_types_h=yes
ac_cv_header_unistd_h=yes
ac_cv_host=arm-unknown-linux-gnu
ac_cv_objext=o
ac_cv_path_CURL=/scratchbox/devkits/git/bin/curl
ac_cv_path_EGREP='/scratchbox/tools/bin/grep -E'
ac_cv_path_FGREP='/scratchbox/tools/bin/grep -F'
ac_cv_path_GREP=/scratchbox/tools/bin/grep
ac_cv_path_GTKDOC_CHECK=/usr/local/bin/gtkdoc-check
ac_cv_path_GTKDOC_MKPDF=/usr/local/bin/gtkdoc-mkpdf
ac_cv_path_GTKDOC_REBASE=/usr/local/bin/gtkdoc-rebase
ac_cv_path_SED=/scratchbox/tools/bin/sed
ac_cv_path_ac_pt_LIBGCRYPT_CONFIG=/usr/local/bin/libgcrypt-config
ac_cv_path_ac_pt_PKG_CONFIG=/usr/local/bin/pkg-config
ac_cv_path_install='/scratchbox/tools/bin/install -c'
ac_cv_path_mkdir=/scratchbox/tools/bin/mkdir
ac_cv_prog_AWK=gawk
ac_cv_prog_CPP='gcc -E'
ac_cv_prog_ac_ct_AR=ar
ac_cv_prog_ac_ct_CC=gcc
ac_cv_prog_ac_ct_DLLTOOL=dlltool
ac_cv_prog_ac_ct_OBJDUMP=objdump
ac_cv_prog_ac_ct_RANLIB=ranlib
ac_cv_prog_ac_ct_STRIP=strip
ac_cv_prog_cc_c89=
ac_cv_prog_cc_g=yes
ac_cv_prog_make_make_set=yes
am_cv_CC_dependencies_compiler_type=gcc3
lt_cv_ar_at_file=@
lt_cv_archive_cmds_need_lc=no
lt_cv_deplibs_check_method=pass_all
lt_cv_file_magic_cmd='$MAGIC_CMD'
lt_cv_file_magic_test_file=
lt_cv_ld_reload_flag=-r
lt_cv_nm_interface='BSD nm'
lt_cv_objdir=.libs
lt_cv_path_LD=/scratchbox/compilers/cs2007q3-glibc2.5-arm6/arm-none-linux-gnueabi/bin/ld
lt_cv_path_NM='/scratchbox/compilers/bin/nm -B'
lt_cv_path_mainfest_tool=no
lt_cv_prog_compiler_c_o=yes
lt_cv_prog_compiler_pic='-fPIC -DPIC'
lt_cv_prog_compiler_pic_works=yes
lt_cv_prog_compiler_rtti_exceptions=no
lt_cv_prog_compiler_static_works=yes
lt_cv_prog_gnu_ld=yes
lt_cv_sharedlib_from_linklib_cmd='printf %s\n'
lt_cv_shlibpath_overrides_runpath=no
lt_cv_sys_global_symbol_pipe='sed -n -e '\''s/^.*[	 ]\([ABCDGIRSTW][ABCDGIRSTW]*\)[	 ][	 ]*\([_A-Za-z][_A-Za-z0-9]*\)$/\1 \2 \2/p'\'' | sed '\''/ __gnu_lto/d'\'''
lt_cv_sys_global_symbol_to_c_name_address='sed -n -e '\''s/^: \([^ ]*\)[ ]*$/  {\"\1\", (void *) 0},/p'\'' -e '\''s/^[ABCDGIRSTW]* \([^ ]*\) \([^ ]*\)$/  {"\2", (void *) \&\2},/p'\'''
lt_cv_sys_global_symbol_to_c_name_address_lib_prefix='sed -n -e '\''s/^: \([^ ]*\)[ ]*$/  {\"\1\", (void *) 0},/p'\'' -e '\''s/^[ABCDGIRSTW]* \([^ ]*\) \(lib[^ ]*\)$/  {"\2", (void *) \&\2},/p'\'' -e '\''s/^[ABCDGIRSTW]* \([^ ]*\) \([^ ]*\)$/  {"lib\2", (void *) \&\2},/p'\'''
lt_cv_sys_global_symbol_to_cdecl='sed -n -e '\''s/^T .* \(.*\)$/extern int \1();/p'\'' -e '\''s/^[ABCDGIRSTW]* .* \(.*\)$/extern char \1;/p'\'''
lt_cv_sys_max_cmd_len=98304
lt_cv_to_host_file_cmd=func_convert_file_noop
lt_cv_to_tool_file_cmd=func_convert_file_noop
pkg_cv_LIBGNUTLS_CFLAGS='-I/usr/local/include  '
pkg_cv_LIBGNUTLS_LIBS='-L/usr/local/lib -lgnutls  '
pkg_cv_XML_CFLAGS='-I/usr/local/include/libxml2  '
pkg_cv_XML_LIBS='-L/usr/local/lib -lxml2 -lz -lm  '

## ----------------- ##
## Output variables. ##
## ----------------- ##

ACLOCAL='${SHELL} /home/tjw/tjKindle/WEBKIT0/libsoup-2.30.2/missing --run aclocal-1.11'
AMDEPBACKSLASH='\'
AMDEP_FALSE='#'
AMDEP_TRUE=''
AMTAR='${SHELL} /home/tjw/tjKindle/WEBKIT0/libsoup-2.30.2/missing --run tar'
AM_BACKSLASH='\'
AM_DEFAULT_VERBOSITY='0'
APACHE_HTTPD='no'
APACHE_MODULE_DIR=''
APACHE_PHP_MODULE=''
APACHE_PHP_MODULE_DIR=''
APACHE_SSL_MODULE_DIR=''
AR='ar'
AS='as'
AUTOCONF='${SHELL} /home/tjw/tjKindle/WEBKIT0/libsoup-2.30.2/missing --run autoconf'
AUTOHEADER='${SHELL} /home/tjw/tjKindle/WEBKIT0/libsoup-2.30.2/missing --run autoheader'
AUTOMAKE='${SHELL} /home/tjw/tjKindle/WEBKIT0/libsoup-2.30.2/missing --run automake-1.11'
AWK='gawk'
BUILD_LIBSOUP_GNOME_FALSE=''
BUILD_LIBSOUP_GNOME_TRUE='#'
CC='gcc'
CCDEPMODE='depmode=gcc3'
CFLAGS='-O2 -march=armv6j -mtune=arm1136jf-s -pipe -fomit-frame-pointer -fno-stack-protector 		-Wall -Wstrict-prototypes -Wmissing-declarations 		-Wmissing-prototypes -Wnested-externs -Wpointer-arith 		-Wdeclaration-after-statement -Wformat=2 -Winit-self 		-Waggregate-return -Wmissing-format-attribute -Wmissing-include-dirs -Wundef'
CPP='gcc -E'
CPPFLAGS=''
CURL='/scratchbox/devkits/git/bin/curl'
CYGPATH_W='echo'
DEFS='-DHAVE_CONFIG_H'
DEPDIR='.deps'
DLLTOOL='dlltool'
DSYMUTIL=''
DUMPBIN=''
ECHO_C=''
ECHO_N='-n'
ECHO_T=''
EGREP='/scratchbox/tools/bin/grep -E'
ENABLE_GTK_DOC_FALSE=''
ENABLE_GTK_DOC_TRUE='#'
EXEEXT=''
FGREP='/scratchbox/tools/bin/grep -F'
GCONF_CFLAGS=''
GCONF_LIBS=''
GLIB_CFLAGS='-pthread -I/usr/local/include/glib-2.0 -I/usr/local/lib/glib-2.0/include   -DG_DISABLE_SINGLE_INCLUDES'
GLIB_GENMARSHAL='glib-genmarshal'
GLIB_LIBS='-pthread -L/usr/local/lib -lgio-2.0 -lgobject-2.0 -lgmodule-2.0 -lgthread-2.0 -lrt -lglib-2.0  '
GLIB_MKENUMS='glib-mkenums'
GNOME_KEYRING_CFLAGS=''
GNOME_KEYRING_LIBS=''
GOBJECT_QUERY='gobject-query'
GREP='/scratchbox/tools/bin/grep'
GTKDOC_CHECK='/usr/local/bin/gtkdoc-check'
GTKDOC_MKPDF='/usr/local/bin/gtkdoc-mkpdf'
GTKDOC_REBASE='/usr/local/bin/gtkdoc-rebase'
GTK_DOC_BUILD_HTML_FALSE='#'
GTK_DOC_BUILD_HTML_TRUE=''
GTK_DOC_BUILD_PDF_FALSE=''
GTK_DOC_BUILD_PDF_TRUE='#'
GTK_DOC_USE_LIBTOOL_FALSE='#'
GTK_DOC_USE_LIBTOOL_TRUE=''
GTK_DOC_USE_REBASE_FALSE='#'
GTK_DOC_USE_REBASE_TRUE=''
HAVE_APACHE_FALSE=''
HAVE_APACHE_TRUE='#'
HAVE_CURL_FALSE='#'
HAVE_CURL_TRUE=''
HAVE_GNOME=''
HAVE_SSL_FALSE='#'
HAVE_SSL_TRUE=''
HAVE_XMLRPC_EPI_PHP_FALSE=''
HAVE_XMLRPC_EPI_PHP_TRUE='#'
HTML_DIR='${datadir}/gtk-doc/html'
IF_HAVE_PHP=''
INSTALL_DATA='${INSTALL} -m 644'
INSTALL_PROGRAM='${INSTALL}'
INSTALL_SCRIPT='${INSTALL}'
INSTALL_STRIP_PROGRAM='$(install_sh) -c -s'
LD='/scratchbox/compilers/cs2007q3-glibc2.5-arm6/arm-none-linux-gnueabi/bin/ld'
LDFLAGS=''
LIBGCRYPT_CFLAGS='-I/usr/local/include'
LIBGCRYPT_CONFIG='/usr/local/bin/libgcrypt-config'
LIBGCRYPT_LIBS='-L/usr/local/lib -lgcrypt -lgpg-error'
LIBGNUTLS_CFLAGS='-I/usr/local/include  '
LIBGNUTLS_LIBS='-L/usr/local/lib -lgnutls  '
LIBOBJS=''
LIBPROXY_CFLAGS=''
LIBPROXY_LIBS=''
LIBS=''
LIBTOOL='$(SHELL) $(top_builddir)/libtool'
LIPO=''
LN_S='ln -s'
LTLIBOBJS=''
MAKEINFO='${SHELL} /home/tjw/tjKindle/WEBKIT0/libsoup-2.30.2/missing --run makeinfo'
MANIFEST_TOOL=':'
MISSING_REGRESSION_TEST_PACKAGES=' apache'
MISSING_REGRESSION_TEST_PACKAGES_FALSE='#'
MISSING_REGRESSION_TEST_PACKAGES_TRUE=''
MKDIR_P='/scratchbox/tools/bin/mkdir -p'
NM='/scratchbox/compilers/bin/nm -B'
NMEDIT=''
OBJDUMP='objdump'
OBJEXT='o'
OS_WIN32_FALSE=''
OS_WIN32_TRUE='#'
OTOOL64=''
OTOOL=''
PACKAGE='libsoup'
PACKAGE_BUGREPORT='http://bugzilla.gnome.org/enter_bug.cgi?product=libsoup'
PACKAGE_NAME='libsoup'
PACKAGE_STRING='libsoup 2.29.91'
PACKAGE_TARNAME='libsoup'
PACKAGE_URL=''
PACKAGE_VERSION='2.29.91'
PATH_SEPARATOR=':'
PHP=''
PKG_CONFIG='/usr/local/bin/pkg-config'
PKG_CONFIG_LIBDIR=''
PKG_CONFIG_PATH='/usr/lib/pkgconfig:/usr/local/lib/pkgconfig'
RANLIB='ranlib'
SED='/scratchbox/tools/bin/sed'
SET_MAKE=''
SHELL='/bin/sh'
SOUP_AGE='3'
SOUP_API_VERSION='2.4'
SOUP_CURRENT='4'
SOUP_DEBUG_FLAGS=''
SOUP_MAINTAINER_FLAGS=''
SOUP_REVISION='0'
SQLITE_CFLAGS=''
SQLITE_LIBS=''
SSL_REQUIREMENT='gnutls'
STRIP='strip'
VERSION='2.29.91'
XML_CFLAGS='-I/usr/local/include/libxml2  '
XML_LIBS='-L/usr/local/lib -lxml2 -lz -lm  '
ac_ct_AR='ar'
ac_ct_CC='gcc'
ac_ct_DUMPBIN=''
am__EXEEXT_FALSE=''
am__EXEEXT_TRUE='#'
am__fastdepCC_FALSE='#'
am__fastdepCC_TRUE=''
am__include='include'
am__isrc=''
am__leading_dot='.'
am__quote=''
am__tar='${AMTAR} chof - "$$tardir"'
am__untar='${AMTAR} xf -'
bindir='${exec_prefix}/bin'
build='arm-unknown-linux-gnu'
build_alias=''
build_cpu='arm'
build_os='linux-gnu'
build_vendor='unknown'
datadir='${datarootdir}'
datarootdir='${prefix}/share'
docdir='${datarootdir}/doc/${PACKAGE_TARNAME}'
dvidir='${docdir}'
exec_prefix='${prefix}'
host='arm-unknown-linux-gnu'
host_alias=''
host_cpu='arm'
host_os='linux-gnu'
host_vendor='unknown'
htmldir='${docdir}'
includedir='${prefix}/include'
infodir='${datarootdir}/info'
install_sh='${SHELL} /home/tjw/tjKindle/WEBKIT0/libsoup-2.30.2/install-sh'
libdir='${exec_prefix}/lib'
libexecdir='${exec_prefix}/libexec'
localedir='${datarootdir}/locale'
localstatedir='${prefix}/var'
mandir='${datarootdir}/man'
mkdir_p='/scratchbox/tools/bin/mkdir -p'
oldincludedir='/usr/include'
pdfdir='${docdir}'
prefix='/usr/local'
program_transform_name='s,x,x,'
psdir='${docdir}'
sbindir='${exec_prefix}/sbin'
sharedstatedir='${prefix}/com'
sysconfdir='${prefix}/etc'
target_alias=''

## ----------- ##
## confdefs.h. ##
## ----------- ##

/* confdefs.h */
#define PACKAGE_NAME "libsoup"
#define PACKAGE_TARNAME "libsoup"
#define PACKAGE_VERSION "2.29.91"
#define PACKAGE_STRING "libsoup 2.29.91"
#define PACKAGE_BUGREPORT "http://bugzilla.gnome.org/enter_bug.cgi?product=libsoup"
#define PACKAGE_URL ""
#define PACKAGE "libsoup"
#define VERSION "2.29.91"
#define STDC_HEADERS 1
#define HAVE_SYS_TYPES_H 1
#define HAVE_SYS_STAT_H 1
#define HAVE_STDLIB_H 1
#define HAVE_STRING_H 1
#define HAVE_MEMORY_H 1
#define HAVE_STRINGS_H 1
#define HAVE_INTTYPES_H 1
#define HAVE_STDINT_H 1
#define HAVE_UNISTD_H 1
#define HAVE_DLFCN_H 1
#define LT_OBJDIR ".libs/"
#define HAVE_GMTIME_R 1
#define HAVE_MMAP 1
#define HAVE_SSL 1
#define APACHE_HTTPD "no"
#define HAVE_CURL 1

configure: exit 0
