This file contains any messages produced by compilers while
running configure, to aid debugging if configure makes a mistake.

It was created by configure, which was
generated by GNU Autoconf 2.65.  Invocation command line was

  $ ./configure --disable-option-checking --prefix=/usr/local --disable-static CFLAGS=-O2 -march=armv6j -mtune=arm1136jf-s -pipe -fomit-frame-pointer -fno-stack-protector --cache-file=/dev/null --srcdir=.

## --------- ##
## Platform. ##
## --------- ##

hostname = tjw-pc
uname -m = arm
uname -r = 2.6.38-11-generic
uname -s = Linux
uname -v = #48-Ubuntu SMP Fri Jul 29 19:02:55 UTC 2011

/usr/bin/uname -p = unknown
/bin/uname -X     = unknown

/bin/arch              = arm
/usr/bin/arch -k       = arm
/usr/convex/getsysinfo = unknown
/usr/bin/hostinfo      = unknown
/bin/machine           = unknown
/usr/bin/oslevel       = unknown
/bin/universe          = unknown

PATH: /home/tjw/kindle/tjKindle
PATH: /usr/local/bin
PATH: /usr/local/bin
PATH: /host_usr/bin
PATH: /scratchbox/devkits/svn/bin
PATH: /scratchbox/devkits/qemu/bin
PATH: /scratchbox/devkits/perl/bin
PATH: /scratchbox/devkits/git/bin
PATH: /scratchbox/devkits/doctools/bin
PATH: /scratchbox/tools/bin
PATH: /targets/links/arch_tools/bin
PATH: /scratchbox/compilers/bin
PATH: /bin
PATH: /usr/bin
PATH: /usr/local/bin
PATH: /usr/X11R6/bin
PATH: /sbin
PATH: /usr/sbin


## ----------- ##
## Core tests. ##
## ----------- ##

configure:2606: checking for a BSD-compatible install
configure:2674: result: /scratchbox/tools/bin/install -c
configure:2685: checking whether build environment is sane
configure:2735: result: yes
configure:2876: checking for a thread-safe mkdir -p
configure:2915: result: /scratchbox/tools/bin/mkdir -p
configure:2928: checking for gawk
configure:2944: found /scratchbox/tools/bin/gawk
configure:2955: result: gawk
configure:2966: checking whether make sets $(MAKE)
configure:2988: result: yes
configure:3114: checking build system type
configure:3128: result: arm-unknown-linux-gnu
configure:3148: checking host system type
configure:3161: result: arm-unknown-linux-gnu
configure:3193: checking for style of include used by make
configure:3221: result: GNU
configure:3291: checking for gcc
configure:3307: found /scratchbox/compilers/bin/gcc
configure:3318: result: gcc
configure:3547: checking for C compiler version
configure:3556: gcc --version >&5
sbox-arm-none-linux-gnueabi-gcc (GCC) 4.2.1
Copyright (C) 2007 Free Software Foundation, Inc.
This is free software; see the source for copying conditions.  There is NO
warranty; not even for MERCHANTABILITY or FITNESS FOR A PARTICULAR PURPOSE.

configure:3567: $? = 0
configure:3556: gcc -v >&5
Using built-in specs.
Reading specs from /scratchbox/compilers/cs2007q3-glibc2.5-arm6/gcc.specs
rename spec cpp to old_cpp
rename spec cc1 to old_cc1
rename spec cc1plus to old_cc1plus
rename spec link to old_link
Target: arm-none-linux-gnueabi
Configured with: /home/jhakala/cs2007q3-sb4/arm/src/gcc-4.2/configure --build=i686-pc-linux-gnu --host=i686-pc-linux-gnu --target=arm-none-linux-gnueabi --enable-threads --disable-libmudflap --disable-libssp --disable-libgomp --disable-libstdcxx-pch --with-gnu-as --with-gnu-ld --enable-languages=c,c++ --enable-shared --enable-symvers=gnu --enable-__cxa_atexit --disable-nls --prefix=/opt/maemo --with-sysroot=/opt/maemo/arm-none-linux-gnueabi/libc --with-build-sysroot=/home/jhakala/cs2007q3-sb4/arm/install/arm-none-linux-gnueabi/libc --with-build-time-tools=/home/jhakala/cs2007q3-sb4/arm/install/arm-none-linux-gnueabi/bin
Thread model: posix
gcc version 4.2.1
configure:3567: $? = 0
configure:3556: gcc -V >&5
sbox-arm-none-linux-gnueabi-gcc: '-V' must come at the start of the command line
configure:3567: $? = 1
configure:3556: gcc -qversion >&5
sbox-arm-none-linux-gnueabi-gcc: unrecognized option '-qversion'
sbox-arm-none-linux-gnueabi-gcc: no input files
configure:3567: $? = 1
configure:3587: checking whether the C compiler works
configure:3609: gcc -O2 -march=armv6j -mtune=arm1136jf-s -pipe -fomit-frame-pointer -fno-stack-protector   conftest.c  >&5
configure:3613: $? = 0
configure:3662: result: yes
configure:3665: checking for C compiler default output file name
configure:3667: result: a.out
configure:3673: checking for suffix of executables
configure:3680: gcc -o conftest -O2 -march=armv6j -mtune=arm1136jf-s -pipe -fomit-frame-pointer -fno-stack-protector   conftest.c  >&5
configure:3684: $? = 0
configure:3706: result: 
configure:3728: checking whether we are cross compiling
configure:3736: gcc -o conftest -O2 -march=armv6j -mtune=arm1136jf-s -pipe -fomit-frame-pointer -fno-stack-protector   conftest.c  >&5
configure:3740: $? = 0
configure:3747: ./conftest
configure:3751: $? = 0
configure:3766: result: no
configure:3771: checking for suffix of object files
configure:3793: gcc -c -O2 -march=armv6j -mtune=arm1136jf-s -pipe -fomit-frame-pointer -fno-stack-protector  conftest.c >&5
configure:3797: $? = 0
configure:3818: result: o
configure:3822: checking whether we are using the GNU C compiler
configure:3841: gcc -c -O2 -march=armv6j -mtune=arm1136jf-s -pipe -fomit-frame-pointer -fno-stack-protector  conftest.c >&5
configure:3841: $? = 0
configure:3850: result: yes
configure:3859: checking whether gcc accepts -g
configure:3879: gcc -c -g  conftest.c >&5
configure:3879: $? = 0
configure:3920: result: yes
configure:3937: checking for gcc option to accept ISO C89
configure:4001: gcc  -c -O2 -march=armv6j -mtune=arm1136jf-s -pipe -fomit-frame-pointer -fno-stack-protector  conftest.c >&5
configure:4001: $? = 0
configure:4014: result: none needed
configure:4036: checking dependency style of gcc
configure:4146: result: gcc3
configure:4161: checking for a sed that does not truncate output
configure:4225: result: /scratchbox/tools/bin/sed
configure:4243: checking for grep that handles long lines and -e
configure:4301: result: /scratchbox/tools/bin/grep
configure:4306: checking for egrep
configure:4368: result: /scratchbox/tools/bin/grep -E
configure:4373: checking for fgrep
configure:4435: result: /scratchbox/tools/bin/grep -F
configure:4470: checking for ld used by gcc
configure:4537: result: /scratchbox/compilers/cs2007q3-glibc2.5-arm6/arm-none-linux-gnueabi/bin/ld
configure:4544: checking if the linker (/scratchbox/compilers/cs2007q3-glibc2.5-arm6/arm-none-linux-gnueabi/bin/ld) is GNU ld
configure:4559: result: yes
configure:4571: checking for BSD- or MS-compatible name lister (nm)
configure:4620: result: /scratchbox/compilers/bin/nm -B
configure:4738: checking the name lister (/scratchbox/compilers/bin/nm -B) interface
configure:4745: gcc -c -O2 -march=armv6j -mtune=arm1136jf-s -pipe -fomit-frame-pointer -fno-stack-protector  conftest.c >&5
configure:4748: /scratchbox/compilers/bin/nm -B "conftest.o"
configure:4751: output
00000000 B some_variable
configure:4758: result: BSD nm
configure:4761: checking whether ln -s works
configure:4765: result: yes
configure:4773: checking the maximum length of command line arguments
configure:4893: result: 98304
configure:4910: checking whether the shell understands some XSI constructs
configure:4920: result: yes
configure:4924: checking whether the shell understands "+="
configure:4930: result: no
configure:4965: checking for /scratchbox/compilers/cs2007q3-glibc2.5-arm6/arm-none-linux-gnueabi/bin/ld option to reload object files
configure:4972: result: -r
configure:5041: checking for objdump
configure:5057: found /scratchbox/compilers/bin/objdump
configure:5068: result: objdump
configure:5100: checking how to recognize dependent libraries
configure:5296: result: pass_all
configure:5356: checking for ar
configure:5372: found /scratchbox/compilers/bin/ar
configure:5383: result: ar
configure:5461: checking for strip
configure:5477: found /scratchbox/compilers/bin/strip
configure:5488: result: strip
configure:5560: checking for ranlib
configure:5576: found /scratchbox/compilers/bin/ranlib
configure:5587: result: ranlib
configure:5677: checking command to parse /scratchbox/compilers/bin/nm -B output from gcc object
configure:5795: gcc -c -O2 -march=armv6j -mtune=arm1136jf-s -pipe -fomit-frame-pointer -fno-stack-protector  conftest.c >&5
configure:5798: $? = 0
configure:5802: /scratchbox/compilers/bin/nm -B conftest.o \| sed -n -e 's/^.*[	 ]\([ABCDGIRSTW][ABCDGIRSTW]*\)[	 ][	 ]*\([_A-Za-z][_A-Za-z0-9]*\)$/\1 \2 \2/p' \> conftest.nm
configure:5805: $? = 0
configure:5859: gcc -o conftest -O2 -march=armv6j -mtune=arm1136jf-s -pipe -fomit-frame-pointer -fno-stack-protector   conftest.c conftstm.o >&5
configure:5862: $? = 0
configure:5900: result: ok
configure:6709: checking how to run the C preprocessor
configure:6740: gcc -E  conftest.c
configure:6740: $? = 0
configure:6754: gcc -E  conftest.c
conftest.c:14:28: error: ac_nonexistent.h: No such file or directory
configure:6754: $? = 1
configure: failed program was:
| /* confdefs.h */
| #define PACKAGE_NAME ""
| #define PACKAGE_TARNAME ""
| #define PACKAGE_VERSION ""
| #define PACKAGE_STRING ""
| #define PACKAGE_BUGREPORT ""
| #define PACKAGE_URL ""
| #define GLIB_MAJOR_VERSION 1
| #define GLIB_MINOR_VERSION 2
| #define GLIB_MICRO_VERSION 10
| #define GLIB_INTERFACE_AGE 10
| #define GLIB_BINARY_AGE 10
| /* end confdefs.h.  */
| #include <ac_nonexistent.h>
configure:6779: result: gcc -E
configure:6799: gcc -E  conftest.c
configure:6799: $? = 0
configure:6813: gcc -E  conftest.c
conftest.c:14:28: error: ac_nonexistent.h: No such file or directory
configure:6813: $? = 1
configure: failed program was:
| /* confdefs.h */
| #define PACKAGE_NAME ""
| #define PACKAGE_TARNAME ""
| #define PACKAGE_VERSION ""
| #define PACKAGE_STRING ""
| #define PACKAGE_BUGREPORT ""
| #define PACKAGE_URL ""
| #define GLIB_MAJOR_VERSION 1
| #define GLIB_MINOR_VERSION 2
| #define GLIB_MICRO_VERSION 10
| #define GLIB_INTERFACE_AGE 10
| #define GLIB_BINARY_AGE 10
| /* end confdefs.h.  */
| #include <ac_nonexistent.h>
configure:6842: checking for ANSI C header files
configure:6862: gcc -c -O2 -march=armv6j -mtune=arm1136jf-s -pipe -fomit-frame-pointer -fno-stack-protector  conftest.c >&5
configure:6862: $? = 0
configure:6935: gcc -o conftest -O2 -march=armv6j -mtune=arm1136jf-s -pipe -fomit-frame-pointer -fno-stack-protector   conftest.c  >&5
configure:6935: $? = 0
configure:6935: ./conftest
configure:6935: $? = 0
configure:6946: result: yes
configure:6959: checking for sys/types.h
configure:6959: gcc -c -O2 -march=armv6j -mtune=arm1136jf-s -pipe -fomit-frame-pointer -fno-stack-protector  conftest.c >&5
configure:6959: $? = 0
configure:6959: result: yes
configure:6959: checking for sys/stat.h
configure:6959: gcc -c -O2 -march=armv6j -mtune=arm1136jf-s -pipe -fomit-frame-pointer -fno-stack-protector  conftest.c >&5
configure:6959: $? = 0
configure:6959: result: yes
configure:6959: checking for stdlib.h
configure:6959: gcc -c -O2 -march=armv6j -mtune=arm1136jf-s -pipe -fomit-frame-pointer -fno-stack-protector  conftest.c >&5
configure:6959: $? = 0
configure:6959: result: yes
configure:6959: checking for string.h
configure:6959: gcc -c -O2 -march=armv6j -mtune=arm1136jf-s -pipe -fomit-frame-pointer -fno-stack-protector  conftest.c >&5
configure:6959: $? = 0
configure:6959: result: yes
configure:6959: checking for memory.h
configure:6959: gcc -c -O2 -march=armv6j -mtune=arm1136jf-s -pipe -fomit-frame-pointer -fno-stack-protector  conftest.c >&5
configure:6959: $? = 0
configure:6959: result: yes
configure:6959: checking for strings.h
configure:6959: gcc -c -O2 -march=armv6j -mtune=arm1136jf-s -pipe -fomit-frame-pointer -fno-stack-protector  conftest.c >&5
configure:6959: $? = 0
configure:6959: result: yes
configure:6959: checking for inttypes.h
configure:6959: gcc -c -O2 -march=armv6j -mtune=arm1136jf-s -pipe -fomit-frame-pointer -fno-stack-protector  conftest.c >&5
configure:6959: $? = 0
configure:6959: result: yes
configure:6959: checking for stdint.h
configure:6959: gcc -c -O2 -march=armv6j -mtune=arm1136jf-s -pipe -fomit-frame-pointer -fno-stack-protector  conftest.c >&5
configure:6959: $? = 0
configure:6959: result: yes
configure:6959: checking for unistd.h
configure:6959: gcc -c -O2 -march=armv6j -mtune=arm1136jf-s -pipe -fomit-frame-pointer -fno-stack-protector  conftest.c >&5
configure:6959: $? = 0
configure:6959: result: yes
configure:6974: checking for dlfcn.h
configure:6974: gcc -c -O2 -march=armv6j -mtune=arm1136jf-s -pipe -fomit-frame-pointer -fno-stack-protector  conftest.c >&5
configure:6974: $? = 0
configure:6974: result: yes
configure:7158: checking for objdir
configure:7173: result: .libs
configure:7465: checking if gcc supports -fno-rtti -fno-exceptions
configure:7483: gcc -c -O2 -march=armv6j -mtune=arm1136jf-s -pipe -fomit-frame-pointer -fno-stack-protector  -fno-rtti -fno-exceptions conftest.c >&5
cc1: warning: command line option "-fno-rtti" is valid for C++/ObjC++ but not for C
cc1: warning: command line option "-fno-rtti" is valid for C++/ObjC++ but not for C
configure:7487: $? = 0
configure:7500: result: no
configure:7520: checking for gcc option to produce PIC
configure:7792: result: -fPIC -DPIC
configure:7804: checking if gcc PIC flag -fPIC -DPIC works
configure:7822: gcc -c -O2 -march=armv6j -mtune=arm1136jf-s -pipe -fomit-frame-pointer -fno-stack-protector  -fPIC -DPIC -DPIC conftest.c >&5
configure:7826: $? = 0
configure:7839: result: yes
configure:7863: checking if gcc static flag -static works
configure:7891: result: yes
configure:7906: checking if gcc supports -c -o file.o
configure:7927: gcc -c -O2 -march=armv6j -mtune=arm1136jf-s -pipe -fomit-frame-pointer -fno-stack-protector  -o out/conftest2.o conftest.c >&5
configure:7931: $? = 0
configure:7953: result: yes
configure:7961: checking if gcc supports -c -o file.o
configure:8008: result: yes
configure:8041: checking whether the gcc linker (/scratchbox/compilers/cs2007q3-glibc2.5-arm6/arm-none-linux-gnueabi/bin/ld) supports shared libraries
configure:9032: result: yes
configure:9069: checking whether -lc should be explicitly linked in
configure:9074: gcc -c -O2 -march=armv6j -mtune=arm1136jf-s -pipe -fomit-frame-pointer -fno-stack-protector  conftest.c >&5
configure:9077: $? = 0
configure:9092: gcc -shared conftest.o  -v -Wl,-soname -Wl,conftest -o conftest 2\>\&1 \| /scratchbox/tools/bin/grep  -lc  \>/dev/null 2\>\&1
configure:9095: $? = 0
configure:9107: result: no
configure:9271: checking dynamic linker characteristics
configure:9704: gcc -o conftest -O2 -march=armv6j -mtune=arm1136jf-s -pipe -fomit-frame-pointer -fno-stack-protector   -Wl,-rpath -Wl,/foo conftest.c  >&5
configure:9704: $? = 0
configure:9934: result: GNU/Linux ld.so
configure:10036: checking how to hardcode library paths into programs
configure:10061: result: immediate
configure:10581: checking whether stripping libraries is possible
configure:10586: result: yes
configure:10621: checking if libtool supports shared libraries
configure:10623: result: yes
configure:10626: checking whether to build shared libraries
configure:10647: result: yes
configure:10650: checking whether to build static libraries
configure:10654: result: no
configure:10691: checking whether to enable maintainer-specific portions of Makefiles
configure:10700: result: no
configure:10759: checking whether to enable memory checking
configure:10769: result: no
configure:10773: checking whether to enable memory profiling
configure:10783: result: no
configure:10879: checking for gcc
configure:10906: result: gcc
configure:11135: checking for C compiler version
configure:11144: gcc --version >&5
sbox-arm-none-linux-gnueabi-gcc (GCC) 4.2.1
Copyright (C) 2007 Free Software Foundation, Inc.
This is free software; see the source for copying conditions.  There is NO
warranty; not even for MERCHANTABILITY or FITNESS FOR A PARTICULAR PURPOSE.

configure:11155: $? = 0
configure:11144: gcc -v >&5
Using built-in specs.
Reading specs from /scratchbox/compilers/cs2007q3-glibc2.5-arm6/gcc.specs
rename spec cpp to old_cpp
rename spec cc1 to old_cc1
rename spec cc1plus to old_cc1plus
rename spec link to old_link
Target: arm-none-linux-gnueabi
Configured with: /home/jhakala/cs2007q3-sb4/arm/src/gcc-4.2/configure --build=i686-pc-linux-gnu --host=i686-pc-linux-gnu --target=arm-none-linux-gnueabi --enable-threads --disable-libmudflap --disable-libssp --disable-libgomp --disable-libstdcxx-pch --with-gnu-as --with-gnu-ld --enable-languages=c,c++ --enable-shared --enable-symvers=gnu --enable-__cxa_atexit --disable-nls --prefix=/opt/maemo --with-sysroot=/opt/maemo/arm-none-linux-gnueabi/libc --with-build-sysroot=/home/jhakala/cs2007q3-sb4/arm/install/arm-none-linux-gnueabi/libc --with-build-time-tools=/home/jhakala/cs2007q3-sb4/arm/install/arm-none-linux-gnueabi/bin
Thread model: posix
gcc version 4.2.1
configure:11155: $? = 0
configure:11144: gcc -V >&5
sbox-arm-none-linux-gnueabi-gcc: '-V' must come at the start of the command line
configure:11155: $? = 1
configure:11144: gcc -qversion >&5
sbox-arm-none-linux-gnueabi-gcc: unrecognized option '-qversion'
sbox-arm-none-linux-gnueabi-gcc: no input files
configure:11155: $? = 1
configure:11159: checking whether we are using the GNU C compiler
configure:11187: result: yes
configure:11196: checking whether gcc accepts -g
configure:11257: result: yes
configure:11274: checking for gcc option to accept ISO C89
configure:11351: result: none needed
configure:11373: checking dependency style of gcc
configure:11483: result: gcc3
configure:11546: checking for gcc
configure:11573: result: gcc
configure:11802: checking for C compiler version
configure:11811: gcc --version >&5
sbox-arm-none-linux-gnueabi-gcc (GCC) 4.2.1
Copyright (C) 2007 Free Software Foundation, Inc.
This is free software; see the source for copying conditions.  There is NO
warranty; not even for MERCHANTABILITY or FITNESS FOR A PARTICULAR PURPOSE.

configure:11822: $? = 0
configure:11811: gcc -v >&5
Using built-in specs.
Reading specs from /scratchbox/compilers/cs2007q3-glibc2.5-arm6/gcc.specs
rename spec cpp to old_cpp
rename spec cc1 to old_cc1
rename spec cc1plus to old_cc1plus
rename spec link to old_link
Target: arm-none-linux-gnueabi
Configured with: /home/jhakala/cs2007q3-sb4/arm/src/gcc-4.2/configure --build=i686-pc-linux-gnu --host=i686-pc-linux-gnu --target=arm-none-linux-gnueabi --enable-threads --disable-libmudflap --disable-libssp --disable-libgomp --disable-libstdcxx-pch --with-gnu-as --with-gnu-ld --enable-languages=c,c++ --enable-shared --enable-symvers=gnu --enable-__cxa_atexit --disable-nls --prefix=/opt/maemo --with-sysroot=/opt/maemo/arm-none-linux-gnueabi/libc --with-build-sysroot=/home/jhakala/cs2007q3-sb4/arm/install/arm-none-linux-gnueabi/libc --with-build-time-tools=/home/jhakala/cs2007q3-sb4/arm/install/arm-none-linux-gnueabi/bin
Thread model: posix
gcc version 4.2.1
configure:11822: $? = 0
configure:11811: gcc -V >&5
sbox-arm-none-linux-gnueabi-gcc: '-V' must come at the start of the command line
configure:11822: $? = 1
configure:11811: gcc -qversion >&5
sbox-arm-none-linux-gnueabi-gcc: unrecognized option '-qversion'
sbox-arm-none-linux-gnueabi-gcc: no input files
configure:11822: $? = 1
configure:11826: checking whether we are using the GNU C compiler
configure:11854: result: yes
configure:11863: checking whether gcc accepts -g
configure:11924: result: yes
configure:11941: checking for gcc option to accept ISO C89
configure:12018: result: none needed
configure:12040: checking dependency style of gcc
configure:12150: result: gcc3
configure:12189: checking for extra flags to get ANSI library prototypes
configure:12204: gcc -o conftest -O2 -march=armv6j -mtune=arm1136jf-s -pipe -fomit-frame-pointer -fno-stack-protector -Wall   conftest.c  -lm >&5
configure:12204: $? = 0
configure:12204: ./conftest
configure:12204: $? = 0
configure:12205: result: none needed
configure:12244: checking for extra flags for POSIX compliance
configure:12257: gcc -c -O2 -march=armv6j -mtune=arm1136jf-s -pipe -fomit-frame-pointer -fno-stack-protector -Wall  conftest.c >&5
conftest.c: In function 'main':
conftest.c:31: warning: unused variable 'dir'
configure:12257: $? = 0
configure:12258: result: none needed
configure:12289: checking for ANSI C header files
configure:12393: result: yes
configure:12405: checking for vprintf
configure:12405: gcc -o conftest -O2 -march=armv6j -mtune=arm1136jf-s -pipe -fomit-frame-pointer -fno-stack-protector -Wall   conftest.c  >&5
conftest.c:51: warning: conflicting types for built-in function 'vprintf'
configure:12405: $? = 0
configure:12405: result: yes
configure:12411: checking for _doprnt
configure:12411: gcc -o conftest -O2 -march=armv6j -mtune=arm1136jf-s -pipe -fomit-frame-pointer -fno-stack-protector -Wall   conftest.c  >&5
/tmp/cckywkU0.o: In function `main':
conftest.c:(.text+0x4): undefined reference to `_doprnt'
collect2: ld returned 1 exit status
configure:12411: $? = 1
configure: failed program was:
| /* confdefs.h */
| #define PACKAGE_NAME ""
| #define PACKAGE_TARNAME ""
| #define PACKAGE_VERSION ""
| #define PACKAGE_STRING ""
| #define PACKAGE_BUGREPORT ""
| #define PACKAGE_URL ""
| #define GLIB_MAJOR_VERSION 1
| #define GLIB_MINOR_VERSION 2
| #define GLIB_MICRO_VERSION 10
| #define GLIB_INTERFACE_AGE 10
| #define GLIB_BINARY_AGE 10
| #define STDC_HEADERS 1
| #define HAVE_SYS_TYPES_H 1
| #define HAVE_SYS_STAT_H 1
| #define HAVE_STDLIB_H 1
| #define HAVE_STRING_H 1
| #define HAVE_MEMORY_H 1
| #define HAVE_STRINGS_H 1
| #define HAVE_INTTYPES_H 1
| #define HAVE_STDINT_H 1
| #define HAVE_UNISTD_H 1
| #define HAVE_DLFCN_H 1
| #define LT_OBJDIR ".libs/"
| #define G_COMPILED_WITH_DEBUGGING "minimum"
| #define STDC_HEADERS 1
| #define HAVE_VPRINTF 1
| /* end confdefs.h.  */
| /* Define _doprnt to an innocuous variant, in case <limits.h> declares _doprnt.
|    For example, HP-UX 11i <limits.h> declares gettimeofday.  */
| #define _doprnt innocuous__doprnt
| 
| /* System header to define __stub macros and hopefully few prototypes,
|     which can conflict with char _doprnt (); below.
|     Prefer <limits.h> to <assert.h> if __STDC__ is defined, since
|     <limits.h> exists even on freestanding compilers.  */
| 
| #ifdef __STDC__
| # include <limits.h>
| #else
| # include <assert.h>
| #endif
| 
| #undef _doprnt
| 
| /* Override any GCC internal prototype to avoid an error.
|    Use char because int might match the return type of a GCC
|    builtin and then its argument prototype would still apply.  */
| #ifdef __cplusplus
| extern "C"
| #endif
| char _doprnt ();
| /* The GNU C library defines this for functions which it implements
|     to always fail with ENOSYS.  Some functions are actually named
|     something starting with __ and the normal name is an alias.  */
| #if defined __stub__doprnt || defined __stub____doprnt
| choke me
| #endif
| 
| int
| main ()
| {
| return _doprnt ();
|   ;
|   return 0;
| }
configure:12411: result: no
configure:12426: checking for atexit
configure:12426: gcc -o conftest -O2 -march=armv6j -mtune=arm1136jf-s -pipe -fomit-frame-pointer -fno-stack-protector -Wall   conftest.c  >&5
configure:12426: $? = 0
configure:12426: result: yes
configure:12426: checking for on_exit
configure:12426: gcc -o conftest -O2 -march=armv6j -mtune=arm1136jf-s -pipe -fomit-frame-pointer -fno-stack-protector -Wall   conftest.c  >&5
configure:12426: $? = 0
configure:12426: result: yes
configure:12441: checking size of char
configure:12446: gcc -o conftest -O2 -march=armv6j -mtune=arm1136jf-s -pipe -fomit-frame-pointer -fno-stack-protector -Wall   conftest.c  >&5
configure:12446: $? = 0
configure:12446: ./conftest
configure:12446: $? = 0
configure:12461: result: 1
configure:12475: checking size of short
configure:12480: gcc -o conftest -O2 -march=armv6j -mtune=arm1136jf-s -pipe -fomit-frame-pointer -fno-stack-protector -Wall   conftest.c  >&5
configure:12480: $? = 0
configure:12480: ./conftest
configure:12480: $? = 0
configure:12495: result: 2
configure:12509: checking size of long
configure:12514: gcc -o conftest -O2 -march=armv6j -mtune=arm1136jf-s -pipe -fomit-frame-pointer -fno-stack-protector -Wall   conftest.c  >&5
configure:12514: $? = 0
configure:12514: ./conftest
configure:12514: $? = 0
configure:12529: result: 4
configure:12543: checking size of int
configure:12548: gcc -o conftest -O2 -march=armv6j -mtune=arm1136jf-s -pipe -fomit-frame-pointer -fno-stack-protector -Wall   conftest.c  >&5
configure:12548: $? = 0
configure:12548: ./conftest
configure:12548: $? = 0
configure:12563: result: 4
configure:12577: checking size of void *
configure:12582: gcc -o conftest -O2 -march=armv6j -mtune=arm1136jf-s -pipe -fomit-frame-pointer -fno-stack-protector -Wall   conftest.c  >&5
configure:12582: $? = 0
configure:12582: ./conftest
configure:12582: $? = 0
configure:12597: result: 4
configure:12611: checking size of long long
configure:12616: gcc -o conftest -O2 -march=armv6j -mtune=arm1136jf-s -pipe -fomit-frame-pointer -fno-stack-protector -Wall   conftest.c  >&5
configure:12616: $? = 0
configure:12616: ./conftest
configure:12616: $? = 0
configure:12631: result: 8
configure:12642: checking for an ANSI C-conforming const
configure:12707: gcc -c -O2 -march=armv6j -mtune=arm1136jf-s -pipe -fomit-frame-pointer -fno-stack-protector -Wall  conftest.c >&5
conftest.c: In function 'main':
conftest.c:66: warning: 't' is used uninitialized in this function
conftest.c:82: warning: 'b' is used uninitialized in this function
conftest.c:88: warning: 'cs[0]' is used uninitialized in this function
configure:12707: $? = 0
configure:12714: result: yes
configure:12723: checking for __inline
configure:12742: gcc -o conftest -O2 -march=armv6j -mtune=arm1136jf-s -pipe -fomit-frame-pointer -fno-stack-protector -Wall   conftest.c  >&5
configure:12742: $? = 0
configure:12742: ./conftest
configure:12742: $? = 0
configure:12756: result: yes
configure:12762: checking for __inline__
configure:12781: gcc -o conftest -O2 -march=armv6j -mtune=arm1136jf-s -pipe -fomit-frame-pointer -fno-stack-protector -Wall   conftest.c  >&5
configure:12781: $? = 0
configure:12781: ./conftest
configure:12781: $? = 0
configure:12795: result: yes
configure:12801: checking for inline
configure:12820: gcc -o conftest -O2 -march=armv6j -mtune=arm1136jf-s -pipe -fomit-frame-pointer -fno-stack-protector -Wall   conftest.c  >&5
configure:12820: $? = 0
configure:12820: ./conftest
configure:12820: $? = 0
configure:12834: result: yes
configure:12841: checking whether byte ordering is bigendian
configure:12856: gcc -c -O2 -march=armv6j -mtune=arm1136jf-s -pipe -fomit-frame-pointer -fno-stack-protector -Wall  conftest.c >&5
conftest.c:41: error: expected '=', ',', ';', 'asm' or '__attribute__' before 'a'
configure:12856: $? = 1
configure: failed program was:
| /* confdefs.h */
| #define PACKAGE_NAME ""
| #define PACKAGE_TARNAME ""
| #define PACKAGE_VERSION ""
| #define PACKAGE_STRING ""
| #define PACKAGE_BUGREPORT ""
| #define PACKAGE_URL ""
| #define GLIB_MAJOR_VERSION 1
| #define GLIB_MINOR_VERSION 2
| #define GLIB_MICRO_VERSION 10
| #define GLIB_INTERFACE_AGE 10
| #define GLIB_BINARY_AGE 10
| #define STDC_HEADERS 1
| #define HAVE_SYS_TYPES_H 1
| #define HAVE_SYS_STAT_H 1
| #define HAVE_STDLIB_H 1
| #define HAVE_STRING_H 1
| #define HAVE_MEMORY_H 1
| #define HAVE_STRINGS_H 1
| #define HAVE_INTTYPES_H 1
| #define HAVE_STDINT_H 1
| #define HAVE_UNISTD_H 1
| #define HAVE_DLFCN_H 1
| #define LT_OBJDIR ".libs/"
| #define G_COMPILED_WITH_DEBUGGING "minimum"
| #define STDC_HEADERS 1
| #define HAVE_VPRINTF 1
| #define HAVE_ATEXIT 1
| #define HAVE_ON_EXIT 1
| #define SIZEOF_CHAR 1
| #define SIZEOF_SHORT 2
| #define SIZEOF_LONG 4
| #define SIZEOF_INT 4
| #define SIZEOF_VOID_P 4
| #define SIZEOF_LONG_LONG 8
| #define G_HAVE___INLINE 1
| #define G_HAVE___INLINE__ 1
| #define G_HAVE_INLINE 1
| /* end confdefs.h.  */
| #ifndef __APPLE_CC__
| 	       not a universal capable compiler
| 	     #endif
| 	     typedef int dummy;
| 
configure:12901: gcc -c -O2 -march=armv6j -mtune=arm1136jf-s -pipe -fomit-frame-pointer -fno-stack-protector -Wall  conftest.c >&5
configure:12901: $? = 0
configure:12919: gcc -c -O2 -march=armv6j -mtune=arm1136jf-s -pipe -fomit-frame-pointer -fno-stack-protector -Wall  conftest.c >&5
conftest.c: In function 'main':
conftest.c:47: error: 'not' undeclared (first use in this function)
conftest.c:47: error: (Each undeclared identifier is reported only once
conftest.c:47: error: for each function it appears in.)
conftest.c:47: error: expected ';' before 'big'
configure:12919: $? = 1
configure: failed program was:
| /* confdefs.h */
| #define PACKAGE_NAME ""
| #define PACKAGE_TARNAME ""
| #define PACKAGE_VERSION ""
| #define PACKAGE_STRING ""
| #define PACKAGE_BUGREPORT ""
| #define PACKAGE_URL ""
| #define GLIB_MAJOR_VERSION 1
| #define GLIB_MINOR_VERSION 2
| #define GLIB_MICRO_VERSION 10
| #define GLIB_INTERFACE_AGE 10
| #define GLIB_BINARY_AGE 10
| #define STDC_HEADERS 1
| #define HAVE_SYS_TYPES_H 1
| #define HAVE_SYS_STAT_H 1
| #define HAVE_STDLIB_H 1
| #define HAVE_STRING_H 1
| #define HAVE_MEMORY_H 1
| #define HAVE_STRINGS_H 1
| #define HAVE_INTTYPES_H 1
| #define HAVE_STDINT_H 1
| #define HAVE_UNISTD_H 1
| #define HAVE_DLFCN_H 1
| #define LT_OBJDIR ".libs/"
| #define G_COMPILED_WITH_DEBUGGING "minimum"
| #define STDC_HEADERS 1
| #define HAVE_VPRINTF 1
| #define HAVE_ATEXIT 1
| #define HAVE_ON_EXIT 1
| #define SIZEOF_CHAR 1
| #define SIZEOF_SHORT 2
| #define SIZEOF_LONG 4
| #define SIZEOF_INT 4
| #define SIZEOF_VOID_P 4
| #define SIZEOF_LONG_LONG 8
| #define G_HAVE___INLINE 1
| #define G_HAVE___INLINE__ 1
| #define G_HAVE_INLINE 1
| /* end confdefs.h.  */
| #include <sys/types.h>
| 		#include <sys/param.h>
| 
| int
| main ()
| {
| #if BYTE_ORDER != BIG_ENDIAN
| 		 not big endian
| 		#endif
| 
|   ;
|   return 0;
| }
configure:13047: result: no
configure:13068: checking float.h usability
configure:13068: gcc -c -O2 -march=armv6j -mtune=arm1136jf-s -pipe -fomit-frame-pointer -fno-stack-protector -Wall  conftest.c >&5
configure:13068: $? = 0
configure:13068: result: yes
configure:13068: checking float.h presence
configure:13068: gcc -E  conftest.c
configure:13068: $? = 0
configure:13068: result: yes
configure:13068: checking for float.h
configure:13068: result: yes
configure:13081: checking limits.h usability
configure:13081: gcc -c -O2 -march=armv6j -mtune=arm1136jf-s -pipe -fomit-frame-pointer -fno-stack-protector -Wall  conftest.c >&5
configure:13081: $? = 0
configure:13081: result: yes
configure:13081: checking limits.h presence
configure:13081: gcc -E  conftest.c
configure:13081: $? = 0
configure:13081: result: yes
configure:13081: checking for limits.h
configure:13081: result: yes
configure:13094: checking pwd.h usability
configure:13094: gcc -c -O2 -march=armv6j -mtune=arm1136jf-s -pipe -fomit-frame-pointer -fno-stack-protector -Wall  conftest.c >&5
configure:13094: $? = 0
configure:13094: result: yes
configure:13094: checking pwd.h presence
configure:13094: gcc -E  conftest.c
configure:13094: $? = 0
configure:13094: result: yes
configure:13094: checking for pwd.h
configure:13094: result: yes
configure:13107: checking sys/param.h usability
configure:13107: gcc -c -O2 -march=armv6j -mtune=arm1136jf-s -pipe -fomit-frame-pointer -fno-stack-protector -Wall  conftest.c >&5
configure:13107: $? = 0
configure:13107: result: yes
configure:13107: checking sys/param.h presence
configure:13107: gcc -E  conftest.c
configure:13107: $? = 0
configure:13107: result: yes
configure:13107: checking for sys/param.h
configure:13107: result: yes
configure:13120: checking sys/poll.h usability
configure:13120: gcc -c -O2 -march=armv6j -mtune=arm1136jf-s -pipe -fomit-frame-pointer -fno-stack-protector -Wall  conftest.c >&5
configure:13120: $? = 0
configure:13120: result: yes
configure:13120: checking sys/poll.h presence
configure:13120: gcc -E  conftest.c
configure:13120: $? = 0
configure:13120: result: yes
configure:13120: checking for sys/poll.h
configure:13120: result: yes
configure:13133: checking sys/select.h usability
configure:13133: gcc -c -O2 -march=armv6j -mtune=arm1136jf-s -pipe -fomit-frame-pointer -fno-stack-protector -Wall  conftest.c >&5
configure:13133: $? = 0
configure:13133: result: yes
configure:13133: checking sys/select.h presence
configure:13133: gcc -E  conftest.c
configure:13133: $? = 0
configure:13133: result: yes
configure:13133: checking for sys/select.h
configure:13133: result: yes
configure:13146: checking sys/time.h usability
configure:13146: gcc -c -O2 -march=armv6j -mtune=arm1136jf-s -pipe -fomit-frame-pointer -fno-stack-protector -Wall  conftest.c >&5
configure:13146: $? = 0
configure:13146: result: yes
configure:13146: checking sys/time.h presence
configure:13146: gcc -E  conftest.c
configure:13146: $? = 0
configure:13146: result: yes
configure:13146: checking for sys/time.h
configure:13146: result: yes
configure:13159: checking sys/times.h usability
configure:13159: gcc -c -O2 -march=armv6j -mtune=arm1136jf-s -pipe -fomit-frame-pointer -fno-stack-protector -Wall  conftest.c >&5
configure:13159: $? = 0
configure:13159: result: yes
configure:13159: checking sys/times.h presence
configure:13159: gcc -E  conftest.c
configure:13159: $? = 0
configure:13159: result: yes
configure:13159: checking for sys/times.h
configure:13159: result: yes
configure:13172: checking for unistd.h
configure:13172: result: yes
configure:13185: checking values.h usability
configure:13185: gcc -c -O2 -march=armv6j -mtune=arm1136jf-s -pipe -fomit-frame-pointer -fno-stack-protector -Wall  conftest.c >&5
configure:13185: $? = 0
configure:13185: result: yes
configure:13185: checking values.h presence
configure:13185: gcc -E  conftest.c
configure:13185: $? = 0
configure:13185: result: yes
configure:13185: checking for values.h
configure:13185: result: yes
configure:13201: checking for lstat
configure:13201: gcc -o conftest -O2 -march=armv6j -mtune=arm1136jf-s -pipe -fomit-frame-pointer -fno-stack-protector -Wall   conftest.c  >&5
configure:13201: $? = 0
configure:13201: result: yes
configure:13201: checking for strerror
configure:13201: gcc -o conftest -O2 -march=armv6j -mtune=arm1136jf-s -pipe -fomit-frame-pointer -fno-stack-protector -Wall   conftest.c  >&5
configure:13201: $? = 0
configure:13201: result: yes
configure:13201: checking for strsignal
configure:13201: gcc -o conftest -O2 -march=armv6j -mtune=arm1136jf-s -pipe -fomit-frame-pointer -fno-stack-protector -Wall   conftest.c  >&5
configure:13201: $? = 0
configure:13201: result: yes
configure:13201: checking for memmove
configure:13201: gcc -o conftest -O2 -march=armv6j -mtune=arm1136jf-s -pipe -fomit-frame-pointer -fno-stack-protector -Wall   conftest.c  >&5
conftest.c:86: warning: conflicting types for built-in function 'memmove'
configure:13201: $? = 0
configure:13201: result: yes
configure:13201: checking for vsnprintf
configure:13201: gcc -o conftest -O2 -march=armv6j -mtune=arm1136jf-s -pipe -fomit-frame-pointer -fno-stack-protector -Wall   conftest.c  >&5
conftest.c:87: warning: conflicting types for built-in function 'vsnprintf'
configure:13201: $? = 0
configure:13201: result: yes
configure:13201: checking for strcasecmp
configure:13201: gcc -o conftest -O2 -march=armv6j -mtune=arm1136jf-s -pipe -fomit-frame-pointer -fno-stack-protector -Wall   conftest.c  >&5
conftest.c:88: warning: conflicting types for built-in function 'strcasecmp'
configure:13201: $? = 0
configure:13201: result: yes
configure:13201: checking for strncasecmp
configure:13201: gcc -o conftest -O2 -march=armv6j -mtune=arm1136jf-s -pipe -fomit-frame-pointer -fno-stack-protector -Wall   conftest.c  >&5
conftest.c:89: warning: conflicting types for built-in function 'strncasecmp'
configure:13201: $? = 0
configure:13201: result: yes
configure:13201: checking for poll
configure:13201: gcc -o conftest -O2 -march=armv6j -mtune=arm1136jf-s -pipe -fomit-frame-pointer -fno-stack-protector -Wall   conftest.c  >&5
configure:13201: $? = 0
configure:13201: result: yes
configure:13213: checking for sys_errlist
configure:13230: gcc -o conftest -O2 -march=armv6j -mtune=arm1136jf-s -pipe -fomit-frame-pointer -fno-stack-protector -Wall   conftest.c  >&5
/tmp/cchq8rpb.o: In function `main':
conftest.c:(.text+0x2c): warning: `sys_errlist' is deprecated; use `strerror' or `strerror_r' instead
conftest.c:(.text+0x28): warning: `sys_nerr' is deprecated; use `strerror' or `strerror_r' instead
configure:13230: $? = 0
configure:13237: result: yes
configure:13245: checking for sys_siglist
configure:13261: gcc -o conftest -O2 -march=armv6j -mtune=arm1136jf-s -pipe -fomit-frame-pointer -fno-stack-protector -Wall   conftest.c  >&5
conftest.c: In function 'main':
conftest.c:74: warning: implicit declaration of function 'exit'
conftest.c:74: warning: incompatible implicit declaration of built-in function 'exit'
conftest.c:74: warning: passing argument 1 of 'exit' makes integer from pointer without a cast
configure:13261: $? = 0
configure:13268: result: yes
configure:13276: checking for sys_siglist declaration
configure:13291: gcc -c -O2 -march=armv6j -mtune=arm1136jf-s -pipe -fomit-frame-pointer -fno-stack-protector -Wall  conftest.c >&5
conftest.c: In function 'main':
conftest.c:73: warning: implicit declaration of function 'strlen'
conftest.c:73: warning: incompatible implicit declaration of built-in function 'strlen'
conftest.c:73: warning: statement with no effect
configure:13291: $? = 0
configure:13297: result: yes
configure:13305: checking for fd_set
configure:13318: gcc -c -O2 -march=armv6j -mtune=arm1136jf-s -pipe -fomit-frame-pointer -fno-stack-protector -Wall  conftest.c >&5
conftest.c: In function 'main':
conftest.c:72: warning: unused variable 'writeMask'
conftest.c:72: warning: unused variable 'readMask'
configure:13318: $? = 0
configure:13325: result: yes, found in sys/types.h
configure:13359: checking for wchar.h
configure:13365: gcc -E  conftest.c
configure:13365: $? = 0
configure:13375: result: yes
configure:13380: checking for wctype.h
configure:13386: gcc -E  conftest.c
configure:13386: $? = 0
configure:13396: result: yes
configure:13401: checking for iswalnum
configure:13401: gcc -o conftest -O2 -march=armv6j -mtune=arm1136jf-s -pipe -fomit-frame-pointer -fno-stack-protector -Wall   conftest.c  >&5
conftest.c:93: warning: conflicting types for built-in function 'iswalnum'
configure:13401: $? = 0
configure:13401: result: yes
configure:13454: checking if iswalnum() and friends are properly defined
configure:13480: gcc -o conftest -O2 -march=armv6j -mtune=arm1136jf-s -pipe -fomit-frame-pointer -fno-stack-protector -Wall   conftest.c  >&5
conftest.c: In function 'main':
conftest.c:86: warning: statement with no effect
configure:13480: $? = 0
configure:13493: result: yes
configure:13496: checking whether realloc (NULL,) will work
configure:13516: gcc -o conftest -O2 -march=armv6j -mtune=arm1136jf-s -pipe -fomit-frame-pointer -fno-stack-protector -Wall   conftest.c  >&5
configure:13516: $? = 0
configure:13516: ./conftest
configure:13516: $? = 0
configure:13534: result: yes
configure:13538: checking for an implementation of va_copy()
configure:13567: gcc -o conftest -O2 -march=armv6j -mtune=arm1136jf-s -pipe -fomit-frame-pointer -fno-stack-protector -Wall   conftest.c  >&5
conftest.c: In function 'f':
conftest.c:78: warning: implicit declaration of function 'exit'
conftest.c:78: warning: incompatible implicit declaration of built-in function 'exit'
configure:13567: $? = 0
configure:13567: ./conftest
configure:13567: $? = 0
configure:13581: result: yes
configure:13583: checking for an implementation of __va_copy()
configure:13612: gcc -o conftest -O2 -march=armv6j -mtune=arm1136jf-s -pipe -fomit-frame-pointer -fno-stack-protector -Wall   conftest.c  >&5
conftest.c: In function 'f':
conftest.c:78: warning: implicit declaration of function 'exit'
conftest.c:78: warning: incompatible implicit declaration of built-in function 'exit'
configure:13612: $? = 0
configure:13612: ./conftest
configure:13612: $? = 0
configure:13626: result: yes
configure:13628: checking whether va_lists can be copied by value
configure:13657: gcc -o conftest -O2 -march=armv6j -mtune=arm1136jf-s -pipe -fomit-frame-pointer -fno-stack-protector -Wall   conftest.c  >&5
conftest.c: In function 'f':
conftest.c:78: warning: implicit declaration of function 'exit'
conftest.c:78: warning: incompatible implicit declaration of built-in function 'exit'
configure:13657: $? = 0
configure:13657: ./conftest
configure:13657: $? = 0
configure:13683: result: yes
configure:13693: checking for dlopen
configure:13693: gcc -o conftest -O2 -march=armv6j -mtune=arm1136jf-s -pipe -fomit-frame-pointer -fno-stack-protector -Wall   conftest.c  >&5
/tmp/ccrZe3qG.o: In function `main':
conftest.c:(.text+0x4): undefined reference to `dlopen'
collect2: ld returned 1 exit status
configure:13693: $? = 1
configure: failed program was:
| /* confdefs.h */
| #define PACKAGE_NAME ""
| #define PACKAGE_TARNAME ""
| #define PACKAGE_VERSION ""
| #define PACKAGE_STRING ""
| #define PACKAGE_BUGREPORT ""
| #define PACKAGE_URL ""
| #define GLIB_MAJOR_VERSION 1
| #define GLIB_MINOR_VERSION 2
| #define GLIB_MICRO_VERSION 10
| #define GLIB_INTERFACE_AGE 10
| #define GLIB_BINARY_AGE 10
| #define STDC_HEADERS 1
| #define HAVE_SYS_TYPES_H 1
| #define HAVE_SYS_STAT_H 1
| #define HAVE_STDLIB_H 1
| #define HAVE_STRING_H 1
| #define HAVE_MEMORY_H 1
| #define HAVE_STRINGS_H 1
| #define HAVE_INTTYPES_H 1
| #define HAVE_STDINT_H 1
| #define HAVE_UNISTD_H 1
| #define HAVE_DLFCN_H 1
| #define LT_OBJDIR ".libs/"
| #define G_COMPILED_WITH_DEBUGGING "minimum"
| #define STDC_HEADERS 1
| #define HAVE_VPRINTF 1
| #define HAVE_ATEXIT 1
| #define HAVE_ON_EXIT 1
| #define SIZEOF_CHAR 1
| #define SIZEOF_SHORT 2
| #define SIZEOF_LONG 4
| #define SIZEOF_INT 4
| #define SIZEOF_VOID_P 4
| #define SIZEOF_LONG_LONG 8
| #define G_HAVE___INLINE 1
| #define G_HAVE___INLINE__ 1
| #define G_HAVE_INLINE 1
| #define HAVE_FLOAT_H 1
| #define HAVE_FLOAT_H 1
| #define HAVE_LIMITS_H 1
| #define HAVE_LIMITS_H 1
| #define HAVE_PWD_H 1
| #define HAVE_PWD_H 1
| #define HAVE_SYS_PARAM_H 1
| #define HAVE_SYS_PARAM_H 1
| #define HAVE_SYS_POLL_H 1
| #define HAVE_SYS_POLL_H 1
| #define HAVE_SYS_SELECT_H 1
| #define HAVE_SYS_SELECT_H 1
| #define HAVE_SYS_TIME_H 1
| #define HAVE_SYS_TIME_H 1
| #define HAVE_SYS_TIMES_H 1
| #define HAVE_SYS_TIMES_H 1
| #define HAVE_UNISTD_H 1
| #define HAVE_UNISTD_H 1
| #define HAVE_VALUES_H 1
| #define HAVE_VALUES_H 1
| #define HAVE_LSTAT 1
| #define HAVE_STRERROR 1
| #define HAVE_STRSIGNAL 1
| #define HAVE_MEMMOVE 1
| #define HAVE_VSNPRINTF 1
| #define HAVE_STRCASECMP 1
| #define HAVE_STRNCASECMP 1
| #define HAVE_POLL 1
| #define HAVE_WCHAR_H 1
| #define HAVE_WCTYPE_H 1
| #define REALLOC_0_WORKS 1
| #define G_VA_COPY va_copy
| /* end confdefs.h.  */
| /* Define dlopen to an innocuous variant, in case <limits.h> declares dlopen.
|    For example, HP-UX 11i <limits.h> declares gettimeofday.  */
| #define dlopen innocuous_dlopen
| 
| /* System header to define __stub macros and hopefully few prototypes,
|     which can conflict with char dlopen (); below.
|     Prefer <limits.h> to <assert.h> if __STDC__ is defined, since
|     <limits.h> exists even on freestanding compilers.  */
| 
| #ifdef __STDC__
| # include <limits.h>
| #else
| # include <assert.h>
| #endif
| 
| #undef dlopen
| 
| /* Override any GCC internal prototype to avoid an error.
|    Use char because int might match the return type of a GCC
|    builtin and then its argument prototype would still apply.  */
| #ifdef __cplusplus
| extern "C"
| #endif
| char dlopen ();
| /* The GNU C library defines this for functions which it implements
|     to always fail with ENOSYS.  Some functions are actually named
|     something starting with __ and the normal name is an alias.  */
| #if defined __stub_dlopen || defined __stub___dlopen
| choke me
| #endif
| 
| int
| main ()
| {
| return dlopen ();
|   ;
|   return 0;
| }
configure:13693: result: no
configure:13708: checking for dlopen in -ldl
configure:13733: gcc -o conftest -O2 -march=armv6j -mtune=arm1136jf-s -pipe -fomit-frame-pointer -fno-stack-protector -Wall   conftest.c -ldl   >&5
configure:13733: $? = 0
configure:13742: result: yes
configure:13745: checking for dlsym in -ldl
configure:13770: gcc -o conftest -O2 -march=armv6j -mtune=arm1136jf-s -pipe -fomit-frame-pointer -fno-stack-protector -Wall   conftest.c -ldl   >&5
configure:13770: $? = 0
configure:13779: result: yes
configure:13894: checking for RTLD_GLOBAL brokenness
configure:13926: gcc -o conftest -O2 -march=armv6j -mtune=arm1136jf-s -pipe -fomit-frame-pointer -fno-stack-protector -Wall   -rdynamic conftest.c  -ldl >&5
configure:13926: $? = 0
configure:13926: ./conftest
configure:13926: $? = 0
configure:13938: result: no
configure:13945: checking for preceeding underscore in symbols
configure:13971: gcc -o conftest -O2 -march=armv6j -mtune=arm1136jf-s -pipe -fomit-frame-pointer -fno-stack-protector -Wall   -rdynamic conftest.c  -ldl >&5
configure:13971: $? = 0
configure:13971: ./conftest
configure:13971: $? = 1
configure: program exited with status 1
configure: failed program was:
| /* confdefs.h */
| #define PACKAGE_NAME ""
| #define PACKAGE_TARNAME ""
| #define PACKAGE_VERSION ""
| #define PACKAGE_STRING ""
| #define PACKAGE_BUGREPORT ""
| #define PACKAGE_URL ""
| #define GLIB_MAJOR_VERSION 1
| #define GLIB_MINOR_VERSION 2
| #define GLIB_MICRO_VERSION 10
| #define GLIB_INTERFACE_AGE 10
| #define GLIB_BINARY_AGE 10
| #define STDC_HEADERS 1
| #define HAVE_SYS_TYPES_H 1
| #define HAVE_SYS_STAT_H 1
| #define HAVE_STDLIB_H 1
| #define HAVE_STRING_H 1
| #define HAVE_MEMORY_H 1
| #define HAVE_STRINGS_H 1
| #define HAVE_INTTYPES_H 1
| #define HAVE_STDINT_H 1
| #define HAVE_UNISTD_H 1
| #define HAVE_DLFCN_H 1
| #define LT_OBJDIR ".libs/"
| #define G_COMPILED_WITH_DEBUGGING "minimum"
| #define STDC_HEADERS 1
| #define HAVE_VPRINTF 1
| #define HAVE_ATEXIT 1
| #define HAVE_ON_EXIT 1
| #define SIZEOF_CHAR 1
| #define SIZEOF_SHORT 2
| #define SIZEOF_LONG 4
| #define SIZEOF_INT 4
| #define SIZEOF_VOID_P 4
| #define SIZEOF_LONG_LONG 8
| #define G_HAVE___INLINE 1
| #define G_HAVE___INLINE__ 1
| #define G_HAVE_INLINE 1
| #define HAVE_FLOAT_H 1
| #define HAVE_FLOAT_H 1
| #define HAVE_LIMITS_H 1
| #define HAVE_LIMITS_H 1
| #define HAVE_PWD_H 1
| #define HAVE_PWD_H 1
| #define HAVE_SYS_PARAM_H 1
| #define HAVE_SYS_PARAM_H 1
| #define HAVE_SYS_POLL_H 1
| #define HAVE_SYS_POLL_H 1
| #define HAVE_SYS_SELECT_H 1
| #define HAVE_SYS_SELECT_H 1
| #define HAVE_SYS_TIME_H 1
| #define HAVE_SYS_TIME_H 1
| #define HAVE_SYS_TIMES_H 1
| #define HAVE_SYS_TIMES_H 1
| #define HAVE_UNISTD_H 1
| #define HAVE_UNISTD_H 1
| #define HAVE_VALUES_H 1
| #define HAVE_VALUES_H 1
| #define HAVE_LSTAT 1
| #define HAVE_STRERROR 1
| #define HAVE_STRSIGNAL 1
| #define HAVE_MEMMOVE 1
| #define HAVE_VSNPRINTF 1
| #define HAVE_STRCASECMP 1
| #define HAVE_STRNCASECMP 1
| #define HAVE_POLL 1
| #define HAVE_WCHAR_H 1
| #define HAVE_WCTYPE_H 1
| #define REALLOC_0_WORKS 1
| #define G_VA_COPY va_copy
| /* end confdefs.h.  */
| 
| 		#include <dlfcn.h>
|                 int glib_underscore_test (void) { return 42; }
| 		int main() {
| 		  void *f1 = (void*)0, *f2 = (void*)0, *handle;
| 		  handle = dlopen ((void*)0, 0);
| 		  if (handle) {
| 		    f1 = dlsym (handle, "glib_underscore_test");
| 		    f2 = dlsym (handle, "_glib_underscore_test");
| 		  } return (!f2 || f1);
| 		}
configure:13984: result: no
configure:13993: checking for dlerror
configure:13993: gcc -o conftest -O2 -march=armv6j -mtune=arm1136jf-s -pipe -fomit-frame-pointer -fno-stack-protector -Wall   conftest.c  -ldl >&5
configure:13993: $? = 0
configure:13993: result: yes
configure:14108: checking pthread.h usability
configure:14108: gcc -c -O2 -march=armv6j -mtune=arm1136jf-s -pipe -fomit-frame-pointer -fno-stack-protector -Wall  conftest.c >&5
configure:14108: $? = 0
configure:14108: result: yes
configure:14108: checking pthread.h presence
configure:14108: gcc -E  conftest.c
configure:14108: $? = 0
configure:14108: result: yes
configure:14108: checking for pthread.h
configure:14108: result: yes
configure:14161: checking for thread implementation
configure:14170: result: posix
configure:14183: checking for pthread_attr_init in -lpthread
configure:14208: gcc -o conftest -O2 -march=armv6j -mtune=arm1136jf-s -pipe -fomit-frame-pointer -fno-stack-protector -Wall   conftest.c -lpthread   >&5
configure:14208: $? = 0
configure:14217: result: yes
configure:14551: checking necessary linker options
configure:14553: result: -lpthread
configure:14597: checking necessary compiler options
configure:14600: result:  -D_REENTRANT
configure:14617: checking for localtime_r
configure:14617: gcc -o conftest -O2 -march=armv6j -mtune=arm1136jf-s -pipe -fomit-frame-pointer -fno-stack-protector -Wall  -D_REENTRANT   conftest.c  >&5
configure:14617: $? = 0
configure:14617: result: yes
configure:14617: checking for rand_r
configure:14617: gcc -o conftest -O2 -march=armv6j -mtune=arm1136jf-s -pipe -fomit-frame-pointer -fno-stack-protector -Wall  -D_REENTRANT   conftest.c  >&5
configure:14617: $? = 0
configure:14617: result: yes
configure:14628: checking for getpwuid_r
configure:14651: gcc -o conftest -O2 -march=armv6j -mtune=arm1136jf-s -pipe -fomit-frame-pointer -fno-stack-protector -Wall  -D_REENTRANT   conftest.c  >&5
configure:14651: $? = 0
configure:14651: ./conftest
configure:14651: $? = 0
configure:14663: result: yes
configure:14672: checking whether getpwuid_r is posix like
configure:14689: gcc -c -O2 -march=armv6j -mtune=arm1136jf-s -pipe -fomit-frame-pointer -fno-stack-protector -Wall  -D_REENTRANT  conftest.c >&5
configure:14689: $? = 0
configure:14692: result: yes
configure:14703: checking whether pthread_getspecific is posix like
configure:14717: gcc -c -O2 -march=armv6j -mtune=arm1136jf-s -pipe -fomit-frame-pointer -fno-stack-protector -Wall  -D_REENTRANT  conftest.c >&5
conftest.c: In function 'main':
conftest.c:80: error: too many arguments to function 'pthread_getspecific'
configure:14717: $? = 1
configure: failed program was:
| /* confdefs.h */
| #define PACKAGE_NAME ""
| #define PACKAGE_TARNAME ""
| #define PACKAGE_VERSION ""
| #define PACKAGE_STRING ""
| #define PACKAGE_BUGREPORT ""
| #define PACKAGE_URL ""
| #define GLIB_MAJOR_VERSION 1
| #define GLIB_MINOR_VERSION 2
| #define GLIB_MICRO_VERSION 10
| #define GLIB_INTERFACE_AGE 10
| #define GLIB_BINARY_AGE 10
| #define STDC_HEADERS 1
| #define HAVE_SYS_TYPES_H 1
| #define HAVE_SYS_STAT_H 1
| #define HAVE_STDLIB_H 1
| #define HAVE_STRING_H 1
| #define HAVE_MEMORY_H 1
| #define HAVE_STRINGS_H 1
| #define HAVE_INTTYPES_H 1
| #define HAVE_STDINT_H 1
| #define HAVE_UNISTD_H 1
| #define HAVE_DLFCN_H 1
| #define LT_OBJDIR ".libs/"
| #define G_COMPILED_WITH_DEBUGGING "minimum"
| #define STDC_HEADERS 1
| #define HAVE_VPRINTF 1
| #define HAVE_ATEXIT 1
| #define HAVE_ON_EXIT 1
| #define SIZEOF_CHAR 1
| #define SIZEOF_SHORT 2
| #define SIZEOF_LONG 4
| #define SIZEOF_INT 4
| #define SIZEOF_VOID_P 4
| #define SIZEOF_LONG_LONG 8
| #define G_HAVE___INLINE 1
| #define G_HAVE___INLINE__ 1
| #define G_HAVE_INLINE 1
| #define HAVE_FLOAT_H 1
| #define HAVE_FLOAT_H 1
| #define HAVE_LIMITS_H 1
| #define HAVE_LIMITS_H 1
| #define HAVE_PWD_H 1
| #define HAVE_PWD_H 1
| #define HAVE_SYS_PARAM_H 1
| #define HAVE_SYS_PARAM_H 1
| #define HAVE_SYS_POLL_H 1
| #define HAVE_SYS_POLL_H 1
| #define HAVE_SYS_SELECT_H 1
| #define HAVE_SYS_SELECT_H 1
| #define HAVE_SYS_TIME_H 1
| #define HAVE_SYS_TIME_H 1
| #define HAVE_SYS_TIMES_H 1
| #define HAVE_SYS_TIMES_H 1
| #define HAVE_UNISTD_H 1
| #define HAVE_UNISTD_H 1
| #define HAVE_VALUES_H 1
| #define HAVE_VALUES_H 1
| #define HAVE_LSTAT 1
| #define HAVE_STRERROR 1
| #define HAVE_STRSIGNAL 1
| #define HAVE_MEMMOVE 1
| #define HAVE_VSNPRINTF 1
| #define HAVE_STRCASECMP 1
| #define HAVE_STRNCASECMP 1
| #define HAVE_POLL 1
| #define HAVE_WCHAR_H 1
| #define HAVE_WCTYPE_H 1
| #define REALLOC_0_WORKS 1
| #define G_VA_COPY va_copy
| #define HAVE_LOCALTIME_R 1
| #define HAVE_RAND_R 1
| #define HAVE_GETPWUID_R 1
| #define HAVE_GETPWUID_R_POSIX 1
| /* end confdefs.h.  */
| #include <pthread.h>
| int
| main ()
| {
| pthread_getspecific(0,NULL);
|   ;
|   return 0;
| }
configure:14721: result: yes
configure:14727: checking whether pthread_mutex_trylock is posix like
configure:14743: gcc -o conftest -O2 -march=armv6j -mtune=arm1136jf-s -pipe -fomit-frame-pointer -fno-stack-protector -Wall  -D_REENTRANT   conftest.c  -lpthread >&5
configure:14743: $? = 0
configure:14743: ./conftest
configure:14743: $? = 1
configure: program exited with status 1
configure: failed program was:
| /* confdefs.h */
| #define PACKAGE_NAME ""
| #define PACKAGE_TARNAME ""
| #define PACKAGE_VERSION ""
| #define PACKAGE_STRING ""
| #define PACKAGE_BUGREPORT ""
| #define PACKAGE_URL ""
| #define GLIB_MAJOR_VERSION 1
| #define GLIB_MINOR_VERSION 2
| #define GLIB_MICRO_VERSION 10
| #define GLIB_INTERFACE_AGE 10
| #define GLIB_BINARY_AGE 10
| #define STDC_HEADERS 1
| #define HAVE_SYS_TYPES_H 1
| #define HAVE_SYS_STAT_H 1
| #define HAVE_STDLIB_H 1
| #define HAVE_STRING_H 1
| #define HAVE_MEMORY_H 1
| #define HAVE_STRINGS_H 1
| #define HAVE_INTTYPES_H 1
| #define HAVE_STDINT_H 1
| #define HAVE_UNISTD_H 1
| #define HAVE_DLFCN_H 1
| #define LT_OBJDIR ".libs/"
| #define G_COMPILED_WITH_DEBUGGING "minimum"
| #define STDC_HEADERS 1
| #define HAVE_VPRINTF 1
| #define HAVE_ATEXIT 1
| #define HAVE_ON_EXIT 1
| #define SIZEOF_CHAR 1
| #define SIZEOF_SHORT 2
| #define SIZEOF_LONG 4
| #define SIZEOF_INT 4
| #define SIZEOF_VOID_P 4
| #define SIZEOF_LONG_LONG 8
| #define G_HAVE___INLINE 1
| #define G_HAVE___INLINE__ 1
| #define G_HAVE_INLINE 1
| #define HAVE_FLOAT_H 1
| #define HAVE_FLOAT_H 1
| #define HAVE_LIMITS_H 1
| #define HAVE_LIMITS_H 1
| #define HAVE_PWD_H 1
| #define HAVE_PWD_H 1
| #define HAVE_SYS_PARAM_H 1
| #define HAVE_SYS_PARAM_H 1
| #define HAVE_SYS_POLL_H 1
| #define HAVE_SYS_POLL_H 1
| #define HAVE_SYS_SELECT_H 1
| #define HAVE_SYS_SELECT_H 1
| #define HAVE_SYS_TIME_H 1
| #define HAVE_SYS_TIME_H 1
| #define HAVE_SYS_TIMES_H 1
| #define HAVE_SYS_TIMES_H 1
| #define HAVE_UNISTD_H 1
| #define HAVE_UNISTD_H 1
| #define HAVE_VALUES_H 1
| #define HAVE_VALUES_H 1
| #define HAVE_LSTAT 1
| #define HAVE_STRERROR 1
| #define HAVE_STRSIGNAL 1
| #define HAVE_MEMMOVE 1
| #define HAVE_VSNPRINTF 1
| #define HAVE_STRCASECMP 1
| #define HAVE_STRNCASECMP 1
| #define HAVE_POLL 1
| #define HAVE_WCHAR_H 1
| #define HAVE_WCTYPE_H 1
| #define REALLOC_0_WORKS 1
| #define G_VA_COPY va_copy
| #define HAVE_LOCALTIME_R 1
| #define HAVE_RAND_R 1
| #define HAVE_GETPWUID_R 1
| #define HAVE_GETPWUID_R_POSIX 1
| #define HAVE_PTHREAD_GETSPECIFIC_POSIX 1
| /* end confdefs.h.  */
| #include <pthread.h>
| 			pthread_mutex_t mutex = PTHREAD_MUTEX_INITIALIZER;
| 			int main () {
| 			return !pthread_mutex_trylock (&mutex); }
configure:14747: result: yes
configure:14756: checking whether pthread_cond_timedwait is posix like
configure:14781: gcc -o conftest -O2 -march=armv6j -mtune=arm1136jf-s -pipe -fomit-frame-pointer -fno-stack-protector -Wall  -D_REENTRANT   conftest.c  -lpthread >&5
configure:14781: $? = 0
configure:14781: ./conftest
configure:14781: $? = 1
configure: program exited with status 1
configure: failed program was:
| /* confdefs.h */
| #define PACKAGE_NAME ""
| #define PACKAGE_TARNAME ""
| #define PACKAGE_VERSION ""
| #define PACKAGE_STRING ""
| #define PACKAGE_BUGREPORT ""
| #define PACKAGE_URL ""
| #define GLIB_MAJOR_VERSION 1
| #define GLIB_MINOR_VERSION 2
| #define GLIB_MICRO_VERSION 10
| #define GLIB_INTERFACE_AGE 10
| #define GLIB_BINARY_AGE 10
| #define STDC_HEADERS 1
| #define HAVE_SYS_TYPES_H 1
| #define HAVE_SYS_STAT_H 1
| #define HAVE_STDLIB_H 1
| #define HAVE_STRING_H 1
| #define HAVE_MEMORY_H 1
| #define HAVE_STRINGS_H 1
| #define HAVE_INTTYPES_H 1
| #define HAVE_STDINT_H 1
| #define HAVE_UNISTD_H 1
| #define HAVE_DLFCN_H 1
| #define LT_OBJDIR ".libs/"
| #define G_COMPILED_WITH_DEBUGGING "minimum"
| #define STDC_HEADERS 1
| #define HAVE_VPRINTF 1
| #define HAVE_ATEXIT 1
| #define HAVE_ON_EXIT 1
| #define SIZEOF_CHAR 1
| #define SIZEOF_SHORT 2
| #define SIZEOF_LONG 4
| #define SIZEOF_INT 4
| #define SIZEOF_VOID_P 4
| #define SIZEOF_LONG_LONG 8
| #define G_HAVE___INLINE 1
| #define G_HAVE___INLINE__ 1
| #define G_HAVE_INLINE 1
| #define HAVE_FLOAT_H 1
| #define HAVE_FLOAT_H 1
| #define HAVE_LIMITS_H 1
| #define HAVE_LIMITS_H 1
| #define HAVE_PWD_H 1
| #define HAVE_PWD_H 1
| #define HAVE_SYS_PARAM_H 1
| #define HAVE_SYS_PARAM_H 1
| #define HAVE_SYS_POLL_H 1
| #define HAVE_SYS_POLL_H 1
| #define HAVE_SYS_SELECT_H 1
| #define HAVE_SYS_SELECT_H 1
| #define HAVE_SYS_TIME_H 1
| #define HAVE_SYS_TIME_H 1
| #define HAVE_SYS_TIMES_H 1
| #define HAVE_SYS_TIMES_H 1
| #define HAVE_UNISTD_H 1
| #define HAVE_UNISTD_H 1
| #define HAVE_VALUES_H 1
| #define HAVE_VALUES_H 1
| #define HAVE_LSTAT 1
| #define HAVE_STRERROR 1
| #define HAVE_STRSIGNAL 1
| #define HAVE_MEMMOVE 1
| #define HAVE_VSNPRINTF 1
| #define HAVE_STRCASECMP 1
| #define HAVE_STRNCASECMP 1
| #define HAVE_POLL 1
| #define HAVE_WCHAR_H 1
| #define HAVE_WCTYPE_H 1
| #define REALLOC_0_WORKS 1
| #define G_VA_COPY va_copy
| #define HAVE_LOCALTIME_R 1
| #define HAVE_RAND_R 1
| #define HAVE_GETPWUID_R 1
| #define HAVE_GETPWUID_R_POSIX 1
| #define HAVE_PTHREAD_GETSPECIFIC_POSIX 1
| #define HAVE_PTHREAD_MUTEX_TRYLOCK_POSIX 1
| /* end confdefs.h.  */
| #include <pthread.h>
| 			#include <sys/time.h>
| 			int main () {
| 			pthread_mutex_t mutex = PTHREAD_MUTEX_INITIALIZER;
| 			pthread_cond_t cond = PTHREAD_COND_INITIALIZER;
| 			struct timeval tval;
| 			struct timespec tspec;
| 			gettimeofday (&tval, NULL);
| 			tspec.tv_sec = tval.tv_sec;
| 			tspec.tv_nsec = 0;
| 			pthread_mutex_lock (&mutex);
| 			return pthread_cond_timedwait (&cond,&mutex,&tspec)
| 				!= -1;}
configure:14785: result: yes
configure:14822: checking size of pthread_mutex_t
configure:14845: gcc -o conftest -O2 -march=armv6j -mtune=arm1136jf-s -pipe -fomit-frame-pointer -fno-stack-protector -Wall  -D_REENTRANT   conftest.c  >&5
conftest.c:83: warning: return type defaults to 'int'
conftest.c: In function 'main':
conftest.c:85: warning: implicit declaration of function 'exit'
conftest.c:85: warning: incompatible implicit declaration of built-in function 'exit'
configure:14845: $? = 0
configure:14845: ./conftest
configure:14845: $? = 0
configure:14855: result: 24
configure:14862: checking byte contents of pthread_mutex_t
configure:14887: gcc -o conftest -O2 -march=armv6j -mtune=arm1136jf-s -pipe -fomit-frame-pointer -fno-stack-protector -Wall  -D_REENTRANT   conftest.c  >&5
conftest.c:84: warning: return type defaults to 'int'
conftest.c: In function 'main':
conftest.c:89: warning: implicit declaration of function 'exit'
conftest.c:89: warning: incompatible implicit declaration of built-in function 'exit'
configure:14887: $? = 0
configure:14887: ./conftest
configure:14887: $? = 0
configure:14897: result: 0,0,0,0,0,0,0,0,0,0,0,0,0,0,0,0,0,0,0,0,0,0,0,0
configure:14920: checking system definitions for POLLIN POLLOUT POLLPRI POLLERR POLLHUP POLLNVAL
configure:14954: gcc -o conftest -O2 -march=armv6j -mtune=arm1136jf-s -pipe -fomit-frame-pointer -fno-stack-protector -Wall  -D_REENTRANT   conftest.c  >&5
configure:14954: $? = 0
configure:14954: ./conftest
configure:14954: $? = 0
configure:14955: result: done
configure:15118: creating ./config.status

## ---------------------- ##
## Running config.status. ##
## ---------------------- ##

This file was extended by config.status, which was
generated by GNU Autoconf 2.65.  Invocation command line was

  CONFIG_FILES    = 
  CONFIG_HEADERS  = 
  CONFIG_LINKS    = 
  CONFIG_COMMANDS = 
  $ ./config.status 

on tjw-pc

config.status:1340: creating glib.spec
config.status:1340: creating Makefile
config.status:1340: creating glib-config
config.status:1340: creating gmodule/gmoduleconf.h
config.status:1340: creating gmodule/Makefile
config.status:1340: creating gthread/Makefile
config.status:1340: creating docs/Makefile
config.status:1340: creating docs/glib-config.1
config.status:1340: creating tests/Makefile
config.status:1340: creating glib.pc
config.status:1340: creating gmodule.pc
config.status:1340: creating gthread.pc
config.status:1340: creating config.h
config.status:1512: config.h is unchanged
config.status:1560: executing depfiles commands
config.status:1560: executing libtool commands
config.status:1560: executing default-1 commands
config.status:1560: executing default commands

## ---------------- ##
## Cache variables. ##
## ---------------- ##

ac_cv_build=arm-unknown-linux-gnu
ac_cv_c_bigendian=no
ac_cv_c_compiler_gnu=yes
ac_cv_c_const=yes
ac_cv_env_CC_set=
ac_cv_env_CC_value=
ac_cv_env_CFLAGS_set=set
ac_cv_env_CFLAGS_value='-O2 -march=armv6j -mtune=arm1136jf-s -pipe -fomit-frame-pointer -fno-stack-protector'
ac_cv_env_CPPFLAGS_set=
ac_cv_env_CPPFLAGS_value=
ac_cv_env_CPP_set=
ac_cv_env_CPP_value=
ac_cv_env_LDFLAGS_set=
ac_cv_env_LDFLAGS_value=
ac_cv_env_LIBS_set=
ac_cv_env_LIBS_value=
ac_cv_env_build_alias_set=
ac_cv_env_build_alias_value=
ac_cv_env_host_alias_set=
ac_cv_env_host_alias_value=
ac_cv_env_target_alias_set=
ac_cv_env_target_alias_value=
ac_cv_func__doprnt=no
ac_cv_func_atexit=yes
ac_cv_func_dlerror=yes
ac_cv_func_dlopen=no
ac_cv_func_getpwuid_r=yes
ac_cv_func_iswalnum=yes
ac_cv_func_localtime_r=yes
ac_cv_func_lstat=yes
ac_cv_func_memmove=yes
ac_cv_func_on_exit=yes
ac_cv_func_poll=yes
ac_cv_func_rand_r=yes
ac_cv_func_strcasecmp=yes
ac_cv_func_strerror=yes
ac_cv_func_strncasecmp=yes
ac_cv_func_strsignal=yes
ac_cv_func_vprintf=yes
ac_cv_func_vsnprintf=yes
ac_cv_header_dlfcn_h=yes
ac_cv_header_float_h=yes
ac_cv_header_inttypes_h=yes
ac_cv_header_limits_h=yes
ac_cv_header_memory_h=yes
ac_cv_header_pthread_h=yes
ac_cv_header_pwd_h=yes
ac_cv_header_stdc=yes
ac_cv_header_stdint_h=yes
ac_cv_header_stdlib_h=yes
ac_cv_header_string_h=yes
ac_cv_header_strings_h=yes
ac_cv_header_sys_param_h=yes
ac_cv_header_sys_poll_h=yes
ac_cv_header_sys_select_h=yes
ac_cv_header_sys_stat_h=yes
ac_cv_header_sys_time_h=yes
ac_cv_header_sys_times_h=yes
ac_cv_header_sys_types_h=yes
ac_cv_header_unistd_h=yes
ac_cv_header_values_h=yes
ac_cv_host=arm-unknown-linux-gnu
ac_cv_lib_dl_dlopen=yes
ac_cv_lib_dl_dlsym=yes
ac_cv_lib_pthread_pthread_attr_init=yes
ac_cv_objext=o
ac_cv_path_EGREP='/scratchbox/tools/bin/grep -E'
ac_cv_path_FGREP='/scratchbox/tools/bin/grep -F'
ac_cv_path_GREP=/scratchbox/tools/bin/grep
ac_cv_path_SED=/scratchbox/tools/bin/sed
ac_cv_path_install='/scratchbox/tools/bin/install -c'
ac_cv_path_mkdir=/scratchbox/tools/bin/mkdir
ac_cv_prog_AWK=gawk
ac_cv_prog_CPP='gcc -E'
ac_cv_prog_ac_ct_AR=ar
ac_cv_prog_ac_ct_CC=gcc
ac_cv_prog_ac_ct_OBJDUMP=objdump
ac_cv_prog_ac_ct_RANLIB=ranlib
ac_cv_prog_ac_ct_STRIP=strip
ac_cv_prog_cc_c89=
ac_cv_prog_cc_g=yes
ac_cv_prog_make_make_set=yes
ac_cv_sizeof_char=1
ac_cv_sizeof_int=4
ac_cv_sizeof_long=4
ac_cv_sizeof_long_long=8
ac_cv_sizeof_short=2
ac_cv_sizeof_void_p=4
am_cv_CC_dependencies_compiler_type=gcc3
am_cv_prog_cc_stdc=
glib_cv___va_copy=yes
glib_cv_byte_contents_gmutex=0,0,0,0,0,0,0,0,0,0,0,0,0,0,0,0,0,0,0,0,0,0,0,0
glib_cv_has__inline=yes
glib_cv_has__inline__=yes
glib_cv_hasinline=yes
glib_cv_rtldglobal_broken=no
glib_cv_sane_realloc=yes
glib_cv_sizeof_gmutex=24
glib_cv_uscore=no
glib_cv_va_copy=yes
glib_cv_va_val_copy=yes
lt_cv_deplibs_check_method=pass_all
lt_cv_file_magic_cmd='$MAGIC_CMD'
lt_cv_file_magic_test_file=
lt_cv_ld_reload_flag=-r
lt_cv_nm_interface='BSD nm'
lt_cv_objdir=.libs
lt_cv_path_LD=/scratchbox/compilers/cs2007q3-glibc2.5-arm6/arm-none-linux-gnueabi/bin/ld
lt_cv_path_NM='/scratchbox/compilers/bin/nm -B'
lt_cv_prog_compiler_c_o=yes
lt_cv_prog_compiler_pic_works=yes
lt_cv_prog_compiler_rtti_exceptions=no
lt_cv_prog_compiler_static_works=yes
lt_cv_prog_gnu_ld=yes
lt_cv_sys_global_symbol_pipe='sed -n -e '\''s/^.*[	 ]\([ABCDGIRSTW][ABCDGIRSTW]*\)[	 ][	 ]*\([_A-Za-z][_A-Za-z0-9]*\)$/\1 \2 \2/p'\'''
lt_cv_sys_global_symbol_to_c_name_address='sed -n -e '\''s/^: \([^ ]*\) $/  {\"\1\", (void *) 0},/p'\'' -e '\''s/^[ABCDGIRSTW]* \([^ ]*\) \([^ ]*\)$/  {"\2", (void *) \&\2},/p'\'''
lt_cv_sys_global_symbol_to_c_name_address_lib_prefix='sed -n -e '\''s/^: \([^ ]*\) $/  {\"\1\", (void *) 0},/p'\'' -e '\''s/^[ABCDGIRSTW]* \([^ ]*\) \(lib[^ ]*\)$/  {"\2", (void *) \&\2},/p'\'' -e '\''s/^[ABCDGIRSTW]* \([^ ]*\) \([^ ]*\)$/  {"lib\2", (void *) \&\2},/p'\'''
lt_cv_sys_global_symbol_to_cdecl='sed -n -e '\''s/^T .* \(.*\)$/extern int \1();/p'\'' -e '\''s/^[ABCDGIRSTW]* .* \(.*\)$/extern char \1;/p'\'''
lt_cv_sys_max_cmd_len=98304

## ----------------- ##
## Output variables. ##
## ----------------- ##

ACLOCAL='${SHELL} /home/tjw/tjKindle/autotools/pkg-config-0.25/glib-1.2.10/missing --run aclocal-1.11'
AMDEPBACKSLASH='\'
AMDEP_FALSE='#'
AMDEP_TRUE=''
AMTAR='${SHELL} /home/tjw/tjKindle/autotools/pkg-config-0.25/glib-1.2.10/missing --run tar'
AR='ar'
AUTOCONF='${SHELL} /home/tjw/tjKindle/autotools/pkg-config-0.25/glib-1.2.10/missing --run autoconf'
AUTOHEADER='${SHELL} /home/tjw/tjKindle/autotools/pkg-config-0.25/glib-1.2.10/missing --run autoheader'
AUTOMAKE='${SHELL} /home/tjw/tjKindle/autotools/pkg-config-0.25/glib-1.2.10/missing --run automake-1.11'
AWK='gawk'
CC='gcc'
CCDEPMODE='depmode=gcc3'
CFLAGS='-O2 -march=armv6j -mtune=arm1136jf-s -pipe -fomit-frame-pointer -fno-stack-protector -Wall  -D_REENTRANT'
CPP='gcc -E'
CPPFLAGS=''
CYGPATH_W='echo'
DEFS='-DHAVE_CONFIG_H'
DEPDIR='.deps'
DSYMUTIL=''
DUMPBIN=''
ECHO_C=''
ECHO_N='-n'
ECHO_T=''
EGREP='/scratchbox/tools/bin/grep -E'
ENABLE_MEM_CHECK=''
ENABLE_MEM_PROFILE=''
EXEEXT=''
FGREP='/scratchbox/tools/bin/grep -F'
GLIB_BINARY_AGE='10'
GLIB_DEBUG_FLAGS=''
GLIB_INTERFACE_AGE='10'
GLIB_MAJOR_VERSION='1'
GLIB_MICRO_VERSION='10'
GLIB_MINOR_VERSION='2'
GLIB_VERSION='1.2.10'
GREP='/scratchbox/tools/bin/grep'
G_MODULE_BROKEN_RTLD_GLOBAL='0'
G_MODULE_HAVE_DLERROR='1'
G_MODULE_IMPL='G_MODULE_IMPL_DL'
G_MODULE_LDFLAGS='-rdynamic'
G_MODULE_LIBS='-ldl'
G_MODULE_NEED_USCORE='0'
G_THREAD_CFLAGS=' -D_REENTRANT'
G_THREAD_LIBS='-lpthread'
INSTALL_DATA='${INSTALL} -m 644'
INSTALL_PROGRAM='${INSTALL}'
INSTALL_SCRIPT='${INSTALL}'
INSTALL_STRIP_PROGRAM='$(install_sh) -c -s'
LD='/scratchbox/compilers/cs2007q3-glibc2.5-arm6/arm-none-linux-gnueabi/bin/ld'
LDFLAGS=''
LIBOBJS=''
LIBS=''
LIBTOOL='$(SHELL) $(top_builddir)/libtool'
LIPO=''
LN_S='ln -s'
LTLIBOBJS=''
LT_AGE='0'
LT_CURRENT='0'
LT_RELEASE='1.2'
LT_REVISION='10'
MAINT='#'
MAINTAINER_MODE_FALSE=''
MAINTAINER_MODE_TRUE='#'
MAKEINFO='${SHELL} /home/tjw/tjKindle/autotools/pkg-config-0.25/glib-1.2.10/missing --run makeinfo'
MKDIR_P='/scratchbox/tools/bin/mkdir -p'
NM='/scratchbox/compilers/bin/nm -B'
NMEDIT=''
OBJDUMP='objdump'
OBJEXT='o'
OTOOL64=''
OTOOL=''
PACKAGE='glib'
PACKAGE_BUGREPORT=''
PACKAGE_NAME=''
PACKAGE_STRING=''
PACKAGE_TARNAME=''
PACKAGE_URL=''
PACKAGE_VERSION=''
PATH_SEPARATOR=':'
RANLIB='ranlib'
SED='/scratchbox/tools/bin/sed'
SET_MAKE=''
SHELL='/bin/sh'
STRIP='strip'
VERSION='1.2.10'
ac_ct_CC='gcc'
ac_ct_DUMPBIN=''
am__EXEEXT_FALSE=''
am__EXEEXT_TRUE='#'
am__fastdepCC_FALSE='#'
am__fastdepCC_TRUE=''
am__include='include'
am__isrc=''
am__leading_dot='.'
am__quote=''
am__tar='${AMTAR} chof - "$$tardir"'
am__untar='${AMTAR} xf -'
bindir='${exec_prefix}/bin'
build='arm-unknown-linux-gnu'
build_alias=''
build_cpu='arm'
build_os='linux-gnu'
build_vendor='unknown'
datadir='${datarootdir}'
datarootdir='${prefix}/share'
docdir='${datarootdir}/doc/${PACKAGE}'
dvidir='${docdir}'
exec_prefix='${prefix}'
host='arm-unknown-linux-gnu'
host_alias=''
host_cpu='arm'
host_os='linux-gnu'
host_vendor='unknown'
htmldir='${docdir}'
includedir='${prefix}/include'
infodir='${datarootdir}/info'
install_sh='${SHELL} /home/tjw/tjKindle/autotools/pkg-config-0.25/glib-1.2.10/install-sh'
libdir='${exec_prefix}/lib'
libexecdir='${exec_prefix}/libexec'
localedir='${datarootdir}/locale'
localstatedir='${prefix}/var'
lt_ECHO='echo'
mandir='${datarootdir}/man'
mkdir_p='/scratchbox/tools/bin/mkdir -p'
oldincludedir='/usr/include'
pdfdir='${docdir}'
prefix='/usr/local'
program_transform_name='s,x,x,'
psdir='${docdir}'
sbindir='${exec_prefix}/sbin'
sharedstatedir='${prefix}/com'
sysconfdir='${prefix}/etc'
target_alias=''

## ----------- ##
## confdefs.h. ##
## ----------- ##

/* confdefs.h */
#define PACKAGE_NAME ""
#define PACKAGE_TARNAME ""
#define PACKAGE_VERSION ""
#define PACKAGE_STRING ""
#define PACKAGE_BUGREPORT ""
#define PACKAGE_URL ""
#define GLIB_MAJOR_VERSION 1
#define GLIB_MINOR_VERSION 2
#define GLIB_MICRO_VERSION 10
#define GLIB_INTERFACE_AGE 10
#define GLIB_BINARY_AGE 10
#define STDC_HEADERS 1
#define HAVE_SYS_TYPES_H 1
#define HAVE_SYS_STAT_H 1
#define HAVE_STDLIB_H 1
#define HAVE_STRING_H 1
#define HAVE_MEMORY_H 1
#define HAVE_STRINGS_H 1
#define HAVE_INTTYPES_H 1
#define HAVE_STDINT_H 1
#define HAVE_UNISTD_H 1
#define HAVE_DLFCN_H 1
#define LT_OBJDIR ".libs/"
#define G_COMPILED_WITH_DEBUGGING "minimum"
#define STDC_HEADERS 1
#define HAVE_VPRINTF 1
#define HAVE_ATEXIT 1
#define HAVE_ON_EXIT 1
#define SIZEOF_CHAR 1
#define SIZEOF_SHORT 2
#define SIZEOF_LONG 4
#define SIZEOF_INT 4
#define SIZEOF_VOID_P 4
#define SIZEOF_LONG_LONG 8
#define G_HAVE___INLINE 1
#define G_HAVE___INLINE__ 1
#define G_HAVE_INLINE 1
#define HAVE_FLOAT_H 1
#define HAVE_FLOAT_H 1
#define HAVE_LIMITS_H 1
#define HAVE_LIMITS_H 1
#define HAVE_PWD_H 1
#define HAVE_PWD_H 1
#define HAVE_SYS_PARAM_H 1
#define HAVE_SYS_PARAM_H 1
#define HAVE_SYS_POLL_H 1
#define HAVE_SYS_POLL_H 1
#define HAVE_SYS_SELECT_H 1
#define HAVE_SYS_SELECT_H 1
#define HAVE_SYS_TIME_H 1
#define HAVE_SYS_TIME_H 1
#define HAVE_SYS_TIMES_H 1
#define HAVE_SYS_TIMES_H 1
#define HAVE_UNISTD_H 1
#define HAVE_UNISTD_H 1
#define HAVE_VALUES_H 1
#define HAVE_VALUES_H 1
#define HAVE_LSTAT 1
#define HAVE_STRERROR 1
#define HAVE_STRSIGNAL 1
#define HAVE_MEMMOVE 1
#define HAVE_VSNPRINTF 1
#define HAVE_STRCASECMP 1
#define HAVE_STRNCASECMP 1
#define HAVE_POLL 1
#define HAVE_WCHAR_H 1
#define HAVE_WCTYPE_H 1
#define REALLOC_0_WORKS 1
#define G_VA_COPY va_copy
#define HAVE_LOCALTIME_R 1
#define HAVE_RAND_R 1
#define HAVE_GETPWUID_R 1
#define HAVE_GETPWUID_R_POSIX 1
#define HAVE_PTHREAD_GETSPECIFIC_POSIX 1
#define HAVE_PTHREAD_MUTEX_TRYLOCK_POSIX 1
#define HAVE_PTHREAD_COND_TIMEDWAIT_POSIX 1
#define G_THREAD_SOURCE "gthread-posix.c"
#define GLIB_SIZEOF_GMUTEX 24
#define GLIB_BYTE_CONTENTS_GMUTEX 0,0,0,0,0,0,0,0,0,0,0,0,0,0,0,0,0,0,0,0,0,0,0,0

configure: exit 0

## ---------------------- ##
## Running config.status. ##
## ---------------------- ##

This file was extended by config.status, which was
generated by GNU Autoconf 2.65.  Invocation command line was

  CONFIG_FILES    = 
  CONFIG_HEADERS  = 
  CONFIG_LINKS    = 
  CONFIG_COMMANDS = 
  $ ./config.status 

on tjw-pc

config.status:1560: executing depfiles commands
config.status:1560: executing libtool commands
config.status:1560: executing default-1 commands
config.status:1560: executing default commands
