This file contains any messages produced by compilers while
running configure, to aid debugging if configure makes a mistake.

It was created by Leafpad configure 0.8.18.1, which was
generated by GNU Autoconf 2.67.  Invocation command line was

  $ ./configure 

## --------- ##
## Platform. ##
## --------- ##

hostname = tjw-pc
uname -m = arm
uname -r = 2.6.38-11-generic
uname -s = Linux
uname -v = #48-Ubuntu SMP Fri Jul 29 19:02:55 UTC 2011

/usr/bin/uname -p = unknown
/bin/uname -X     = unknown

/bin/arch              = arm
/usr/bin/arch -k       = arm
/usr/convex/getsysinfo = unknown
/usr/bin/hostinfo      = unknown
/bin/machine           = unknown
/usr/bin/oslevel       = unknown
/bin/universe          = unknown

PATH: /home/tjw/kindle/tjKindle
PATH: /usr/local/bin
PATH: /usr/local/bin
PATH: /host_usr/bin
PATH: /scratchbox/devkits/svn/bin
PATH: /scratchbox/devkits/qemu/bin
PATH: /scratchbox/devkits/perl/bin
PATH: /scratchbox/devkits/git/bin
PATH: /scratchbox/devkits/doctools/bin
PATH: /scratchbox/tools/bin
PATH: /targets/links/arch_tools/bin
PATH: /scratchbox/compilers/bin
PATH: /bin
PATH: /usr/bin
PATH: /usr/local/bin
PATH: /usr/X11R6/bin
PATH: /sbin
PATH: /usr/sbin


## ----------- ##
## Core tests. ##
## ----------- ##

configure:2226: checking for a BSD-compatible install
configure:2294: result: /scratchbox/tools/bin/install -c
configure:2305: checking whether build environment is sane
configure:2355: result: yes
configure:2496: checking for a thread-safe mkdir -p
configure:2535: result: /scratchbox/tools/bin/mkdir -p
configure:2548: checking for gawk
configure:2564: found /scratchbox/tools/bin/gawk
configure:2575: result: gawk
configure:2586: checking whether make sets $(MAKE)
configure:2608: result: yes
configure:2692: checking whether NLS is requested
configure:2701: result: yes
configure:2717: checking for style of include used by make
configure:2745: result: GNU
configure:2815: checking for gcc
configure:2831: found /scratchbox/compilers/bin/gcc
configure:2842: result: gcc
configure:3071: checking for C compiler version
configure:3080: gcc --version >&5
sbox-arm-none-linux-gnueabi-gcc (GCC) 4.2.1
Copyright (C) 2007 Free Software Foundation, Inc.
This is free software; see the source for copying conditions.  There is NO
warranty; not even for MERCHANTABILITY or FITNESS FOR A PARTICULAR PURPOSE.

configure:3091: $? = 0
configure:3080: gcc -v >&5
Using built-in specs.
Reading specs from /scratchbox/compilers/cs2007q3-glibc2.5-arm6/gcc.specs
rename spec cpp to old_cpp
rename spec cc1 to old_cc1
rename spec cc1plus to old_cc1plus
rename spec link to old_link
Target: arm-none-linux-gnueabi
Configured with: /home/jhakala/cs2007q3-sb4/arm/src/gcc-4.2/configure --build=i686-pc-linux-gnu --host=i686-pc-linux-gnu --target=arm-none-linux-gnueabi --enable-threads --disable-libmudflap --disable-libssp --disable-libgomp --disable-libstdcxx-pch --with-gnu-as --with-gnu-ld --enable-languages=c,c++ --enable-shared --enable-symvers=gnu --enable-__cxa_atexit --disable-nls --prefix=/opt/maemo --with-sysroot=/opt/maemo/arm-none-linux-gnueabi/libc --with-build-sysroot=/home/jhakala/cs2007q3-sb4/arm/install/arm-none-linux-gnueabi/libc --with-build-time-tools=/home/jhakala/cs2007q3-sb4/arm/install/arm-none-linux-gnueabi/bin
Thread model: posix
gcc version 4.2.1
configure:3091: $? = 0
configure:3080: gcc -V >&5
sbox-arm-none-linux-gnueabi-gcc: '-V' must come at the start of the command line
configure:3091: $? = 1
configure:3080: gcc -qversion >&5
sbox-arm-none-linux-gnueabi-gcc: unrecognized option '-qversion'
sbox-arm-none-linux-gnueabi-gcc: no input files
configure:3091: $? = 1
configure:3111: checking whether the C compiler works
configure:3133: gcc -O2 -march=armv6j -mtune=arm1136jf-s -pipe -fomit-frame-pointer -fno-stack-protector   conftest.c  >&5
configure:3137: $? = 0
configure:3185: result: yes
configure:3188: checking for C compiler default output file name
configure:3190: result: a.out
configure:3196: checking for suffix of executables
configure:3203: gcc -o conftest -O2 -march=armv6j -mtune=arm1136jf-s -pipe -fomit-frame-pointer -fno-stack-protector   conftest.c  >&5
configure:3207: $? = 0
configure:3229: result: 
configure:3251: checking whether we are cross compiling
configure:3259: gcc -o conftest -O2 -march=armv6j -mtune=arm1136jf-s -pipe -fomit-frame-pointer -fno-stack-protector   conftest.c  >&5
configure:3263: $? = 0
configure:3270: ./conftest
configure:3274: $? = 0
configure:3289: result: no
configure:3294: checking for suffix of object files
configure:3316: gcc -c -O2 -march=armv6j -mtune=arm1136jf-s -pipe -fomit-frame-pointer -fno-stack-protector  conftest.c >&5
configure:3320: $? = 0
configure:3341: result: o
configure:3345: checking whether we are using the GNU C compiler
configure:3364: gcc -c -O2 -march=armv6j -mtune=arm1136jf-s -pipe -fomit-frame-pointer -fno-stack-protector  conftest.c >&5
configure:3364: $? = 0
configure:3373: result: yes
configure:3382: checking whether gcc accepts -g
configure:3402: gcc -c -g  conftest.c >&5
configure:3402: $? = 0
configure:3443: result: yes
configure:3460: checking for gcc option to accept ISO C89
configure:3524: gcc  -c -O2 -march=armv6j -mtune=arm1136jf-s -pipe -fomit-frame-pointer -fno-stack-protector  conftest.c >&5
configure:3524: $? = 0
configure:3537: result: none needed
configure:3559: checking dependency style of gcc
configure:3669: result: gcc3
configure:3711: checking for intltool-update
configure:3729: found /scratchbox/devkits/doctools/bin/intltool-update
configure:3741: result: /scratchbox/devkits/doctools/bin/intltool-update
configure:3751: checking for intltool-merge
configure:3769: found /scratchbox/devkits/doctools/bin/intltool-merge
configure:3781: result: /scratchbox/devkits/doctools/bin/intltool-merge
configure:3791: checking for intltool-extract
configure:3809: found /scratchbox/devkits/doctools/bin/intltool-extract
configure:3821: result: /scratchbox/devkits/doctools/bin/intltool-extract
configure:3952: checking for xgettext
configure:3970: found /usr/local/bin/xgettext
configure:3982: result: /usr/local/bin/xgettext
configure:3992: checking for msgmerge
configure:4010: found /usr/local/bin/msgmerge
configure:4022: result: /usr/local/bin/msgmerge
configure:4032: checking for msgfmt
configure:4050: found /usr/local/bin/msgfmt
configure:4062: result: /usr/local/bin/msgfmt
configure:4072: checking for gmsgfmt
configure:4103: result: /usr/local/bin/msgfmt
configure:4123: checking for perl
configure:4141: found /scratchbox/tools/bin/perl
configure:4153: result: /scratchbox/tools/bin/perl
configure:4164: checking for perl >= 5.8.1
configure:4171: result: 5.8.4
configure:4203: gcc -o conftest -O2 -march=armv6j -mtune=arm1136jf-s -pipe -fomit-frame-pointer -fno-stack-protector   conftest.c  >&5
configure:4203: $? = 0
configure:4277: checking for gcc
configure:4304: result: gcc
configure:4533: checking for C compiler version
configure:4542: gcc --version >&5
sbox-arm-none-linux-gnueabi-gcc (GCC) 4.2.1
Copyright (C) 2007 Free Software Foundation, Inc.
This is free software; see the source for copying conditions.  There is NO
warranty; not even for MERCHANTABILITY or FITNESS FOR A PARTICULAR PURPOSE.

configure:4553: $? = 0
configure:4542: gcc -v >&5
Using built-in specs.
Reading specs from /scratchbox/compilers/cs2007q3-glibc2.5-arm6/gcc.specs
rename spec cpp to old_cpp
rename spec cc1 to old_cc1
rename spec cc1plus to old_cc1plus
rename spec link to old_link
Target: arm-none-linux-gnueabi
Configured with: /home/jhakala/cs2007q3-sb4/arm/src/gcc-4.2/configure --build=i686-pc-linux-gnu --host=i686-pc-linux-gnu --target=arm-none-linux-gnueabi --enable-threads --disable-libmudflap --disable-libssp --disable-libgomp --disable-libstdcxx-pch --with-gnu-as --with-gnu-ld --enable-languages=c,c++ --enable-shared --enable-symvers=gnu --enable-__cxa_atexit --disable-nls --prefix=/opt/maemo --with-sysroot=/opt/maemo/arm-none-linux-gnueabi/libc --with-build-sysroot=/home/jhakala/cs2007q3-sb4/arm/install/arm-none-linux-gnueabi/libc --with-build-time-tools=/home/jhakala/cs2007q3-sb4/arm/install/arm-none-linux-gnueabi/bin
Thread model: posix
gcc version 4.2.1
configure:4553: $? = 0
configure:4542: gcc -V >&5
sbox-arm-none-linux-gnueabi-gcc: '-V' must come at the start of the command line
configure:4553: $? = 1
configure:4542: gcc -qversion >&5
sbox-arm-none-linux-gnueabi-gcc: unrecognized option '-qversion'
sbox-arm-none-linux-gnueabi-gcc: no input files
configure:4553: $? = 1
configure:4557: checking whether we are using the GNU C compiler
configure:4585: result: yes
configure:4594: checking whether gcc accepts -g
configure:4655: result: yes
configure:4672: checking for gcc option to accept ISO C89
configure:4749: result: none needed
configure:4771: checking dependency style of gcc
configure:4881: result: gcc3
configure:4900: checking whether gcc and cc understand -c and -o together
configure:4931: gcc -c conftest.c -o conftest2.o >&5
configure:4935: $? = 0
configure:4941: gcc -c conftest.c -o conftest2.o >&5
configure:4945: $? = 0
configure:4956: cc -c conftest.c >&5
configure:4960: $? = 0
configure:4968: cc -c conftest.c -o conftest2.o >&5
configure:4972: $? = 0
configure:4978: cc -c conftest.c -o conftest2.o >&5
configure:4982: $? = 0
configure:5000: result: yes
configure:5079: checking for pkg-config
configure:5097: found /usr/local/bin/pkg-config
configure:5109: result: /usr/local/bin/pkg-config
configure:5134: checking pkg-config is at least version 0.9.0
configure:5137: result: yes
configure:5147: checking for GTK
configure:5154: $PKG_CONFIG --exists --print-errors "gtk+-2.0"
configure:5157: $? = 0
configure:5170: $PKG_CONFIG --exists --print-errors "gtk+-2.0"
configure:5173: $? = 0
configure:5230: result: yes
configure:5242: $PKG_CONFIG --exists --print-errors "gtk+-2.0 >= 2.4.0"
configure:5245: $? = 0
configure:5260: $PKG_CONFIG --exists --print-errors "gtk+-2.0 >= 2.10.0"
configure:5263: $? = 0
configure:5361: checking how to run the C preprocessor
configure:5392: gcc -E  conftest.c
configure:5392: $? = 0
configure:5406: gcc -E  conftest.c
conftest.c:13:28: error: ac_nonexistent.h: No such file or directory
configure:5406: $? = 1
configure: failed program was:
| /* confdefs.h */
| #define PACKAGE_NAME "Leafpad"
| #define PACKAGE_TARNAME "leafpad"
| #define PACKAGE_VERSION "0.8.18.1"
| #define PACKAGE_STRING "Leafpad 0.8.18.1"
| #define PACKAGE_BUGREPORT "tarot@sdf.lonestar.org"
| #define PACKAGE_URL ""
| #define PACKAGE "leafpad"
| #define VERSION "0.8.18.1"
| #define ENABLE_CHOOSER 1
| #define ENABLE_PRINT 1
| /* end confdefs.h.  */
| #include <ac_nonexistent.h>
configure:5431: result: gcc -E
configure:5451: gcc -E  conftest.c
configure:5451: $? = 0
configure:5465: gcc -E  conftest.c
conftest.c:13:28: error: ac_nonexistent.h: No such file or directory
configure:5465: $? = 1
configure: failed program was:
| /* confdefs.h */
| #define PACKAGE_NAME "Leafpad"
| #define PACKAGE_TARNAME "leafpad"
| #define PACKAGE_VERSION "0.8.18.1"
| #define PACKAGE_STRING "Leafpad 0.8.18.1"
| #define PACKAGE_BUGREPORT "tarot@sdf.lonestar.org"
| #define PACKAGE_URL ""
| #define PACKAGE "leafpad"
| #define VERSION "0.8.18.1"
| #define ENABLE_CHOOSER 1
| #define ENABLE_PRINT 1
| /* end confdefs.h.  */
| #include <ac_nonexistent.h>
configure:5494: checking for grep that handles long lines and -e
configure:5552: result: /scratchbox/tools/bin/grep
configure:5557: checking for egrep
configure:5619: result: /scratchbox/tools/bin/grep -E
configure:5624: checking for ANSI C header files
configure:5644: gcc -c -O2 -march=armv6j -mtune=arm1136jf-s -pipe -fomit-frame-pointer -fno-stack-protector -Wall  conftest.c >&5
configure:5644: $? = 0
configure:5717: gcc -o conftest -O2 -march=armv6j -mtune=arm1136jf-s -pipe -fomit-frame-pointer -fno-stack-protector -Wall   conftest.c  >&5
configure:5717: $? = 0
configure:5717: ./conftest
configure:5717: $? = 0
configure:5728: result: yes
configure:5741: checking for sys/types.h
configure:5741: gcc -c -O2 -march=armv6j -mtune=arm1136jf-s -pipe -fomit-frame-pointer -fno-stack-protector -Wall  conftest.c >&5
configure:5741: $? = 0
configure:5741: result: yes
configure:5741: checking for sys/stat.h
configure:5741: gcc -c -O2 -march=armv6j -mtune=arm1136jf-s -pipe -fomit-frame-pointer -fno-stack-protector -Wall  conftest.c >&5
configure:5741: $? = 0
configure:5741: result: yes
configure:5741: checking for stdlib.h
configure:5741: gcc -c -O2 -march=armv6j -mtune=arm1136jf-s -pipe -fomit-frame-pointer -fno-stack-protector -Wall  conftest.c >&5
configure:5741: $? = 0
configure:5741: result: yes
configure:5741: checking for string.h
configure:5741: gcc -c -O2 -march=armv6j -mtune=arm1136jf-s -pipe -fomit-frame-pointer -fno-stack-protector -Wall  conftest.c >&5
configure:5741: $? = 0
configure:5741: result: yes
configure:5741: checking for memory.h
configure:5741: gcc -c -O2 -march=armv6j -mtune=arm1136jf-s -pipe -fomit-frame-pointer -fno-stack-protector -Wall  conftest.c >&5
configure:5741: $? = 0
configure:5741: result: yes
configure:5741: checking for strings.h
configure:5741: gcc -c -O2 -march=armv6j -mtune=arm1136jf-s -pipe -fomit-frame-pointer -fno-stack-protector -Wall  conftest.c >&5
configure:5741: $? = 0
configure:5741: result: yes
configure:5741: checking for inttypes.h
configure:5741: gcc -c -O2 -march=armv6j -mtune=arm1136jf-s -pipe -fomit-frame-pointer -fno-stack-protector -Wall  conftest.c >&5
configure:5741: $? = 0
configure:5741: result: yes
configure:5741: checking for stdint.h
configure:5741: gcc -c -O2 -march=armv6j -mtune=arm1136jf-s -pipe -fomit-frame-pointer -fno-stack-protector -Wall  conftest.c >&5
configure:5741: $? = 0
configure:5741: result: yes
configure:5741: checking for unistd.h
configure:5741: gcc -c -O2 -march=armv6j -mtune=arm1136jf-s -pipe -fomit-frame-pointer -fno-stack-protector -Wall  conftest.c >&5
configure:5741: $? = 0
configure:5741: result: yes
configure:5756: checking locale.h usability
configure:5756: gcc -c -O2 -march=armv6j -mtune=arm1136jf-s -pipe -fomit-frame-pointer -fno-stack-protector -Wall  conftest.c >&5
configure:5756: $? = 0
configure:5756: result: yes
configure:5756: checking locale.h presence
configure:5756: gcc -E  conftest.c
configure:5756: $? = 0
configure:5756: result: yes
configure:5756: checking for locale.h
configure:5756: result: yes
configure:5767: checking for LC_MESSAGES
configure:5783: gcc -o conftest -O2 -march=armv6j -mtune=arm1136jf-s -pipe -fomit-frame-pointer -fno-stack-protector -Wall   conftest.c  >&5
configure:5783: $? = 0
configure:5791: result: yes
configure:5808: checking libintl.h usability
configure:5808: gcc -c -O2 -march=armv6j -mtune=arm1136jf-s -pipe -fomit-frame-pointer -fno-stack-protector -Wall  conftest.c >&5
configure:5808: $? = 0
configure:5808: result: yes
configure:5808: checking libintl.h presence
configure:5808: gcc -E  conftest.c
configure:5808: $? = 0
configure:5808: result: yes
configure:5808: checking for libintl.h
configure:5808: result: yes
configure:5816: checking for ngettext in libc
configure:5834: gcc -o conftest -O2 -march=armv6j -mtune=arm1136jf-s -pipe -fomit-frame-pointer -fno-stack-protector -Wall   conftest.c  >&5
configure:5834: $? = 0
configure:5843: result: yes
configure:5847: checking for dgettext in libc
configure:5865: gcc -o conftest -O2 -march=armv6j -mtune=arm1136jf-s -pipe -fomit-frame-pointer -fno-stack-protector -Wall   conftest.c  >&5
configure:5865: $? = 0
configure:5874: result: yes
configure:5881: checking for bind_textdomain_codeset
configure:5881: gcc -o conftest -O2 -march=armv6j -mtune=arm1136jf-s -pipe -fomit-frame-pointer -fno-stack-protector -Wall   conftest.c  >&5
configure:5881: $? = 0
configure:5881: result: yes
configure:6157: checking for msgfmt
configure:6184: result: /usr/local/bin/msgfmt
configure:6195: checking for dcgettext
configure:6195: gcc -o conftest -O2 -march=armv6j -mtune=arm1136jf-s -pipe -fomit-frame-pointer -fno-stack-protector -Wall   conftest.c   >&5
conftest.c:50: warning: conflicting types for built-in function 'dcgettext'
configure:6195: $? = 0
configure:6195: result: yes
configure:6205: checking if msgfmt accepts -c
configure:6220: $MSGFMT -c -o /dev/null conftest.foo
configure:6223: $? = 0
configure:6225: result: yes
configure:6235: checking for gmsgfmt
configure:6266: result: /usr/local/bin/msgfmt
configure:6276: checking for xgettext
configure:6303: result: /usr/local/bin/xgettext
configure:6322: gcc -o conftest -O2 -march=armv6j -mtune=arm1136jf-s -pipe -fomit-frame-pointer -fno-stack-protector -Wall   conftest.c   >&5
configure:6322: $? = 0
configure:6607: creating ./config.status

## ---------------------- ##
## Running config.status. ##
## ---------------------- ##

This file was extended by Leafpad config.status 0.8.18.1, which was
generated by GNU Autoconf 2.67.  Invocation command line was

  CONFIG_FILES    = 
  CONFIG_HEADERS  = 
  CONFIG_LINKS    = 
  CONFIG_COMMANDS = 
  $ ./config.status 

on tjw-pc

config.status:946: creating Makefile
config.status:946: creating src/Makefile
config.status:946: creating data/Makefile
config.status:946: creating data/icons/Makefile
config.status:946: creating data/icons/16x16/Makefile
config.status:946: creating data/icons/22x22/Makefile
config.status:946: creating data/icons/24x24/Makefile
config.status:946: creating data/icons/32x32/Makefile
config.status:946: creating data/icons/scalable/Makefile
config.status:946: creating po/Makefile.in
config.status:946: creating config.h
config.status:1126: config.h is unchanged
config.status:1174: executing depfiles commands
config.status:1174: executing default-1 commands
config.status:1174: executing po/stamp-it commands

## ---------------- ##
## Cache variables. ##
## ---------------- ##

ac_cv_c_compiler_gnu=yes
ac_cv_env_CC_set=
ac_cv_env_CC_value=
ac_cv_env_CFLAGS_set=set
ac_cv_env_CFLAGS_value='-O2 -march=armv6j -mtune=arm1136jf-s -pipe -fomit-frame-pointer -fno-stack-protector'
ac_cv_env_CPPFLAGS_set=
ac_cv_env_CPPFLAGS_value=
ac_cv_env_CPP_set=
ac_cv_env_CPP_value=
ac_cv_env_GNOMEPRINT_CFLAGS_set=
ac_cv_env_GNOMEPRINT_CFLAGS_value=
ac_cv_env_GNOMEPRINT_LIBS_set=
ac_cv_env_GNOMEPRINT_LIBS_value=
ac_cv_env_GTK_CFLAGS_set=
ac_cv_env_GTK_CFLAGS_value=
ac_cv_env_GTK_LIBS_set=
ac_cv_env_GTK_LIBS_value=
ac_cv_env_LDFLAGS_set=
ac_cv_env_LDFLAGS_value=
ac_cv_env_LIBS_set=
ac_cv_env_LIBS_value=
ac_cv_env_PKG_CONFIG_LIBDIR_set=
ac_cv_env_PKG_CONFIG_LIBDIR_value=
ac_cv_env_PKG_CONFIG_PATH_set=set
ac_cv_env_PKG_CONFIG_PATH_value=/usr/lib/pkgconfig:/usr/local/lib/pkgconfig
ac_cv_env_PKG_CONFIG_set=
ac_cv_env_PKG_CONFIG_value=
ac_cv_env_build_alias_set=
ac_cv_env_build_alias_value=
ac_cv_env_host_alias_set=
ac_cv_env_host_alias_value=
ac_cv_env_target_alias_set=
ac_cv_env_target_alias_value=
ac_cv_func_bind_textdomain_codeset=yes
ac_cv_func_dcgettext=yes
ac_cv_header_inttypes_h=yes
ac_cv_header_libintl_h=yes
ac_cv_header_locale_h=yes
ac_cv_header_memory_h=yes
ac_cv_header_stdc=yes
ac_cv_header_stdint_h=yes
ac_cv_header_stdlib_h=yes
ac_cv_header_string_h=yes
ac_cv_header_strings_h=yes
ac_cv_header_sys_stat_h=yes
ac_cv_header_sys_types_h=yes
ac_cv_header_unistd_h=yes
ac_cv_objext=o
ac_cv_path_EGREP='/scratchbox/tools/bin/grep -E'
ac_cv_path_GMSGFMT=/usr/local/bin/msgfmt
ac_cv_path_GREP=/scratchbox/tools/bin/grep
ac_cv_path_INTLTOOL_EXTRACT=/scratchbox/devkits/doctools/bin/intltool-extract
ac_cv_path_INTLTOOL_MERGE=/scratchbox/devkits/doctools/bin/intltool-merge
ac_cv_path_INTLTOOL_PERL=/scratchbox/tools/bin/perl
ac_cv_path_INTLTOOL_UPDATE=/scratchbox/devkits/doctools/bin/intltool-update
ac_cv_path_MSGFMT=/usr/local/bin/msgfmt
ac_cv_path_MSGMERGE=/usr/local/bin/msgmerge
ac_cv_path_XGETTEXT=/usr/local/bin/xgettext
ac_cv_path_ac_pt_PKG_CONFIG=/usr/local/bin/pkg-config
ac_cv_path_install='/scratchbox/tools/bin/install -c'
ac_cv_path_mkdir=/scratchbox/tools/bin/mkdir
ac_cv_prog_AWK=gawk
ac_cv_prog_CPP='gcc -E'
ac_cv_prog_ac_ct_CC=gcc
ac_cv_prog_cc_c89=
ac_cv_prog_cc_g=yes
ac_cv_prog_cc_gcc_c_o=yes
ac_cv_prog_make_make_set=yes
am_cv_CC_dependencies_compiler_type=gcc3
am_cv_val_LC_MESSAGES=yes
gt_cv_func_dgettext_libc=yes
gt_cv_func_dgettext_libintl=no
gt_cv_func_ngettext_libc=yes
gt_cv_have_gettext=yes
pkg_cv_GTK_CFLAGS='-D_REENTRANT -pthread -I/usr/local/include/gtk-2.0 -I/usr/local/lib/gtk-2.0/include -I/usr/local/include/cairo -I/usr/local/include/directfb -I/usr/local/include/glib-2.0 -I/usr/local/lib/glib-2.0/include -I/usr/local/include/pixman-1 -I/usr/local/include -I/usr/local/include/freetype2 -I/usr/local/include/libpng14 -I/usr/local/include/atk-1.0 -I/usr/local/include/pango-1.0  '
pkg_cv_GTK_LIBS='-pthread -L/usr/local/lib -lgtk-directfb-2.0 -lgdk-directfb-2.0 -latk-1.0 -lgio-2.0 -lgdk_pixbuf-2.0 -lpangocairo-1.0 -lpango-1.0 -lcairo -lgobject-2.0 -lgmodule-2.0 -lgthread-2.0 -lrt -lglib-2.0  '

## ----------------- ##
## Output variables. ##
## ----------------- ##

ACLOCAL='${SHELL} /home/tjw/tjKindle/GTKAPP/leafpad-0.8.18.1/missing --run aclocal-1.11'
ALL_LINGUAS=''
AMDEPBACKSLASH='\'
AMDEP_FALSE='#'
AMDEP_TRUE=''
AMTAR='${SHELL} /home/tjw/tjKindle/GTKAPP/leafpad-0.8.18.1/missing --run tar'
AUTOCONF='${SHELL} /home/tjw/tjKindle/GTKAPP/leafpad-0.8.18.1/missing --run autoconf'
AUTOHEADER='${SHELL} /home/tjw/tjKindle/GTKAPP/leafpad-0.8.18.1/missing --run autoheader'
AUTOMAKE='${SHELL} /home/tjw/tjKindle/GTKAPP/leafpad-0.8.18.1/missing --run automake-1.11'
AWK='gawk'
CATALOGS=''
CATOBJEXT='.gmo'
CC='gcc'
CCDEPMODE='depmode=gcc3'
CFLAGS='-O2 -march=armv6j -mtune=arm1136jf-s -pipe -fomit-frame-pointer -fno-stack-protector -Wall'
CPP='gcc -E'
CPPFLAGS=''
CYGPATH_W='echo'
DATADIRNAME='share'
DEFS='-DHAVE_CONFIG_H'
DEPDIR='.deps'
ECHO_C=''
ECHO_N='-n'
ECHO_T=''
EGREP='/scratchbox/tools/bin/grep -E'
EXEEXT=''
GETTEXT_PACKAGE='leafpad'
GMOFILES=''
GMSGFMT='/usr/local/bin/msgfmt'
GNOMEPRINT_CFLAGS=''
GNOMEPRINT_LIBS=''
GREP='/scratchbox/tools/bin/grep'
GTK_CFLAGS='-D_REENTRANT -pthread -I/usr/local/include/gtk-2.0 -I/usr/local/lib/gtk-2.0/include -I/usr/local/include/cairo -I/usr/local/include/directfb -I/usr/local/include/glib-2.0 -I/usr/local/lib/glib-2.0/include -I/usr/local/include/pixman-1 -I/usr/local/include -I/usr/local/include/freetype2 -I/usr/local/include/libpng14 -I/usr/local/include/atk-1.0 -I/usr/local/include/pango-1.0  '
GTK_LIBS='-pthread -L/usr/local/lib -lgtk-directfb-2.0 -lgdk-directfb-2.0 -latk-1.0 -lgio-2.0 -lgdk_pixbuf-2.0 -lpangocairo-1.0 -lpango-1.0 -lcairo -lgobject-2.0 -lgmodule-2.0 -lgthread-2.0 -lrt -lglib-2.0  '
INSTALL_DATA='${INSTALL} -m 644'
INSTALL_PROGRAM='${INSTALL}'
INSTALL_SCRIPT='${INSTALL}'
INSTALL_STRIP_PROGRAM='$(install_sh) -c -s'
INSTOBJEXT='.mo'
INTLLIBS=''
INTLTOOL_CAVES_RULE='%.caves:     %.caves.in     $(INTLTOOL_MERGE) $(wildcard $(top_srcdir)/po/*.po) ; LC_ALL=C $(INTLTOOL_MERGE) -d -u -c $(top_builddir)/po/.intltool-merge-cache $(top_srcdir)/po $< $@'
INTLTOOL_DESKTOP_RULE='%.desktop:   %.desktop.in   $(INTLTOOL_MERGE) $(wildcard $(top_srcdir)/po/*.po) ; LC_ALL=C $(INTLTOOL_MERGE) -d -u -c $(top_builddir)/po/.intltool-merge-cache $(top_srcdir)/po $< $@'
INTLTOOL_DIRECTORY_RULE='%.directory: %.directory.in $(INTLTOOL_MERGE) $(wildcard $(top_srcdir)/po/*.po) ; LC_ALL=C $(INTLTOOL_MERGE) -d -u -c $(top_builddir)/po/.intltool-merge-cache $(top_srcdir)/po $< $@'
INTLTOOL_EXTRACT='/scratchbox/devkits/doctools/bin/intltool-extract'
INTLTOOL_KBD_RULE='%.kbd:       %.kbd.in       $(INTLTOOL_MERGE) $(wildcard $(top_srcdir)/po/*.po) ; LC_ALL=C $(INTLTOOL_MERGE) -x -u -m -c $(top_builddir)/po/.intltool-merge-cache $(top_srcdir)/po $< $@'
INTLTOOL_KEYS_RULE='%.keys:      %.keys.in      $(INTLTOOL_MERGE) $(wildcard $(top_srcdir)/po/*.po) ; LC_ALL=C $(INTLTOOL_MERGE) -k -u -c $(top_builddir)/po/.intltool-merge-cache $(top_srcdir)/po $< $@'
INTLTOOL_MERGE='/scratchbox/devkits/doctools/bin/intltool-merge'
INTLTOOL_OAF_RULE='%.oaf:       %.oaf.in       $(INTLTOOL_MERGE) $(wildcard $(top_srcdir)/po/*.po) ; LC_ALL=C $(INTLTOOL_MERGE) -o -p $(top_srcdir)/po $< $@'
INTLTOOL_PERL='/scratchbox/tools/bin/perl'
INTLTOOL_POLICY_RULE='%.policy:    %.policy.in    $(INTLTOOL_MERGE) $(wildcard $(top_srcdir)/po/*.po) ; LC_ALL=C $(INTLTOOL_MERGE) -x -u -c $(top_builddir)/po/.intltool-merge-cache $(top_srcdir)/po $< $@'
INTLTOOL_PONG_RULE='%.pong:      %.pong.in      $(INTLTOOL_MERGE) $(wildcard $(top_srcdir)/po/*.po) ; LC_ALL=C $(INTLTOOL_MERGE) -x -u -c $(top_builddir)/po/.intltool-merge-cache $(top_srcdir)/po $< $@'
INTLTOOL_PROP_RULE='%.prop:      %.prop.in      $(INTLTOOL_MERGE) $(wildcard $(top_srcdir)/po/*.po) ; LC_ALL=C $(INTLTOOL_MERGE) -d -u -c $(top_builddir)/po/.intltool-merge-cache $(top_srcdir)/po $< $@'
INTLTOOL_SCHEMAS_RULE='%.schemas:   %.schemas.in   $(INTLTOOL_MERGE) $(wildcard $(top_srcdir)/po/*.po) ; LC_ALL=C $(INTLTOOL_MERGE) -s -u -c $(top_builddir)/po/.intltool-merge-cache $(top_srcdir)/po $< $@'
INTLTOOL_SERVER_RULE='%.server:    %.server.in    $(INTLTOOL_MERGE) $(wildcard $(top_srcdir)/po/*.po) ; LC_ALL=C $(INTLTOOL_MERGE) -o -u -c $(top_builddir)/po/.intltool-merge-cache $(top_srcdir)/po $< $@'
INTLTOOL_SERVICE_RULE='%.service: %.service.in   $(INTLTOOL_MERGE) $(wildcard $(top_srcdir)/po/*.po) ; LC_ALL=C $(INTLTOOL_MERGE) -d -u -c $(top_builddir)/po/.intltool-merge-cache $(top_srcdir)/po $< $@'
INTLTOOL_SHEET_RULE='%.sheet:     %.sheet.in     $(INTLTOOL_MERGE) $(wildcard $(top_srcdir)/po/*.po) ; LC_ALL=C $(INTLTOOL_MERGE) -x -u -c $(top_builddir)/po/.intltool-merge-cache $(top_srcdir)/po $< $@'
INTLTOOL_SOUNDLIST_RULE='%.soundlist: %.soundlist.in $(INTLTOOL_MERGE) $(wildcard $(top_srcdir)/po/*.po) ; LC_ALL=C $(INTLTOOL_MERGE) -d -u -c $(top_builddir)/po/.intltool-merge-cache $(top_srcdir)/po $< $@'
INTLTOOL_THEME_RULE='%.theme:     %.theme.in     $(INTLTOOL_MERGE) $(wildcard $(top_srcdir)/po/*.po) ; LC_ALL=C $(INTLTOOL_MERGE) -d -u -c $(top_builddir)/po/.intltool-merge-cache $(top_srcdir)/po $< $@'
INTLTOOL_UI_RULE='%.ui:        %.ui.in        $(INTLTOOL_MERGE) $(wildcard $(top_srcdir)/po/*.po) ; LC_ALL=C $(INTLTOOL_MERGE) -x -u -c $(top_builddir)/po/.intltool-merge-cache $(top_srcdir)/po $< $@'
INTLTOOL_UPDATE='/scratchbox/devkits/doctools/bin/intltool-update'
INTLTOOL_XAM_RULE='%.xam:       %.xml.in       $(INTLTOOL_MERGE) $(wildcard $(top_srcdir)/po/*.po) ; LC_ALL=C $(INTLTOOL_MERGE) -x -u -c $(top_builddir)/po/.intltool-merge-cache $(top_srcdir)/po $< $@'
INTLTOOL_XML_NOMERGE_RULE='%.xml:       %.xml.in       $(INTLTOOL_MERGE) ; LC_ALL=C $(INTLTOOL_MERGE) -x -u /tmp $< $@'
INTLTOOL_XML_RULE='%.xml:       %.xml.in       $(INTLTOOL_MERGE) $(wildcard $(top_srcdir)/po/*.po) ; LC_ALL=C $(INTLTOOL_MERGE) -x -u -c $(top_builddir)/po/.intltool-merge-cache $(top_srcdir)/po $< $@'
LDFLAGS=''
LIBOBJS=''
LIBS=''
LTLIBOBJS=''
MAKEINFO='${SHELL} /home/tjw/tjKindle/GTKAPP/leafpad-0.8.18.1/missing --run makeinfo'
MKDIR_P='/scratchbox/tools/bin/mkdir -p'
MKINSTALLDIRS='./mkinstalldirs'
MSGFMT='/usr/local/bin/msgfmt'
MSGFMT_OPTS='-c'
MSGMERGE='/usr/local/bin/msgmerge'
OBJEXT='o'
PACKAGE='leafpad'
PACKAGE_BUGREPORT='tarot@sdf.lonestar.org'
PACKAGE_NAME='Leafpad'
PACKAGE_STRING='Leafpad 0.8.18.1'
PACKAGE_TARNAME='leafpad'
PACKAGE_URL=''
PACKAGE_VERSION='0.8.18.1'
PATH_SEPARATOR=':'
PKG_CONFIG='/usr/local/bin/pkg-config'
PKG_CONFIG_LIBDIR=''
PKG_CONFIG_PATH='/usr/lib/pkgconfig:/usr/local/lib/pkgconfig'
POFILES=''
POSUB='po'
PO_IN_DATADIR_FALSE=''
PO_IN_DATADIR_TRUE=''
SET_MAKE=''
SHELL='/bin/sh'
STRIP=''
USE_NLS='yes'
VERSION='0.8.18.1'
XGETTEXT='/usr/local/bin/xgettext'
ac_ct_CC='gcc'
am__EXEEXT_FALSE=''
am__EXEEXT_TRUE='#'
am__fastdepCC_FALSE='#'
am__fastdepCC_TRUE=''
am__include='include'
am__isrc=''
am__leading_dot='.'
am__quote=''
am__tar='${AMTAR} chof - "$$tardir"'
am__untar='${AMTAR} xf -'
bindir='${exec_prefix}/bin'
build_alias=''
datadir='${datarootdir}'
datarootdir='${prefix}/share'
docdir='${datarootdir}/doc/${PACKAGE_TARNAME}'
dvidir='${docdir}'
exec_prefix='${prefix}'
host_alias=''
htmldir='${docdir}'
includedir='${prefix}/include'
infodir='${datarootdir}/info'
install_sh='${SHELL} /home/tjw/tjKindle/GTKAPP/leafpad-0.8.18.1/install-sh'
libdir='${exec_prefix}/lib'
libexecdir='${exec_prefix}/libexec'
localedir='/usr/local/share/locale'
localstatedir='${prefix}/var'
mandir='${datarootdir}/man'
mkdir_p='/scratchbox/tools/bin/mkdir -p'
oldincludedir='/usr/include'
pdfdir='${docdir}'
prefix='/usr/local'
program_transform_name='s,x,x,'
psdir='${docdir}'
sbindir='${exec_prefix}/sbin'
sharedstatedir='${prefix}/com'
sysconfdir='${prefix}/etc'
target_alias=''

## ----------- ##
## confdefs.h. ##
## ----------- ##

/* confdefs.h */
#define PACKAGE_NAME "Leafpad"
#define PACKAGE_TARNAME "leafpad"
#define PACKAGE_VERSION "0.8.18.1"
#define PACKAGE_STRING "Leafpad 0.8.18.1"
#define PACKAGE_BUGREPORT "tarot@sdf.lonestar.org"
#define PACKAGE_URL ""
#define PACKAGE "leafpad"
#define VERSION "0.8.18.1"
#define ENABLE_CHOOSER 1
#define ENABLE_PRINT 1
#define STDC_HEADERS 1
#define HAVE_SYS_TYPES_H 1
#define HAVE_SYS_STAT_H 1
#define HAVE_STDLIB_H 1
#define HAVE_STRING_H 1
#define HAVE_MEMORY_H 1
#define HAVE_STRINGS_H 1
#define HAVE_INTTYPES_H 1
#define HAVE_STDINT_H 1
#define HAVE_UNISTD_H 1
#define HAVE_LOCALE_H 1
#define HAVE_LC_MESSAGES 1
#define HAVE_BIND_TEXTDOMAIN_CODESET 1
#define HAVE_GETTEXT 1
#define HAVE_DCGETTEXT 1
#define ENABLE_NLS 1
#define LOCALEDIR "/usr/local/share/locale"

configure: exit 0
