This file contains any messages produced by compilers while
running configure, to aid debugging if configure makes a mistake.

It was created by libgnutls-extra configure 2.10.0, which was
generated by GNU Autoconf 2.65.  Invocation command line was

  $ ./configure --disable-option-checking --prefix=/usr/local CFLAGS=-O2 -march=armv6j -mtune=arm1136jf-s -pipe -fomit-frame-pointer -fno-stack-protector LDFLAGS=-Xlinker -rpath -Xlinker /usr/local/lib CXXFLAGS=-O2 -march=armv6j -mtune=arm1136jf-s -pipe -fomit-frame-pointer -fno-stack-protector --cache-file=/dev/null --srcdir=.

## --------- ##
## Platform. ##
## --------- ##

hostname = tjw-pc
uname -m = arm
uname -r = 2.6.38-11-generic
uname -s = Linux
uname -v = #48-Ubuntu SMP Fri Jul 29 19:02:55 UTC 2011

/usr/bin/uname -p = unknown
/bin/uname -X     = unknown

/bin/arch              = arm
/usr/bin/arch -k       = arm
/usr/convex/getsysinfo = unknown
/usr/bin/hostinfo      = unknown
/bin/machine           = unknown
/usr/bin/oslevel       = unknown
/bin/universe          = unknown

PATH: /home/tjw/kindle/tjKindle
PATH: /usr/local/bin
PATH: /usr/local/bin
PATH: /host_usr/bin
PATH: /scratchbox/devkits/svn/bin
PATH: /scratchbox/devkits/qemu/bin
PATH: /scratchbox/devkits/perl/bin
PATH: /scratchbox/devkits/git/bin
PATH: /scratchbox/devkits/doctools/bin
PATH: /scratchbox/tools/bin
PATH: /targets/links/arch_tools/bin
PATH: /scratchbox/compilers/bin
PATH: /bin
PATH: /usr/bin
PATH: /usr/local/bin
PATH: /usr/X11R6/bin
PATH: /sbin
PATH: /usr/sbin


## ----------- ##
## Core tests. ##
## ----------- ##

configure:2721: checking for a BSD-compatible install
configure:2789: result: /scratchbox/tools/bin/install -c
configure:2800: checking whether build environment is sane
configure:2850: result: yes
configure:2991: checking for a thread-safe mkdir -p
configure:3030: result: /scratchbox/tools/bin/mkdir -p
configure:3044: checking for gawk
configure:3060: found /scratchbox/tools/bin/gawk
configure:3071: result: gawk
configure:3082: checking whether make sets $(MAKE)
configure:3104: result: yes
configure:3235: checking for gcc
configure:3251: found /scratchbox/compilers/bin/gcc
configure:3262: result: gcc
configure:3491: checking for C compiler version
configure:3500: gcc --version >&5
sbox-arm-none-linux-gnueabi-gcc (GCC) 4.2.1
Copyright (C) 2007 Free Software Foundation, Inc.
This is free software; see the source for copying conditions.  There is NO
warranty; not even for MERCHANTABILITY or FITNESS FOR A PARTICULAR PURPOSE.

configure:3511: $? = 0
configure:3500: gcc -v >&5
Using built-in specs.
Reading specs from /scratchbox/compilers/cs2007q3-glibc2.5-arm6/gcc.specs
rename spec cpp to old_cpp
rename spec cc1 to old_cc1
rename spec cc1plus to old_cc1plus
rename spec link to old_link
Target: arm-none-linux-gnueabi
Configured with: /home/jhakala/cs2007q3-sb4/arm/src/gcc-4.2/configure --build=i686-pc-linux-gnu --host=i686-pc-linux-gnu --target=arm-none-linux-gnueabi --enable-threads --disable-libmudflap --disable-libssp --disable-libgomp --disable-libstdcxx-pch --with-gnu-as --with-gnu-ld --enable-languages=c,c++ --enable-shared --enable-symvers=gnu --enable-__cxa_atexit --disable-nls --prefix=/opt/maemo --with-sysroot=/opt/maemo/arm-none-linux-gnueabi/libc --with-build-sysroot=/home/jhakala/cs2007q3-sb4/arm/install/arm-none-linux-gnueabi/libc --with-build-time-tools=/home/jhakala/cs2007q3-sb4/arm/install/arm-none-linux-gnueabi/bin
Thread model: posix
gcc version 4.2.1
configure:3511: $? = 0
configure:3500: gcc -V >&5
sbox-arm-none-linux-gnueabi-gcc: '-V' must come at the start of the command line
configure:3511: $? = 1
configure:3500: gcc -qversion >&5
sbox-arm-none-linux-gnueabi-gcc: unrecognized option '-qversion'
sbox-arm-none-linux-gnueabi-gcc: no input files
configure:3511: $? = 1
configure:3531: checking whether the C compiler works
configure:3553: gcc -O2 -march=armv6j -mtune=arm1136jf-s -pipe -fomit-frame-pointer -fno-stack-protector  -Xlinker -rpath -Xlinker /usr/local/lib conftest.c  >&5
configure:3557: $? = 0
configure:3606: result: yes
configure:3609: checking for C compiler default output file name
configure:3611: result: a.out
configure:3617: checking for suffix of executables
configure:3624: gcc -o conftest -O2 -march=armv6j -mtune=arm1136jf-s -pipe -fomit-frame-pointer -fno-stack-protector  -Xlinker -rpath -Xlinker /usr/local/lib conftest.c  >&5
configure:3628: $? = 0
configure:3650: result: 
configure:3672: checking whether we are cross compiling
configure:3680: gcc -o conftest -O2 -march=armv6j -mtune=arm1136jf-s -pipe -fomit-frame-pointer -fno-stack-protector  -Xlinker -rpath -Xlinker /usr/local/lib conftest.c  >&5
configure:3684: $? = 0
configure:3691: ./conftest
configure:3695: $? = 0
configure:3710: result: no
configure:3715: checking for suffix of object files
configure:3737: gcc -c -O2 -march=armv6j -mtune=arm1136jf-s -pipe -fomit-frame-pointer -fno-stack-protector  conftest.c >&5
configure:3741: $? = 0
configure:3762: result: o
configure:3766: checking whether we are using the GNU C compiler
configure:3785: gcc -c -O2 -march=armv6j -mtune=arm1136jf-s -pipe -fomit-frame-pointer -fno-stack-protector  conftest.c >&5
configure:3785: $? = 0
configure:3794: result: yes
configure:3803: checking whether gcc accepts -g
configure:3823: gcc -c -g  conftest.c >&5
configure:3823: $? = 0
configure:3864: result: yes
configure:3881: checking for gcc option to accept ISO C89
configure:3945: gcc  -c -O2 -march=armv6j -mtune=arm1136jf-s -pipe -fomit-frame-pointer -fno-stack-protector  conftest.c >&5
configure:3945: $? = 0
configure:3958: result: none needed
configure:3989: checking for style of include used by make
configure:4017: result: GNU
configure:4042: checking dependency style of gcc
configure:4152: result: gcc3
configure:4210: checking for ranlib
configure:4226: found /scratchbox/compilers/bin/ranlib
configure:4237: result: ranlib
configure:4263: checking build system type
configure:4277: result: arm-unknown-linux-gnueabi
configure:4297: checking host system type
configure:4310: result: arm-unknown-linux-gnueabi
configure:4336: checking how to run the C preprocessor
configure:4367: gcc -E  conftest.c
configure:4367: $? = 0
configure:4381: gcc -E  conftest.c
conftest.c:11:28: error: ac_nonexistent.h: No such file or directory
configure:4381: $? = 1
configure: failed program was:
| /* confdefs.h */
| #define PACKAGE_NAME "libgnutls-extra"
| #define PACKAGE_TARNAME "libgnutls-extra"
| #define PACKAGE_VERSION "2.10.0"
| #define PACKAGE_STRING "libgnutls-extra 2.10.0"
| #define PACKAGE_BUGREPORT "bug-gnutls@gnu.org"
| #define PACKAGE_URL ""
| #define PACKAGE "libgnutls-extra"
| #define VERSION "2.10.0"
| /* end confdefs.h.  */
| #include <ac_nonexistent.h>
configure:4406: result: gcc -E
configure:4426: gcc -E  conftest.c
configure:4426: $? = 0
configure:4440: gcc -E  conftest.c
conftest.c:11:28: error: ac_nonexistent.h: No such file or directory
configure:4440: $? = 1
configure: failed program was:
| /* confdefs.h */
| #define PACKAGE_NAME "libgnutls-extra"
| #define PACKAGE_TARNAME "libgnutls-extra"
| #define PACKAGE_VERSION "2.10.0"
| #define PACKAGE_STRING "libgnutls-extra 2.10.0"
| #define PACKAGE_BUGREPORT "bug-gnutls@gnu.org"
| #define PACKAGE_URL ""
| #define PACKAGE "libgnutls-extra"
| #define VERSION "2.10.0"
| /* end confdefs.h.  */
| #include <ac_nonexistent.h>
configure:4469: checking for grep that handles long lines and -e
configure:4527: result: /scratchbox/tools/bin/grep
configure:4532: checking for egrep
configure:4594: result: /scratchbox/tools/bin/grep -E
configure:4599: checking for ANSI C header files
configure:4619: gcc -c -O2 -march=armv6j -mtune=arm1136jf-s -pipe -fomit-frame-pointer -fno-stack-protector  conftest.c >&5
configure:4619: $? = 0
configure:4692: gcc -o conftest -O2 -march=armv6j -mtune=arm1136jf-s -pipe -fomit-frame-pointer -fno-stack-protector  -Xlinker -rpath -Xlinker /usr/local/lib conftest.c  >&5
configure:4692: $? = 0
configure:4692: ./conftest
configure:4692: $? = 0
configure:4703: result: yes
configure:4716: checking for sys/types.h
configure:4716: gcc -c -O2 -march=armv6j -mtune=arm1136jf-s -pipe -fomit-frame-pointer -fno-stack-protector  conftest.c >&5
configure:4716: $? = 0
configure:4716: result: yes
configure:4716: checking for sys/stat.h
configure:4716: gcc -c -O2 -march=armv6j -mtune=arm1136jf-s -pipe -fomit-frame-pointer -fno-stack-protector  conftest.c >&5
configure:4716: $? = 0
configure:4716: result: yes
configure:4716: checking for stdlib.h
configure:4716: gcc -c -O2 -march=armv6j -mtune=arm1136jf-s -pipe -fomit-frame-pointer -fno-stack-protector  conftest.c >&5
configure:4716: $? = 0
configure:4716: result: yes
configure:4716: checking for string.h
configure:4716: gcc -c -O2 -march=armv6j -mtune=arm1136jf-s -pipe -fomit-frame-pointer -fno-stack-protector  conftest.c >&5
configure:4716: $? = 0
configure:4716: result: yes
configure:4716: checking for memory.h
configure:4716: gcc -c -O2 -march=armv6j -mtune=arm1136jf-s -pipe -fomit-frame-pointer -fno-stack-protector  conftest.c >&5
configure:4716: $? = 0
configure:4716: result: yes
configure:4716: checking for strings.h
configure:4716: gcc -c -O2 -march=armv6j -mtune=arm1136jf-s -pipe -fomit-frame-pointer -fno-stack-protector  conftest.c >&5
configure:4716: $? = 0
configure:4716: result: yes
configure:4716: checking for inttypes.h
configure:4716: gcc -c -O2 -march=armv6j -mtune=arm1136jf-s -pipe -fomit-frame-pointer -fno-stack-protector  conftest.c >&5
configure:4716: $? = 0
configure:4716: result: yes
configure:4716: checking for stdint.h
configure:4716: gcc -c -O2 -march=armv6j -mtune=arm1136jf-s -pipe -fomit-frame-pointer -fno-stack-protector  conftest.c >&5
configure:4716: $? = 0
configure:4716: result: yes
configure:4716: checking for unistd.h
configure:4716: gcc -c -O2 -march=armv6j -mtune=arm1136jf-s -pipe -fomit-frame-pointer -fno-stack-protector  conftest.c >&5
configure:4716: $? = 0
configure:4716: result: yes
configure:4732: checking minix/config.h usability
configure:4732: gcc -c -O2 -march=armv6j -mtune=arm1136jf-s -pipe -fomit-frame-pointer -fno-stack-protector  conftest.c >&5
conftest.c:54:26: error: minix/config.h: No such file or directory
configure:4732: $? = 1
configure: failed program was:
| /* confdefs.h */
| #define PACKAGE_NAME "libgnutls-extra"
| #define PACKAGE_TARNAME "libgnutls-extra"
| #define PACKAGE_VERSION "2.10.0"
| #define PACKAGE_STRING "libgnutls-extra 2.10.0"
| #define PACKAGE_BUGREPORT "bug-gnutls@gnu.org"
| #define PACKAGE_URL ""
| #define PACKAGE "libgnutls-extra"
| #define VERSION "2.10.0"
| #define STDC_HEADERS 1
| #define HAVE_SYS_TYPES_H 1
| #define HAVE_SYS_STAT_H 1
| #define HAVE_STDLIB_H 1
| #define HAVE_STRING_H 1
| #define HAVE_MEMORY_H 1
| #define HAVE_STRINGS_H 1
| #define HAVE_INTTYPES_H 1
| #define HAVE_STDINT_H 1
| #define HAVE_UNISTD_H 1
| /* end confdefs.h.  */
| #include <stdio.h>
| #ifdef HAVE_SYS_TYPES_H
| # include <sys/types.h>
| #endif
| #ifdef HAVE_SYS_STAT_H
| # include <sys/stat.h>
| #endif
| #ifdef STDC_HEADERS
| # include <stdlib.h>
| # include <stddef.h>
| #else
| # ifdef HAVE_STDLIB_H
| #  include <stdlib.h>
| # endif
| #endif
| #ifdef HAVE_STRING_H
| # if !defined STDC_HEADERS && defined HAVE_MEMORY_H
| #  include <memory.h>
| # endif
| # include <string.h>
| #endif
| #ifdef HAVE_STRINGS_H
| # include <strings.h>
| #endif
| #ifdef HAVE_INTTYPES_H
| # include <inttypes.h>
| #endif
| #ifdef HAVE_STDINT_H
| # include <stdint.h>
| #endif
| #ifdef HAVE_UNISTD_H
| # include <unistd.h>
| #endif
| #include <minix/config.h>
configure:4732: result: no
configure:4732: checking minix/config.h presence
configure:4732: gcc -E  conftest.c
conftest.c:21:26: error: minix/config.h: No such file or directory
configure:4732: $? = 1
configure: failed program was:
| /* confdefs.h */
| #define PACKAGE_NAME "libgnutls-extra"
| #define PACKAGE_TARNAME "libgnutls-extra"
| #define PACKAGE_VERSION "2.10.0"
| #define PACKAGE_STRING "libgnutls-extra 2.10.0"
| #define PACKAGE_BUGREPORT "bug-gnutls@gnu.org"
| #define PACKAGE_URL ""
| #define PACKAGE "libgnutls-extra"
| #define VERSION "2.10.0"
| #define STDC_HEADERS 1
| #define HAVE_SYS_TYPES_H 1
| #define HAVE_SYS_STAT_H 1
| #define HAVE_STDLIB_H 1
| #define HAVE_STRING_H 1
| #define HAVE_MEMORY_H 1
| #define HAVE_STRINGS_H 1
| #define HAVE_INTTYPES_H 1
| #define HAVE_STDINT_H 1
| #define HAVE_UNISTD_H 1
| /* end confdefs.h.  */
| #include <minix/config.h>
configure:4732: result: no
configure:4732: checking for minix/config.h
configure:4732: result: no
configure:4761: checking whether it is safe to define __EXTENSIONS__
configure:4779: gcc -c -O2 -march=armv6j -mtune=arm1136jf-s -pipe -fomit-frame-pointer -fno-stack-protector  conftest.c >&5
configure:4779: $? = 0
configure:4786: result: yes
configure:5146: checking for a sed that does not truncate output
configure:5210: result: /scratchbox/tools/bin/sed
configure:5228: checking for fgrep
configure:5290: result: /scratchbox/tools/bin/grep -F
configure:5325: checking for ld used by gcc
configure:5392: result: /scratchbox/compilers/cs2007q3-glibc2.5-arm6/arm-none-linux-gnueabi/bin/ld
configure:5399: checking if the linker (/scratchbox/compilers/cs2007q3-glibc2.5-arm6/arm-none-linux-gnueabi/bin/ld) is GNU ld
configure:5414: result: yes
configure:5426: checking for BSD- or MS-compatible name lister (nm)
configure:5475: result: /scratchbox/compilers/bin/nm -B
configure:5593: checking the name lister (/scratchbox/compilers/bin/nm -B) interface
configure:5600: gcc -c -O2 -march=armv6j -mtune=arm1136jf-s -pipe -fomit-frame-pointer -fno-stack-protector  conftest.c >&5
configure:5603: /scratchbox/compilers/bin/nm -B "conftest.o"
configure:5606: output
00000000 B some_variable
configure:5613: result: BSD nm
configure:5616: checking whether ln -s works
configure:5620: result: yes
configure:5628: checking the maximum length of command line arguments
configure:5748: result: 98304
configure:5765: checking whether the shell understands some XSI constructs
configure:5775: result: yes
configure:5779: checking whether the shell understands "+="
configure:5785: result: no
configure:5820: checking for /scratchbox/compilers/cs2007q3-glibc2.5-arm6/arm-none-linux-gnueabi/bin/ld option to reload object files
configure:5827: result: -r
configure:5896: checking for objdump
configure:5923: result: objdump
configure:5952: checking how to recognize dependent libraries
configure:6148: result: pass_all
configure:6208: checking for ar
configure:6224: found /scratchbox/compilers/bin/ar
configure:6235: result: ar
configure:6313: checking for strip
configure:6329: found /scratchbox/compilers/bin/strip
configure:6340: result: strip
configure:6412: checking for ranlib
configure:6439: result: ranlib
configure:6529: checking command to parse /scratchbox/compilers/bin/nm -B output from gcc object
configure:6647: gcc -c -O2 -march=armv6j -mtune=arm1136jf-s -pipe -fomit-frame-pointer -fno-stack-protector  conftest.c >&5
configure:6650: $? = 0
configure:6654: /scratchbox/compilers/bin/nm -B conftest.o \| sed -n -e 's/^.*[	 ]\([ABCDGIRSTW][ABCDGIRSTW]*\)[	 ][	 ]*\([_A-Za-z][_A-Za-z0-9]*\)$/\1 \2 \2/p' \> conftest.nm
configure:6657: $? = 0
configure:6711: gcc -o conftest -O2 -march=armv6j -mtune=arm1136jf-s -pipe -fomit-frame-pointer -fno-stack-protector  -Xlinker -rpath -Xlinker /usr/local/lib conftest.c conftstm.o >&5
configure:6714: $? = 0
configure:6752: result: ok
configure:7557: checking for dlfcn.h
configure:7557: gcc -c -O2 -march=armv6j -mtune=arm1136jf-s -pipe -fomit-frame-pointer -fno-stack-protector  conftest.c >&5
configure:7557: $? = 0
configure:7557: result: yes
configure:7739: checking for objdir
configure:7754: result: .libs
configure:8050: checking if gcc supports -fno-rtti -fno-exceptions
configure:8068: gcc -c -O2 -march=armv6j -mtune=arm1136jf-s -pipe -fomit-frame-pointer -fno-stack-protector  -fno-rtti -fno-exceptions conftest.c >&5
cc1: warning: command line option "-fno-rtti" is valid for C++/ObjC++ but not for C
cc1: warning: command line option "-fno-rtti" is valid for C++/ObjC++ but not for C
configure:8072: $? = 0
configure:8085: result: no
configure:8105: checking for gcc option to produce PIC
configure:8377: result: -fPIC -DPIC
configure:8389: checking if gcc PIC flag -fPIC -DPIC works
configure:8407: gcc -c -O2 -march=armv6j -mtune=arm1136jf-s -pipe -fomit-frame-pointer -fno-stack-protector  -fPIC -DPIC -DPIC conftest.c >&5
configure:8411: $? = 0
configure:8424: result: yes
configure:8448: checking if gcc static flag -static works
configure:8476: result: yes
configure:8491: checking if gcc supports -c -o file.o
configure:8512: gcc -c -O2 -march=armv6j -mtune=arm1136jf-s -pipe -fomit-frame-pointer -fno-stack-protector  -o out/conftest2.o conftest.c >&5
configure:8516: $? = 0
configure:8538: result: yes
configure:8546: checking if gcc supports -c -o file.o
configure:8593: result: yes
configure:8626: checking whether the gcc linker (/scratchbox/compilers/cs2007q3-glibc2.5-arm6/arm-none-linux-gnueabi/bin/ld) supports shared libraries
configure:9617: result: yes
configure:9654: checking whether -lc should be explicitly linked in
configure:9659: gcc -c -O2 -march=armv6j -mtune=arm1136jf-s -pipe -fomit-frame-pointer -fno-stack-protector  conftest.c >&5
configure:9662: $? = 0
configure:9677: gcc -shared conftest.o  -v -Wl,-soname -Wl,conftest -o conftest 2\>\&1 \| /scratchbox/tools/bin/grep  -lc  \>/dev/null 2\>\&1
configure:9680: $? = 0
configure:9692: result: no
configure:9856: checking dynamic linker characteristics
configure:10289: gcc -o conftest -O2 -march=armv6j -mtune=arm1136jf-s -pipe -fomit-frame-pointer -fno-stack-protector  -Xlinker -rpath -Xlinker /usr/local/lib -Wl,-rpath -Wl,/foo conftest.c  >&5
configure:10289: $? = 0
configure:10519: result: GNU/Linux ld.so
configure:10621: checking how to hardcode library paths into programs
configure:10646: result: immediate
configure:11166: checking whether stripping libraries is possible
configure:11171: result: yes
configure:11206: checking if libtool supports shared libraries
configure:11208: result: yes
configure:11211: checking whether to build shared libraries
configure:11232: result: yes
configure:11235: checking whether to build static libraries
configure:11239: result: yes
configure:11315: checking for ld used by GCC
configure:11379: result: /scratchbox/compilers/cs2007q3-glibc2.5-arm6/arm-none-linux-gnueabi/bin/ld
configure:11386: checking if the linker (/scratchbox/compilers/cs2007q3-glibc2.5-arm6/arm-none-linux-gnueabi/bin/ld) is GNU ld
configure:11399: result: yes
configure:11406: checking for shared library run path origin
configure:11419: result: done
configure:12010: checking for libgcrypt
configure:12032: gcc -o conftest -O2 -march=armv6j -mtune=arm1136jf-s -pipe -fomit-frame-pointer -fno-stack-protector  -Xlinker -rpath -Xlinker /usr/local/lib conftest.c /usr/local/lib/libgcrypt.so /usr/local/lib/libgpg-error.so -Wl,-rpath -Wl,/usr/local/lib  >&5
configure:12032: $? = 0
configure:12042: result: yes
configure:12049: checking how to link with libgcrypt
configure:12051: result: /usr/local/lib/libgcrypt.so /usr/local/lib/libgpg-error.so -Wl,-rpath -Wl,/usr/local/lib
configure:12578: checking for libtasn1
configure:12600: gcc -o conftest -O2 -march=armv6j -mtune=arm1136jf-s -pipe -fomit-frame-pointer -fno-stack-protector  -Xlinker -rpath -Xlinker /usr/local/lib conftest.c  -ltasn1 >&5
conftest.c:29:22: error: libtasn1.h: No such file or directory
conftest.c: In function 'main':
conftest.c:33: error: 'NULL' undeclared (first use in this function)
conftest.c:33: error: (Each undeclared identifier is reported only once
conftest.c:33: error: for each function it appears in.)
configure:12600: $? = 1
configure: failed program was:
| /* confdefs.h */
| #define PACKAGE_NAME "libgnutls-extra"
| #define PACKAGE_TARNAME "libgnutls-extra"
| #define PACKAGE_VERSION "2.10.0"
| #define PACKAGE_STRING "libgnutls-extra 2.10.0"
| #define PACKAGE_BUGREPORT "bug-gnutls@gnu.org"
| #define PACKAGE_URL ""
| #define PACKAGE "libgnutls-extra"
| #define VERSION "2.10.0"
| #define STDC_HEADERS 1
| #define HAVE_SYS_TYPES_H 1
| #define HAVE_SYS_STAT_H 1
| #define HAVE_STDLIB_H 1
| #define HAVE_STRING_H 1
| #define HAVE_MEMORY_H 1
| #define HAVE_STRINGS_H 1
| #define HAVE_INTTYPES_H 1
| #define HAVE_STDINT_H 1
| #define HAVE_UNISTD_H 1
| #define __EXTENSIONS__ 1
| #define _ALL_SOURCE 1
| #define _GNU_SOURCE 1
| #define _POSIX_PTHREAD_SEMANTICS 1
| #define _TANDEM_SOURCE 1
| #define HAVE_DLFCN_H 1
| #define LT_OBJDIR ".libs/"
| #define HAVE_LIBGCRYPT 1
| /* end confdefs.h.  */
| #include <libtasn1.h>
| int
| main ()
| {
| asn1_check_version (NULL)
|   ;
|   return 0;
| }
configure:12610: result: no
configure:12640: WARNING:
  ***
  *** Libtasn1 was not found. Will use the included one.
  
configure:12647: checking whether to use the included minitasn1
configure:12649: result: yes
configure:12668: checking whether to include LZO compression support
configure:12670: result: no
configure:12809: checking whether C99 macros are supported
configure:12827: gcc -c -O2 -march=armv6j -mtune=arm1136jf-s -pipe -fomit-frame-pointer -fno-stack-protector  conftest.c >&5
configure:12827: $? = 0
configure:12832: result: yes
configure:12845: checking whether to enable Opaque PRF input support
configure:12876: result: no
configure:12888: checking whether to disable SRP authentication support
configure:12896: result: no
configure:12915: checking whether to disable PSK authentication support
configure:12923: result: no
configure:12942: checking whether to disable anonymous authentication support
configure:12950: result: no
configure:12977: checking whether to disable Camellia cipher
configure:12980: result: no
configure:12990: checking whether to disable extra PKI stuff
configure:13004: result: no
configure:13020: checking whether to disable OpenPGP Certificate authentication support
configure:13035: result: no
configure:13047: checking whether to disable SessionTicket extension support
configure:13055: result: no
configure:13075: checking whether to add cryptodev support
configure:13084: result: no
configure:13099: checking size of void *
configure:13104: gcc -o conftest -O2 -march=armv6j -mtune=arm1136jf-s -pipe -fomit-frame-pointer -fno-stack-protector  -Xlinker -rpath -Xlinker /usr/local/lib conftest.c  >&5
configure:13104: $? = 0
configure:13104: ./conftest
configure:13104: $? = 0
configure:13119: result: 4
configure:13133: checking size of long
configure:13138: gcc -o conftest -O2 -march=armv6j -mtune=arm1136jf-s -pipe -fomit-frame-pointer -fno-stack-protector  -Xlinker -rpath -Xlinker /usr/local/lib conftest.c  >&5
configure:13138: $? = 0
configure:13138: ./conftest
configure:13138: $? = 0
configure:13153: result: 4
configure:13167: checking size of int
configure:13172: gcc -o conftest -O2 -march=armv6j -mtune=arm1136jf-s -pipe -fomit-frame-pointer -fno-stack-protector  -Xlinker -rpath -Xlinker /usr/local/lib conftest.c  >&5
configure:13172: $? = 0
configure:13172: ./conftest
configure:13172: $? = 0
configure:13187: result: 4
configure:13209: checking for inline
configure:13225: gcc -c -O2 -march=armv6j -mtune=arm1136jf-s -pipe -fomit-frame-pointer -fno-stack-protector  conftest.c >&5
configure:13225: $? = 0
configure:13233: result: inline
configure:13360: checking for sys/socket.h
configure:13360: gcc -c -O2 -march=armv6j -mtune=arm1136jf-s -pipe -fomit-frame-pointer -fno-stack-protector  conftest.c >&5
configure:13360: $? = 0
configure:13360: result: yes
configure:13375: checking whether to build OpenSSL compatibility layer
configure:13384: result: yes
configure:13472: checking for library containing setsockopt
configure:13494: gcc -o conftest -O2 -march=armv6j -mtune=arm1136jf-s -pipe -fomit-frame-pointer -fno-stack-protector  -Xlinker -rpath -Xlinker /usr/local/lib conftest.c  >&5
configure:13494: $? = 0
configure:13575: result: none needed
configure:13596: checking whether byte ordering is bigendian
configure:13611: gcc -c -O2 -march=armv6j -mtune=arm1136jf-s -pipe -fomit-frame-pointer -fno-stack-protector  conftest.c >&5
conftest.c:43: error: expected '=', ',', ';', 'asm' or '__attribute__' before 'a'
configure:13611: $? = 1
configure: failed program was:
| /* confdefs.h */
| #define PACKAGE_NAME "libgnutls-extra"
| #define PACKAGE_TARNAME "libgnutls-extra"
| #define PACKAGE_VERSION "2.10.0"
| #define PACKAGE_STRING "libgnutls-extra 2.10.0"
| #define PACKAGE_BUGREPORT "bug-gnutls@gnu.org"
| #define PACKAGE_URL ""
| #define PACKAGE "libgnutls-extra"
| #define VERSION "2.10.0"
| #define STDC_HEADERS 1
| #define HAVE_SYS_TYPES_H 1
| #define HAVE_SYS_STAT_H 1
| #define HAVE_STDLIB_H 1
| #define HAVE_STRING_H 1
| #define HAVE_MEMORY_H 1
| #define HAVE_STRINGS_H 1
| #define HAVE_INTTYPES_H 1
| #define HAVE_STDINT_H 1
| #define HAVE_UNISTD_H 1
| #define __EXTENSIONS__ 1
| #define _ALL_SOURCE 1
| #define _GNU_SOURCE 1
| #define _POSIX_PTHREAD_SEMANTICS 1
| #define _TANDEM_SOURCE 1
| #define HAVE_DLFCN_H 1
| #define LT_OBJDIR ".libs/"
| #define HAVE_LIBGCRYPT 1
| #define C99_MACROS 1
| #define ENABLE_SRP 1
| #define ENABLE_PSK 1
| #define ENABLE_ANON 1
| #define ENABLE_CAMELLIA 1
| #define ENABLE_PKI 1
| #define ENABLE_OPENPGP 1
| #define ENABLE_SESSION_TICKET 1
| #define SIZEOF_VOID_P 4
| #define SIZEOF_LONG 4
| #define SIZEOF_INT 4
| #define GNUTLS_POINTER_TO_INT_CAST (long)
| #define HAVE_SYS_SOCKET_H 1
| /* end confdefs.h.  */
| #ifndef __APPLE_CC__
| 	       not a universal capable compiler
| 	     #endif
| 	     typedef int dummy;
| 
configure:13656: gcc -c -O2 -march=armv6j -mtune=arm1136jf-s -pipe -fomit-frame-pointer -fno-stack-protector  conftest.c >&5
configure:13656: $? = 0
configure:13674: gcc -c -O2 -march=armv6j -mtune=arm1136jf-s -pipe -fomit-frame-pointer -fno-stack-protector  conftest.c >&5
conftest.c: In function 'main':
conftest.c:49: error: 'not' undeclared (first use in this function)
conftest.c:49: error: (Each undeclared identifier is reported only once
conftest.c:49: error: for each function it appears in.)
conftest.c:49: error: expected ';' before 'big'
configure:13674: $? = 1
configure: failed program was:
| /* confdefs.h */
| #define PACKAGE_NAME "libgnutls-extra"
| #define PACKAGE_TARNAME "libgnutls-extra"
| #define PACKAGE_VERSION "2.10.0"
| #define PACKAGE_STRING "libgnutls-extra 2.10.0"
| #define PACKAGE_BUGREPORT "bug-gnutls@gnu.org"
| #define PACKAGE_URL ""
| #define PACKAGE "libgnutls-extra"
| #define VERSION "2.10.0"
| #define STDC_HEADERS 1
| #define HAVE_SYS_TYPES_H 1
| #define HAVE_SYS_STAT_H 1
| #define HAVE_STDLIB_H 1
| #define HAVE_STRING_H 1
| #define HAVE_MEMORY_H 1
| #define HAVE_STRINGS_H 1
| #define HAVE_INTTYPES_H 1
| #define HAVE_STDINT_H 1
| #define HAVE_UNISTD_H 1
| #define __EXTENSIONS__ 1
| #define _ALL_SOURCE 1
| #define _GNU_SOURCE 1
| #define _POSIX_PTHREAD_SEMANTICS 1
| #define _TANDEM_SOURCE 1
| #define HAVE_DLFCN_H 1
| #define LT_OBJDIR ".libs/"
| #define HAVE_LIBGCRYPT 1
| #define C99_MACROS 1
| #define ENABLE_SRP 1
| #define ENABLE_PSK 1
| #define ENABLE_ANON 1
| #define ENABLE_CAMELLIA 1
| #define ENABLE_PKI 1
| #define ENABLE_OPENPGP 1
| #define ENABLE_SESSION_TICKET 1
| #define SIZEOF_VOID_P 4
| #define SIZEOF_LONG 4
| #define SIZEOF_INT 4
| #define GNUTLS_POINTER_TO_INT_CAST (long)
| #define HAVE_SYS_SOCKET_H 1
| /* end confdefs.h.  */
| #include <sys/types.h>
| 		#include <sys/param.h>
| 
| int
| main ()
| {
| #if BYTE_ORDER != BIG_ENDIAN
| 		 not big endian
| 		#endif
| 
|   ;
|   return 0;
| }
configure:13802: result: no
configure:13821: checking for C/C++ restrict keyword
configure:13846: gcc -c -O2 -march=armv6j -mtune=arm1136jf-s -pipe -fomit-frame-pointer -fno-stack-protector  conftest.c >&5
configure:13846: $? = 0
configure:13854: result: __restrict
configure:13922: checking if gcc/ld supports -Wl,--output-def
configure:13943: gcc -o conftest -O2 -march=armv6j -mtune=arm1136jf-s -pipe -fomit-frame-pointer -fno-stack-protector  -Wl,--output-def,conftest.def conftest.c  >&5
/scratchbox/compilers/cs2007q3-glibc2.5-arm6/bin/../lib/gcc/arm-none-linux-gnueabi/4.2.1/../../../../arm-none-linux-gnueabi/bin/ld: unrecognized option '--output-def'
/scratchbox/compilers/cs2007q3-glibc2.5-arm6/bin/../lib/gcc/arm-none-linux-gnueabi/4.2.1/../../../../arm-none-linux-gnueabi/bin/ld: use the --help option for usage information
collect2: ld returned 1 exit status
configure:13943: $? = 1
configure: failed program was:
| /* confdefs.h */
| #define PACKAGE_NAME "libgnutls-extra"
| #define PACKAGE_TARNAME "libgnutls-extra"
| #define PACKAGE_VERSION "2.10.0"
| #define PACKAGE_STRING "libgnutls-extra 2.10.0"
| #define PACKAGE_BUGREPORT "bug-gnutls@gnu.org"
| #define PACKAGE_URL ""
| #define PACKAGE "libgnutls-extra"
| #define VERSION "2.10.0"
| #define STDC_HEADERS 1
| #define HAVE_SYS_TYPES_H 1
| #define HAVE_SYS_STAT_H 1
| #define HAVE_STDLIB_H 1
| #define HAVE_STRING_H 1
| #define HAVE_MEMORY_H 1
| #define HAVE_STRINGS_H 1
| #define HAVE_INTTYPES_H 1
| #define HAVE_STDINT_H 1
| #define HAVE_UNISTD_H 1
| #define __EXTENSIONS__ 1
| #define _ALL_SOURCE 1
| #define _GNU_SOURCE 1
| #define _POSIX_PTHREAD_SEMANTICS 1
| #define _TANDEM_SOURCE 1
| #define HAVE_DLFCN_H 1
| #define LT_OBJDIR ".libs/"
| #define HAVE_LIBGCRYPT 1
| #define C99_MACROS 1
| #define ENABLE_SRP 1
| #define ENABLE_PSK 1
| #define ENABLE_ANON 1
| #define ENABLE_CAMELLIA 1
| #define ENABLE_PKI 1
| #define ENABLE_OPENPGP 1
| #define ENABLE_SESSION_TICKET 1
| #define SIZEOF_VOID_P 4
| #define SIZEOF_LONG 4
| #define SIZEOF_INT 4
| #define GNUTLS_POINTER_TO_INT_CAST (long)
| #define HAVE_SYS_SOCKET_H 1
| #define restrict __restrict
| /* end confdefs.h.  */
| 
| int
| main ()
| {
| 
|   ;
|   return 0;
| }
configure:13954: result: no
configure:13973: checking if LD -Wl,--version-script works
configure:13997: gcc -o conftest -O2 -march=armv6j -mtune=arm1136jf-s -pipe -fomit-frame-pointer -fno-stack-protector  -Xlinker -rpath -Xlinker /usr/local/lib -Wl,--version-script=conftest.map conftest.c  >&5
configure:13997: $? = 0
configure:14006: result: yes
configure:14287: creating ./config.status

## ---------------------- ##
## Running config.status. ##
## ---------------------- ##

This file was extended by libgnutls-extra config.status 2.10.0, which was
generated by GNU Autoconf 2.65.  Invocation command line was

  CONFIG_FILES    = 
  CONFIG_HEADERS  = 
  CONFIG_LINKS    = 
  CONFIG_COMMANDS = 
  $ ./config.status 

on tjw-pc

config.status:1241: creating Makefile
config.status:1241: creating gnutls-extra.pc
config.status:1241: creating gl/Makefile
config.status:1241: creating includes/Makefile
config.status:1241: creating config.h
config.status:1413: config.h is unchanged
config.status:1461: executing depfiles commands
config.status:1461: executing libtool commands

## ---------------- ##
## Cache variables. ##
## ---------------- ##

ac_cv_build=arm-unknown-linux-gnueabi
ac_cv_c_bigendian=no
ac_cv_c_compiler_gnu=yes
ac_cv_c_inline=inline
ac_cv_c_restrict=__restrict
ac_cv_env_CC_set=
ac_cv_env_CC_value=
ac_cv_env_CFLAGS_set=set
ac_cv_env_CFLAGS_value='-O2 -march=armv6j -mtune=arm1136jf-s -pipe -fomit-frame-pointer -fno-stack-protector'
ac_cv_env_CPPFLAGS_set=
ac_cv_env_CPPFLAGS_value=
ac_cv_env_CPP_set=
ac_cv_env_CPP_value=
ac_cv_env_LDFLAGS_set=set
ac_cv_env_LDFLAGS_value='-Xlinker -rpath -Xlinker /usr/local/lib'
ac_cv_env_LIBS_set=
ac_cv_env_LIBS_value=
ac_cv_env_build_alias_set=
ac_cv_env_build_alias_value=
ac_cv_env_host_alias_set=
ac_cv_env_host_alias_value=
ac_cv_env_target_alias_set=
ac_cv_env_target_alias_value=
ac_cv_header_dlfcn_h=yes
ac_cv_header_inttypes_h=yes
ac_cv_header_memory_h=yes
ac_cv_header_minix_config_h=no
ac_cv_header_stdc=yes
ac_cv_header_stdint_h=yes
ac_cv_header_stdlib_h=yes
ac_cv_header_string_h=yes
ac_cv_header_strings_h=yes
ac_cv_header_sys_socket_h=yes
ac_cv_header_sys_stat_h=yes
ac_cv_header_sys_types_h=yes
ac_cv_header_unistd_h=yes
ac_cv_host=arm-unknown-linux-gnueabi
ac_cv_libgcrypt=yes
ac_cv_libtasn1=no
ac_cv_objext=o
ac_cv_path_EGREP='/scratchbox/tools/bin/grep -E'
ac_cv_path_FGREP='/scratchbox/tools/bin/grep -F'
ac_cv_path_GREP=/scratchbox/tools/bin/grep
ac_cv_path_SED=/scratchbox/tools/bin/sed
ac_cv_path_install='/scratchbox/tools/bin/install -c'
ac_cv_path_mkdir=/scratchbox/tools/bin/mkdir
ac_cv_prog_AWK=gawk
ac_cv_prog_CPP='gcc -E'
ac_cv_prog_ac_ct_AR=ar
ac_cv_prog_ac_ct_CC=gcc
ac_cv_prog_ac_ct_OBJDUMP=objdump
ac_cv_prog_ac_ct_RANLIB=ranlib
ac_cv_prog_ac_ct_STRIP=strip
ac_cv_prog_cc_c89=
ac_cv_prog_cc_g=yes
ac_cv_prog_make_make_set=yes
ac_cv_safe_to_define___extensions__=yes
ac_cv_sizeof_int=4
ac_cv_sizeof_long=4
ac_cv_sizeof_void_p=4
acl_cv_hardcode_direct=no
acl_cv_hardcode_libdir_flag_spec='${wl}-rpath ${wl}$libdir'
acl_cv_hardcode_libdir_separator=
acl_cv_hardcode_minus_L=no
acl_cv_libext=a
acl_cv_libname_spec='lib$name'
acl_cv_library_names_spec='$libname$shrext'
acl_cv_path_LD=/scratchbox/compilers/cs2007q3-glibc2.5-arm6/arm-none-linux-gnueabi/bin/ld
acl_cv_prog_gnu_ld=yes
acl_cv_rpath=done
acl_cv_shlibext=so
acl_cv_wl=-Wl,
am_cv_CC_dependencies_compiler_type=gcc3
gl_cv_ld_output_def=no
gl_cv_lib_socket='none needed'
lt_cv_deplibs_check_method=pass_all
lt_cv_file_magic_cmd='$MAGIC_CMD'
lt_cv_file_magic_test_file=
lt_cv_ld_reload_flag=-r
lt_cv_nm_interface='BSD nm'
lt_cv_objdir=.libs
lt_cv_path_LD=/scratchbox/compilers/cs2007q3-glibc2.5-arm6/arm-none-linux-gnueabi/bin/ld
lt_cv_path_NM='/scratchbox/compilers/bin/nm -B'
lt_cv_prog_compiler_c_o=yes
lt_cv_prog_compiler_pic_works=yes
lt_cv_prog_compiler_rtti_exceptions=no
lt_cv_prog_compiler_static_works=yes
lt_cv_prog_gnu_ld=yes
lt_cv_sys_global_symbol_pipe='sed -n -e '\''s/^.*[	 ]\([ABCDGIRSTW][ABCDGIRSTW]*\)[	 ][	 ]*\([_A-Za-z][_A-Za-z0-9]*\)$/\1 \2 \2/p'\'''
lt_cv_sys_global_symbol_to_c_name_address='sed -n -e '\''s/^: \([^ ]*\) $/  {\"\1\", (void *) 0},/p'\'' -e '\''s/^[ABCDGIRSTW]* \([^ ]*\) \([^ ]*\)$/  {"\2", (void *) \&\2},/p'\'''
lt_cv_sys_global_symbol_to_c_name_address_lib_prefix='sed -n -e '\''s/^: \([^ ]*\) $/  {\"\1\", (void *) 0},/p'\'' -e '\''s/^[ABCDGIRSTW]* \([^ ]*\) \(lib[^ ]*\)$/  {"\2", (void *) \&\2},/p'\'' -e '\''s/^[ABCDGIRSTW]* \([^ ]*\) \([^ ]*\)$/  {"lib\2", (void *) \&\2},/p'\'''
lt_cv_sys_global_symbol_to_cdecl='sed -n -e '\''s/^T .* \(.*\)$/extern int \1();/p'\'' -e '\''s/^[ABCDGIRSTW]* .* \(.*\)$/extern char \1;/p'\'''
lt_cv_sys_max_cmd_len=98304

## ----------------- ##
## Output variables. ##
## ----------------- ##

ACLOCAL='${SHELL} /home/tjw/tjKindle/LIB2/gnutls-2.10.0/libextra/build-aux/missing --run aclocal-1.11'
AMDEPBACKSLASH='\'
AMDEP_FALSE='#'
AMDEP_TRUE=''
AMTAR='${SHELL} /home/tjw/tjKindle/LIB2/gnutls-2.10.0/libextra/build-aux/missing --run tar'
AR='ar'
AS='as'
AUTOCONF='${SHELL} /home/tjw/tjKindle/LIB2/gnutls-2.10.0/libextra/build-aux/missing --run autoconf'
AUTOHEADER='${SHELL} /home/tjw/tjKindle/LIB2/gnutls-2.10.0/libextra/build-aux/missing --run autoheader'
AUTOMAKE='${SHELL} /home/tjw/tjKindle/LIB2/gnutls-2.10.0/libextra/build-aux/missing --run automake-1.11'
AWK='gawk'
CC='gcc'
CCDEPMODE='depmode=gcc3'
CFLAGS='-O2 -march=armv6j -mtune=arm1136jf-s -pipe -fomit-frame-pointer -fno-stack-protector'
CPP='gcc -E'
CPPFLAGS=''
CYGPATH_W='echo'
DEFS='-DHAVE_CONFIG_H'
DEPDIR='.deps'
DLLTOOL='dlltool'
DLL_VERSION='26'
DSYMUTIL=''
DUMPBIN=''
ECHO_C=''
ECHO_N='-n'
ECHO_T=''
EGREP='/scratchbox/tools/bin/grep -E'
ENABLE_ANON_FALSE='#'
ENABLE_ANON_TRUE=''
ENABLE_MINITASN1_FALSE='#'
ENABLE_MINITASN1_TRUE=''
ENABLE_OPENPGP_FALSE='#'
ENABLE_OPENPGP_TRUE=''
ENABLE_OPENSSL_FALSE='#'
ENABLE_OPENSSL_TRUE=''
ENABLE_OPRFI_FALSE=''
ENABLE_OPRFI_TRUE='#'
ENABLE_PKI_FALSE='#'
ENABLE_PKI_TRUE=''
ENABLE_PSK_FALSE='#'
ENABLE_PSK_TRUE=''
ENABLE_SESSION_TICKET_FALSE='#'
ENABLE_SESSION_TICKET_TRUE=''
ENABLE_SRP_FALSE='#'
ENABLE_SRP_TRUE=''
EXEEXT=''
FGREP='/scratchbox/tools/bin/grep -F'
GL_COND_LIBTOOL_FALSE='#'
GL_COND_LIBTOOL_TRUE=''
GNULIB_CHOWN='0'
GNULIB_CLOSE='0'
GNULIB_DUP2='0'
GNULIB_DUP3='0'
GNULIB_ENVIRON='0'
GNULIB_EUIDACCESS='0'
GNULIB_FACCESSAT='0'
GNULIB_FCHDIR='0'
GNULIB_FCHOWNAT='0'
GNULIB_FSYNC='0'
GNULIB_FTRUNCATE='0'
GNULIB_GETCWD='0'
GNULIB_GETDOMAINNAME='0'
GNULIB_GETDTABLESIZE='0'
GNULIB_GETGROUPS='0'
GNULIB_GETHOSTNAME='0'
GNULIB_GETLOGIN='0'
GNULIB_GETLOGIN_R='0'
GNULIB_GETPAGESIZE='0'
GNULIB_GETUSERSHELL='0'
GNULIB_LCHOWN='0'
GNULIB_LINK='0'
GNULIB_LINKAT='0'
GNULIB_LSEEK='0'
GNULIB_PIPE2='0'
GNULIB_PREAD='0'
GNULIB_PWRITE='0'
GNULIB_READLINK='0'
GNULIB_READLINKAT='0'
GNULIB_RMDIR='0'
GNULIB_SLEEP='0'
GNULIB_SYMLINK='0'
GNULIB_SYMLINKAT='0'
GNULIB_TTYNAME_R='0'
GNULIB_UNISTD_H_GETOPT='0'
GNULIB_UNISTD_H_SIGPIPE='0'
GNULIB_UNLINK='0'
GNULIB_UNLINKAT='0'
GNULIB_USLEEP='0'
GNULIB_WRITE='0'
GREP='/scratchbox/tools/bin/grep'
HAVE_CHOWN='1'
HAVE_DECL_ENVIRON='1'
HAVE_DECL_GETLOGIN_R='1'
HAVE_DECL_GETPAGESIZE='1'
HAVE_DECL_GETUSERSHELL='1'
HAVE_DUP2='1'
HAVE_DUP3='1'
HAVE_EUIDACCESS='1'
HAVE_FACCESSAT='1'
HAVE_FCHDIR='1'
HAVE_FCHOWNAT='1'
HAVE_FSYNC='1'
HAVE_FTRUNCATE='1'
HAVE_GETDOMAINNAME='1'
HAVE_GETDTABLESIZE='1'
HAVE_GETGROUPS='1'
HAVE_GETHOSTNAME='1'
HAVE_GETLOGIN='1'
HAVE_GETPAGESIZE='1'
HAVE_LCHOWN='1'
HAVE_LD_OUTPUT_DEF_FALSE=''
HAVE_LD_OUTPUT_DEF_TRUE='#'
HAVE_LD_VERSION_SCRIPT_FALSE='#'
HAVE_LD_VERSION_SCRIPT_TRUE=''
HAVE_LIBGCRYPT='yes'
HAVE_LIBTASN1='no'
HAVE_LINK='1'
HAVE_LINKAT='1'
HAVE_OS_H='0'
HAVE_PIPE2='1'
HAVE_PREAD='1'
HAVE_PWRITE='1'
HAVE_READLINK='1'
HAVE_READLINKAT='1'
HAVE_SLEEP='1'
HAVE_SYMLINK='1'
HAVE_SYMLINKAT='1'
HAVE_SYS_PARAM_H='0'
HAVE_TTYNAME_R='1'
HAVE_UNLINKAT='1'
HAVE_USLEEP='1'
HAVE_WINSOCK2_H='0'
INSTALL_DATA='${INSTALL} -m 644'
INSTALL_PROGRAM='${INSTALL}'
INSTALL_SCRIPT='${INSTALL}'
INSTALL_STRIP_PROGRAM='$(install_sh) -c -s'
LD='/scratchbox/compilers/cs2007q3-glibc2.5-arm6/arm-none-linux-gnueabi/bin/ld'
LDFLAGS='-Xlinker -rpath -Xlinker /usr/local/lib'
LIBGCRYPT='/usr/local/lib/libgcrypt.so /usr/local/lib/libgpg-error.so -Wl,-rpath -Wl,/usr/local/lib'
LIBGCRYPT_PREFIX='/usr/local'
LIBGNUTLS_EXTRA_CFLAGS='-I${prefix}/include'
LIBGNUTLS_EXTRA_LIBS='-L${exec_prefix}/lib -lgnutls-extra  '
LIBOBJS=''
LIBS=''
LIBSOCKET=''
LIBTASN1=''
LIBTASN1_PREFIX=''
LIBTOOL='$(SHELL) $(top_builddir)/libtool'
LIPO=''
LN_S='ln -s'
LTLIBGCRYPT='-L/usr/local/lib -lgcrypt -L/usr/local/lib -lgpg-error -R/usr/local/lib'
LTLIBOBJS=''
LTLIBTASN1=''
LT_AGE='16'
LT_CURRENT='42'
LT_REVISION='8'
LZO_LIBS=''
MAKEINFO='${SHELL} /home/tjw/tjKindle/LIB2/gnutls-2.10.0/libextra/build-aux/missing --run makeinfo'
MKDIR_P='/scratchbox/tools/bin/mkdir -p'
NM='/scratchbox/compilers/bin/nm -B'
NMEDIT=''
OBJDUMP='objdump'
OBJEXT='o'
OTOOL64=''
OTOOL=''
PACKAGE='libgnutls-extra'
PACKAGE_BUGREPORT='bug-gnutls@gnu.org'
PACKAGE_NAME='libgnutls-extra'
PACKAGE_STRING='libgnutls-extra 2.10.0'
PACKAGE_TARNAME='libgnutls-extra'
PACKAGE_URL=''
PACKAGE_VERSION='2.10.0'
PATH_SEPARATOR=':'
RANLIB='ranlib'
REPLACE_CHOWN='0'
REPLACE_CLOSE='0'
REPLACE_DUP2='0'
REPLACE_DUP='0'
REPLACE_FCHOWNAT='0'
REPLACE_GETCWD='0'
REPLACE_GETGROUPS='0'
REPLACE_GETPAGESIZE='0'
REPLACE_LCHOWN='0'
REPLACE_LINK='0'
REPLACE_LINKAT='0'
REPLACE_LSEEK='0'
REPLACE_PREAD='0'
REPLACE_PWRITE='0'
REPLACE_READLINK='0'
REPLACE_RMDIR='0'
REPLACE_SLEEP='0'
REPLACE_SYMLINK='0'
REPLACE_TTYNAME_R='0'
REPLACE_UNLINK='0'
REPLACE_UNLINKAT='0'
REPLACE_USLEEP='0'
REPLACE_WRITE='0'
SED='/scratchbox/tools/bin/sed'
SET_MAKE=''
SHELL='/bin/sh'
STRIP='strip'
UNISTD_H_HAVE_WINSOCK2_H='0'
UNISTD_H_HAVE_WINSOCK2_H_AND_USE_SOCKETS='0'
USE_LZO_FALSE=''
USE_LZO_TRUE='#'
VERSION='2.10.0'
WARN_CFLAGS=''
WERROR_CFLAGS=''
WSTACK_CFLAGS=''
ac_ct_CC='gcc'
ac_ct_DUMPBIN=''
am__EXEEXT_FALSE=''
am__EXEEXT_TRUE='#'
am__fastdepCC_FALSE='#'
am__fastdepCC_TRUE=''
am__include='include'
am__isrc=''
am__leading_dot='.'
am__quote=''
am__tar='${AMTAR} chof - "$$tardir"'
am__untar='${AMTAR} xf -'
bindir='${exec_prefix}/bin'
build='arm-unknown-linux-gnueabi'
build_alias=''
build_cpu='arm'
build_os='linux-gnueabi'
build_vendor='unknown'
datadir='${datarootdir}'
datarootdir='${prefix}/share'
docdir='${datarootdir}/doc/${PACKAGE_TARNAME}'
dvidir='${docdir}'
exec_prefix='${prefix}'
host='arm-unknown-linux-gnueabi'
host_alias=''
host_cpu='arm'
host_os='linux-gnueabi'
host_vendor='unknown'
htmldir='${docdir}'
includedir='${prefix}/include'
infodir='${datarootdir}/info'
install_sh='${SHELL} /home/tjw/tjKindle/LIB2/gnutls-2.10.0/libextra/build-aux/install-sh'
libdir='${exec_prefix}/lib'
libexecdir='${exec_prefix}/libexec'
localedir='${datarootdir}/locale'
localstatedir='${prefix}/var'
lt_ECHO='echo'
mandir='${datarootdir}/man'
mkdir_p='/scratchbox/tools/bin/mkdir -p'
oldincludedir='/usr/include'
pdfdir='${docdir}'
prefix='/usr/local'
program_transform_name='s,x,x,'
psdir='${docdir}'
sbindir='${exec_prefix}/sbin'
sharedstatedir='${prefix}/com'
sysconfdir='${prefix}/etc'
target_alias=''
xgl_LIBOBJS=' hmac-md5.o md5.o memxor.o'
xgl_LTLIBOBJS=' hmac-md5.lo md5.lo memxor.lo'
xgltests_LIBOBJS=''
xgltests_LTLIBOBJS=''
xgltests_WITNESS='IN_LIBGNUTLS_EXTRA_GNULIB_TESTS'

## ----------- ##
## confdefs.h. ##
## ----------- ##

/* confdefs.h */
#define PACKAGE_NAME "libgnutls-extra"
#define PACKAGE_TARNAME "libgnutls-extra"
#define PACKAGE_VERSION "2.10.0"
#define PACKAGE_STRING "libgnutls-extra 2.10.0"
#define PACKAGE_BUGREPORT "bug-gnutls@gnu.org"
#define PACKAGE_URL ""
#define PACKAGE "libgnutls-extra"
#define VERSION "2.10.0"
#define STDC_HEADERS 1
#define HAVE_SYS_TYPES_H 1
#define HAVE_SYS_STAT_H 1
#define HAVE_STDLIB_H 1
#define HAVE_STRING_H 1
#define HAVE_MEMORY_H 1
#define HAVE_STRINGS_H 1
#define HAVE_INTTYPES_H 1
#define HAVE_STDINT_H 1
#define HAVE_UNISTD_H 1
#define __EXTENSIONS__ 1
#define _ALL_SOURCE 1
#define _GNU_SOURCE 1
#define _POSIX_PTHREAD_SEMANTICS 1
#define _TANDEM_SOURCE 1
#define HAVE_DLFCN_H 1
#define LT_OBJDIR ".libs/"
#define HAVE_LIBGCRYPT 1
#define C99_MACROS 1
#define ENABLE_SRP 1
#define ENABLE_PSK 1
#define ENABLE_ANON 1
#define ENABLE_CAMELLIA 1
#define ENABLE_PKI 1
#define ENABLE_OPENPGP 1
#define ENABLE_SESSION_TICKET 1
#define SIZEOF_VOID_P 4
#define SIZEOF_LONG 4
#define SIZEOF_INT 4
#define GNUTLS_POINTER_TO_INT_CAST (long)
#define HAVE_SYS_SOCKET_H 1
#define restrict __restrict
#define GNUTLS_COMPAT_H 1

configure: exit 0
