This file contains any messages produced by compilers while
running configure, to aid debugging if configure makes a mistake.

It was created by configure, which was
generated by GNU Autoconf 2.65.  Invocation command line was

  $ ./configure --disable-static

## --------- ##
## Platform. ##
## --------- ##

hostname = tjw-pc
uname -m = arm
uname -r = 2.6.38-11-generic
uname -s = Linux
uname -v = #48-Ubuntu SMP Fri Jul 29 19:02:55 UTC 2011

/usr/bin/uname -p = unknown
/bin/uname -X     = unknown

/bin/arch              = arm
/usr/bin/arch -k       = arm
/usr/convex/getsysinfo = unknown
/usr/bin/hostinfo      = unknown
/bin/machine           = unknown
/usr/bin/oslevel       = unknown
/bin/universe          = unknown

PATH: /home/tjw/kindle/tjKindle
PATH: /usr/local/bin
PATH: /usr/local/bin
PATH: /host_usr/bin
PATH: /scratchbox/devkits/svn/bin
PATH: /scratchbox/devkits/qemu/bin
PATH: /scratchbox/devkits/perl/bin
PATH: /scratchbox/devkits/git/bin
PATH: /scratchbox/devkits/doctools/bin
PATH: /scratchbox/tools/bin
PATH: /targets/links/arch_tools/bin
PATH: /scratchbox/compilers/bin
PATH: /bin
PATH: /usr/bin
PATH: /usr/local/bin
PATH: /usr/X11R6/bin
PATH: /sbin
PATH: /usr/sbin


## ----------- ##
## Core tests. ##
## ----------- ##

configure:2362: checking for a BSD-compatible install
configure:2430: result: /scratchbox/tools/bin/install -c
configure:2441: checking whether build environment is sane
configure:2491: result: yes
configure:2632: checking for a thread-safe mkdir -p
configure:2671: result: /scratchbox/tools/bin/mkdir -p
configure:2684: checking for gawk
configure:2700: found /scratchbox/tools/bin/gawk
configure:2711: result: gawk
configure:2722: checking whether make sets $(MAKE)
configure:2744: result: yes
configure:2825: checking whether to enable maintainer-specific portions of Makefiles
configure:2834: result: no
configure:2880: checking build system type
configure:2894: result: arm-unknown-linux-gnueabi
configure:2914: checking host system type
configure:2927: result: arm-unknown-linux-gnueabi
configure:2959: checking for style of include used by make
configure:2987: result: GNU
configure:3057: checking for gcc
configure:3073: found /scratchbox/compilers/bin/gcc
configure:3084: result: gcc
configure:3313: checking for C compiler version
configure:3322: gcc --version >&5
sbox-arm-none-linux-gnueabi-gcc (GCC) 4.2.1
Copyright (C) 2007 Free Software Foundation, Inc.
This is free software; see the source for copying conditions.  There is NO
warranty; not even for MERCHANTABILITY or FITNESS FOR A PARTICULAR PURPOSE.

configure:3333: $? = 0
configure:3322: gcc -v >&5
Using built-in specs.
Reading specs from /scratchbox/compilers/cs2007q3-glibc2.5-arm6/gcc.specs
rename spec cpp to old_cpp
rename spec cc1 to old_cc1
rename spec cc1plus to old_cc1plus
rename spec link to old_link
Target: arm-none-linux-gnueabi
Configured with: /home/jhakala/cs2007q3-sb4/arm/src/gcc-4.2/configure --build=i686-pc-linux-gnu --host=i686-pc-linux-gnu --target=arm-none-linux-gnueabi --enable-threads --disable-libmudflap --disable-libssp --disable-libgomp --disable-libstdcxx-pch --with-gnu-as --with-gnu-ld --enable-languages=c,c++ --enable-shared --enable-symvers=gnu --enable-__cxa_atexit --disable-nls --prefix=/opt/maemo --with-sysroot=/opt/maemo/arm-none-linux-gnueabi/libc --with-build-sysroot=/home/jhakala/cs2007q3-sb4/arm/install/arm-none-linux-gnueabi/libc --with-build-time-tools=/home/jhakala/cs2007q3-sb4/arm/install/arm-none-linux-gnueabi/bin
Thread model: posix
gcc version 4.2.1
configure:3333: $? = 0
configure:3322: gcc -V >&5
sbox-arm-none-linux-gnueabi-gcc: '-V' must come at the start of the command line
configure:3333: $? = 1
configure:3322: gcc -qversion >&5
sbox-arm-none-linux-gnueabi-gcc: unrecognized option '-qversion'
sbox-arm-none-linux-gnueabi-gcc: no input files
configure:3333: $? = 1
configure:3353: checking whether the C compiler works
configure:3375: gcc -O2 -march=armv6j -mtune=arm1136jf-s -pipe -fomit-frame-pointer -fno-stack-protector   conftest.c  >&5
configure:3379: $? = 0
configure:3428: result: yes
configure:3431: checking for C compiler default output file name
configure:3433: result: a.out
configure:3439: checking for suffix of executables
configure:3446: gcc -o conftest -O2 -march=armv6j -mtune=arm1136jf-s -pipe -fomit-frame-pointer -fno-stack-protector   conftest.c  >&5
configure:3450: $? = 0
configure:3472: result: 
configure:3494: checking whether we are cross compiling
configure:3502: gcc -o conftest -O2 -march=armv6j -mtune=arm1136jf-s -pipe -fomit-frame-pointer -fno-stack-protector   conftest.c  >&5
configure:3506: $? = 0
configure:3513: ./conftest
configure:3517: $? = 0
configure:3532: result: no
configure:3537: checking for suffix of object files
configure:3559: gcc -c -O2 -march=armv6j -mtune=arm1136jf-s -pipe -fomit-frame-pointer -fno-stack-protector  conftest.c >&5
configure:3563: $? = 0
configure:3584: result: o
configure:3588: checking whether we are using the GNU C compiler
configure:3607: gcc -c -O2 -march=armv6j -mtune=arm1136jf-s -pipe -fomit-frame-pointer -fno-stack-protector  conftest.c >&5
configure:3607: $? = 0
configure:3616: result: yes
configure:3625: checking whether gcc accepts -g
configure:3645: gcc -c -g  conftest.c >&5
configure:3645: $? = 0
configure:3686: result: yes
configure:3703: checking for gcc option to accept ISO C89
configure:3767: gcc  -c -O2 -march=armv6j -mtune=arm1136jf-s -pipe -fomit-frame-pointer -fno-stack-protector  conftest.c >&5
configure:3767: $? = 0
configure:3780: result: none needed
configure:3802: checking dependency style of gcc
configure:3912: result: gcc3
configure:3927: checking for a sed that does not truncate output
configure:3991: result: /scratchbox/tools/bin/sed
configure:4009: checking for grep that handles long lines and -e
configure:4067: result: /scratchbox/tools/bin/grep
configure:4072: checking for egrep
configure:4134: result: /scratchbox/tools/bin/grep -E
configure:4139: checking for fgrep
configure:4201: result: /scratchbox/tools/bin/grep -F
configure:4236: checking for ld used by gcc
configure:4303: result: /scratchbox/compilers/cs2007q3-glibc2.5-arm6/arm-none-linux-gnueabi/bin/ld
configure:4310: checking if the linker (/scratchbox/compilers/cs2007q3-glibc2.5-arm6/arm-none-linux-gnueabi/bin/ld) is GNU ld
configure:4325: result: yes
configure:4337: checking for BSD- or MS-compatible name lister (nm)
configure:4386: result: /scratchbox/compilers/bin/nm -B
configure:4504: checking the name lister (/scratchbox/compilers/bin/nm -B) interface
configure:4511: gcc -c -O2 -march=armv6j -mtune=arm1136jf-s -pipe -fomit-frame-pointer -fno-stack-protector  conftest.c >&5
configure:4514: /scratchbox/compilers/bin/nm -B "conftest.o"
configure:4517: output
00000000 B some_variable
configure:4524: result: BSD nm
configure:4527: checking whether ln -s works
configure:4531: result: yes
configure:4539: checking the maximum length of command line arguments
configure:4659: result: 98304
configure:4676: checking whether the shell understands some XSI constructs
configure:4686: result: yes
configure:4690: checking whether the shell understands "+="
configure:4696: result: no
configure:4731: checking for /scratchbox/compilers/cs2007q3-glibc2.5-arm6/arm-none-linux-gnueabi/bin/ld option to reload object files
configure:4738: result: -r
configure:4807: checking for objdump
configure:4823: found /scratchbox/compilers/bin/objdump
configure:4834: result: objdump
configure:4866: checking how to recognize dependent libraries
configure:5062: result: pass_all
configure:5122: checking for ar
configure:5138: found /scratchbox/compilers/bin/ar
configure:5149: result: ar
configure:5227: checking for strip
configure:5243: found /scratchbox/compilers/bin/strip
configure:5254: result: strip
configure:5326: checking for ranlib
configure:5342: found /scratchbox/compilers/bin/ranlib
configure:5353: result: ranlib
configure:5443: checking command to parse /scratchbox/compilers/bin/nm -B output from gcc object
configure:5561: gcc -c -O2 -march=armv6j -mtune=arm1136jf-s -pipe -fomit-frame-pointer -fno-stack-protector  conftest.c >&5
configure:5564: $? = 0
configure:5568: /scratchbox/compilers/bin/nm -B conftest.o \| sed -n -e 's/^.*[	 ]\([ABCDGIRSTW][ABCDGIRSTW]*\)[	 ][	 ]*\([_A-Za-z][_A-Za-z0-9]*\)$/\1 \2 \2/p' \> conftest.nm
configure:5571: $? = 0
configure:5625: gcc -o conftest -O2 -march=armv6j -mtune=arm1136jf-s -pipe -fomit-frame-pointer -fno-stack-protector   conftest.c conftstm.o >&5
configure:5628: $? = 0
configure:5666: result: ok
configure:6475: checking how to run the C preprocessor
configure:6506: gcc -E  conftest.c
configure:6506: $? = 0
configure:6520: gcc -E  conftest.c
conftest.c:11:28: error: ac_nonexistent.h: No such file or directory
configure:6520: $? = 1
configure: failed program was:
| /* confdefs.h */
| #define PACKAGE_NAME ""
| #define PACKAGE_TARNAME ""
| #define PACKAGE_VERSION ""
| #define PACKAGE_STRING ""
| #define PACKAGE_BUGREPORT ""
| #define PACKAGE_URL ""
| #define PACKAGE "pkg-config"
| #define VERSION "0.25"
| /* end confdefs.h.  */
| #include <ac_nonexistent.h>
configure:6545: result: gcc -E
configure:6565: gcc -E  conftest.c
configure:6565: $? = 0
configure:6579: gcc -E  conftest.c
conftest.c:11:28: error: ac_nonexistent.h: No such file or directory
configure:6579: $? = 1
configure: failed program was:
| /* confdefs.h */
| #define PACKAGE_NAME ""
| #define PACKAGE_TARNAME ""
| #define PACKAGE_VERSION ""
| #define PACKAGE_STRING ""
| #define PACKAGE_BUGREPORT ""
| #define PACKAGE_URL ""
| #define PACKAGE "pkg-config"
| #define VERSION "0.25"
| /* end confdefs.h.  */
| #include <ac_nonexistent.h>
configure:6608: checking for ANSI C header files
configure:6628: gcc -c -O2 -march=armv6j -mtune=arm1136jf-s -pipe -fomit-frame-pointer -fno-stack-protector  conftest.c >&5
configure:6628: $? = 0
configure:6701: gcc -o conftest -O2 -march=armv6j -mtune=arm1136jf-s -pipe -fomit-frame-pointer -fno-stack-protector   conftest.c  >&5
configure:6701: $? = 0
configure:6701: ./conftest
configure:6701: $? = 0
configure:6712: result: yes
configure:6725: checking for sys/types.h
configure:6725: gcc -c -O2 -march=armv6j -mtune=arm1136jf-s -pipe -fomit-frame-pointer -fno-stack-protector  conftest.c >&5
configure:6725: $? = 0
configure:6725: result: yes
configure:6725: checking for sys/stat.h
configure:6725: gcc -c -O2 -march=armv6j -mtune=arm1136jf-s -pipe -fomit-frame-pointer -fno-stack-protector  conftest.c >&5
configure:6725: $? = 0
configure:6725: result: yes
configure:6725: checking for stdlib.h
configure:6725: gcc -c -O2 -march=armv6j -mtune=arm1136jf-s -pipe -fomit-frame-pointer -fno-stack-protector  conftest.c >&5
configure:6725: $? = 0
configure:6725: result: yes
configure:6725: checking for string.h
configure:6725: gcc -c -O2 -march=armv6j -mtune=arm1136jf-s -pipe -fomit-frame-pointer -fno-stack-protector  conftest.c >&5
configure:6725: $? = 0
configure:6725: result: yes
configure:6725: checking for memory.h
configure:6725: gcc -c -O2 -march=armv6j -mtune=arm1136jf-s -pipe -fomit-frame-pointer -fno-stack-protector  conftest.c >&5
configure:6725: $? = 0
configure:6725: result: yes
configure:6725: checking for strings.h
configure:6725: gcc -c -O2 -march=armv6j -mtune=arm1136jf-s -pipe -fomit-frame-pointer -fno-stack-protector  conftest.c >&5
configure:6725: $? = 0
configure:6725: result: yes
configure:6725: checking for inttypes.h
configure:6725: gcc -c -O2 -march=armv6j -mtune=arm1136jf-s -pipe -fomit-frame-pointer -fno-stack-protector  conftest.c >&5
configure:6725: $? = 0
configure:6725: result: yes
configure:6725: checking for stdint.h
configure:6725: gcc -c -O2 -march=armv6j -mtune=arm1136jf-s -pipe -fomit-frame-pointer -fno-stack-protector  conftest.c >&5
configure:6725: $? = 0
configure:6725: result: yes
configure:6725: checking for unistd.h
configure:6725: gcc -c -O2 -march=armv6j -mtune=arm1136jf-s -pipe -fomit-frame-pointer -fno-stack-protector  conftest.c >&5
configure:6725: $? = 0
configure:6725: result: yes
configure:6740: checking for dlfcn.h
configure:6740: gcc -c -O2 -march=armv6j -mtune=arm1136jf-s -pipe -fomit-frame-pointer -fno-stack-protector  conftest.c >&5
configure:6740: $? = 0
configure:6740: result: yes
configure:6924: checking for objdir
configure:6939: result: .libs
configure:7231: checking if gcc supports -fno-rtti -fno-exceptions
configure:7249: gcc -c -O2 -march=armv6j -mtune=arm1136jf-s -pipe -fomit-frame-pointer -fno-stack-protector  -fno-rtti -fno-exceptions conftest.c >&5
cc1: warning: command line option "-fno-rtti" is valid for C++/ObjC++ but not for C
cc1: warning: command line option "-fno-rtti" is valid for C++/ObjC++ but not for C
configure:7253: $? = 0
configure:7266: result: no
configure:7286: checking for gcc option to produce PIC
configure:7558: result: -fPIC -DPIC
configure:7570: checking if gcc PIC flag -fPIC -DPIC works
configure:7588: gcc -c -O2 -march=armv6j -mtune=arm1136jf-s -pipe -fomit-frame-pointer -fno-stack-protector  -fPIC -DPIC -DPIC conftest.c >&5
configure:7592: $? = 0
configure:7605: result: yes
configure:7629: checking if gcc static flag -static works
configure:7657: result: yes
configure:7672: checking if gcc supports -c -o file.o
configure:7693: gcc -c -O2 -march=armv6j -mtune=arm1136jf-s -pipe -fomit-frame-pointer -fno-stack-protector  -o out/conftest2.o conftest.c >&5
configure:7697: $? = 0
configure:7719: result: yes
configure:7727: checking if gcc supports -c -o file.o
configure:7774: result: yes
configure:7807: checking whether the gcc linker (/scratchbox/compilers/cs2007q3-glibc2.5-arm6/arm-none-linux-gnueabi/bin/ld) supports shared libraries
configure:8798: result: yes
configure:8835: checking whether -lc should be explicitly linked in
configure:8840: gcc -c -O2 -march=armv6j -mtune=arm1136jf-s -pipe -fomit-frame-pointer -fno-stack-protector  conftest.c >&5
configure:8843: $? = 0
configure:8858: gcc -shared conftest.o  -v -Wl,-soname -Wl,conftest -o conftest 2\>\&1 \| /scratchbox/tools/bin/grep  -lc  \>/dev/null 2\>\&1
configure:8861: $? = 0
configure:8873: result: no
configure:9037: checking dynamic linker characteristics
configure:9470: gcc -o conftest -O2 -march=armv6j -mtune=arm1136jf-s -pipe -fomit-frame-pointer -fno-stack-protector   -Wl,-rpath -Wl,/foo conftest.c  >&5
configure:9470: $? = 0
configure:9700: result: GNU/Linux ld.so
configure:9802: checking how to hardcode library paths into programs
configure:9827: result: immediate
configure:10347: checking whether stripping libraries is possible
configure:10352: result: yes
configure:10387: checking if libtool supports shared libraries
configure:10389: result: yes
configure:10392: checking whether to build shared libraries
configure:10413: result: yes
configure:10416: checking whether to build static libraries
configure:10420: result: no
configure:10504: checking for gcc
configure:10531: result: gcc
configure:10760: checking for C compiler version
configure:10769: gcc --version >&5
sbox-arm-none-linux-gnueabi-gcc (GCC) 4.2.1
Copyright (C) 2007 Free Software Foundation, Inc.
This is free software; see the source for copying conditions.  There is NO
warranty; not even for MERCHANTABILITY or FITNESS FOR A PARTICULAR PURPOSE.

configure:10780: $? = 0
configure:10769: gcc -v >&5
Using built-in specs.
Reading specs from /scratchbox/compilers/cs2007q3-glibc2.5-arm6/gcc.specs
rename spec cpp to old_cpp
rename spec cc1 to old_cc1
rename spec cc1plus to old_cc1plus
rename spec link to old_link
Target: arm-none-linux-gnueabi
Configured with: /home/jhakala/cs2007q3-sb4/arm/src/gcc-4.2/configure --build=i686-pc-linux-gnu --host=i686-pc-linux-gnu --target=arm-none-linux-gnueabi --enable-threads --disable-libmudflap --disable-libssp --disable-libgomp --disable-libstdcxx-pch --with-gnu-as --with-gnu-ld --enable-languages=c,c++ --enable-shared --enable-symvers=gnu --enable-__cxa_atexit --disable-nls --prefix=/opt/maemo --with-sysroot=/opt/maemo/arm-none-linux-gnueabi/libc --with-build-sysroot=/home/jhakala/cs2007q3-sb4/arm/install/arm-none-linux-gnueabi/libc --with-build-time-tools=/home/jhakala/cs2007q3-sb4/arm/install/arm-none-linux-gnueabi/bin
Thread model: posix
gcc version 4.2.1
configure:10780: $? = 0
configure:10769: gcc -V >&5
sbox-arm-none-linux-gnueabi-gcc: '-V' must come at the start of the command line
configure:10780: $? = 1
configure:10769: gcc -qversion >&5
sbox-arm-none-linux-gnueabi-gcc: unrecognized option '-qversion'
sbox-arm-none-linux-gnueabi-gcc: no input files
configure:10780: $? = 1
configure:10784: checking whether we are using the GNU C compiler
configure:10812: result: yes
configure:10821: checking whether gcc accepts -g
configure:10882: result: yes
configure:10899: checking for gcc option to accept ISO C89
configure:10976: result: none needed
configure:10998: checking dependency style of gcc
configure:11108: result: gcc3
configure:11127: checking for default search path for .pc files
configure:11145: result: ${libdir}/pkgconfig:${datadir}/pkgconfig:/usr/lib/pkgconfig:/usr/share/pkgconfig
use_indirect_deps=auto
configure:11166: checking whether to list both direct and indirect dependencies
configure:11184: result: no
configure:11204: checking for Win32
configure:11214: result: no
configure:11390: checking for working alloca.h
configure:11407: gcc -o conftest -O2 -march=armv6j -mtune=arm1136jf-s -pipe -fomit-frame-pointer -fno-stack-protector   conftest.c  >&5
configure:11407: $? = 0
configure:11415: result: yes
configure:11423: checking for alloca
configure:11460: gcc -o conftest -O2 -march=armv6j -mtune=arm1136jf-s -pipe -fomit-frame-pointer -fno-stack-protector   conftest.c  >&5
configure:11460: $? = 0
configure:11468: result: yes
configure:11582: checking for setresuid
configure:11582: gcc -o conftest -O2 -march=armv6j -mtune=arm1136jf-s -pipe -fomit-frame-pointer -fno-stack-protector   conftest.c  >&5
configure:11582: $? = 0
configure:11582: result: yes
configure:11595: checking dirent.h usability
configure:11595: gcc -c -O2 -march=armv6j -mtune=arm1136jf-s -pipe -fomit-frame-pointer -fno-stack-protector  conftest.c >&5
configure:11595: $? = 0
configure:11595: result: yes
configure:11595: checking dirent.h presence
configure:11595: gcc -E  conftest.c
configure:11595: $? = 0
configure:11595: result: yes
configure:11595: checking for dirent.h
configure:11595: result: yes
configure:11595: checking for unistd.h
configure:11595: result: yes
configure:11595: checking sys/wait.h usability
configure:11595: gcc -c -O2 -march=armv6j -mtune=arm1136jf-s -pipe -fomit-frame-pointer -fno-stack-protector  conftest.c >&5
configure:11595: $? = 0
configure:11595: result: yes
configure:11595: checking sys/wait.h presence
configure:11595: gcc -E  conftest.c
configure:11595: $? = 0
configure:11595: result: yes
configure:11595: checking for sys/wait.h
configure:11595: result: yes
configure:11595: checking malloc.h usability
configure:11595: gcc -c -O2 -march=armv6j -mtune=arm1136jf-s -pipe -fomit-frame-pointer -fno-stack-protector  conftest.c >&5
configure:11595: $? = 0
configure:11595: result: yes
configure:11595: checking malloc.h presence
configure:11595: gcc -E  conftest.c
configure:11595: $? = 0
configure:11595: result: yes
configure:11595: checking for malloc.h
configure:11595: result: yes
configure:11743: creating ./config.status

## ---------------------- ##
## Running config.status. ##
## ---------------------- ##

This file was extended by config.status, which was
generated by GNU Autoconf 2.65.  Invocation command line was

  CONFIG_FILES    = 
  CONFIG_HEADERS  = 
  CONFIG_LINKS    = 
  CONFIG_COMMANDS = 
  $ ./config.status 

on tjw-pc

config.status:1089: creating Makefile
config.status:1089: creating popt/Makefile
config.status:1089: creating check/Makefile
config.status:1089: creating check/config.sh
config.status:1089: creating config.h
config.status:1261: config.h is unchanged
config.status:1309: executing depfiles commands
config.status:1309: executing libtool commands
configure:14015: === configuring in glib-1.2.10 (/home/tjw/tjKindle/autotools/pkg-config-0.25/glib-1.2.10)
configure:14078: running /bin/sh ./configure --disable-option-checking '--prefix=/usr/local'  '--disable-static' 'CFLAGS=-O2 -march=armv6j -mtune=arm1136jf-s -pipe -fomit-frame-pointer -fno-stack-protector' --cache-file=/dev/null --srcdir=.

## ---------------- ##
## Cache variables. ##
## ---------------- ##

ac_cv_build=arm-unknown-linux-gnueabi
ac_cv_c_compiler_gnu=yes
ac_cv_env_CC_set=
ac_cv_env_CC_value=
ac_cv_env_CFLAGS_set=set
ac_cv_env_CFLAGS_value='-O2 -march=armv6j -mtune=arm1136jf-s -pipe -fomit-frame-pointer -fno-stack-protector'
ac_cv_env_CPPFLAGS_set=
ac_cv_env_CPPFLAGS_value=
ac_cv_env_CPP_set=
ac_cv_env_CPP_value=
ac_cv_env_LDFLAGS_set=
ac_cv_env_LDFLAGS_value=
ac_cv_env_LIBS_set=
ac_cv_env_LIBS_value=
ac_cv_env_build_alias_set=
ac_cv_env_build_alias_value=
ac_cv_env_host_alias_set=
ac_cv_env_host_alias_value=
ac_cv_env_target_alias_set=
ac_cv_env_target_alias_value=
ac_cv_func_alloca_works=yes
ac_cv_func_setresuid=yes
ac_cv_header_dirent_h=yes
ac_cv_header_dlfcn_h=yes
ac_cv_header_inttypes_h=yes
ac_cv_header_malloc_h=yes
ac_cv_header_memory_h=yes
ac_cv_header_stdc=yes
ac_cv_header_stdint_h=yes
ac_cv_header_stdlib_h=yes
ac_cv_header_string_h=yes
ac_cv_header_strings_h=yes
ac_cv_header_sys_stat_h=yes
ac_cv_header_sys_types_h=yes
ac_cv_header_sys_wait_h=yes
ac_cv_header_unistd_h=yes
ac_cv_host=arm-unknown-linux-gnueabi
ac_cv_objext=o
ac_cv_path_EGREP='/scratchbox/tools/bin/grep -E'
ac_cv_path_FGREP='/scratchbox/tools/bin/grep -F'
ac_cv_path_GREP=/scratchbox/tools/bin/grep
ac_cv_path_SED=/scratchbox/tools/bin/sed
ac_cv_path_install='/scratchbox/tools/bin/install -c'
ac_cv_path_mkdir=/scratchbox/tools/bin/mkdir
ac_cv_prog_AWK=gawk
ac_cv_prog_CPP='gcc -E'
ac_cv_prog_ac_ct_AR=ar
ac_cv_prog_ac_ct_CC=gcc
ac_cv_prog_ac_ct_OBJDUMP=objdump
ac_cv_prog_ac_ct_RANLIB=ranlib
ac_cv_prog_ac_ct_STRIP=strip
ac_cv_prog_cc_c89=
ac_cv_prog_cc_g=yes
ac_cv_prog_make_make_set=yes
ac_cv_working_alloca_h=yes
am_cv_CC_dependencies_compiler_type=gcc3
lt_cv_deplibs_check_method=pass_all
lt_cv_file_magic_cmd='$MAGIC_CMD'
lt_cv_file_magic_test_file=
lt_cv_ld_reload_flag=-r
lt_cv_nm_interface='BSD nm'
lt_cv_objdir=.libs
lt_cv_path_LD=/scratchbox/compilers/cs2007q3-glibc2.5-arm6/arm-none-linux-gnueabi/bin/ld
lt_cv_path_NM='/scratchbox/compilers/bin/nm -B'
lt_cv_prog_compiler_c_o=yes
lt_cv_prog_compiler_pic_works=yes
lt_cv_prog_compiler_rtti_exceptions=no
lt_cv_prog_compiler_static_works=yes
lt_cv_prog_gnu_ld=yes
lt_cv_sys_global_symbol_pipe='sed -n -e '\''s/^.*[	 ]\([ABCDGIRSTW][ABCDGIRSTW]*\)[	 ][	 ]*\([_A-Za-z][_A-Za-z0-9]*\)$/\1 \2 \2/p'\'''
lt_cv_sys_global_symbol_to_c_name_address='sed -n -e '\''s/^: \([^ ]*\) $/  {\"\1\", (void *) 0},/p'\'' -e '\''s/^[ABCDGIRSTW]* \([^ ]*\) \([^ ]*\)$/  {"\2", (void *) \&\2},/p'\'''
lt_cv_sys_global_symbol_to_c_name_address_lib_prefix='sed -n -e '\''s/^: \([^ ]*\) $/  {\"\1\", (void *) 0},/p'\'' -e '\''s/^[ABCDGIRSTW]* \([^ ]*\) \(lib[^ ]*\)$/  {"\2", (void *) \&\2},/p'\'' -e '\''s/^[ABCDGIRSTW]* \([^ ]*\) \([^ ]*\)$/  {"lib\2", (void *) \&\2},/p'\'''
lt_cv_sys_global_symbol_to_cdecl='sed -n -e '\''s/^T .* \(.*\)$/extern int \1();/p'\'' -e '\''s/^[ABCDGIRSTW]* .* \(.*\)$/extern char \1;/p'\'''
lt_cv_sys_max_cmd_len=98304

## ----------------- ##
## Output variables. ##
## ----------------- ##

ACLOCAL='${SHELL} /home/tjw/tjKindle/autotools/pkg-config-0.25/missing --run aclocal-1.11'
ALLOCA=''
AMDEPBACKSLASH='\'
AMDEP_FALSE='#'
AMDEP_TRUE=''
AMTAR='${SHELL} /home/tjw/tjKindle/autotools/pkg-config-0.25/missing --run tar'
AR='ar'
AUTOCONF='${SHELL} /home/tjw/tjKindle/autotools/pkg-config-0.25/missing --run autoconf'
AUTOHEADER='${SHELL} /home/tjw/tjKindle/autotools/pkg-config-0.25/missing --run autoheader'
AUTOMAKE='${SHELL} /home/tjw/tjKindle/autotools/pkg-config-0.25/missing --run automake-1.11'
AWK='gawk'
CC='gcc'
CCDEPMODE='depmode=gcc3'
CFLAGS='-O2 -march=armv6j -mtune=arm1136jf-s -pipe -fomit-frame-pointer -fno-stack-protector'
CPP='gcc -E'
CPPFLAGS=''
CYGPATH_W='echo'
DEFS='-DHAVE_CONFIG_H'
DEPDIR='.deps'
DSYMUTIL=''
DUMPBIN=''
ECHO_C=''
ECHO_N='-n'
ECHO_T=''
EGREP='/scratchbox/tools/bin/grep -E'
EXEEXT=''
FGREP='/scratchbox/tools/bin/grep -F'
GLIB_CFLAGS=''
GLIB_LIBS=''
GREP='/scratchbox/tools/bin/grep'
INSTALL_DATA='${INSTALL} -m 644'
INSTALL_PROGRAM='${INSTALL}'
INSTALL_SCRIPT='${INSTALL}'
INSTALL_STRIP_PROGRAM='$(install_sh) -c -s'
LD='/scratchbox/compilers/cs2007q3-glibc2.5-arm6/arm-none-linux-gnueabi/bin/ld'
LDFLAGS=''
LIBOBJS=''
LIBS=''
LIBTOOL='$(SHELL) $(top_builddir)/libtool'
LIPO=''
LN_S='ln -s'
LTLIBOBJS=''
MAINT='#'
MAINTAINER_MODE_FALSE=''
MAINTAINER_MODE_TRUE='#'
MAKEINFO='${SHELL} /home/tjw/tjKindle/autotools/pkg-config-0.25/missing --run makeinfo'
MKDIR_P='/scratchbox/tools/bin/mkdir -p'
NM='/scratchbox/compilers/bin/nm -B'
NMEDIT=''
OBJDUMP='objdump'
OBJEXT='o'
OTOOL64=''
OTOOL=''
PACKAGE='pkg-config'
PACKAGE_BUGREPORT=''
PACKAGE_NAME=''
PACKAGE_STRING=''
PACKAGE_TARNAME=''
PACKAGE_URL=''
PACKAGE_VERSION=''
PATH_SEPARATOR=':'
PKG_CONFIG=''
POPT_LIBS=''
RANLIB='ranlib'
SED='/scratchbox/tools/bin/sed'
SET_MAKE=''
SHELL='/bin/sh'
STRIP='strip'
USE_INSTALLED_GLIB_FALSE=''
USE_INSTALLED_GLIB_TRUE='#'
USE_INSTALLED_POPT_FALSE=''
USE_INSTALLED_POPT_TRUE='#'
VERSION='0.25'
WARN_CFLAGS=''
ac_ct_CC='gcc'
ac_ct_DUMPBIN=''
am__EXEEXT_FALSE=''
am__EXEEXT_TRUE='#'
am__fastdepCC_FALSE='#'
am__fastdepCC_TRUE=''
am__include='include'
am__isrc=''
am__leading_dot='.'
am__quote=''
am__tar='${AMTAR} chof - "$$tardir"'
am__untar='${AMTAR} xf -'
bindir='${exec_prefix}/bin'
build='arm-unknown-linux-gnueabi'
build_alias=''
build_cpu='arm'
build_os='linux-gnueabi'
build_vendor='unknown'
datadir='${datarootdir}'
datarootdir='${prefix}/share'
docdir='${datarootdir}/doc/${PACKAGE}'
dvidir='${docdir}'
exec_prefix='${prefix}'
host='arm-unknown-linux-gnueabi'
host_alias=''
host_cpu='arm'
host_os='linux-gnueabi'
host_vendor='unknown'
htmldir='${docdir}'
includedir='${prefix}/include'
infodir='${datarootdir}/info'
install_sh='${SHELL} /home/tjw/tjKindle/autotools/pkg-config-0.25/install-sh'
libdir='${exec_prefix}/lib'
libexecdir='${exec_prefix}/libexec'
localedir='${datarootdir}/locale'
localstatedir='${prefix}/var'
lt_ECHO='echo'
mandir='${datarootdir}/man'
mkdir_p='/scratchbox/tools/bin/mkdir -p'
oldincludedir='/usr/include'
pc_path='${libdir}/pkgconfig:${datadir}/pkgconfig:/usr/lib/pkgconfig:/usr/share/pkgconfig'
pdfdir='${docdir}'
prefix='/usr/local'
program_transform_name='s,x,x,'
psdir='${docdir}'
sbindir='${exec_prefix}/sbin'
sharedstatedir='${prefix}/com'
subdirs=' glib-1.2.10'
sysconfdir='${prefix}/etc'
target_alias=''
use_indirect_deps='no'

## ----------- ##
## confdefs.h. ##
## ----------- ##

/* confdefs.h */
#define PACKAGE_NAME ""
#define PACKAGE_TARNAME ""
#define PACKAGE_VERSION ""
#define PACKAGE_STRING ""
#define PACKAGE_BUGREPORT ""
#define PACKAGE_URL ""
#define PACKAGE "pkg-config"
#define VERSION "0.25"
#define STDC_HEADERS 1
#define HAVE_SYS_TYPES_H 1
#define HAVE_SYS_STAT_H 1
#define HAVE_STDLIB_H 1
#define HAVE_STRING_H 1
#define HAVE_MEMORY_H 1
#define HAVE_STRINGS_H 1
#define HAVE_INTTYPES_H 1
#define HAVE_STDINT_H 1
#define HAVE_UNISTD_H 1
#define HAVE_DLFCN_H 1
#define LT_OBJDIR ".libs/"
#define ENABLE_INDIRECT_DEPS 0
#define HAVE_ALLOCA_H 1
#define HAVE_ALLOCA 1
#define HAVE_SETRESUID 1
#define HAVE_DIRENT_H 1
#define HAVE_UNISTD_H 1
#define HAVE_SYS_WAIT_H 1
#define HAVE_MALLOC_H 1

configure: exit 0
