This file contains any messages produced by compilers while
running configure, to aid debugging if configure makes a mistake.

It was created by gtk-doc configure 1.17, which was
generated by GNU Autoconf 2.65.  Invocation command line was

  $ ./configure --disable-static

## --------- ##
## Platform. ##
## --------- ##

hostname = tjw-pc
uname -m = arm
uname -r = 2.6.38-11-generic
uname -s = Linux
uname -v = #48-Ubuntu SMP Fri Jul 29 19:02:55 UTC 2011

/usr/bin/uname -p = unknown
/bin/uname -X     = unknown

/bin/arch              = arm
/usr/bin/arch -k       = arm
/usr/convex/getsysinfo = unknown
/usr/bin/hostinfo      = unknown
/bin/machine           = unknown
/usr/bin/oslevel       = unknown
/bin/universe          = unknown

PATH: /home/tjw/kindle/tjKindle
PATH: /usr/local/bin
PATH: /usr/local/bin
PATH: /host_usr/bin
PATH: /scratchbox/devkits/svn/bin
PATH: /scratchbox/devkits/qemu/bin
PATH: /scratchbox/devkits/perl/bin
PATH: /scratchbox/devkits/git/bin
PATH: /scratchbox/devkits/doctools/bin
PATH: /scratchbox/tools/bin
PATH: /targets/links/arch_tools/bin
PATH: /scratchbox/compilers/bin
PATH: /bin
PATH: /usr/bin
PATH: /usr/local/bin
PATH: /usr/X11R6/bin
PATH: /sbin
PATH: /usr/sbin


## ----------- ##
## Core tests. ##
## ----------- ##

configure:2329: checking for a BSD-compatible install
configure:2397: result: /scratchbox/tools/bin/install -c
configure:2408: checking whether build environment is sane
configure:2458: result: yes
configure:2599: checking for a thread-safe mkdir -p
configure:2638: result: /scratchbox/tools/bin/mkdir -p
configure:2651: checking for gawk
configure:2667: found /scratchbox/tools/bin/gawk
configure:2678: result: gawk
configure:2689: checking whether make sets $(MAKE)
configure:2711: result: yes
configure:2792: checking whether to disable maintainer-specific portions of Makefiles
configure:2801: result: yes
configure:2831: checking whether ln -s works
configure:2835: result: yes
configure:2891: checking for pkg-config
configure:2909: found /usr/local/bin/pkg-config
configure:2921: result: /usr/local/bin/pkg-config
configure:2946: checking pkg-config is at least version 0.9.0
configure:2949: result: yes
configure:2961: checking gnome-doc-utils >= 0.3.2
configure:2964: $PKG_CONFIG --exists --print-errors "gnome-doc-utils >= $gdu_cv_version_required"
Package gnome-doc-utils was not found in the pkg-config search path.
Perhaps you should add the directory containing `gnome-doc-utils.pc'
to the PKG_CONFIG_PATH environment variable
No package 'gnome-doc-utils' found
configure:2967: $? = 1
configure:2979: result: no
configure:3061: checking for style of include used by make
configure:3089: result: GNU
configure:3159: checking for gcc
configure:3175: found /scratchbox/compilers/bin/gcc
configure:3186: result: gcc
configure:3415: checking for C compiler version
configure:3424: gcc --version >&5
sbox-arm-none-linux-gnueabi-gcc (GCC) 4.2.1
Copyright (C) 2007 Free Software Foundation, Inc.
This is free software; see the source for copying conditions.  There is NO
warranty; not even for MERCHANTABILITY or FITNESS FOR A PARTICULAR PURPOSE.

configure:3435: $? = 0
configure:3424: gcc -v >&5
Using built-in specs.
Reading specs from /scratchbox/compilers/cs2007q3-glibc2.5-arm6/gcc.specs
rename spec cpp to old_cpp
rename spec cc1 to old_cc1
rename spec cc1plus to old_cc1plus
rename spec link to old_link
Target: arm-none-linux-gnueabi
Configured with: /home/jhakala/cs2007q3-sb4/arm/src/gcc-4.2/configure --build=i686-pc-linux-gnu --host=i686-pc-linux-gnu --target=arm-none-linux-gnueabi --enable-threads --disable-libmudflap --disable-libssp --disable-libgomp --disable-libstdcxx-pch --with-gnu-as --with-gnu-ld --enable-languages=c,c++ --enable-shared --enable-symvers=gnu --enable-__cxa_atexit --disable-nls --prefix=/opt/maemo --with-sysroot=/opt/maemo/arm-none-linux-gnueabi/libc --with-build-sysroot=/home/jhakala/cs2007q3-sb4/arm/install/arm-none-linux-gnueabi/libc --with-build-time-tools=/home/jhakala/cs2007q3-sb4/arm/install/arm-none-linux-gnueabi/bin
Thread model: posix
gcc version 4.2.1
configure:3435: $? = 0
configure:3424: gcc -V >&5
sbox-arm-none-linux-gnueabi-gcc: '-V' must come at the start of the command line
configure:3435: $? = 1
configure:3424: gcc -qversion >&5
sbox-arm-none-linux-gnueabi-gcc: unrecognized option '-qversion'
sbox-arm-none-linux-gnueabi-gcc: no input files
configure:3435: $? = 1
configure:3455: checking whether the C compiler works
configure:3477: gcc -O2 -march=armv6j -mtune=arm1136jf-s -pipe -fomit-frame-pointer -fno-stack-protector   conftest.c  >&5
configure:3481: $? = 0
configure:3530: result: yes
configure:3533: checking for C compiler default output file name
configure:3535: result: a.out
configure:3541: checking for suffix of executables
configure:3548: gcc -o conftest -O2 -march=armv6j -mtune=arm1136jf-s -pipe -fomit-frame-pointer -fno-stack-protector   conftest.c  >&5
configure:3552: $? = 0
configure:3574: result: 
configure:3596: checking whether we are cross compiling
configure:3604: gcc -o conftest -O2 -march=armv6j -mtune=arm1136jf-s -pipe -fomit-frame-pointer -fno-stack-protector   conftest.c  >&5
configure:3608: $? = 0
configure:3615: ./conftest
configure:3619: $? = 0
configure:3634: result: no
configure:3639: checking for suffix of object files
configure:3661: gcc -c -O2 -march=armv6j -mtune=arm1136jf-s -pipe -fomit-frame-pointer -fno-stack-protector  conftest.c >&5
configure:3665: $? = 0
configure:3686: result: o
configure:3690: checking whether we are using the GNU C compiler
configure:3709: gcc -c -O2 -march=armv6j -mtune=arm1136jf-s -pipe -fomit-frame-pointer -fno-stack-protector  conftest.c >&5
configure:3709: $? = 0
configure:3718: result: yes
configure:3727: checking whether gcc accepts -g
configure:3747: gcc -c -g  conftest.c >&5
configure:3747: $? = 0
configure:3788: result: yes
configure:3805: checking for gcc option to accept ISO C89
configure:3869: gcc  -c -O2 -march=armv6j -mtune=arm1136jf-s -pipe -fomit-frame-pointer -fno-stack-protector  conftest.c >&5
configure:3869: $? = 0
configure:3882: result: none needed
configure:3904: checking dependency style of gcc
configure:4014: result: gcc3
configure:4030: checking for library containing strerror
configure:4061: gcc -o conftest -O2 -march=armv6j -mtune=arm1136jf-s -pipe -fomit-frame-pointer -fno-stack-protector   conftest.c  >&5
configure:4061: $? = 0
configure:4078: result: none required
configure:4134: checking for gcc
configure:4161: result: gcc
configure:4390: checking for C compiler version
configure:4399: gcc --version >&5
sbox-arm-none-linux-gnueabi-gcc (GCC) 4.2.1
Copyright (C) 2007 Free Software Foundation, Inc.
This is free software; see the source for copying conditions.  There is NO
warranty; not even for MERCHANTABILITY or FITNESS FOR A PARTICULAR PURPOSE.

configure:4410: $? = 0
configure:4399: gcc -v >&5
Using built-in specs.
Reading specs from /scratchbox/compilers/cs2007q3-glibc2.5-arm6/gcc.specs
rename spec cpp to old_cpp
rename spec cc1 to old_cc1
rename spec cc1plus to old_cc1plus
rename spec link to old_link
Target: arm-none-linux-gnueabi
Configured with: /home/jhakala/cs2007q3-sb4/arm/src/gcc-4.2/configure --build=i686-pc-linux-gnu --host=i686-pc-linux-gnu --target=arm-none-linux-gnueabi --enable-threads --disable-libmudflap --disable-libssp --disable-libgomp --disable-libstdcxx-pch --with-gnu-as --with-gnu-ld --enable-languages=c,c++ --enable-shared --enable-symvers=gnu --enable-__cxa_atexit --disable-nls --prefix=/opt/maemo --with-sysroot=/opt/maemo/arm-none-linux-gnueabi/libc --with-build-sysroot=/home/jhakala/cs2007q3-sb4/arm/install/arm-none-linux-gnueabi/libc --with-build-time-tools=/home/jhakala/cs2007q3-sb4/arm/install/arm-none-linux-gnueabi/bin
Thread model: posix
gcc version 4.2.1
configure:4410: $? = 0
configure:4399: gcc -V >&5
sbox-arm-none-linux-gnueabi-gcc: '-V' must come at the start of the command line
configure:4410: $? = 1
configure:4399: gcc -qversion >&5
sbox-arm-none-linux-gnueabi-gcc: unrecognized option '-qversion'
sbox-arm-none-linux-gnueabi-gcc: no input files
configure:4410: $? = 1
configure:4414: checking whether we are using the GNU C compiler
configure:4442: result: yes
configure:4451: checking whether gcc accepts -g
configure:4512: result: yes
configure:4529: checking for gcc option to accept ISO C89
configure:4606: result: none needed
configure:4628: checking dependency style of gcc
configure:4738: result: gcc3
configure:4782: checking build system type
configure:4796: result: arm-unknown-linux-gnueabi
configure:4816: checking host system type
configure:4829: result: arm-unknown-linux-gnueabi
configure:4849: checking for a sed that does not truncate output
configure:4913: result: /scratchbox/tools/bin/sed
configure:4931: checking for grep that handles long lines and -e
configure:4989: result: /scratchbox/tools/bin/grep
configure:4994: checking for egrep
configure:5056: result: /scratchbox/tools/bin/grep -E
configure:5061: checking for fgrep
configure:5123: result: /scratchbox/tools/bin/grep -F
configure:5158: checking for ld used by gcc
configure:5225: result: /scratchbox/compilers/cs2007q3-glibc2.5-arm6/arm-none-linux-gnueabi/bin/ld
configure:5232: checking if the linker (/scratchbox/compilers/cs2007q3-glibc2.5-arm6/arm-none-linux-gnueabi/bin/ld) is GNU ld
configure:5247: result: yes
configure:5259: checking for BSD- or MS-compatible name lister (nm)
configure:5308: result: /scratchbox/compilers/bin/nm -B
configure:5426: checking the name lister (/scratchbox/compilers/bin/nm -B) interface
configure:5433: gcc -c -O2 -march=armv6j -mtune=arm1136jf-s -pipe -fomit-frame-pointer -fno-stack-protector  conftest.c >&5
configure:5436: /scratchbox/compilers/bin/nm -B "conftest.o"
configure:5439: output
00000000 B some_variable
configure:5446: result: BSD nm
configure:5450: checking the maximum length of command line arguments
configure:5570: result: 98304
configure:5587: checking whether the shell understands some XSI constructs
configure:5597: result: yes
configure:5601: checking whether the shell understands "+="
configure:5607: result: no
configure:5642: checking for /scratchbox/compilers/cs2007q3-glibc2.5-arm6/arm-none-linux-gnueabi/bin/ld option to reload object files
configure:5649: result: -r
configure:5718: checking for objdump
configure:5734: found /scratchbox/compilers/bin/objdump
configure:5745: result: objdump
configure:5777: checking how to recognize dependent libraries
configure:5973: result: pass_all
configure:6033: checking for ar
configure:6049: found /scratchbox/compilers/bin/ar
configure:6060: result: ar
configure:6138: checking for strip
configure:6154: found /scratchbox/compilers/bin/strip
configure:6165: result: strip
configure:6237: checking for ranlib
configure:6253: found /scratchbox/compilers/bin/ranlib
configure:6264: result: ranlib
configure:6354: checking command to parse /scratchbox/compilers/bin/nm -B output from gcc object
configure:6472: gcc -c -O2 -march=armv6j -mtune=arm1136jf-s -pipe -fomit-frame-pointer -fno-stack-protector  conftest.c >&5
configure:6475: $? = 0
configure:6479: /scratchbox/compilers/bin/nm -B conftest.o \| sed -n -e 's/^.*[	 ]\([ABCDGIRSTW][ABCDGIRSTW]*\)[	 ][	 ]*\([_A-Za-z][_A-Za-z0-9]*\)$/\1 \2 \2/p' \> conftest.nm
configure:6482: $? = 0
configure:6536: gcc -o conftest -O2 -march=armv6j -mtune=arm1136jf-s -pipe -fomit-frame-pointer -fno-stack-protector   conftest.c conftstm.o >&5
configure:6539: $? = 0
configure:6577: result: ok
configure:7385: checking how to run the C preprocessor
configure:7416: gcc -E  conftest.c
configure:7416: $? = 0
configure:7430: gcc -E  conftest.c
conftest.c:11:28: error: ac_nonexistent.h: No such file or directory
configure:7430: $? = 1
configure: failed program was:
| /* confdefs.h */
| #define PACKAGE_NAME "gtk-doc"
| #define PACKAGE_TARNAME "gtk-doc"
| #define PACKAGE_VERSION "1.17"
| #define PACKAGE_STRING "gtk-doc 1.17"
| #define PACKAGE_BUGREPORT "http://bugzilla.gnome.org/enter_bug.cgi?product=gtk-doc"
| #define PACKAGE_URL ""
| #define PACKAGE "gtk-doc"
| #define VERSION "1.17"
| /* end confdefs.h.  */
| #include <ac_nonexistent.h>
configure:7455: result: gcc -E
configure:7475: gcc -E  conftest.c
configure:7475: $? = 0
configure:7489: gcc -E  conftest.c
conftest.c:11:28: error: ac_nonexistent.h: No such file or directory
configure:7489: $? = 1
configure: failed program was:
| /* confdefs.h */
| #define PACKAGE_NAME "gtk-doc"
| #define PACKAGE_TARNAME "gtk-doc"
| #define PACKAGE_VERSION "1.17"
| #define PACKAGE_STRING "gtk-doc 1.17"
| #define PACKAGE_BUGREPORT "http://bugzilla.gnome.org/enter_bug.cgi?product=gtk-doc"
| #define PACKAGE_URL ""
| #define PACKAGE "gtk-doc"
| #define VERSION "1.17"
| /* end confdefs.h.  */
| #include <ac_nonexistent.h>
configure:7518: checking for ANSI C header files
configure:7538: gcc -c -O2 -march=armv6j -mtune=arm1136jf-s -pipe -fomit-frame-pointer -fno-stack-protector  conftest.c >&5
configure:7538: $? = 0
configure:7611: gcc -o conftest -O2 -march=armv6j -mtune=arm1136jf-s -pipe -fomit-frame-pointer -fno-stack-protector   conftest.c  >&5
configure:7611: $? = 0
configure:7611: ./conftest
configure:7611: $? = 0
configure:7622: result: yes
configure:7635: checking for sys/types.h
configure:7635: gcc -c -O2 -march=armv6j -mtune=arm1136jf-s -pipe -fomit-frame-pointer -fno-stack-protector  conftest.c >&5
configure:7635: $? = 0
configure:7635: result: yes
configure:7635: checking for sys/stat.h
configure:7635: gcc -c -O2 -march=armv6j -mtune=arm1136jf-s -pipe -fomit-frame-pointer -fno-stack-protector  conftest.c >&5
configure:7635: $? = 0
configure:7635: result: yes
configure:7635: checking for stdlib.h
configure:7635: gcc -c -O2 -march=armv6j -mtune=arm1136jf-s -pipe -fomit-frame-pointer -fno-stack-protector  conftest.c >&5
configure:7635: $? = 0
configure:7635: result: yes
configure:7635: checking for string.h
configure:7635: gcc -c -O2 -march=armv6j -mtune=arm1136jf-s -pipe -fomit-frame-pointer -fno-stack-protector  conftest.c >&5
configure:7635: $? = 0
configure:7635: result: yes
configure:7635: checking for memory.h
configure:7635: gcc -c -O2 -march=armv6j -mtune=arm1136jf-s -pipe -fomit-frame-pointer -fno-stack-protector  conftest.c >&5
configure:7635: $? = 0
configure:7635: result: yes
configure:7635: checking for strings.h
configure:7635: gcc -c -O2 -march=armv6j -mtune=arm1136jf-s -pipe -fomit-frame-pointer -fno-stack-protector  conftest.c >&5
configure:7635: $? = 0
configure:7635: result: yes
configure:7635: checking for inttypes.h
configure:7635: gcc -c -O2 -march=armv6j -mtune=arm1136jf-s -pipe -fomit-frame-pointer -fno-stack-protector  conftest.c >&5
configure:7635: $? = 0
configure:7635: result: yes
configure:7635: checking for stdint.h
configure:7635: gcc -c -O2 -march=armv6j -mtune=arm1136jf-s -pipe -fomit-frame-pointer -fno-stack-protector  conftest.c >&5
configure:7635: $? = 0
configure:7635: result: yes
configure:7635: checking for unistd.h
configure:7635: gcc -c -O2 -march=armv6j -mtune=arm1136jf-s -pipe -fomit-frame-pointer -fno-stack-protector  conftest.c >&5
configure:7635: $? = 0
configure:7635: result: yes
configure:7650: checking for dlfcn.h
configure:7650: gcc -c -O2 -march=armv6j -mtune=arm1136jf-s -pipe -fomit-frame-pointer -fno-stack-protector  conftest.c >&5
configure:7650: $? = 0
configure:7650: result: yes
configure:7834: checking for objdir
configure:7849: result: .libs
configure:8145: checking if gcc supports -fno-rtti -fno-exceptions
configure:8163: gcc -c -O2 -march=armv6j -mtune=arm1136jf-s -pipe -fomit-frame-pointer -fno-stack-protector  -fno-rtti -fno-exceptions conftest.c >&5
cc1: warning: command line option "-fno-rtti" is valid for C++/ObjC++ but not for C
cc1: warning: command line option "-fno-rtti" is valid for C++/ObjC++ but not for C
configure:8167: $? = 0
configure:8180: result: no
configure:8200: checking for gcc option to produce PIC
configure:8472: result: -fPIC -DPIC
configure:8484: checking if gcc PIC flag -fPIC -DPIC works
configure:8502: gcc -c -O2 -march=armv6j -mtune=arm1136jf-s -pipe -fomit-frame-pointer -fno-stack-protector  -fPIC -DPIC -DPIC conftest.c >&5
configure:8506: $? = 0
configure:8519: result: yes
configure:8543: checking if gcc static flag -static works
configure:8571: result: yes
configure:8586: checking if gcc supports -c -o file.o
configure:8607: gcc -c -O2 -march=armv6j -mtune=arm1136jf-s -pipe -fomit-frame-pointer -fno-stack-protector  -o out/conftest2.o conftest.c >&5
configure:8611: $? = 0
configure:8633: result: yes
configure:8641: checking if gcc supports -c -o file.o
configure:8688: result: yes
configure:8721: checking whether the gcc linker (/scratchbox/compilers/cs2007q3-glibc2.5-arm6/arm-none-linux-gnueabi/bin/ld) supports shared libraries
configure:9707: result: yes
configure:9744: checking whether -lc should be explicitly linked in
configure:9749: gcc -c -O2 -march=armv6j -mtune=arm1136jf-s -pipe -fomit-frame-pointer -fno-stack-protector  conftest.c >&5
configure:9752: $? = 0
configure:9767: gcc -shared conftest.o  -v -Wl,-soname -Wl,conftest -o conftest 2\>\&1 \| /scratchbox/tools/bin/grep  -lc  \>/dev/null 2\>\&1
configure:9770: $? = 0
configure:9782: result: no
configure:9946: checking dynamic linker characteristics
configure:10379: gcc -o conftest -O2 -march=armv6j -mtune=arm1136jf-s -pipe -fomit-frame-pointer -fno-stack-protector   -Wl,-rpath -Wl,/foo conftest.c  >&5
configure:10379: $? = 0
configure:10597: result: GNU/Linux ld.so
configure:10699: checking how to hardcode library paths into programs
configure:10724: result: immediate
configure:11244: checking whether stripping libraries is possible
configure:11249: result: yes
configure:11284: checking if libtool supports shared libraries
configure:11286: result: yes
configure:11289: checking whether to build shared libraries
configure:11310: result: yes
configure:11313: checking whether to build static libraries
configure:11317: result: no
configure:11402: checking for pkg-config
configure:11432: result: /usr/local/bin/pkg-config
configure:11457: checking pkg-config is at least version 0.19
configure:11460: result: yes
configure:11472: checking for perl
configure:11490: found /scratchbox/tools/bin/perl
configure:11502: result: /scratchbox/tools/bin/perl
configure:11514: checking if Perl version >= 5.6.0
configure:11517: result: yes
configure:11531: checking whether /usr/local/bin/python2.7 version >= 2.3
configure:11542: /usr/local/bin/python2.7 -c import sys # split strings by '.' and convert to numeric. Append some zeros # because we need at least 4 digits for the hex conversion. # map returns an iterator in Python 3.0 and a list in 2.x minver = list(map(int, '2.3'.split('.'))) + [0, 0, 0] minverhex = 0 # xrange is not present in Python 3.0 and range returns an iterator for i in list(range(0, 4)): minverhex = (minverhex << 8) + minver[i] sys.exit(sys.hexversion < minverhex)
configure:11545: $? = 0
configure:11547: result: yes
configure:11638: checking for /usr/local/bin/python2.7 version
configure:11645: result: 2.7
configure:11657: checking for /usr/local/bin/python2.7 platform
configure:11664: result: linux2
configure:11671: checking for /usr/local/bin/python2.7 script directory
configure:11700: result: ${prefix}/lib/python2.7/site-packages
configure:11709: checking for /usr/local/bin/python2.7 extension module directory
configure:11738: result: ${exec_prefix}/lib/python2.7/site-packages
configure:11763: checking for openjade
configure:11781: found /scratchbox/devkits/doctools/bin/openjade
configure:11793: result: /scratchbox/devkits/doctools/bin/openjade
configure:11852: checking for xsltproc
configure:11870: found /scratchbox/devkits/doctools/bin/xsltproc
configure:11882: result: /scratchbox/devkits/doctools/bin/xsltproc
configure:11896: checking for dblatex
configure:11929: result: no
configure:11937: checking for fop
configure:11970: result: no
configure:11976: WARNING: neither dblatex nor fop found, so no pdf output from xml
configure:11994: checking for XML catalog (/etc/xml/catalog)
configure:11997: result: found
configure:12008: checking for xmlcatalog
configure:12026: found /scratchbox/devkits/doctools/bin/xmlcatalog
configure:12039: result: /scratchbox/devkits/doctools/bin/xmlcatalog
configure:12058: checking for DocBook XML DTD V4.3 in XML catalog
configure:12061: $XMLCATALOG --noout "$XML_CATALOG_FILE" "-//OASIS//DTD DocBook XML V4.3//EN" >&2
file:///scratchbox/devkits/doctools/share/xml/docbook/schema/dtd/4.3/docbookx.dtd
configure:12064: $? = 0
configure:12066: result: found
configure:12075: checking for DocBook XSL Stylesheets in XML catalog
configure:12078: $XMLCATALOG --noout "$XML_CATALOG_FILE" "http://docbook.sourceforge.net/release/xsl/current/html/chunk.xsl" >&2
file:///scratchbox/devkits/doctools/share/xml/docbook/stylesheet/nwalsh/html/chunk.xsl
configure:12081: $? = 0
configure:12083: result: found
configure:12110: checking for source-highlight
configure:12143: result: no
configure:12153: checking for highlight
configure:12186: result: no
configure:12196: checking for vim
configure:12214: found /scratchbox/tools/bin/vim
configure:12226: result: /scratchbox/tools/bin/vim
configure:12235: checking whether vim has +syntax feature
configure:12238: result: yes
configure:12339: checking for TEST_DEPS
configure:12346: $PKG_CONFIG --exists --print-errors "glib-2.0 >= 2.6.0 gobject-2.0 >= 2.6.0"
Package glib-2.0 was not found in the pkg-config search path.
Perhaps you should add the directory containing `glib-2.0.pc'
to the PKG_CONFIG_PATH environment variable
No package 'glib-2.0' found
Package gobject-2.0 was not found in the pkg-config search path.
Perhaps you should add the directory containing `gobject-2.0.pc'
to the PKG_CONFIG_PATH environment variable
No package 'gobject-2.0' found
configure:12349: $? = 1
configure:12362: $PKG_CONFIG --exists --print-errors "glib-2.0 >= 2.6.0 gobject-2.0 >= 2.6.0"
Package glib-2.0 was not found in the pkg-config search path.
Perhaps you should add the directory containing `glib-2.0.pc'
to the PKG_CONFIG_PATH environment variable
No package 'glib-2.0' found
Package gobject-2.0 was not found in the pkg-config search path.
Perhaps you should add the directory containing `gobject-2.0.pc'
to the PKG_CONFIG_PATH environment variable
No package 'gobject-2.0' found
configure:12365: $? = 1
No package 'glib-2.0' found
No package 'gobject-2.0' found
configure:12392: result: no
configure:12431: checking whether to enable runtime debugging code
configure:12440: result: no
configure:12663: creating ./config.status

## ---------------------- ##
## Running config.status. ##
## ---------------------- ##

This file was extended by gtk-doc config.status 1.17, which was
generated by GNU Autoconf 2.65.  Invocation command line was

  CONFIG_FILES    = 
  CONFIG_HEADERS  = 
  CONFIG_LINKS    = 
  CONFIG_COMMANDS = 
  $ ./config.status 

on tjw-pc

config.status:1067: creating Makefile
config.status:1067: creating gtk-doc.pc
config.status:1067: creating gtk-doc.dsl
config.status:1067: creating gtk-doc.spec
config.status:1067: creating gtk-doc.cat
config.status:1067: creating gtkdoc-common.pl
config.status:1067: creating help/Makefile
config.status:1067: creating help/manual/Makefile
config.status:1067: creating tests/Makefile
config.status:1067: creating tests/gobject/Makefile
config.status:1067: creating tests/gobject/src/Makefile
config.status:1067: creating tests/gobject/docs/Makefile
config.status:1067: creating tests/gobject/docs-tmpl/Makefile
config.status:1067: creating tests/bugs/Makefile
config.status:1067: creating tests/bugs/src/Makefile
config.status:1067: creating tests/bugs/docs/Makefile
config.status:1067: creating tests/annotations/Makefile
config.status:1067: creating tests/annotations/src/Makefile
config.status:1067: creating tests/annotations/docs/Makefile
config.status:1067: creating tests/fail/Makefile
config.status:1067: creating tests/fail/src/Makefile
config.status:1067: creating tests/fail/docs/Makefile
config.status:1067: creating tests/empty/Makefile
config.status:1067: creating tests/empty/src/Makefile
config.status:1067: creating tests/empty/docs/Makefile
config.status:1067: creating gtkdoc-check
config.status:1067: creating gtkdoc-depscan
config.status:1067: creating gtkdoc-fixxref
config.status:1067: creating gtkdoc-mkdb
config.status:1067: creating gtkdoc-mkhtml
config.status:1067: creating gtkdoc-mkman
config.status:1067: creating gtkdoc-mkpdf
config.status:1067: creating gtkdoc-mktmpl
config.status:1067: creating gtkdoc-rebase
config.status:1067: creating gtkdoc-scan
config.status:1067: creating gtkdoc-scangobj
config.status:1067: creating gtkdoc-scanobj
config.status:1067: creating gtkdocize
config.status:1067: creating tests/tools.sh
config.status:1230: executing depfiles commands
config.status:1230: executing libtool commands
configure:14733:
gtk-doc was configured with the following options:
==================================================
configure:14739: ** Python based tools enabled, using /usr/local/bin/python2.7
configure:14744: ** SGML support enabled, using /scratchbox/devkits/doctools/bin/openjade
configure:14751:    XML PDF support disabled, no fop available
configure:14756:    Gnome-doc-utils support disabled
configure:14761:    Scrollkeeper support disabled
configure:14764: ** Syntax highlighting of examples enabled, using /scratchbox/tools/bin/vim
configure:14771:    Skipping regression tests

## ---------------- ##
## Cache variables. ##
## ---------------- ##

ac_cv_build=arm-unknown-linux-gnueabi
ac_cv_c_compiler_gnu=yes
ac_cv_env_CC_set=
ac_cv_env_CC_value=
ac_cv_env_CFLAGS_set=set
ac_cv_env_CFLAGS_value='-O2 -march=armv6j -mtune=arm1136jf-s -pipe -fomit-frame-pointer -fno-stack-protector'
ac_cv_env_CPPFLAGS_set=
ac_cv_env_CPPFLAGS_value=
ac_cv_env_CPP_set=
ac_cv_env_CPP_value=
ac_cv_env_LDFLAGS_set=
ac_cv_env_LDFLAGS_value=
ac_cv_env_LIBS_set=
ac_cv_env_LIBS_value=
ac_cv_env_PKG_CONFIG_set=
ac_cv_env_PKG_CONFIG_value=
ac_cv_env_TEST_DEPS_CFLAGS_set=
ac_cv_env_TEST_DEPS_CFLAGS_value=
ac_cv_env_TEST_DEPS_LIBS_set=
ac_cv_env_TEST_DEPS_LIBS_value=
ac_cv_env_build_alias_set=
ac_cv_env_build_alias_value=
ac_cv_env_host_alias_set=
ac_cv_env_host_alias_value=
ac_cv_env_target_alias_set=
ac_cv_env_target_alias_value=
ac_cv_header_dlfcn_h=yes
ac_cv_header_inttypes_h=yes
ac_cv_header_memory_h=yes
ac_cv_header_stdc=yes
ac_cv_header_stdint_h=yes
ac_cv_header_stdlib_h=yes
ac_cv_header_string_h=yes
ac_cv_header_strings_h=yes
ac_cv_header_sys_stat_h=yes
ac_cv_header_sys_types_h=yes
ac_cv_header_unistd_h=yes
ac_cv_host=arm-unknown-linux-gnueabi
ac_cv_objext=o
ac_cv_path_EGREP='/scratchbox/tools/bin/grep -E'
ac_cv_path_FGREP='/scratchbox/tools/bin/grep -F'
ac_cv_path_GREP=/scratchbox/tools/bin/grep
ac_cv_path_HIGHLIGHT=/scratchbox/tools/bin/vim
ac_cv_path_JADE=/scratchbox/devkits/doctools/bin/openjade
ac_cv_path_PERL=/scratchbox/tools/bin/perl
ac_cv_path_SED=/scratchbox/tools/bin/sed
ac_cv_path_XMLCATALOG=/scratchbox/devkits/doctools/bin/xmlcatalog
ac_cv_path_XSLTPROC=/scratchbox/devkits/doctools/bin/xsltproc
ac_cv_path_ac_pt_PKG_CONFIG=/usr/local/bin/pkg-config
ac_cv_path_install='/scratchbox/tools/bin/install -c'
ac_cv_path_mkdir=/scratchbox/tools/bin/mkdir
ac_cv_prog_AWK=gawk
ac_cv_prog_CPP='gcc -E'
ac_cv_prog_ac_ct_AR=ar
ac_cv_prog_ac_ct_CC=gcc
ac_cv_prog_ac_ct_OBJDUMP=objdump
ac_cv_prog_ac_ct_RANLIB=ranlib
ac_cv_prog_ac_ct_STRIP=strip
ac_cv_prog_cc_c89=
ac_cv_prog_cc_g=yes
ac_cv_prog_make_make_set=yes
ac_cv_search_strerror='none required'
am_cv_CC_dependencies_compiler_type=gcc3
am_cv_python_platform=linux2
am_cv_python_pyexecdir='${exec_prefix}/lib/python2.7/site-packages'
am_cv_python_pythondir='${prefix}/lib/python2.7/site-packages'
am_cv_python_version=2.7
gdu_cv_have_gdu=no
gdu_cv_version_required=0.3.2
lt_cv_deplibs_check_method=pass_all
lt_cv_file_magic_cmd='$MAGIC_CMD'
lt_cv_file_magic_test_file=
lt_cv_ld_reload_flag=-r
lt_cv_nm_interface='BSD nm'
lt_cv_objdir=.libs
lt_cv_path_LD=/scratchbox/compilers/cs2007q3-glibc2.5-arm6/arm-none-linux-gnueabi/bin/ld
lt_cv_path_NM='/scratchbox/compilers/bin/nm -B'
lt_cv_prog_compiler_c_o=yes
lt_cv_prog_compiler_pic_works=yes
lt_cv_prog_compiler_rtti_exceptions=no
lt_cv_prog_compiler_static_works=yes
lt_cv_prog_gnu_ld=yes
lt_cv_sys_global_symbol_pipe='sed -n -e '\''s/^.*[	 ]\([ABCDGIRSTW][ABCDGIRSTW]*\)[	 ][	 ]*\([_A-Za-z][_A-Za-z0-9]*\)$/\1 \2 \2/p'\'''
lt_cv_sys_global_symbol_to_c_name_address='sed -n -e '\''s/^: \([^ ]*\) $/  {\"\1\", (void *) 0},/p'\'' -e '\''s/^[ABCDGIRSTW]* \([^ ]*\) \([^ ]*\)$/  {"\2", (void *) \&\2},/p'\'''
lt_cv_sys_global_symbol_to_c_name_address_lib_prefix='sed -n -e '\''s/^: \([^ ]*\) $/  {\"\1\", (void *) 0},/p'\'' -e '\''s/^[ABCDGIRSTW]* \([^ ]*\) \(lib[^ ]*\)$/  {"\2", (void *) \&\2},/p'\'' -e '\''s/^[ABCDGIRSTW]* \([^ ]*\) \([^ ]*\)$/  {"lib\2", (void *) \&\2},/p'\'''
lt_cv_sys_global_symbol_to_cdecl='sed -n -e '\''s/^T .* \(.*\)$/extern int \1();/p'\'' -e '\''s/^[ABCDGIRSTW]* .* \(.*\)$/extern char \1;/p'\'''
lt_cv_sys_max_cmd_len=98304

## ----------------- ##
## Output variables. ##
## ----------------- ##

ACLOCAL='${SHELL} /home/tjw/tjKindle/LIB1/gtk-doc-1.17/missing --run aclocal-1.11'
AMDEPBACKSLASH='\'
AMDEP_FALSE='#'
AMDEP_TRUE=''
AMTAR='${SHELL} /home/tjw/tjKindle/LIB1/gtk-doc-1.17/missing --run tar'
AM_BACKSLASH='\'
AM_DEFAULT_VERBOSITY='0'
AR='ar'
AUTOCONF='${SHELL} /home/tjw/tjKindle/LIB1/gtk-doc-1.17/missing --run autoconf'
AUTOHEADER='${SHELL} /home/tjw/tjKindle/LIB1/gtk-doc-1.17/missing --run autoheader'
AUTOMAKE='${SHELL} /home/tjw/tjKindle/LIB1/gtk-doc-1.17/missing --run automake-1.11'
AWK='gawk'
BUILD_TESTS_FALSE=''
BUILD_TESTS_TRUE='#'
CC='gcc'
CCDEPMODE='depmode=gcc3'
CFLAGS='-O2 -march=armv6j -mtune=arm1136jf-s -pipe -fomit-frame-pointer -fno-stack-protector -Wall'
CPP='gcc -E'
CPPFLAGS=''
CYGPATH_W='echo'
DBLATEX=''
DEFS='-DPACKAGE_NAME=\"gtk-doc\" -DPACKAGE_TARNAME=\"gtk-doc\" -DPACKAGE_VERSION=\"1.17\" -DPACKAGE_STRING=\"gtk-doc\ 1.17\" -DPACKAGE_BUGREPORT=\"http://bugzilla.gnome.org/enter_bug.cgi\?product=gtk-doc\" -DPACKAGE_URL=\"\" -DPACKAGE=\"gtk-doc\" -DVERSION=\"1.17\" -DSTDC_HEADERS=1 -DHAVE_SYS_TYPES_H=1 -DHAVE_SYS_STAT_H=1 -DHAVE_STDLIB_H=1 -DHAVE_STRING_H=1 -DHAVE_MEMORY_H=1 -DHAVE_STRINGS_H=1 -DHAVE_INTTYPES_H=1 -DHAVE_STDINT_H=1 -DHAVE_UNISTD_H=1 -DHAVE_DLFCN_H=1 -DLT_OBJDIR=\".libs/\"'
DEPDIR='.deps'
DISTCHECK_CONFIGURE_FLAGS='--disable-scrollkeeper '
DOC_USER_FORMATS=''
DSYMUTIL=''
DUMPBIN=''
ECHO_C=''
ECHO_N='-n'
ECHO_T=''
EGREP='/scratchbox/tools/bin/grep -E'
ENABLE_SK_FALSE=''
ENABLE_SK_TRUE='#'
EXEEXT=''
FGREP='/scratchbox/tools/bin/grep -F'
FOP=''
GREP='/scratchbox/tools/bin/grep'
GTK_DOC_USE_LIBTOOL_FALSE=''
GTK_DOC_USE_LIBTOOL_TRUE='#'
HAVE_GNOME_DOC_UTILS_FALSE=''
HAVE_GNOME_DOC_UTILS_TRUE='#'
HAVE_PYTHON_FALSE='#'
HAVE_PYTHON_TRUE=''
HELP_DIR='${datadir}/gnome/help'
HIGHLIGHT='/scratchbox/tools/bin/vim'
HIGHLIGHT_OPTIONS=''
INSTALL_DATA='${INSTALL} -m 644'
INSTALL_PROGRAM='${INSTALL}'
INSTALL_SCRIPT='${INSTALL}'
INSTALL_STRIP_PROGRAM='$(install_sh) -c -s'
JADE='/scratchbox/devkits/doctools/bin/openjade'
LD='/scratchbox/compilers/cs2007q3-glibc2.5-arm6/arm-none-linux-gnueabi/bin/ld'
LDFLAGS=''
LIBOBJS=''
LIBS=''
LIBTOOL='$(SHELL) $(top_builddir)/libtool'
LIPO=''
LN_S='ln -s'
LTLIBOBJS=''
MAINT=''
MAINTAINER_MODE_FALSE='#'
MAINTAINER_MODE_TRUE=''
MAKEINFO='${SHELL} /home/tjw/tjKindle/LIB1/gtk-doc-1.17/missing --run makeinfo'
MKDIR_P='/scratchbox/tools/bin/mkdir -p'
NM='/scratchbox/compilers/bin/nm -B'
NMEDIT=''
OBJDUMP='objdump'
OBJEXT='o'
OMF_DIR='${datadir}/omf'
OTOOL64=''
OTOOL=''
PACKAGE='gtk-doc'
PACKAGE_BUGREPORT='http://bugzilla.gnome.org/enter_bug.cgi?product=gtk-doc'
PACKAGE_DATA_DIR='/usr/local/share/gtk-doc/data'
PACKAGE_NAME='gtk-doc'
PACKAGE_STRING='gtk-doc 1.17'
PACKAGE_TARNAME='gtk-doc'
PACKAGE_URL=''
PACKAGE_VERSION='1.17'
PATH_SEPARATOR=':'
PERL='/scratchbox/tools/bin/perl'
PKG_CONFIG='/usr/local/bin/pkg-config'
PYTHON='/usr/local/bin/python2.7'
PYTHON_EXEC_PREFIX='${exec_prefix}'
PYTHON_PLATFORM='linux2'
PYTHON_PREFIX='${prefix}'
PYTHON_VERSION='2.7'
RANLIB='ranlib'
SED='/scratchbox/tools/bin/sed'
SET_MAKE=''
SGML_FORMAT_TYPE='sgml-raw'
SHELL='/bin/sh'
STRIP='strip'
TEST_DEPS_CFLAGS=''
TEST_DEPS_LIBS=''
TRACE='#'
VERSION='1.17'
XMLCATALOG='/scratchbox/devkits/doctools/bin/xmlcatalog'
XML_CATALOG_FILE='/etc/xml/catalog'
XSLTPROC='/scratchbox/devkits/doctools/bin/xsltproc'
ac_ct_CC='gcc'
ac_ct_DUMPBIN=''
am__EXEEXT_FALSE=''
am__EXEEXT_TRUE='#'
am__fastdepCC_FALSE='#'
am__fastdepCC_TRUE=''
am__include='include'
am__isrc=''
am__leading_dot='.'
am__quote=''
am__tar='${AMTAR} chof - "$$tardir"'
am__untar='${AMTAR} xf -'
bindir='${exec_prefix}/bin'
build='arm-unknown-linux-gnueabi'
build_alias=''
build_cpu='arm'
build_os='linux-gnueabi'
build_vendor='unknown'
datadir='${datarootdir}'
datarootdir='${prefix}/share'
docdir='${datarootdir}/doc/${PACKAGE_TARNAME}'
dvidir='${docdir}'
exec_prefix='${prefix}'
glib_prefix=''
host='arm-unknown-linux-gnueabi'
host_alias=''
host_cpu='arm'
host_os='linux-gnueabi'
host_vendor='unknown'
htmldir='${docdir}'
includedir='${prefix}/include'
infodir='${datarootdir}/info'
install_sh='${SHELL} /home/tjw/tjKindle/LIB1/gtk-doc-1.17/install-sh'
libdir='${exec_prefix}/lib'
libexecdir='${exec_prefix}/libexec'
localedir='${datarootdir}/locale'
localstatedir='${prefix}/var'
lt_ECHO='echo'
mandir='${datarootdir}/man'
mkdir_p='/scratchbox/tools/bin/mkdir -p'
oldincludedir='/usr/include'
pdfdir='${docdir}'
pkgpyexecdir='${pyexecdir}/gtk-doc'
pkgpythondir='${pythondir}/gtk-doc'
prefix='/usr/local'
program_transform_name='s,x,x,'
psdir='${docdir}'
pyexecdir='${exec_prefix}/lib/python2.7/site-packages'
pythondir='${prefix}/lib/python2.7/site-packages'
sbindir='${exec_prefix}/sbin'
sharedstatedir='${prefix}/com'
sysconfdir='${prefix}/etc'
target_alias=''

## ----------- ##
## confdefs.h. ##
## ----------- ##

/* confdefs.h */
#define PACKAGE_NAME "gtk-doc"
#define PACKAGE_TARNAME "gtk-doc"
#define PACKAGE_VERSION "1.17"
#define PACKAGE_STRING "gtk-doc 1.17"
#define PACKAGE_BUGREPORT "http://bugzilla.gnome.org/enter_bug.cgi?product=gtk-doc"
#define PACKAGE_URL ""
#define PACKAGE "gtk-doc"
#define VERSION "1.17"
#define STDC_HEADERS 1
#define HAVE_SYS_TYPES_H 1
#define HAVE_SYS_STAT_H 1
#define HAVE_STDLIB_H 1
#define HAVE_STRING_H 1
#define HAVE_MEMORY_H 1
#define HAVE_STRINGS_H 1
#define HAVE_INTTYPES_H 1
#define HAVE_STDINT_H 1
#define HAVE_UNISTD_H 1
#define HAVE_DLFCN_H 1
#define LT_OBJDIR ".libs/"

configure: exit 0
