This file contains any messages produced by compilers while
running configure, to aid debugging if configure makes a mistake.

It was created by configure, which was
generated by GNU Autoconf 2.63.  Invocation command line was

  $ ./configure --disable-static

## --------- ##
## Platform. ##
## --------- ##

hostname = tjw-pc
uname -m = arm
uname -r = 2.6.38-11-generic
uname -s = Linux
uname -v = #48-Ubuntu SMP Fri Jul 29 19:02:55 UTC 2011

/usr/bin/uname -p = unknown
/bin/uname -X     = unknown

/bin/arch              = arm
/usr/bin/arch -k       = arm
/usr/convex/getsysinfo = unknown
/usr/bin/hostinfo      = unknown
/bin/machine           = unknown
/usr/bin/oslevel       = unknown
/bin/universe          = unknown

PATH: /home/tjw/kindle/tjKindle
PATH: /usr/local/bin
PATH: /usr/local/bin
PATH: /host_usr/bin
PATH: /scratchbox/devkits/svn/bin
PATH: /scratchbox/devkits/qemu/bin
PATH: /scratchbox/devkits/perl/bin
PATH: /scratchbox/devkits/git/bin
PATH: /scratchbox/devkits/doctools/bin
PATH: /scratchbox/tools/bin
PATH: /targets/links/arch_tools/bin
PATH: /scratchbox/compilers/bin
PATH: /bin
PATH: /usr/bin
PATH: /usr/local/bin
PATH: /usr/X11R6/bin
PATH: /sbin
PATH: /usr/sbin


## ----------- ##
## Core tests. ##
## ----------- ##

configure:2143: checking for a BSD-compatible install
configure:2211: result: /scratchbox/tools/bin/install -c
configure:2222: checking whether build environment is sane
configure:2282: result: yes
configure:2423: checking for a thread-safe mkdir -p
configure:2462: result: /scratchbox/tools/bin/mkdir -p
configure:2475: checking for gawk
configure:2491: found /scratchbox/tools/bin/gawk
configure:2502: result: gawk
configure:2513: checking whether make sets $(MAKE)
configure:2535: result: yes
configure:2630: checking whether to enable maintainer-specific portions of Makefiles
configure:2639: result: no
configure:2718: checking for gcc
configure:2734: found /scratchbox/compilers/bin/gcc
configure:2745: result: gcc
configure:2977: checking for C compiler version
configure:2985: gcc --version >&5
sbox-arm-none-linux-gnueabi-gcc (GCC) 4.2.1
Copyright (C) 2007 Free Software Foundation, Inc.
This is free software; see the source for copying conditions.  There is NO
warranty; not even for MERCHANTABILITY or FITNESS FOR A PARTICULAR PURPOSE.

configure:2989: $? = 0
configure:2996: gcc -v >&5
Using built-in specs.
Reading specs from /scratchbox/compilers/cs2007q3-glibc2.5-arm6/gcc.specs
rename spec cpp to old_cpp
rename spec cc1 to old_cc1
rename spec cc1plus to old_cc1plus
rename spec link to old_link
Target: arm-none-linux-gnueabi
Configured with: /home/jhakala/cs2007q3-sb4/arm/src/gcc-4.2/configure --build=i686-pc-linux-gnu --host=i686-pc-linux-gnu --target=arm-none-linux-gnueabi --enable-threads --disable-libmudflap --disable-libssp --disable-libgomp --disable-libstdcxx-pch --with-gnu-as --with-gnu-ld --enable-languages=c,c++ --enable-shared --enable-symvers=gnu --enable-__cxa_atexit --disable-nls --prefix=/opt/maemo --with-sysroot=/opt/maemo/arm-none-linux-gnueabi/libc --with-build-sysroot=/home/jhakala/cs2007q3-sb4/arm/install/arm-none-linux-gnueabi/libc --with-build-time-tools=/home/jhakala/cs2007q3-sb4/arm/install/arm-none-linux-gnueabi/bin
Thread model: posix
gcc version 4.2.1
configure:3000: $? = 0
configure:3007: gcc -V >&5
sbox-arm-none-linux-gnueabi-gcc: '-V' must come at the start of the command line
configure:3011: $? = 1
configure:3034: checking for C compiler default output file name
configure:3056: gcc -O2 -march=armv6j -mtune=arm1136jf-s -pipe -fomit-frame-pointer -fno-stack-protector   conftest.c  >&5
configure:3060: $? = 0
configure:3098: result: a.out
configure:3117: checking whether the C compiler works
configure:3127: ./a.out
configure:3131: $? = 0
configure:3150: result: yes
configure:3157: checking whether we are cross compiling
configure:3159: result: no
configure:3162: checking for suffix of executables
configure:3169: gcc -o conftest -O2 -march=armv6j -mtune=arm1136jf-s -pipe -fomit-frame-pointer -fno-stack-protector   conftest.c  >&5
configure:3173: $? = 0
configure:3199: result: 
configure:3205: checking for suffix of object files
configure:3231: gcc -c -O2 -march=armv6j -mtune=arm1136jf-s -pipe -fomit-frame-pointer -fno-stack-protector  conftest.c >&5
configure:3235: $? = 0
configure:3260: result: o
configure:3264: checking whether we are using the GNU C compiler
configure:3293: gcc -c -O2 -march=armv6j -mtune=arm1136jf-s -pipe -fomit-frame-pointer -fno-stack-protector  conftest.c >&5
configure:3300: $? = 0
configure:3317: result: yes
configure:3326: checking whether gcc accepts -g
configure:3356: gcc -c -g  conftest.c >&5
configure:3363: $? = 0
configure:3464: result: yes
configure:3481: checking for gcc option to accept ISO C89
configure:3555: gcc  -c -O2 -march=armv6j -mtune=arm1136jf-s -pipe -fomit-frame-pointer -fno-stack-protector  conftest.c >&5
configure:3562: $? = 0
configure:3585: result: none needed
configure:3614: checking for style of include used by make
configure:3642: result: GNU
configure:3667: checking dependency style of gcc
configure:3777: result: gcc3
configure:3806: checking for a BSD-compatible install
configure:3874: result: /scratchbox/tools/bin/install -c
configure:3885: checking whether ln -s works
configure:3889: result: yes
configure:3902: checking build system type
configure:3920: result: arm-unknown-linux-gnueabi
configure:3942: checking host system type
configure:3957: result: arm-unknown-linux-gnueabi
configure:4307: checking for a sed that does not truncate output
configure:4373: result: /scratchbox/tools/bin/sed
configure:4391: checking for grep that handles long lines and -e
configure:4451: result: /scratchbox/tools/bin/grep
configure:4456: checking for egrep
configure:4520: result: /scratchbox/tools/bin/grep -E
configure:4525: checking for fgrep
configure:4589: result: /scratchbox/tools/bin/grep -F
configure:4624: checking for ld used by gcc
configure:4691: result: /scratchbox/compilers/cs2007q3-glibc2.5-arm6/arm-none-linux-gnueabi/bin/ld
configure:4700: checking if the linker (/scratchbox/compilers/cs2007q3-glibc2.5-arm6/arm-none-linux-gnueabi/bin/ld) is GNU ld
configure:4715: result: yes
configure:4727: checking for BSD- or MS-compatible name lister (nm)
configure:4776: result: /scratchbox/compilers/bin/nm -B
configure:4894: checking the name lister (/scratchbox/compilers/bin/nm -B) interface
configure:4901: gcc -c -O2 -march=armv6j -mtune=arm1136jf-s -pipe -fomit-frame-pointer -fno-stack-protector  conftest.c >&5
configure:4904: /scratchbox/compilers/bin/nm -B "conftest.o"
configure:4907: output
00000000 B some_variable
configure:4914: result: BSD nm
configure:4918: checking the maximum length of command line arguments
configure:5038: result: 98304
configure:5055: checking whether the shell understands some XSI constructs
configure:5065: result: yes
configure:5069: checking whether the shell understands "+="
configure:5075: result: no
configure:5110: checking for /scratchbox/compilers/cs2007q3-glibc2.5-arm6/arm-none-linux-gnueabi/bin/ld option to reload object files
configure:5117: result: -r
configure:5186: checking for objdump
configure:5213: result: objdump
configure:5242: checking how to recognize dependent libraries
configure:5438: result: pass_all
configure:5498: checking for ar
configure:5514: found /scratchbox/compilers/bin/ar
configure:5525: result: ar
configure:5603: checking for strip
configure:5619: found /scratchbox/compilers/bin/strip
configure:5630: result: strip
configure:5702: checking for ranlib
configure:5718: found /scratchbox/compilers/bin/ranlib
configure:5729: result: ranlib
configure:5819: checking command to parse /scratchbox/compilers/bin/nm -B output from gcc object
configure:5937: gcc -c -O2 -march=armv6j -mtune=arm1136jf-s -pipe -fomit-frame-pointer -fno-stack-protector  conftest.c >&5
configure:5940: $? = 0
configure:5944: /scratchbox/compilers/bin/nm -B conftest.o \| sed -n -e 's/^.*[	 ]\([ABCDGIRSTW][ABCDGIRSTW]*\)[	 ][	 ]*\([_A-Za-z][_A-Za-z0-9]*\)$/\1 \2 \2/p' \> conftest.nm
configure:5947: $? = 0
configure:6001: gcc -o conftest -O2 -march=armv6j -mtune=arm1136jf-s -pipe -fomit-frame-pointer -fno-stack-protector   conftest.c conftstm.o >&5
configure:6004: $? = 0
configure:6042: result: ok
configure:6909: checking how to run the C preprocessor
configure:6949: gcc -E  conftest.c
configure:6956: $? = 0
configure:6987: gcc -E  conftest.c
conftest.c:10:28: error: ac_nonexistent.h: No such file or directory
configure:6994: $? = 1
configure: failed program was:
| /* confdefs.h.  */
| #define PACKAGE_NAME ""
| #define PACKAGE_TARNAME ""
| #define PACKAGE_VERSION ""
| #define PACKAGE_STRING ""
| #define PACKAGE_BUGREPORT ""
| #define PACKAGE "fontconfig"
| #define VERSION "2.8.0"
| /* end confdefs.h.  */
| #include <ac_nonexistent.h>
configure:7027: result: gcc -E
configure:7056: gcc -E  conftest.c
configure:7063: $? = 0
configure:7094: gcc -E  conftest.c
conftest.c:10:28: error: ac_nonexistent.h: No such file or directory
configure:7101: $? = 1
configure: failed program was:
| /* confdefs.h.  */
| #define PACKAGE_NAME ""
| #define PACKAGE_TARNAME ""
| #define PACKAGE_VERSION ""
| #define PACKAGE_STRING ""
| #define PACKAGE_BUGREPORT ""
| #define PACKAGE "fontconfig"
| #define VERSION "2.8.0"
| /* end confdefs.h.  */
| #include <ac_nonexistent.h>
configure:7141: checking for ANSI C header files
configure:7171: gcc -c -O2 -march=armv6j -mtune=arm1136jf-s -pipe -fomit-frame-pointer -fno-stack-protector  conftest.c >&5
configure:7178: $? = 0
configure:7277: gcc -o conftest -O2 -march=armv6j -mtune=arm1136jf-s -pipe -fomit-frame-pointer -fno-stack-protector   conftest.c  >&5
configure:7281: $? = 0
configure:7287: ./conftest
configure:7291: $? = 0
configure:7309: result: yes
configure:7333: checking for sys/types.h
configure:7354: gcc -c -O2 -march=armv6j -mtune=arm1136jf-s -pipe -fomit-frame-pointer -fno-stack-protector  conftest.c >&5
configure:7361: $? = 0
configure:7378: result: yes
configure:7333: checking for sys/stat.h
configure:7354: gcc -c -O2 -march=armv6j -mtune=arm1136jf-s -pipe -fomit-frame-pointer -fno-stack-protector  conftest.c >&5
configure:7361: $? = 0
configure:7378: result: yes
configure:7333: checking for stdlib.h
configure:7354: gcc -c -O2 -march=armv6j -mtune=arm1136jf-s -pipe -fomit-frame-pointer -fno-stack-protector  conftest.c >&5
configure:7361: $? = 0
configure:7378: result: yes
configure:7333: checking for string.h
configure:7354: gcc -c -O2 -march=armv6j -mtune=arm1136jf-s -pipe -fomit-frame-pointer -fno-stack-protector  conftest.c >&5
configure:7361: $? = 0
configure:7378: result: yes
configure:7333: checking for memory.h
configure:7354: gcc -c -O2 -march=armv6j -mtune=arm1136jf-s -pipe -fomit-frame-pointer -fno-stack-protector  conftest.c >&5
configure:7361: $? = 0
configure:7378: result: yes
configure:7333: checking for strings.h
configure:7354: gcc -c -O2 -march=armv6j -mtune=arm1136jf-s -pipe -fomit-frame-pointer -fno-stack-protector  conftest.c >&5
configure:7361: $? = 0
configure:7378: result: yes
configure:7333: checking for inttypes.h
configure:7354: gcc -c -O2 -march=armv6j -mtune=arm1136jf-s -pipe -fomit-frame-pointer -fno-stack-protector  conftest.c >&5
configure:7361: $? = 0
configure:7378: result: yes
configure:7333: checking for stdint.h
configure:7354: gcc -c -O2 -march=armv6j -mtune=arm1136jf-s -pipe -fomit-frame-pointer -fno-stack-protector  conftest.c >&5
configure:7361: $? = 0
configure:7378: result: yes
configure:7333: checking for unistd.h
configure:7354: gcc -c -O2 -march=armv6j -mtune=arm1136jf-s -pipe -fomit-frame-pointer -fno-stack-protector  conftest.c >&5
configure:7361: $? = 0
configure:7378: result: yes
configure:7396: checking for dlfcn.h
configure:7417: gcc -c -O2 -march=armv6j -mtune=arm1136jf-s -pipe -fomit-frame-pointer -fno-stack-protector  conftest.c >&5
configure:7424: $? = 0
configure:7441: result: yes
configure:7625: checking for objdir
configure:7640: result: .libs
configure:7932: checking if gcc supports -fno-rtti -fno-exceptions
configure:7950: gcc -c -O2 -march=armv6j -mtune=arm1136jf-s -pipe -fomit-frame-pointer -fno-stack-protector  -fno-rtti -fno-exceptions conftest.c >&5
cc1: warning: command line option "-fno-rtti" is valid for C++/ObjC++ but not for C
cc1: warning: command line option "-fno-rtti" is valid for C++/ObjC++ but not for C
configure:7954: $? = 0
configure:7967: result: no
configure:7987: checking for gcc option to produce PIC
configure:8259: result: -fPIC -DPIC
configure:8271: checking if gcc PIC flag -fPIC -DPIC works
configure:8289: gcc -c -O2 -march=armv6j -mtune=arm1136jf-s -pipe -fomit-frame-pointer -fno-stack-protector  -fPIC -DPIC -DPIC conftest.c >&5
configure:8293: $? = 0
configure:8306: result: yes
configure:8330: checking if gcc static flag -static works
configure:8358: result: yes
configure:8373: checking if gcc supports -c -o file.o
configure:8394: gcc -c -O2 -march=armv6j -mtune=arm1136jf-s -pipe -fomit-frame-pointer -fno-stack-protector  -o out/conftest2.o conftest.c >&5
configure:8398: $? = 0
configure:8420: result: yes
configure:8428: checking if gcc supports -c -o file.o
configure:8475: result: yes
configure:8508: checking whether the gcc linker (/scratchbox/compilers/cs2007q3-glibc2.5-arm6/arm-none-linux-gnueabi/bin/ld) supports shared libraries
configure:9582: result: yes
configure:9619: checking whether -lc should be explicitly linked in
configure:9624: gcc -c -O2 -march=armv6j -mtune=arm1136jf-s -pipe -fomit-frame-pointer -fno-stack-protector  conftest.c >&5
configure:9627: $? = 0
configure:9642: gcc -shared conftest.o  -v -Wl,-soname -Wl,conftest -o conftest 2\>\&1 \| /scratchbox/tools/bin/grep  -lc  \>/dev/null 2\>\&1
configure:9645: $? = 0
configure:9657: result: no
configure:9821: checking dynamic linker characteristics
configure:10264: gcc -o conftest -O2 -march=armv6j -mtune=arm1136jf-s -pipe -fomit-frame-pointer -fno-stack-protector   -Wl,-rpath -Wl,/foo conftest.c  >&5
configure:10271: $? = 0
configure:10507: result: GNU/Linux ld.so
configure:10609: checking how to hardcode library paths into programs
configure:10634: result: immediate
configure:11467: checking whether stripping libraries is possible
configure:11472: result: yes
configure:11507: checking if libtool supports shared libraries
configure:11509: result: yes
configure:11512: checking whether to build shared libraries
configure:11533: result: yes
configure:11536: checking whether to build static libraries
configure:11540: result: no
configure:11581: checking for bash
configure:11599: found /scratchbox/tools/bin/bash
configure:11611: result: /scratchbox/tools/bin/bash
configure:11619: checking if dolt supports this host
configure:11634: result: no, falling back to libtool
configure:11737: checking whether make sets $(MAKE)
configure:11759: result: yes
configure:11861: checking for a C compiler for build tools
configure:11909: result: gcc
configure:11913: checking for suffix of executable build tools
configure:11945: result: 
configure:11984: checking for dirent.h that defines DIR
configure:12013: gcc -c -O2 -march=armv6j -mtune=arm1136jf-s -pipe -fomit-frame-pointer -fno-stack-protector  conftest.c >&5
configure:12020: $? = 0
configure:12037: result: yes
configure:12052: checking for library containing opendir
configure:12093: gcc -o conftest -O2 -march=armv6j -mtune=arm1136jf-s -pipe -fomit-frame-pointer -fno-stack-protector   conftest.c  >&5
configure:12100: $? = 0
configure:12131: result: none required
configure:12229: checking for ANSI C header files
configure:12397: result: yes
configure:12426: checking fcntl.h usability
configure:12443: gcc -c -O2 -march=armv6j -mtune=arm1136jf-s -pipe -fomit-frame-pointer -fno-stack-protector  conftest.c >&5
configure:12450: $? = 0
configure:12464: result: yes
configure:12468: checking fcntl.h presence
configure:12483: gcc -E  conftest.c
configure:12490: $? = 0
configure:12504: result: yes
configure:12532: checking for fcntl.h
configure:12541: result: yes
configure:12415: checking for stdlib.h
configure:12422: result: yes
configure:12415: checking for string.h
configure:12422: result: yes
configure:12415: checking for unistd.h
configure:12422: result: yes
configure:12558: checking for an ANSI C-conforming const
configure:12633: gcc -c -O2 -march=armv6j -mtune=arm1136jf-s -pipe -fomit-frame-pointer -fno-stack-protector  conftest.c >&5
configure:12640: $? = 0
configure:12655: result: yes
configure:12665: checking for inline
configure:12691: gcc -c -O2 -march=armv6j -mtune=arm1136jf-s -pipe -fomit-frame-pointer -fno-stack-protector  conftest.c >&5
configure:12698: $? = 0
configure:12716: result: inline
configure:12735: checking for pid_t
configure:12763: gcc -c -O2 -march=armv6j -mtune=arm1136jf-s -pipe -fomit-frame-pointer -fno-stack-protector  conftest.c >&5
configure:12770: $? = 0
configure:12797: gcc -c -O2 -march=armv6j -mtune=arm1136jf-s -pipe -fomit-frame-pointer -fno-stack-protector  conftest.c >&5
conftest.c: In function 'main':
conftest.c:65: error: expected expression before ')' token
configure:12804: $? = 1
configure: failed program was:
| /* confdefs.h.  */
| #define PACKAGE_NAME ""
| #define PACKAGE_TARNAME ""
| #define PACKAGE_VERSION ""
| #define PACKAGE_STRING ""
| #define PACKAGE_BUGREPORT ""
| #define PACKAGE "fontconfig"
| #define VERSION "2.8.0"
| #define STDC_HEADERS 1
| #define HAVE_SYS_TYPES_H 1
| #define HAVE_SYS_STAT_H 1
| #define HAVE_STDLIB_H 1
| #define HAVE_STRING_H 1
| #define HAVE_MEMORY_H 1
| #define HAVE_STRINGS_H 1
| #define HAVE_INTTYPES_H 1
| #define HAVE_STDINT_H 1
| #define HAVE_UNISTD_H 1
| #define HAVE_DLFCN_H 1
| #define LT_OBJDIR ".libs/"
| #define HAVE_WARNING_CPP_DIRECTIVE 1
| #define HAVE_DIRENT_H 1
| #define STDC_HEADERS 1
| #define HAVE_FCNTL_H 1
| #define HAVE_STDLIB_H 1
| #define HAVE_STRING_H 1
| #define HAVE_UNISTD_H 1
| /* end confdefs.h.  */
| #include <stdio.h>
| #ifdef HAVE_SYS_TYPES_H
| # include <sys/types.h>
| #endif
| #ifdef HAVE_SYS_STAT_H
| # include <sys/stat.h>
| #endif
| #ifdef STDC_HEADERS
| # include <stdlib.h>
| # include <stddef.h>
| #else
| # ifdef HAVE_STDLIB_H
| #  include <stdlib.h>
| # endif
| #endif
| #ifdef HAVE_STRING_H
| # if !defined STDC_HEADERS && defined HAVE_MEMORY_H
| #  include <memory.h>
| # endif
| # include <string.h>
| #endif
| #ifdef HAVE_STRINGS_H
| # include <strings.h>
| #endif
| #ifdef HAVE_INTTYPES_H
| # include <inttypes.h>
| #endif
| #ifdef HAVE_STDINT_H
| # include <stdint.h>
| #endif
| #ifdef HAVE_UNISTD_H
| # include <unistd.h>
| #endif
| int
| main ()
| {
| if (sizeof ((pid_t)))
| 	  return 0;
|   ;
|   return 0;
| }
configure:12827: result: yes
configure:12845: checking for vprintf
configure:12901: gcc -o conftest -O2 -march=armv6j -mtune=arm1136jf-s -pipe -fomit-frame-pointer -fno-stack-protector   conftest.c  >&5
conftest.c:52: warning: conflicting types for built-in function 'vprintf'
configure:12908: $? = 0
configure:12930: result: yes
configure:12939: checking for _doprnt
configure:12995: gcc -o conftest -O2 -march=armv6j -mtune=arm1136jf-s -pipe -fomit-frame-pointer -fno-stack-protector   conftest.c  >&5
/tmp/ccZYe1oh.o: In function `main':
conftest.c:(.text+0x4): undefined reference to `_doprnt'
collect2: ld returned 1 exit status
configure:13002: $? = 1
configure: failed program was:
| /* confdefs.h.  */
| #define PACKAGE_NAME ""
| #define PACKAGE_TARNAME ""
| #define PACKAGE_VERSION ""
| #define PACKAGE_STRING ""
| #define PACKAGE_BUGREPORT ""
| #define PACKAGE "fontconfig"
| #define VERSION "2.8.0"
| #define STDC_HEADERS 1
| #define HAVE_SYS_TYPES_H 1
| #define HAVE_SYS_STAT_H 1
| #define HAVE_STDLIB_H 1
| #define HAVE_STRING_H 1
| #define HAVE_MEMORY_H 1
| #define HAVE_STRINGS_H 1
| #define HAVE_INTTYPES_H 1
| #define HAVE_STDINT_H 1
| #define HAVE_UNISTD_H 1
| #define HAVE_DLFCN_H 1
| #define LT_OBJDIR ".libs/"
| #define HAVE_WARNING_CPP_DIRECTIVE 1
| #define HAVE_DIRENT_H 1
| #define STDC_HEADERS 1
| #define HAVE_FCNTL_H 1
| #define HAVE_STDLIB_H 1
| #define HAVE_STRING_H 1
| #define HAVE_UNISTD_H 1
| #define HAVE_VPRINTF 1
| /* end confdefs.h.  */
| /* Define _doprnt to an innocuous variant, in case <limits.h> declares _doprnt.
|    For example, HP-UX 11i <limits.h> declares gettimeofday.  */
| #define _doprnt innocuous__doprnt
| 
| /* System header to define __stub macros and hopefully few prototypes,
|     which can conflict with char _doprnt (); below.
|     Prefer <limits.h> to <assert.h> if __STDC__ is defined, since
|     <limits.h> exists even on freestanding compilers.  */
| 
| #ifdef __STDC__
| # include <limits.h>
| #else
| # include <assert.h>
| #endif
| 
| #undef _doprnt
| 
| /* Override any GCC internal prototype to avoid an error.
|    Use char because int might match the return type of a GCC
|    builtin and then its argument prototype would still apply.  */
| #ifdef __cplusplus
| extern "C"
| #endif
| char _doprnt ();
| /* The GNU C library defines this for functions which it implements
|     to always fail with ENOSYS.  Some functions are actually named
|     something starting with __ and the normal name is an alias.  */
| #if defined __stub__doprnt || defined __stub____doprnt
| choke me
| #endif
| 
| int
| main ()
| {
| return _doprnt ();
|   ;
|   return 0;
| }
configure:13022: result: no
configure:13042: checking for stdlib.h
configure:13049: result: yes
configure:13042: checking for unistd.h
configure:13049: result: yes
configure:13187: checking for getpagesize
configure:13243: gcc -o conftest -O2 -march=armv6j -mtune=arm1136jf-s -pipe -fomit-frame-pointer -fno-stack-protector   conftest.c  >&5
configure:13250: $? = 0
configure:13272: result: yes
configure:13284: checking for working mmap
configure:13431: gcc -o conftest -O2 -march=armv6j -mtune=arm1136jf-s -pipe -fomit-frame-pointer -fno-stack-protector   conftest.c  >&5
configure:13435: $? = 0
configure:13441: ./conftest
configure:13445: $? = 0
configure:13462: result: yes
configure:13493: checking for geteuid
configure:13549: gcc -o conftest -O2 -march=armv6j -mtune=arm1136jf-s -pipe -fomit-frame-pointer -fno-stack-protector   conftest.c  >&5
configure:13556: $? = 0
configure:13578: result: yes
configure:13493: checking for getuid
configure:13549: gcc -o conftest -O2 -march=armv6j -mtune=arm1136jf-s -pipe -fomit-frame-pointer -fno-stack-protector   conftest.c  >&5
configure:13556: $? = 0
configure:13578: result: yes
configure:13493: checking for link
configure:13549: gcc -o conftest -O2 -march=armv6j -mtune=arm1136jf-s -pipe -fomit-frame-pointer -fno-stack-protector   conftest.c  >&5
configure:13556: $? = 0
configure:13578: result: yes
configure:13493: checking for memmove
configure:13549: gcc -o conftest -O2 -march=armv6j -mtune=arm1136jf-s -pipe -fomit-frame-pointer -fno-stack-protector   conftest.c  >&5
conftest.c:60: warning: conflicting types for built-in function 'memmove'
configure:13556: $? = 0
configure:13578: result: yes
configure:13493: checking for memset
configure:13549: gcc -o conftest -O2 -march=armv6j -mtune=arm1136jf-s -pipe -fomit-frame-pointer -fno-stack-protector   conftest.c  >&5
conftest.c:61: warning: conflicting types for built-in function 'memset'
configure:13556: $? = 0
configure:13578: result: yes
configure:13493: checking for mkstemp
configure:13549: gcc -o conftest -O2 -march=armv6j -mtune=arm1136jf-s -pipe -fomit-frame-pointer -fno-stack-protector   conftest.c  >&5
configure:13556: $? = 0
configure:13578: result: yes
configure:13493: checking for strchr
configure:13549: gcc -o conftest -O2 -march=armv6j -mtune=arm1136jf-s -pipe -fomit-frame-pointer -fno-stack-protector   conftest.c  >&5
conftest.c:63: warning: conflicting types for built-in function 'strchr'
configure:13556: $? = 0
configure:13578: result: yes
configure:13493: checking for strrchr
configure:13549: gcc -o conftest -O2 -march=armv6j -mtune=arm1136jf-s -pipe -fomit-frame-pointer -fno-stack-protector   conftest.c  >&5
conftest.c:64: warning: conflicting types for built-in function 'strrchr'
configure:13556: $? = 0
configure:13578: result: yes
configure:13493: checking for strtol
configure:13549: gcc -o conftest -O2 -march=armv6j -mtune=arm1136jf-s -pipe -fomit-frame-pointer -fno-stack-protector   conftest.c  >&5
configure:13556: $? = 0
configure:13578: result: yes
configure:13493: checking for getopt
configure:13549: gcc -o conftest -O2 -march=armv6j -mtune=arm1136jf-s -pipe -fomit-frame-pointer -fno-stack-protector   conftest.c  >&5
configure:13556: $? = 0
configure:13578: result: yes
configure:13493: checking for getopt_long
configure:13549: gcc -o conftest -O2 -march=armv6j -mtune=arm1136jf-s -pipe -fomit-frame-pointer -fno-stack-protector   conftest.c  >&5
configure:13556: $? = 0
configure:13578: result: yes
configure:13493: checking for sysconf
configure:13549: gcc -o conftest -O2 -march=armv6j -mtune=arm1136jf-s -pipe -fomit-frame-pointer -fno-stack-protector   conftest.c  >&5
configure:13556: $? = 0
configure:13578: result: yes
configure:13493: checking for ftruncate
configure:13549: gcc -o conftest -O2 -march=armv6j -mtune=arm1136jf-s -pipe -fomit-frame-pointer -fno-stack-protector   conftest.c  >&5
configure:13556: $? = 0
configure:13578: result: yes
configure:13493: checking for chsize
configure:13549: gcc -o conftest -O2 -march=armv6j -mtune=arm1136jf-s -pipe -fomit-frame-pointer -fno-stack-protector   conftest.c  >&5
/tmp/ccZwVhVy.o: In function `main':
conftest.c:(.text+0x4): undefined reference to `chsize'
collect2: ld returned 1 exit status
configure:13556: $? = 1
configure: failed program was:
| /* confdefs.h.  */
| #define PACKAGE_NAME ""
| #define PACKAGE_TARNAME ""
| #define PACKAGE_VERSION ""
| #define PACKAGE_STRING ""
| #define PACKAGE_BUGREPORT ""
| #define PACKAGE "fontconfig"
| #define VERSION "2.8.0"
| #define STDC_HEADERS 1
| #define HAVE_SYS_TYPES_H 1
| #define HAVE_SYS_STAT_H 1
| #define HAVE_STDLIB_H 1
| #define HAVE_STRING_H 1
| #define HAVE_MEMORY_H 1
| #define HAVE_STRINGS_H 1
| #define HAVE_INTTYPES_H 1
| #define HAVE_STDINT_H 1
| #define HAVE_UNISTD_H 1
| #define HAVE_DLFCN_H 1
| #define LT_OBJDIR ".libs/"
| #define HAVE_WARNING_CPP_DIRECTIVE 1
| #define HAVE_DIRENT_H 1
| #define STDC_HEADERS 1
| #define HAVE_FCNTL_H 1
| #define HAVE_STDLIB_H 1
| #define HAVE_STRING_H 1
| #define HAVE_UNISTD_H 1
| #define HAVE_VPRINTF 1
| #define HAVE_STDLIB_H 1
| #define HAVE_UNISTD_H 1
| #define HAVE_GETPAGESIZE 1
| #define HAVE_MMAP 1
| #define HAVE_GETEUID 1
| #define HAVE_GETUID 1
| #define HAVE_LINK 1
| #define HAVE_MEMMOVE 1
| #define HAVE_MEMSET 1
| #define HAVE_MKSTEMP 1
| #define HAVE_STRCHR 1
| #define HAVE_STRRCHR 1
| #define HAVE_STRTOL 1
| #define HAVE_GETOPT 1
| #define HAVE_GETOPT_LONG 1
| #define HAVE_SYSCONF 1
| #define HAVE_FTRUNCATE 1
| /* end confdefs.h.  */
| /* Define chsize to an innocuous variant, in case <limits.h> declares chsize.
|    For example, HP-UX 11i <limits.h> declares gettimeofday.  */
| #define chsize innocuous_chsize
| 
| /* System header to define __stub macros and hopefully few prototypes,
|     which can conflict with char chsize (); below.
|     Prefer <limits.h> to <assert.h> if __STDC__ is defined, since
|     <limits.h> exists even on freestanding compilers.  */
| 
| #ifdef __STDC__
| # include <limits.h>
| #else
| # include <assert.h>
| #endif
| 
| #undef chsize
| 
| /* Override any GCC internal prototype to avoid an error.
|    Use char because int might match the return type of a GCC
|    builtin and then its argument prototype would still apply.  */
| #ifdef __cplusplus
| extern "C"
| #endif
| char chsize ();
| /* The GNU C library defines this for functions which it implements
|     to always fail with ENOSYS.  Some functions are actually named
|     something starting with __ and the normal name is an alias.  */
| #if defined __stub_chsize || defined __stub___chsize
| choke me
| #endif
| 
| int
| main ()
| {
| return chsize ();
|   ;
|   return 0;
| }
configure:13578: result: no
configure:13493: checking for rand
configure:13549: gcc -o conftest -O2 -march=armv6j -mtune=arm1136jf-s -pipe -fomit-frame-pointer -fno-stack-protector   conftest.c  >&5
configure:13556: $? = 0
configure:13578: result: yes
configure:13493: checking for random
configure:13549: gcc -o conftest -O2 -march=armv6j -mtune=arm1136jf-s -pipe -fomit-frame-pointer -fno-stack-protector   conftest.c  >&5
configure:13556: $? = 0
configure:13578: result: yes
configure:13493: checking for lrand48
configure:13549: gcc -o conftest -O2 -march=armv6j -mtune=arm1136jf-s -pipe -fomit-frame-pointer -fno-stack-protector   conftest.c  >&5
configure:13556: $? = 0
configure:13578: result: yes
configure:13594: checking for a usable iconv
configure:13618: gcc -o conftest -O2 -march=armv6j -mtune=arm1136jf-s -pipe -fomit-frame-pointer -fno-stack-protector   conftest.c  >&5
configure:13625: $? = 0
configure:13645: result: libc
configure:13734: checking for freetype-config
configure:13752: found /usr/local/bin/freetype-config
configure:13765: result: /usr/local/bin/freetype-config
configure:13801: checking for FT_Get_Next_Char
configure:13857: gcc -o conftest -O2 -march=armv6j -mtune=arm1136jf-s -pipe -fomit-frame-pointer -fno-stack-protector -I/usr/local/include/freetype2 -I/usr/local/include   conftest.c  -L/usr/local/lib -lfreetype -lz -lbz2 >&5
configure:13864: $? = 0
configure:13886: result: yes
configure:13801: checking for FT_Get_BDF_Property
configure:13857: gcc -o conftest -O2 -march=armv6j -mtune=arm1136jf-s -pipe -fomit-frame-pointer -fno-stack-protector -I/usr/local/include/freetype2 -I/usr/local/include   conftest.c  -L/usr/local/lib -lfreetype -lz -lbz2 >&5
configure:13864: $? = 0
configure:13886: result: yes
configure:13801: checking for FT_Get_PS_Font_Info
configure:13857: gcc -o conftest -O2 -march=armv6j -mtune=arm1136jf-s -pipe -fomit-frame-pointer -fno-stack-protector -I/usr/local/include/freetype2 -I/usr/local/include   conftest.c  -L/usr/local/lib -lfreetype -lz -lbz2 >&5
configure:13864: $? = 0
configure:13886: result: yes
configure:13801: checking for FT_Has_PS_Glyph_Names
configure:13857: gcc -o conftest -O2 -march=armv6j -mtune=arm1136jf-s -pipe -fomit-frame-pointer -fno-stack-protector -I/usr/local/include/freetype2 -I/usr/local/include   conftest.c  -L/usr/local/lib -lfreetype -lz -lbz2 >&5
configure:13864: $? = 0
configure:13886: result: yes
configure:13801: checking for FT_Get_X11_Font_Format
configure:13857: gcc -o conftest -O2 -march=armv6j -mtune=arm1136jf-s -pipe -fomit-frame-pointer -fno-stack-protector -I/usr/local/include/freetype2 -I/usr/local/include   conftest.c  -L/usr/local/lib -lfreetype -lz -lbz2 >&5
configure:13864: $? = 0
configure:13886: result: yes
configure:13801: checking for FT_Select_Size
configure:13857: gcc -o conftest -O2 -march=armv6j -mtune=arm1136jf-s -pipe -fomit-frame-pointer -fno-stack-protector -I/usr/local/include/freetype2 -I/usr/local/include   conftest.c  -L/usr/local/lib -lfreetype -lz -lbz2 >&5
configure:13864: $? = 0
configure:13886: result: yes
configure:13898: checking for FT_Bitmap_Size.y_ppem
configure:13928: gcc -c -O2 -march=armv6j -mtune=arm1136jf-s -pipe -fomit-frame-pointer -fno-stack-protector -I/usr/local/include/freetype2 -I/usr/local/include  conftest.c >&5
configure:13935: $? = 0
configure:13995: result: yes
configure:14095: checking expat.h usability
configure:14112: gcc -c -O2 -march=armv6j -mtune=arm1136jf-s -pipe -fomit-frame-pointer -fno-stack-protector   conftest.c >&5
configure:14119: $? = 0
configure:14133: result: yes
configure:14137: checking expat.h presence
configure:14152: gcc -E   conftest.c
configure:14159: $? = 0
configure:14173: result: yes
configure:14201: checking for expat.h
configure:14208: result: yes
configure:14374: checking for XML_SetDoctypeDeclHandler
configure:14430: gcc -o conftest -O2 -march=armv6j -mtune=arm1136jf-s -pipe -fomit-frame-pointer -fno-stack-protector    conftest.c  -lexpat >&5
configure:14437: $? = 0
configure:14459: result: yes
configure:14565: checking for pkg-config
configure:14583: found /usr/local/bin/pkg-config
configure:14595: result: /usr/local/bin/pkg-config
configure:14620: checking pkg-config is at least version 0.9.0
configure:14623: result: yes
configure:14930: checking for docbook2html
configure:14946: found /scratchbox/devkits/doctools/bin/docbook2html
configure:14958: result: yes
configure:15191: creating ./config.status

## ---------------------- ##
## Running config.status. ##
## ---------------------- ##

This file was extended by config.status, which was
generated by GNU Autoconf 2.63.  Invocation command line was

  CONFIG_FILES    = 
  CONFIG_HEADERS  = 
  CONFIG_LINKS    = 
  CONFIG_COMMANDS = 
  $ ./config.status 

on tjw-pc

config.status:1117: creating Makefile
config.status:1117: creating fontconfig/Makefile
config.status:1117: creating fc-lang/Makefile
config.status:1117: creating fc-glyphname/Makefile
config.status:1117: creating fc-case/Makefile
config.status:1117: creating fc-arch/Makefile
config.status:1117: creating src/Makefile
config.status:1117: creating conf.d/Makefile
config.status:1117: creating fc-cache/Makefile
config.status:1117: creating fc-cat/Makefile
config.status:1117: creating fc-list/Makefile
config.status:1117: creating fc-match/Makefile
config.status:1117: creating fc-query/Makefile
config.status:1117: creating fc-scan/Makefile
config.status:1117: creating doc/Makefile
config.status:1117: creating doc/version.sgml
config.status:1117: creating test/Makefile
config.status:1117: creating fontconfig.spec
config.status:1117: creating fontconfig.pc
config.status:1117: creating fontconfig-zip
config.status:1117: creating config.h
config.status:1339: config.h is unchanged
config.status:1391: executing depfiles commands
config.status:1391: executing libtool commands

## ---------------- ##
## Cache variables. ##
## ---------------- ##

ac_cv_build=arm-unknown-linux-gnueabi
ac_cv_c_compiler_gnu=yes
ac_cv_c_const=yes
ac_cv_c_inline=inline
ac_cv_env_CC_set=
ac_cv_env_CC_value=
ac_cv_env_CFLAGS_set=set
ac_cv_env_CFLAGS_value='-O2 -march=armv6j -mtune=arm1136jf-s -pipe -fomit-frame-pointer -fno-stack-protector'
ac_cv_env_CPPFLAGS_set=
ac_cv_env_CPPFLAGS_value=
ac_cv_env_CPP_set=
ac_cv_env_CPP_value=
ac_cv_env_LDFLAGS_set=
ac_cv_env_LDFLAGS_value=
ac_cv_env_LIBS_set=
ac_cv_env_LIBS_value=
ac_cv_env_LIBXML2_CFLAGS_set=
ac_cv_env_LIBXML2_CFLAGS_value=
ac_cv_env_LIBXML2_LIBS_set=
ac_cv_env_LIBXML2_LIBS_value=
ac_cv_env_PKG_CONFIG_set=
ac_cv_env_PKG_CONFIG_value=
ac_cv_env_build_alias_set=
ac_cv_env_build_alias_value=
ac_cv_env_host_alias_set=
ac_cv_env_host_alias_value=
ac_cv_env_target_alias_set=
ac_cv_env_target_alias_value=
ac_cv_func_FT_Get_BDF_Property=yes
ac_cv_func_FT_Get_Next_Char=yes
ac_cv_func_FT_Get_PS_Font_Info=yes
ac_cv_func_FT_Get_X11_Font_Format=yes
ac_cv_func_FT_Has_PS_Glyph_Names=yes
ac_cv_func_FT_Select_Size=yes
ac_cv_func_XML_SetDoctypeDeclHandler=yes
ac_cv_func__doprnt=no
ac_cv_func_chsize=no
ac_cv_func_ftruncate=yes
ac_cv_func_geteuid=yes
ac_cv_func_getopt=yes
ac_cv_func_getopt_long=yes
ac_cv_func_getpagesize=yes
ac_cv_func_getuid=yes
ac_cv_func_link=yes
ac_cv_func_lrand48=yes
ac_cv_func_memmove=yes
ac_cv_func_memset=yes
ac_cv_func_mkstemp=yes
ac_cv_func_mmap_fixed_mapped=yes
ac_cv_func_rand=yes
ac_cv_func_random=yes
ac_cv_func_strchr=yes
ac_cv_func_strrchr=yes
ac_cv_func_strtol=yes
ac_cv_func_sysconf=yes
ac_cv_func_vprintf=yes
ac_cv_header_dirent_dirent_h=yes
ac_cv_header_dlfcn_h=yes
ac_cv_header_expat_h=yes
ac_cv_header_fcntl_h=yes
ac_cv_header_inttypes_h=yes
ac_cv_header_memory_h=yes
ac_cv_header_stdc=yes
ac_cv_header_stdint_h=yes
ac_cv_header_stdlib_h=yes
ac_cv_header_string_h=yes
ac_cv_header_strings_h=yes
ac_cv_header_sys_stat_h=yes
ac_cv_header_sys_types_h=yes
ac_cv_header_unistd_h=yes
ac_cv_host=arm-unknown-linux-gnueabi
ac_cv_member_FT_Bitmap_Size_y_ppem=yes
ac_cv_objext=o
ac_cv_path_DOLT_BASH=/scratchbox/tools/bin/bash
ac_cv_path_EGREP='/scratchbox/tools/bin/grep -E'
ac_cv_path_FGREP='/scratchbox/tools/bin/grep -F'
ac_cv_path_GREP=/scratchbox/tools/bin/grep
ac_cv_path_SED=/scratchbox/tools/bin/sed
ac_cv_path_ac_pt_PKG_CONFIG=/usr/local/bin/pkg-config
ac_cv_path_ft_config=/usr/local/bin/freetype-config
ac_cv_path_install='/scratchbox/tools/bin/install -c'
ac_cv_path_mkdir=/scratchbox/tools/bin/mkdir
ac_cv_prog_AWK=gawk
ac_cv_prog_CPP='gcc -E'
ac_cv_prog_HASDOCBOOK=yes
ac_cv_prog_ac_ct_AR=ar
ac_cv_prog_ac_ct_CC=gcc
ac_cv_prog_ac_ct_OBJDUMP=objdump
ac_cv_prog_ac_ct_RANLIB=ranlib
ac_cv_prog_ac_ct_STRIP=strip
ac_cv_prog_cc_c89=
ac_cv_prog_cc_g=yes
ac_cv_prog_make_make_set=yes
ac_cv_search_opendir='none required'
ac_cv_type_pid_t=yes
am_cv_CC_dependencies_compiler_type=gcc3
lt_cv_deplibs_check_method=pass_all
lt_cv_file_magic_cmd='$MAGIC_CMD'
lt_cv_file_magic_test_file=
lt_cv_ld_reload_flag=-r
lt_cv_nm_interface='BSD nm'
lt_cv_objdir=.libs
lt_cv_path_LD=/scratchbox/compilers/cs2007q3-glibc2.5-arm6/arm-none-linux-gnueabi/bin/ld
lt_cv_path_NM='/scratchbox/compilers/bin/nm -B'
lt_cv_prog_compiler_c_o=yes
lt_cv_prog_compiler_pic_works=yes
lt_cv_prog_compiler_rtti_exceptions=no
lt_cv_prog_compiler_static_works=yes
lt_cv_prog_gnu_ld=yes
lt_cv_sys_global_symbol_pipe='sed -n -e '\''s/^.*[	 ]\([ABCDGIRSTW][ABCDGIRSTW]*\)[	 ][	 ]*\([_A-Za-z][_A-Za-z0-9]*\)$/\1 \2 \2/p'\'''
lt_cv_sys_global_symbol_to_c_name_address='sed -n -e '\''s/^: \([^ ]*\) $/  {\"\1\", (void *) 0},/p'\'' -e '\''s/^[ABCDGIRSTW]* \([^ ]*\) \([^ ]*\)$/  {"\2", (void *) \&\2},/p'\'''
lt_cv_sys_global_symbol_to_c_name_address_lib_prefix='sed -n -e '\''s/^: \([^ ]*\) $/  {\"\1\", (void *) 0},/p'\'' -e '\''s/^[ABCDGIRSTW]* \([^ ]*\) \(lib[^ ]*\)$/  {"\2", (void *) \&\2},/p'\'' -e '\''s/^[ABCDGIRSTW]* \([^ ]*\) \([^ ]*\)$/  {"lib\2", (void *) \&\2},/p'\'''
lt_cv_sys_global_symbol_to_cdecl='sed -n -e '\''s/^T .* \(.*\)$/extern int \1();/p'\'' -e '\''s/^[ABCDGIRSTW]* .* \(.*\)$/extern char \1;/p'\'''
lt_cv_sys_max_cmd_len=98304

## ----------------- ##
## Output variables. ##
## ----------------- ##

ACLOCAL='${SHELL} /home/tjw/tjKindle/LIB2/fontconfig-2.8.0/missing --run aclocal-1.11'
AMDEPBACKSLASH='\'
AMDEP_FALSE='#'
AMDEP_TRUE=''
AMTAR='${SHELL} /home/tjw/tjKindle/LIB2/fontconfig-2.8.0/missing --run tar'
AM_BACKSLASH='\'
AM_DEFAULT_VERBOSITY='0'
AR='ar'
ARCHITECTURE='auto'
AS='as'
AUTOCONF='${SHELL} /home/tjw/tjKindle/LIB2/fontconfig-2.8.0/missing --run autoconf'
AUTOHEADER='${SHELL} /home/tjw/tjKindle/LIB2/fontconfig-2.8.0/missing --run autoheader'
AUTOMAKE='${SHELL} /home/tjw/tjKindle/LIB2/fontconfig-2.8.0/missing --run automake-1.11'
AWK='gawk'
CC='gcc'
CCDEPMODE='depmode=gcc3'
CC_FOR_BUILD='gcc'
CFLAGS='-O2 -march=armv6j -mtune=arm1136jf-s -pipe -fomit-frame-pointer -fno-stack-protector'
CONFDIR='${sysconfdir}/fonts'
CPP='gcc -E'
CPPFLAGS=''
CROSS_COMPILING_FALSE=''
CROSS_COMPILING_TRUE='#'
CYGPATH_W='echo'
DEFS='-DHAVE_CONFIG_H'
DEPDIR='.deps'
DLLTOOL='dlltool'
DOCMAN3='FcAtomicCreate.3 FcAtomicLock.3 FcAtomicNewFile.3 FcAtomicOrigFile.3 FcAtomicReplaceOrig.3 FcAtomicDeleteNew.3 FcAtomicUnlock.3 FcAtomicDestroy.3 FcBlanksCreate.3 FcBlanksDestroy.3 FcBlanksAdd.3 FcBlanksIsMember.3 FcCacheDir.3 FcCacheCopySet.3 FcCacheSubdir.3 FcCacheNumSubdir.3 FcCacheNumFont.3 FcCharSetCreate.3 FcCharSetDestroy.3 FcCharSetAddChar.3 FcCharSetCopy.3 FcCharSetEqual.3 FcCharSetIntersect.3 FcCharSetUnion.3 FcCharSetSubtract.3 FcCharSetMerge.3 FcCharSetHasChar.3 FcCharSetCount.3 FcCharSetIntersectCount.3 FcCharSetSubtractCount.3 FcCharSetIsSubset.3 FcCharSetFirstPage.3 FcCharSetNextPage.3 FcCharSetCoverage.3 FcCharSetNew.3 FcConfigCreate.3 FcConfigReference.3 FcConfigDestroy.3 FcConfigSetCurrent.3 FcConfigGetCurrent.3 FcConfigUptoDate.3 FcConfigHome.3 FcConfigEnableHome.3 FcConfigBuildFonts.3 FcConfigGetConfigDirs.3 FcConfigGetFontDirs.3 FcConfigGetConfigFiles.3 FcConfigGetCache.3 FcConfigGetCacheDirs.3 FcConfigGetFonts.3 FcConfigGetBlanks.3 FcConfigGetRescanInterval.3 FcConfigSetRescanInterval.3 FcConfigAppFontAddFile.3 FcConfigAppFontAddDir.3 FcConfigAppFontClear.3 FcConfigSubstituteWithPat.3 FcConfigSubstitute.3 FcFontMatch.3 FcFontSort.3 FcFontRenderPrepare.3 FcFontList.3 FcConfigFilename.3 FcConfigParseAndLoad.3 FcNameRegisterConstants.3 FcNameUnregisterConstants.3 FcNameGetConstant.3 FcNameConstant.3 FcDirCacheUnlink.3 FcDirCacheValid.3 FcDirCacheLoad.3 FcDirCacheRead.3 FcDirCacheLoadFile.3 FcDirCacheUnload.3 FcFileScan.3 FcFileIsDir.3 FcDirScan.3 FcDirSave.3 FcFontSetCreate.3 FcFontSetDestroy.3 FcFontSetAdd.3 FcFontSetList.3 FcFontSetMatch.3 FcFontSetPrint.3 FcFontSetSort.3 FcFontSetSortDestroy.3 FcPatternFormat.3 FcFreeTypeCharIndex.3 FcFreeTypeCharSet.3 FcFreeTypeCharSetAndSpacing.3 FcFreeTypeQuery.3 FcFreeTypeQueryFace.3 FcInitLoadConfig.3 FcInitLoadConfigAndFonts.3 FcInit.3 FcFini.3 FcGetVersion.3 FcInitReinitialize.3 FcInitBringUptoDate.3 FcLangSetCreate.3 FcLangSetDestroy.3 FcLangSetCopy.3 FcLangSetAdd.3 FcLangSetCompare.3 FcLangSetContains.3 FcLangSetEqual.3 FcLangSetHash.3 FcLangSetHasLang.3 FcLangSetGetLangs.3 FcGetLangs.3 FcLangGetCharSet.3 FcMatrixInit.3 FcMatrixCopy.3 FcMatrixEqual.3 FcMatrixMultiply.3 FcMatrixRotate.3 FcMatrixScale.3 FcMatrixShear.3 FcObjectSetCreate.3 FcObjectSetAdd.3 FcObjectSetDestroy.3 FcObjectSetBuild.3 FcNameRegisterObjectTypes.3 FcNameUnregisterObjectTypes.3 FcNameGetObjectType.3 FcPatternCreate.3 FcPatternDuplicate.3 FcPatternReference.3 FcPatternDestroy.3 FcPatternEqual.3 FcPatternEqualSubset.3 FcPatternFilter.3 FcPatternHash.3 FcPatternAdd.3 FcPatternAddWeak.3 FcPatternAdd-Type.3 FcPatternGet.3 FcPatternGet-Type.3 FcPatternBuild.3 FcPatternDel.3 FcPatternRemove.3 FcPatternPrint.3 FcDefaultSubstitute.3 FcNameParse.3 FcNameUnparse.3 FcUtf8ToUcs4.3 FcUcs4ToUtf8.3 FcUtf8Len.3 FcUtf16ToUcs4.3 FcUtf16Len.3 FcIsLower.3 FcIsUpper.3 FcToLower.3 FcStrCopy.3 FcStrDowncase.3 FcStrCopyFilename.3 FcStrCmp.3 FcStrCmpIgnoreCase.3 FcStrStr.3 FcStrStrIgnoreCase.3 FcStrPlus.3 FcStrFree.3 FcStrDirname.3 FcStrBasename.3 FcStrSetCreate.3 FcStrSetMember.3 FcStrSetEqual.3 FcStrSetAdd.3 FcStrSetAddFilename.3 FcStrSetDel.3 FcStrSetDestroy.3 FcStrListCreate.3 FcStrListNext.3 FcStrListDone.3 FcValueDestroy.3 FcValueSave.3 FcValuePrint.3 FcValueEqual.3 '
DOCSRC='doc'
DOLT_BASH='/scratchbox/tools/bin/bash'
DSYMUTIL=''
DUMPBIN=''
ECHO_C=''
ECHO_N='-n'
ECHO_T=''
EGREP='/scratchbox/tools/bin/grep -E'
ENABLE_DOCS_FALSE='#'
ENABLE_DOCS_TRUE=''
EXEEXT=''
EXEEXT_FOR_BUILD=''
EXPAT_CFLAGS=''
EXPAT_LIBS='-lexpat'
FC_ADD_FONTS=''
FC_CACHEDIR='${localstatedir}/cache/${PACKAGE}'
FC_DEFAULT_FONTS='/usr/share/fonts'
FC_FONTDATE='Tue Sep  6 22:06:00 CST 2011'
FC_FONTPATH=''
FGREP='/scratchbox/tools/bin/grep -F'
FREETYPE_CFLAGS='-I/usr/local/include/freetype2 -I/usr/local/include'
FREETYPE_LIBS='-L/usr/local/lib -lfreetype -lz -lbz2'
GREP='/scratchbox/tools/bin/grep'
HASDOCBOOK='yes'
HAVE_EXPAT='1'
HAVE_XMLPARSE_H=''
ICONV_LIBS=''
INSTALL_DATA='${INSTALL} -m 644'
INSTALL_PROGRAM='${INSTALL}'
INSTALL_SCRIPT='${INSTALL}'
INSTALL_STRIP_PROGRAM='$(install_sh) -c -s'
LD='/scratchbox/compilers/cs2007q3-glibc2.5-arm6/arm-none-linux-gnueabi/bin/ld'
LDFLAGS=''
LIBOBJS=''
LIBS=''
LIBTOOL='$(SHELL) $(top_builddir)/libtool'
LIBT_CURRENT='5'
LIBT_CURRENT_MINUS_AGE='1'
LIBT_REVISION='4'
LIBT_VERSION_INFO='5:4:4'
LIBXML2_CFLAGS=''
LIBXML2_LIBS=''
LIPO=''
LN_S='ln -s'
LTCOMPILE='$(LIBTOOL) --tag=CC $(AM_LIBTOOLFLAGS) $(LIBTOOLFLAGS) --mode=compile $(COMPILE)'
LTCXXCOMPILE='$(LIBTOOL) --tag=CXX $(AM_LIBTOOLFLAGS) $(LIBTOOLFLAGS) --mode=compile $(CXXCOMPILE)'
LTLIBOBJS=''
MAINT='#'
MAINTAINER_MODE_FALSE=''
MAINTAINER_MODE_TRUE='#'
MAKEINFO='${SHELL} /home/tjw/tjKindle/LIB2/fontconfig-2.8.0/missing --run makeinfo'
MKDIR_P='/scratchbox/tools/bin/mkdir -p'
MS_LIB_AVAILABLE_FALSE=''
MS_LIB_AVAILABLE_TRUE='#'
NM='/scratchbox/compilers/bin/nm -B'
NMEDIT=''
OBJDUMP='objdump'
OBJEXT='o'
OS_WIN32_FALSE=''
OS_WIN32_TRUE='#'
OTOOL64=''
OTOOL=''
PACKAGE='fontconfig'
PACKAGE_BUGREPORT=''
PACKAGE_NAME=''
PACKAGE_STRING=''
PACKAGE_TARNAME=''
PACKAGE_VERSION=''
PATH_SEPARATOR=':'
PKG_CONFIG='/usr/local/bin/pkg-config'
RANLIB='ranlib'
SED='/scratchbox/tools/bin/sed'
SET_MAKE=''
SHELL='/bin/sh'
STRIP='strip'
USEDOCBOOK_FALSE='#'
USEDOCBOOK_TRUE=''
VERSION='2.8.0'
WARN_CFLAGS='-Wall -Wpointer-arith -Wstrict-prototypes 	-Wmissing-prototypes -Wmissing-declarations 	-Wnested-externs -fno-strict-aliasing'
ac_ct_CC='gcc'
ac_ct_DUMPBIN=''
am__EXEEXT_FALSE=''
am__EXEEXT_TRUE='#'
am__fastdepCC_FALSE='#'
am__fastdepCC_TRUE=''
am__include='include'
am__isrc=''
am__leading_dot='.'
am__quote=''
am__tar='${AMTAR} chof - "$$tardir"'
am__untar='${AMTAR} xf -'
bindir='${exec_prefix}/bin'
build='arm-unknown-linux-gnueabi'
build_alias=''
build_cpu='arm'
build_os='linux-gnueabi'
build_vendor='unknown'
confdir='${sysconfdir}/fonts'
datadir='${datarootdir}'
datarootdir='${prefix}/share'
docdir='${datarootdir}/doc/${PACKAGE}'
dvidir='${docdir}'
exec_prefix='${prefix}'
fc_cachedir='${localstatedir}/cache/${PACKAGE}'
ft_config='/usr/local/bin/freetype-config'
host='arm-unknown-linux-gnueabi'
host_alias=''
host_cpu='arm'
host_os='linux-gnueabi'
host_vendor='unknown'
htmldir='${docdir}'
includedir='${prefix}/include'
infodir='${datarootdir}/info'
install_sh='${SHELL} /home/tjw/tjKindle/LIB2/fontconfig-2.8.0/install-sh'
libdir='${exec_prefix}/lib'
libexecdir='${exec_prefix}/libexec'
localedir='${datarootdir}/locale'
localstatedir='${prefix}/var'
lt_ECHO='echo'
mandir='${datarootdir}/man'
mkdir_p='/scratchbox/tools/bin/mkdir -p'
ms_librarian=''
oldincludedir='/usr/include'
pdfdir='${docdir}'
prefix='/usr/local'
program_transform_name='s,x,x,'
psdir='${docdir}'
sbindir='${exec_prefix}/sbin'
sharedstatedir='${prefix}/com'
sysconfdir='${prefix}/etc'
target_alias=''

## ----------- ##
## confdefs.h. ##
## ----------- ##

#define PACKAGE_NAME ""
#define PACKAGE_TARNAME ""
#define PACKAGE_VERSION ""
#define PACKAGE_STRING ""
#define PACKAGE_BUGREPORT ""
#define PACKAGE "fontconfig"
#define VERSION "2.8.0"
#define STDC_HEADERS 1
#define HAVE_SYS_TYPES_H 1
#define HAVE_SYS_STAT_H 1
#define HAVE_STDLIB_H 1
#define HAVE_STRING_H 1
#define HAVE_MEMORY_H 1
#define HAVE_STRINGS_H 1
#define HAVE_INTTYPES_H 1
#define HAVE_STDINT_H 1
#define HAVE_UNISTD_H 1
#define HAVE_DLFCN_H 1
#define LT_OBJDIR ".libs/"
#define HAVE_WARNING_CPP_DIRECTIVE 1
#define HAVE_DIRENT_H 1
#define STDC_HEADERS 1
#define HAVE_FCNTL_H 1
#define HAVE_STDLIB_H 1
#define HAVE_STRING_H 1
#define HAVE_UNISTD_H 1
#define HAVE_VPRINTF 1
#define HAVE_STDLIB_H 1
#define HAVE_UNISTD_H 1
#define HAVE_GETPAGESIZE 1
#define HAVE_MMAP 1
#define HAVE_GETEUID 1
#define HAVE_GETUID 1
#define HAVE_LINK 1
#define HAVE_MEMMOVE 1
#define HAVE_MEMSET 1
#define HAVE_MKSTEMP 1
#define HAVE_STRCHR 1
#define HAVE_STRRCHR 1
#define HAVE_STRTOL 1
#define HAVE_GETOPT 1
#define HAVE_GETOPT_LONG 1
#define HAVE_SYSCONF 1
#define HAVE_FTRUNCATE 1
#define HAVE_RAND 1
#define HAVE_RANDOM 1
#define HAVE_LRAND48 1
#define USE_ICONV 1
#define HAVE_FT_GET_NEXT_CHAR 1
#define HAVE_FT_GET_BDF_PROPERTY 1
#define HAVE_FT_GET_PS_FONT_INFO 1
#define HAVE_FT_HAS_PS_GLYPH_NAMES 1
#define HAVE_FT_GET_X11_FONT_FORMAT 1
#define HAVE_FT_SELECT_SIZE 1
#define HAVE_FT_BITMAP_SIZE_Y_PPEM 1
#define HAVE_XML_SETDOCTYPEDECLHANDLER 1
#define HAVE_EXPAT 1
#define FC_DEFAULT_FONTS "/usr/share/fonts"
#define FC_ADD_FONTS "yes"
#define CONFDIR "${sysconfdir}/fonts"

configure: exit 0
