This file contains any messages produced by compilers while
running configure, to aid debugging if configure makes a mistake.

It was created by FreeType configure 2.4.6, which was
generated by GNU Autoconf 2.68.  Invocation command line was

  $ ./configure --disable-static

## --------- ##
## Platform. ##
## --------- ##

hostname = tjw-pc
uname -m = arm
uname -r = 2.6.38-11-generic
uname -s = Linux
uname -v = #48-Ubuntu SMP Fri Jul 29 19:02:55 UTC 2011

/usr/bin/uname -p = unknown
/bin/uname -X     = unknown

/bin/arch              = arm
/usr/bin/arch -k       = arm
/usr/convex/getsysinfo = unknown
/usr/bin/hostinfo      = unknown
/bin/machine           = unknown
/usr/bin/oslevel       = unknown
/bin/universe          = unknown

PATH: /home/tjw/kindle/tjKindle
PATH: /usr/local/bin
PATH: /usr/local/bin
PATH: /host_usr/bin
PATH: /scratchbox/devkits/svn/bin
PATH: /scratchbox/devkits/qemu/bin
PATH: /scratchbox/devkits/perl/bin
PATH: /scratchbox/devkits/git/bin
PATH: /scratchbox/devkits/doctools/bin
PATH: /scratchbox/tools/bin
PATH: /targets/links/arch_tools/bin
PATH: /scratchbox/compilers/bin
PATH: /bin
PATH: /usr/bin
PATH: /usr/local/bin
PATH: /usr/X11R6/bin
PATH: /sbin
PATH: /usr/sbin


## ----------- ##
## Core tests. ##
## ----------- ##

configure:2458: checking build system type
configure:2472: result: arm-unknown-linux-gnueabi
configure:2492: checking host system type
configure:2505: result: arm-unknown-linux-gnueabi
configure:2577: checking for gcc
configure:2593: found /scratchbox/compilers/bin/gcc
configure:2604: result: gcc
configure:2833: checking for C compiler version
configure:2842: gcc --version >&5
sbox-arm-none-linux-gnueabi-gcc (GCC) 4.2.1
Copyright (C) 2007 Free Software Foundation, Inc.
This is free software; see the source for copying conditions.  There is NO
warranty; not even for MERCHANTABILITY or FITNESS FOR A PARTICULAR PURPOSE.

configure:2853: $? = 0
configure:2842: gcc -v >&5
Using built-in specs.
Reading specs from /scratchbox/compilers/cs2007q3-glibc2.5-arm6/gcc.specs
rename spec cpp to old_cpp
rename spec cc1 to old_cc1
rename spec cc1plus to old_cc1plus
rename spec link to old_link
Target: arm-none-linux-gnueabi
Configured with: /home/jhakala/cs2007q3-sb4/arm/src/gcc-4.2/configure --build=i686-pc-linux-gnu --host=i686-pc-linux-gnu --target=arm-none-linux-gnueabi --enable-threads --disable-libmudflap --disable-libssp --disable-libgomp --disable-libstdcxx-pch --with-gnu-as --with-gnu-ld --enable-languages=c,c++ --enable-shared --enable-symvers=gnu --enable-__cxa_atexit --disable-nls --prefix=/opt/maemo --with-sysroot=/opt/maemo/arm-none-linux-gnueabi/libc --with-build-sysroot=/home/jhakala/cs2007q3-sb4/arm/install/arm-none-linux-gnueabi/libc --with-build-time-tools=/home/jhakala/cs2007q3-sb4/arm/install/arm-none-linux-gnueabi/bin
Thread model: posix
gcc version 4.2.1
configure:2853: $? = 0
configure:2842: gcc -V >&5
sbox-arm-none-linux-gnueabi-gcc: '-V' must come at the start of the command line
configure:2853: $? = 1
configure:2842: gcc -qversion >&5
sbox-arm-none-linux-gnueabi-gcc: unrecognized option '-qversion'
sbox-arm-none-linux-gnueabi-gcc: no input files
configure:2853: $? = 1
configure:2873: checking whether the C compiler works
configure:2895: gcc -O2 -march=armv6j -mtune=arm1136jf-s -pipe -fomit-frame-pointer -fno-stack-protector   conftest.c  >&5
configure:2899: $? = 0
configure:2947: result: yes
configure:2950: checking for C compiler default output file name
configure:2952: result: a.out
configure:2958: checking for suffix of executables
configure:2965: gcc -o conftest -O2 -march=armv6j -mtune=arm1136jf-s -pipe -fomit-frame-pointer -fno-stack-protector   conftest.c  >&5
configure:2969: $? = 0
configure:2991: result: 
configure:3013: checking whether we are cross compiling
configure:3021: gcc -o conftest -O2 -march=armv6j -mtune=arm1136jf-s -pipe -fomit-frame-pointer -fno-stack-protector   conftest.c  >&5
configure:3025: $? = 0
configure:3032: ./conftest
configure:3036: $? = 0
configure:3051: result: no
configure:3056: checking for suffix of object files
configure:3078: gcc -c -O2 -march=armv6j -mtune=arm1136jf-s -pipe -fomit-frame-pointer -fno-stack-protector  conftest.c >&5
configure:3082: $? = 0
configure:3103: result: o
configure:3107: checking whether we are using the GNU C compiler
configure:3126: gcc -c -O2 -march=armv6j -mtune=arm1136jf-s -pipe -fomit-frame-pointer -fno-stack-protector  conftest.c >&5
configure:3126: $? = 0
configure:3135: result: yes
configure:3144: checking whether gcc accepts -g
configure:3164: gcc -c -g  conftest.c >&5
configure:3164: $? = 0
configure:3205: result: yes
configure:3222: checking for gcc option to accept ISO C89
configure:3286: gcc  -c -O2 -march=armv6j -mtune=arm1136jf-s -pipe -fomit-frame-pointer -fno-stack-protector  conftest.c >&5
configure:3286: $? = 0
configure:3299: result: none needed
configure:3324: checking how to run the C preprocessor
configure:3355: gcc -E  conftest.c
configure:3355: $? = 0
configure:3369: gcc -E  conftest.c
conftest.c:9:28: error: ac_nonexistent.h: No such file or directory
configure:3369: $? = 1
configure: failed program was:
| /* confdefs.h */
| #define PACKAGE_NAME "FreeType"
| #define PACKAGE_TARNAME "freetype"
| #define PACKAGE_VERSION "2.4.6"
| #define PACKAGE_STRING "FreeType 2.4.6"
| #define PACKAGE_BUGREPORT "freetype@nongnu.org"
| #define PACKAGE_URL ""
| /* end confdefs.h.  */
| #include <ac_nonexistent.h>
configure:3394: result: gcc -E
configure:3414: gcc -E  conftest.c
configure:3414: $? = 0
configure:3428: gcc -E  conftest.c
conftest.c:9:28: error: ac_nonexistent.h: No such file or directory
configure:3428: $? = 1
configure: failed program was:
| /* confdefs.h */
| #define PACKAGE_NAME "FreeType"
| #define PACKAGE_TARNAME "freetype"
| #define PACKAGE_VERSION "2.4.6"
| #define PACKAGE_STRING "FreeType 2.4.6"
| #define PACKAGE_BUGREPORT "freetype@nongnu.org"
| #define PACKAGE_URL ""
| /* end confdefs.h.  */
| #include <ac_nonexistent.h>
configure:3644: checking for rm
configure:3660: found /scratchbox/tools/bin/rm
configure:3671: result: rm -f
configure:3681: checking for rmdir
configure:3697: found /scratchbox/tools/bin/rmdir
configure:3708: result: rmdir
configure:3736: checking for a BSD-compatible install
configure:3804: result: /scratchbox/tools/bin/install -c
configure:3828: checking for grep that handles long lines and -e
configure:3886: result: /scratchbox/tools/bin/grep
configure:3891: checking for egrep
configure:3953: result: /scratchbox/tools/bin/grep -E
configure:3958: checking for ANSI C header files
configure:3978: gcc -c -O2 -march=armv6j -mtune=arm1136jf-s -pipe -fomit-frame-pointer -fno-stack-protector  conftest.c >&5
configure:3978: $? = 0
configure:4051: gcc -o conftest -O2 -march=armv6j -mtune=arm1136jf-s -pipe -fomit-frame-pointer -fno-stack-protector   conftest.c  >&5
configure:4051: $? = 0
configure:4051: ./conftest
configure:4051: $? = 0
configure:4062: result: yes
configure:4075: checking for sys/types.h
configure:4075: gcc -c -O2 -march=armv6j -mtune=arm1136jf-s -pipe -fomit-frame-pointer -fno-stack-protector  conftest.c >&5
configure:4075: $? = 0
configure:4075: result: yes
configure:4075: checking for sys/stat.h
configure:4075: gcc -c -O2 -march=armv6j -mtune=arm1136jf-s -pipe -fomit-frame-pointer -fno-stack-protector  conftest.c >&5
configure:4075: $? = 0
configure:4075: result: yes
configure:4075: checking for stdlib.h
configure:4075: gcc -c -O2 -march=armv6j -mtune=arm1136jf-s -pipe -fomit-frame-pointer -fno-stack-protector  conftest.c >&5
configure:4075: $? = 0
configure:4075: result: yes
configure:4075: checking for string.h
configure:4075: gcc -c -O2 -march=armv6j -mtune=arm1136jf-s -pipe -fomit-frame-pointer -fno-stack-protector  conftest.c >&5
configure:4075: $? = 0
configure:4075: result: yes
configure:4075: checking for memory.h
configure:4075: gcc -c -O2 -march=armv6j -mtune=arm1136jf-s -pipe -fomit-frame-pointer -fno-stack-protector  conftest.c >&5
configure:4075: $? = 0
configure:4075: result: yes
configure:4075: checking for strings.h
configure:4075: gcc -c -O2 -march=armv6j -mtune=arm1136jf-s -pipe -fomit-frame-pointer -fno-stack-protector  conftest.c >&5
configure:4075: $? = 0
configure:4075: result: yes
configure:4075: checking for inttypes.h
configure:4075: gcc -c -O2 -march=armv6j -mtune=arm1136jf-s -pipe -fomit-frame-pointer -fno-stack-protector  conftest.c >&5
configure:4075: $? = 0
configure:4075: result: yes
configure:4075: checking for stdint.h
configure:4075: gcc -c -O2 -march=armv6j -mtune=arm1136jf-s -pipe -fomit-frame-pointer -fno-stack-protector  conftest.c >&5
configure:4075: $? = 0
configure:4075: result: yes
configure:4075: checking for unistd.h
configure:4075: gcc -c -O2 -march=armv6j -mtune=arm1136jf-s -pipe -fomit-frame-pointer -fno-stack-protector  conftest.c >&5
configure:4075: $? = 0
configure:4075: result: yes
configure:4090: checking fcntl.h usability
configure:4090: gcc -c -O2 -march=armv6j -mtune=arm1136jf-s -pipe -fomit-frame-pointer -fno-stack-protector  conftest.c >&5
configure:4090: $? = 0
configure:4090: result: yes
configure:4090: checking fcntl.h presence
configure:4090: gcc -E  conftest.c
configure:4090: $? = 0
configure:4090: result: yes
configure:4090: checking for fcntl.h
configure:4090: result: yes
configure:4090: checking for unistd.h
configure:4090: result: yes
configure:4104: checking for an ANSI C-conforming const
configure:4169: gcc -c -O2 -march=armv6j -mtune=arm1136jf-s -pipe -fomit-frame-pointer -fno-stack-protector  conftest.c >&5
configure:4169: $? = 0
configure:4176: result: yes
configure:4188: checking size of int
configure:4193: gcc -o conftest -O2 -march=armv6j -mtune=arm1136jf-s -pipe -fomit-frame-pointer -fno-stack-protector   conftest.c  >&5
configure:4193: $? = 0
configure:4193: ./conftest
configure:4193: $? = 0
configure:4207: result: 4
configure:4221: checking size of long
configure:4226: gcc -o conftest -O2 -march=armv6j -mtune=arm1136jf-s -pipe -fomit-frame-pointer -fno-stack-protector   conftest.c  >&5
configure:4226: $? = 0
configure:4226: ./conftest
configure:4226: $? = 0
configure:4240: result: 4
configure:4254: checking cpp computation of bit length in ftconfig.in works
configure:4305: result: yes
configure:4342: checking for stdlib.h
configure:4342: result: yes
configure:4342: checking for unistd.h
configure:4342: result: yes
configure:4342: checking for sys/param.h
configure:4342: gcc -c -O2 -march=armv6j -mtune=arm1136jf-s -pipe -fomit-frame-pointer -fno-stack-protector  conftest.c >&5
configure:4342: $? = 0
configure:4342: result: yes
configure:4362: checking for getpagesize
configure:4362: gcc -o conftest -O2 -march=armv6j -mtune=arm1136jf-s -pipe -fomit-frame-pointer -fno-stack-protector   conftest.c  >&5
configure:4362: $? = 0
configure:4362: result: yes
configure:4371: checking for working mmap
configure:4518: gcc -o conftest -O2 -march=armv6j -mtune=arm1136jf-s -pipe -fomit-frame-pointer -fno-stack-protector   conftest.c  >&5
configure:4518: $? = 0
configure:4518: ./conftest
configure:4518: $? = 0
configure:4528: result: yes
configure:4544: checking whether munmap is declared
configure:4544: gcc -c -O2 -march=armv6j -mtune=arm1136jf-s -pipe -fomit-frame-pointer -fno-stack-protector  conftest.c >&5
configure:4544: $? = 0
configure:4544: result: yes
configure:4564: checking for munmap's first parameter type
configure:4578: gcc -c -O2 -march=armv6j -mtune=arm1136jf-s -pipe -fomit-frame-pointer -fno-stack-protector  conftest.c >&5
configure:4578: $? = 0
configure:4579: result: void *
configure:4596: checking for memcpy
configure:4596: gcc -o conftest -O2 -march=armv6j -mtune=arm1136jf-s -pipe -fomit-frame-pointer -fno-stack-protector   conftest.c  >&5
conftest.c:53: warning: conflicting types for built-in function 'memcpy'
configure:4596: $? = 0
configure:4596: result: yes
configure:4596: checking for memmove
configure:4596: gcc -o conftest -O2 -march=armv6j -mtune=arm1136jf-s -pipe -fomit-frame-pointer -fno-stack-protector   conftest.c  >&5
conftest.c:54: warning: conflicting types for built-in function 'memmove'
configure:4596: $? = 0
configure:4596: result: yes
configure:4617: checking for gzsetparams in -lz
configure:4642: gcc -o conftest -O2 -march=armv6j -mtune=arm1136jf-s -pipe -fomit-frame-pointer -fno-stack-protector   conftest.c -lz   >&5
configure:4642: $? = 0
configure:4651: result: yes
configure:4654: checking zlib.h usability
configure:4654: gcc -c -O2 -march=armv6j -mtune=arm1136jf-s -pipe -fomit-frame-pointer -fno-stack-protector  conftest.c >&5
configure:4654: $? = 0
configure:4654: result: yes
configure:4654: checking zlib.h presence
configure:4654: gcc -E  conftest.c
configure:4654: $? = 0
configure:4654: result: yes
configure:4654: checking for zlib.h
configure:4654: result: yes
configure:4679: checking for BZ2_bzDecompress in -lbz2
configure:4704: gcc -o conftest -O2 -march=armv6j -mtune=arm1136jf-s -pipe -fomit-frame-pointer -fno-stack-protector -DFT_CONFIG_OPTION_SYSTEM_ZLIB   -lz conftest.c -lbz2   >&5
configure:4704: $? = 0
configure:4713: result: yes
configure:4716: checking bzlib.h usability
configure:4716: gcc -c -O2 -march=armv6j -mtune=arm1136jf-s -pipe -fomit-frame-pointer -fno-stack-protector -DFT_CONFIG_OPTION_SYSTEM_ZLIB  conftest.c >&5
configure:4716: $? = 0
configure:4716: result: yes
configure:4716: checking bzlib.h presence
configure:4716: gcc -E  conftest.c
configure:4716: $? = 0
configure:4716: result: yes
configure:4716: checking for bzlib.h
configure:4716: result: yes
configure:4758: result: whether CFLAGS and LDFLAGS share -march=armv6j
configure:4765: result: no, copy to LDFLAGS
configure:5365: checking how to print strings
configure:5392: result: printf
configure:5413: checking for a sed that does not truncate output
configure:5477: result: /scratchbox/tools/bin/sed
configure:5495: checking for fgrep
configure:5557: result: /scratchbox/tools/bin/grep -F
configure:5592: checking for ld used by gcc
configure:5659: result: /scratchbox/compilers/cs2007q3-glibc2.5-arm6/arm-none-linux-gnueabi/bin/ld
configure:5666: checking if the linker (/scratchbox/compilers/cs2007q3-glibc2.5-arm6/arm-none-linux-gnueabi/bin/ld) is GNU ld
configure:5681: result: yes
configure:5693: checking for BSD- or MS-compatible name lister (nm)
configure:5742: result: /scratchbox/compilers/bin/nm -B
configure:5872: checking the name lister (/scratchbox/compilers/bin/nm -B) interface
configure:5879: gcc -c -O2 -march=armv6j -mtune=arm1136jf-s -pipe -fomit-frame-pointer -fno-stack-protector -DFT_CONFIG_OPTION_SYSTEM_ZLIB -DFT_CONFIG_OPTION_USE_BZIP2  conftest.c >&5
configure:5882: /scratchbox/compilers/bin/nm -B "conftest.o"
configure:5885: output
00000000 B some_variable
configure:5892: result: BSD nm
configure:5895: checking whether ln -s works
configure:5899: result: yes
configure:5907: checking the maximum length of command line arguments
configure:6032: result: 98304
configure:6049: checking whether the shell understands some XSI constructs
configure:6059: result: yes
configure:6063: checking whether the shell understands "+="
configure:6069: result: no
configure:6104: checking how to convert arm-unknown-linux-gnueabi file names to arm-unknown-linux-gnueabi format
configure:6144: result: func_convert_file_noop
configure:6151: checking how to convert arm-unknown-linux-gnueabi file names to toolchain format
configure:6171: result: func_convert_file_noop
configure:6178: checking for /scratchbox/compilers/cs2007q3-glibc2.5-arm6/arm-none-linux-gnueabi/bin/ld option to reload object files
configure:6185: result: -r
configure:6259: checking for objdump
configure:6275: found /scratchbox/compilers/bin/objdump
configure:6286: result: objdump
configure:6315: checking how to recognize dependent libraries
configure:6517: result: pass_all
configure:6602: checking for dlltool
configure:6618: found /scratchbox/compilers/bin/dlltool
configure:6629: result: dlltool
configure:6659: checking how to associate runtime and link libraries
configure:6686: result: printf %s\n
configure:6746: checking for ar
configure:6762: found /scratchbox/compilers/bin/ar
configure:6773: result: ar
configure:6810: checking for archiver @FILE support
configure:6827: gcc -c -O2 -march=armv6j -mtune=arm1136jf-s -pipe -fomit-frame-pointer -fno-stack-protector -DFT_CONFIG_OPTION_SYSTEM_ZLIB -DFT_CONFIG_OPTION_USE_BZIP2  conftest.c >&5
configure:6827: $? = 0
configure:6830: ar cru libconftest.a @conftest.lst >&5
configure:6833: $? = 0
configure:6838: ar cru libconftest.a @conftest.lst >&5
/scratchbox/compilers/cs2007q3-glibc2.5-arm6/bin/sbox-arm-none-linux-gnueabi-ar: conftest.o: No such file or directory
configure:6841: $? = 1
configure:6853: result: @
configure:6911: checking for strip
configure:6927: found /scratchbox/compilers/bin/strip
configure:6938: result: strip
configure:7010: checking for ranlib
configure:7026: found /scratchbox/compilers/bin/ranlib
configure:7037: result: ranlib
configure:7114: checking for gawk
configure:7130: found /scratchbox/tools/bin/gawk
configure:7141: result: gawk
configure:7181: checking command to parse /scratchbox/compilers/bin/nm -B output from gcc object
configure:7300: gcc -c -O2 -march=armv6j -mtune=arm1136jf-s -pipe -fomit-frame-pointer -fno-stack-protector -DFT_CONFIG_OPTION_SYSTEM_ZLIB -DFT_CONFIG_OPTION_USE_BZIP2  conftest.c >&5
configure:7303: $? = 0
configure:7307: /scratchbox/compilers/bin/nm -B conftest.o \| sed -n -e 's/^.*[ ]\([ABCDGIRSTW][ABCDGIRSTW]*\)[ ][ ]*\([_A-Za-z][_A-Za-z0-9]*\)$/\1 \2 \2/p' | sed '/ __gnu_lto/d' \> conftest.nm
configure:7310: $? = 0
configure:7376: gcc -o conftest -O2 -march=armv6j -mtune=arm1136jf-s -pipe -fomit-frame-pointer -fno-stack-protector -DFT_CONFIG_OPTION_SYSTEM_ZLIB -DFT_CONFIG_OPTION_USE_BZIP2   -lz -lbz2 -march=armv6j conftest.c conftstm.o >&5
configure:7379: $? = 0
configure:7417: result: ok
configure:7454: checking for sysroot
configure:7484: result: no
configure:7727: checking for mt
configure:7757: result: no
configure:7777: checking if : is a manifest tool
configure:7783: : '-?'
configure:7791: result: no
configure:8420: checking for dlfcn.h
configure:8420: gcc -c -O2 -march=armv6j -mtune=arm1136jf-s -pipe -fomit-frame-pointer -fno-stack-protector -DFT_CONFIG_OPTION_SYSTEM_ZLIB -DFT_CONFIG_OPTION_USE_BZIP2  conftest.c >&5
configure:8420: $? = 0
configure:8420: result: yes
configure:8905: checking for objdir
configure:8920: result: .libs
configure:9187: checking if gcc supports -fno-rtti -fno-exceptions
configure:9205: gcc -c -O2 -march=armv6j -mtune=arm1136jf-s -pipe -fomit-frame-pointer -fno-stack-protector -DFT_CONFIG_OPTION_SYSTEM_ZLIB -DFT_CONFIG_OPTION_USE_BZIP2  -fno-rtti -fno-exceptions conftest.c >&5
cc1: warning: command line option "-fno-rtti" is valid for C++/ObjC++ but not for C
cc1: warning: command line option "-fno-rtti" is valid for C++/ObjC++ but not for C
configure:9209: $? = 0
configure:9222: result: no
configure:9532: checking for gcc option to produce PIC
configure:9539: result: -fPIC -DPIC
configure:9547: checking if gcc PIC flag -fPIC -DPIC works
configure:9565: gcc -c -O2 -march=armv6j -mtune=arm1136jf-s -pipe -fomit-frame-pointer -fno-stack-protector -DFT_CONFIG_OPTION_SYSTEM_ZLIB -DFT_CONFIG_OPTION_USE_BZIP2  -fPIC -DPIC -DPIC conftest.c >&5
configure:9569: $? = 0
configure:9582: result: yes
configure:9611: checking if gcc static flag -static works
configure:9639: result: yes
configure:9654: checking if gcc supports -c -o file.o
configure:9675: gcc -c -O2 -march=armv6j -mtune=arm1136jf-s -pipe -fomit-frame-pointer -fno-stack-protector -DFT_CONFIG_OPTION_SYSTEM_ZLIB -DFT_CONFIG_OPTION_USE_BZIP2  -o out/conftest2.o conftest.c >&5
configure:9679: $? = 0
configure:9701: result: yes
configure:9709: checking if gcc supports -c -o file.o
configure:9756: result: yes
configure:9789: checking whether the gcc linker (/scratchbox/compilers/cs2007q3-glibc2.5-arm6/arm-none-linux-gnueabi/bin/ld) supports shared libraries
configure:10947: result: yes
configure:10984: checking whether -lc should be explicitly linked in
configure:10992: gcc -c -O2 -march=armv6j -mtune=arm1136jf-s -pipe -fomit-frame-pointer -fno-stack-protector -DFT_CONFIG_OPTION_SYSTEM_ZLIB -DFT_CONFIG_OPTION_USE_BZIP2  conftest.c >&5
configure:10995: $? = 0
configure:11010: gcc -shared  -fPIC -DPIC conftest.o  -v -Wl,-soname -Wl,conftest -o conftest 2\>\&1 \| /scratchbox/tools/bin/grep  -lc  \>/dev/null 2\>\&1
configure:11013: $? = 0
configure:11027: result: no
configure:11192: checking dynamic linker characteristics
configure:11706: gcc -o conftest -O2 -march=armv6j -mtune=arm1136jf-s -pipe -fomit-frame-pointer -fno-stack-protector -DFT_CONFIG_OPTION_SYSTEM_ZLIB -DFT_CONFIG_OPTION_USE_BZIP2   -lz -lbz2 -march=armv6j -Wl,-rpath -Wl,/foo conftest.c  >&5
configure:11706: $? = 0
configure:11928: result: GNU/Linux ld.so
configure:12035: checking how to hardcode library paths into programs
configure:12060: result: immediate
configure:12600: checking whether stripping libraries is possible
configure:12605: result: yes
configure:12640: checking if libtool supports shared libraries
configure:12642: result: yes
configure:12645: checking whether to build shared libraries
configure:12666: result: yes
configure:12669: checking whether to build static libraries
configure:12673: result: no
configure:12846: creating ./config.status

## ---------------------- ##
## Running config.status. ##
## ---------------------- ##

This file was extended by FreeType config.status 2.4.6, which was
generated by GNU Autoconf 2.68.  Invocation command line was

  CONFIG_FILES    = 
  CONFIG_HEADERS  = 
  CONFIG_LINKS    = 
  CONFIG_COMMANDS = 
  $ ./config.status 

on tjw-pc

config.status:1088: creating unix-cc.mk
config.status:1088: creating unix-def.mk
config.status:1088: creating freetype-config
config.status:1088: creating freetype2.pc
config.status:1088: creating ftconfig.h
config.status:1277: executing libtool commands

## ---------------- ##
## Cache variables. ##
## ---------------- ##

ac_cv_build=arm-unknown-linux-gnueabi
ac_cv_c_compiler_gnu=yes
ac_cv_c_const=yes
ac_cv_env_CC_set=
ac_cv_env_CC_value=
ac_cv_env_CFLAGS_set=set
ac_cv_env_CFLAGS_value='-O2 -march=armv6j -mtune=arm1136jf-s -pipe -fomit-frame-pointer -fno-stack-protector'
ac_cv_env_CPPFLAGS_set=
ac_cv_env_CPPFLAGS_value=
ac_cv_env_CPP_set=
ac_cv_env_CPP_value=
ac_cv_env_LDFLAGS_set=
ac_cv_env_LDFLAGS_value=
ac_cv_env_LIBS_set=
ac_cv_env_LIBS_value=
ac_cv_env_build_alias_set=
ac_cv_env_build_alias_value=
ac_cv_env_host_alias_set=
ac_cv_env_host_alias_value=
ac_cv_env_target_alias_set=
ac_cv_env_target_alias_value=
ac_cv_func_getpagesize=yes
ac_cv_func_memcpy=yes
ac_cv_func_memmove=yes
ac_cv_func_mmap_fixed_mapped=yes
ac_cv_have_decl_munmap=yes
ac_cv_header_bzlib_h=yes
ac_cv_header_dlfcn_h=yes
ac_cv_header_fcntl_h=yes
ac_cv_header_inttypes_h=yes
ac_cv_header_memory_h=yes
ac_cv_header_stdc=yes
ac_cv_header_stdint_h=yes
ac_cv_header_stdlib_h=yes
ac_cv_header_string_h=yes
ac_cv_header_strings_h=yes
ac_cv_header_sys_param_h=yes
ac_cv_header_sys_stat_h=yes
ac_cv_header_sys_types_h=yes
ac_cv_header_unistd_h=yes
ac_cv_header_zlib_h=yes
ac_cv_host=arm-unknown-linux-gnueabi
ac_cv_lib_bz2_BZ2_bzDecompress=yes
ac_cv_lib_z_gzsetparams=yes
ac_cv_objext=o
ac_cv_path_EGREP='/scratchbox/tools/bin/grep -E'
ac_cv_path_FGREP='/scratchbox/tools/bin/grep -F'
ac_cv_path_GREP=/scratchbox/tools/bin/grep
ac_cv_path_SED=/scratchbox/tools/bin/sed
ac_cv_path_install='/scratchbox/tools/bin/install -c'
ac_cv_prog_AWK=gawk
ac_cv_prog_CPP='gcc -E'
ac_cv_prog_RMDIR=rmdir
ac_cv_prog_RMF='rm -f'
ac_cv_prog_ac_ct_AR=ar
ac_cv_prog_ac_ct_CC=gcc
ac_cv_prog_ac_ct_DLLTOOL=dlltool
ac_cv_prog_ac_ct_OBJDUMP=objdump
ac_cv_prog_ac_ct_RANLIB=ranlib
ac_cv_prog_ac_ct_STRIP=strip
ac_cv_prog_cc_c89=
ac_cv_prog_cc_g=yes
ac_cv_sizeof_int=4
ac_cv_sizeof_long=4
lt_cv_ar_at_file=@
lt_cv_archive_cmds_need_lc=no
lt_cv_deplibs_check_method=pass_all
lt_cv_file_magic_cmd='$MAGIC_CMD'
lt_cv_file_magic_test_file=
lt_cv_ld_reload_flag=-r
lt_cv_nm_interface='BSD nm'
lt_cv_objdir=.libs
lt_cv_path_LD=/scratchbox/compilers/cs2007q3-glibc2.5-arm6/arm-none-linux-gnueabi/bin/ld
lt_cv_path_NM='/scratchbox/compilers/bin/nm -B'
lt_cv_path_mainfest_tool=no
lt_cv_prog_compiler_c_o=yes
lt_cv_prog_compiler_pic='-fPIC -DPIC'
lt_cv_prog_compiler_pic_works=yes
lt_cv_prog_compiler_rtti_exceptions=no
lt_cv_prog_compiler_static_works=yes
lt_cv_prog_gnu_ld=yes
lt_cv_sharedlib_from_linklib_cmd='printf %s\n'
lt_cv_shlibpath_overrides_runpath=no
lt_cv_sys_global_symbol_pipe='sed -n -e '\''s/^.*[	 ]\([ABCDGIRSTW][ABCDGIRSTW]*\)[	 ][	 ]*\([_A-Za-z][_A-Za-z0-9]*\)$/\1 \2 \2/p'\'' | sed '\''/ __gnu_lto/d'\'''
lt_cv_sys_global_symbol_to_c_name_address='sed -n -e '\''s/^: \([^ ]*\)[ ]*$/  {\"\1\", (void *) 0},/p'\'' -e '\''s/^[ABCDGIRSTW]* \([^ ]*\) \([^ ]*\)$/  {"\2", (void *) \&\2},/p'\'''
lt_cv_sys_global_symbol_to_c_name_address_lib_prefix='sed -n -e '\''s/^: \([^ ]*\)[ ]*$/  {\"\1\", (void *) 0},/p'\'' -e '\''s/^[ABCDGIRSTW]* \([^ ]*\) \(lib[^ ]*\)$/  {"\2", (void *) \&\2},/p'\'' -e '\''s/^[ABCDGIRSTW]* \([^ ]*\) \([^ ]*\)$/  {"lib\2", (void *) \&\2},/p'\'''
lt_cv_sys_global_symbol_to_cdecl='sed -n -e '\''s/^T .* \(.*\)$/extern int \1();/p'\'' -e '\''s/^[ABCDGIRSTW]* .* \(.*\)$/extern char \1;/p'\'''
lt_cv_sys_max_cmd_len=98304
lt_cv_to_host_file_cmd=func_convert_file_noop
lt_cv_to_tool_file_cmd=func_convert_file_noop

## ----------------- ##
## Output variables. ##
## ----------------- ##

AR='ar'
AS='as'
AWK='gawk'
CC='gcc'
CC_BUILD='gcc'
CFLAGS='-O2 -march=armv6j -mtune=arm1136jf-s -pipe -fomit-frame-pointer -fno-stack-protector -DFT_CONFIG_OPTION_SYSTEM_ZLIB -DFT_CONFIG_OPTION_USE_BZIP2'
CPP='gcc -E'
CPPFLAGS=''
DEFS='-DHAVE_CONFIG_H'
DLLTOOL='dlltool'
DSYMUTIL=''
DUMPBIN=''
ECHO_C=''
ECHO_N='-n'
ECHO_T=''
EGREP='/scratchbox/tools/bin/grep -E'
EXEEXT=''
EXEEXT_BUILD=''
FGREP='/scratchbox/tools/bin/grep -F'
FT2_EXTRA_LIBS=''
FTSYS_SRC='$(BUILD_DIR)/ftsystem.c'
GREP='/scratchbox/tools/bin/grep'
INSTALL_DATA='${INSTALL} -m 644'
INSTALL_PROGRAM='${INSTALL}'
INSTALL_SCRIPT='${INSTALL}'
LD='/scratchbox/compilers/cs2007q3-glibc2.5-arm6/arm-none-linux-gnueabi/bin/ld'
LDFLAGS=' -lz -lbz2 -march=armv6j'
LIBBZ2='-lbz2'
LIBOBJS=''
LIBS=''
LIBTOOL='$(SHELL) $(top_builddir)/libtool'
LIBZ='-lz'
LIPO=''
LN_S='ln -s'
LTLIBOBJS=''
MANIFEST_TOOL=':'
NM='/scratchbox/compilers/bin/nm -B'
NMEDIT=''
OBJDUMP='objdump'
OBJEXT='o'
OTOOL64=''
OTOOL=''
PACKAGE_BUGREPORT='freetype@nongnu.org'
PACKAGE_NAME='FreeType'
PACKAGE_STRING='FreeType 2.4.6'
PACKAGE_TARNAME='freetype'
PACKAGE_URL=''
PACKAGE_VERSION='2.4.6'
PATH_SEPARATOR=':'
RANLIB='ranlib'
RMDIR='rmdir'
RMF='rm -f'
SED='/scratchbox/tools/bin/sed'
SHELL='/bin/sh'
STRIP='strip'
SYSTEM_ZLIB='yes'
XX_ANSIFLAGS='-pedantic -ansi'
XX_CFLAGS='-Wall'
ac_ct_AR='ar'
ac_ct_CC='gcc'
ac_ct_DUMPBIN=''
bindir='${exec_prefix}/bin'
build='arm-unknown-linux-gnueabi'
build_alias=''
build_cpu='arm'
build_libtool_libs=''
build_os='linux-gnueabi'
build_vendor='unknown'
datadir='${datarootdir}'
datarootdir='${prefix}/share'
docdir='${datarootdir}/doc/${PACKAGE_TARNAME}'
dvidir='${docdir}'
exec_prefix='${prefix}'
ft_version='13.1.7'
ftmac_c=''
hardcode_libdir_flag_spec='${wl}-rpath ${wl}$libdir'
host='arm-unknown-linux-gnueabi'
host_alias=''
host_cpu='arm'
host_os='linux-gnueabi'
host_vendor='unknown'
htmldir='${docdir}'
includedir='${prefix}/include'
infodir='${datarootdir}/info'
libdir='${exec_prefix}/lib'
libexecdir='${exec_prefix}/libexec'
localedir='${datarootdir}/locale'
localstatedir='${prefix}/var'
mandir='${datarootdir}/man'
oldincludedir='/usr/include'
pdfdir='${docdir}'
prefix='/usr/local'
program_transform_name='s,x,x,'
psdir='${docdir}'
sbindir='${exec_prefix}/sbin'
sharedstatedir='${prefix}/com'
sysconfdir='${prefix}/etc'
target_alias=''
version_info='13:1:7'
wl='-Wl,'

## ----------- ##
## confdefs.h. ##
## ----------- ##

/* confdefs.h */
#define PACKAGE_NAME "FreeType"
#define PACKAGE_TARNAME "freetype"
#define PACKAGE_VERSION "2.4.6"
#define PACKAGE_STRING "FreeType 2.4.6"
#define PACKAGE_BUGREPORT "freetype@nongnu.org"
#define PACKAGE_URL ""
#define STDC_HEADERS 1
#define HAVE_SYS_TYPES_H 1
#define HAVE_SYS_STAT_H 1
#define HAVE_STDLIB_H 1
#define HAVE_STRING_H 1
#define HAVE_MEMORY_H 1
#define HAVE_STRINGS_H 1
#define HAVE_INTTYPES_H 1
#define HAVE_STDINT_H 1
#define HAVE_UNISTD_H 1
#define HAVE_FCNTL_H 1
#define HAVE_UNISTD_H 1
#define SIZEOF_INT 4
#define SIZEOF_LONG 4
#define HAVE_STDLIB_H 1
#define HAVE_UNISTD_H 1
#define HAVE_SYS_PARAM_H 1
#define HAVE_GETPAGESIZE 1
#define HAVE_MMAP 1
#define HAVE_DECL_MUNMAP 1
#define MUNMAP_USES_VOIDP /**/
#define HAVE_MEMCPY 1
#define HAVE_MEMMOVE 1
#define HAVE_DLFCN_H 1
#define LT_OBJDIR ".libs/"

configure: exit 0
