This file contains any messages produced by compilers while
running configure, to aid debugging if configure makes a mistake.

It was created by configure, which was
generated by GNU Autoconf 2.59.  Invocation command line was

  $ ./configure --host=arm-none-linux-gnueabi

## --------- ##
## Platform. ##
## --------- ##

hostname = tjw-pc
uname -m = x86_64
uname -r = 2.6.38-11-generic
uname -s = Linux
uname -v = #48-Ubuntu SMP Fri Jul 29 19:02:55 UTC 2011

/usr/bin/uname -p = unknown
/bin/uname -X     = unknown

/bin/arch              = unknown
/usr/bin/arch -k       = unknown
/usr/convex/getsysinfo = unknown
hostinfo               = unknown
/bin/machine           = unknown
/usr/bin/oslevel       = unknown
/bin/universe          = unknown

PATH: /scratchbox/compilers/cs2007q3-glibc2.5-arm6/bin/
PATH: /usr/local/sbin
PATH: /usr/local/bin
PATH: /usr/sbin
PATH: /usr/bin
PATH: /sbin
PATH: /bin
PATH: /usr/games


## ----------- ##
## Core tests. ##
## ----------- ##

configure:1335: checking for ICU version numbers
configure:1355: result: release 3.6, library 36.0
configure:1392: checking build system type
configure:1410: result: x86_64-unknown-linux-gnu
configure:1418: checking host system type
configure:1432: result: arm-none-linux-gnueabi
configure:1453: checking for arm-none-linux-gnueabi-gcc
configure:1469: found /scratchbox/compilers/cs2007q3-glibc2.5-arm6/bin//arm-none-linux-gnueabi-gcc
configure:1479: result: arm-none-linux-gnueabi-gcc
configure:1761: checking for C compiler version
configure:1764: arm-none-linux-gnueabi-gcc --version </dev/null >&5
arm-none-linux-gnueabi-gcc (GCC) 4.2.1
Copyright (C) 2007 Free Software Foundation, Inc.
This is free software; see the source for copying conditions.  There is NO
warranty; not even for MERCHANTABILITY or FITNESS FOR A PARTICULAR PURPOSE.

configure:1767: $? = 0
configure:1769: arm-none-linux-gnueabi-gcc -v </dev/null >&5
Using built-in specs.
Target: arm-none-linux-gnueabi
Configured with: /home/jhakala/cs2007q3-sb4/arm/src/gcc-4.2/configure --build=i686-pc-linux-gnu --host=i686-pc-linux-gnu --target=arm-none-linux-gnueabi --enable-threads --disable-libmudflap --disable-libssp --disable-libgomp --disable-libstdcxx-pch --with-gnu-as --with-gnu-ld --enable-languages=c,c++ --enable-shared --enable-symvers=gnu --enable-__cxa_atexit --disable-nls --prefix=/opt/maemo --with-sysroot=/opt/maemo/arm-none-linux-gnueabi/libc --with-build-sysroot=/home/jhakala/cs2007q3-sb4/arm/install/arm-none-linux-gnueabi/libc --with-build-time-tools=/home/jhakala/cs2007q3-sb4/arm/install/arm-none-linux-gnueabi/bin
Thread model: posix
gcc version 4.2.1
configure:1772: $? = 0
configure:1774: arm-none-linux-gnueabi-gcc -V </dev/null >&5
arm-none-linux-gnueabi-gcc: '-V' option must have argument
configure:1777: $? = 1
configure:1800: checking for C compiler default output file name
configure:1803: arm-none-linux-gnueabi-gcc  -O2 -march=armv6j -mtune=arm1136jf-s -pipe -fomit-frame-pointer -fno-stack-protector  conftest.c  >&5
configure:1806: $? = 0
configure:1852: result: a.out
configure:1857: checking whether the C compiler works
configure:1863: ./a.out
/scratchbox/tools/bin/misc_runner: /targets/links/scratchbox.config: No such file or directory
configure:1866: $? = 126
configure:1883: result: yes
configure:1890: checking whether we are cross compiling
configure:1892: result: yes
configure:1895: checking for suffix of executables
configure:1897: arm-none-linux-gnueabi-gcc -o conftest  -O2 -march=armv6j -mtune=arm1136jf-s -pipe -fomit-frame-pointer -fno-stack-protector  conftest.c  >&5
configure:1900: $? = 0
configure:1925: result: 
configure:1931: checking for suffix of object files
configure:1952: arm-none-linux-gnueabi-gcc -c  -O2 -march=armv6j -mtune=arm1136jf-s -pipe -fomit-frame-pointer -fno-stack-protector conftest.c >&5
configure:1955: $? = 0
configure:1977: result: o
configure:1981: checking whether we are using the GNU C compiler
configure:2005: arm-none-linux-gnueabi-gcc -c  -O2 -march=armv6j -mtune=arm1136jf-s -pipe -fomit-frame-pointer -fno-stack-protector conftest.c >&5
configure:2011: $? = 0
configure:2015: test -z 
			 || test ! -s conftest.err
configure:2018: $? = 0
configure:2021: test -s conftest.o
configure:2024: $? = 0
configure:2037: result: yes
configure:2043: checking whether arm-none-linux-gnueabi-gcc accepts -g
configure:2064: arm-none-linux-gnueabi-gcc -c -g -O2 -march=armv6j -mtune=arm1136jf-s -pipe -fomit-frame-pointer -fno-stack-protector conftest.c >&5
configure:2070: $? = 0
configure:2074: test -z 
			 || test ! -s conftest.err
configure:2077: $? = 0
configure:2080: test -s conftest.o
configure:2083: $? = 0
configure:2094: result: yes
configure:2111: checking for arm-none-linux-gnueabi-gcc option to accept ANSI C
configure:2181: arm-none-linux-gnueabi-gcc  -c -g -O2 -O2 -march=armv6j -mtune=arm1136jf-s -pipe -fomit-frame-pointer -fno-stack-protector conftest.c >&5
configure:2187: $? = 0
configure:2191: test -z 
			 || test ! -s conftest.err
configure:2194: $? = 0
configure:2197: test -s conftest.o
configure:2200: $? = 0
configure:2218: result: none needed
configure:2236: arm-none-linux-gnueabi-gcc -c -g -O2 -O2 -march=armv6j -mtune=arm1136jf-s -pipe -fomit-frame-pointer -fno-stack-protector conftest.c >&5
conftest.c:2: error: expected '=', ',', ';', 'asm' or '__attribute__' before 'me'
configure:2242: $? = 1
configure: failed program was:
| #ifndef __cplusplus
|   choke me
| #endif
configure:2385: checking for arm-none-linux-gnueabi-g++
configure:2401: found /scratchbox/compilers/cs2007q3-glibc2.5-arm6/bin//arm-none-linux-gnueabi-g++
configure:2411: result: arm-none-linux-gnueabi-g++
configure:2469: checking for C++ compiler version
configure:2472: arm-none-linux-gnueabi-g++ --version </dev/null >&5
arm-none-linux-gnueabi-g++ (GCC) 4.2.1
Copyright (C) 2007 Free Software Foundation, Inc.
This is free software; see the source for copying conditions.  There is NO
warranty; not even for MERCHANTABILITY or FITNESS FOR A PARTICULAR PURPOSE.

configure:2475: $? = 0
configure:2477: arm-none-linux-gnueabi-g++ -v </dev/null >&5
Using built-in specs.
Target: arm-none-linux-gnueabi
Configured with: /home/jhakala/cs2007q3-sb4/arm/src/gcc-4.2/configure --build=i686-pc-linux-gnu --host=i686-pc-linux-gnu --target=arm-none-linux-gnueabi --enable-threads --disable-libmudflap --disable-libssp --disable-libgomp --disable-libstdcxx-pch --with-gnu-as --with-gnu-ld --enable-languages=c,c++ --enable-shared --enable-symvers=gnu --enable-__cxa_atexit --disable-nls --prefix=/opt/maemo --with-sysroot=/opt/maemo/arm-none-linux-gnueabi/libc --with-build-sysroot=/home/jhakala/cs2007q3-sb4/arm/install/arm-none-linux-gnueabi/libc --with-build-time-tools=/home/jhakala/cs2007q3-sb4/arm/install/arm-none-linux-gnueabi/bin
Thread model: posix
gcc version 4.2.1
configure:2480: $? = 0
configure:2482: arm-none-linux-gnueabi-g++ -V </dev/null >&5
arm-none-linux-gnueabi-g++: '-V' option must have argument
configure:2485: $? = 1
configure:2488: checking whether we are using the GNU C++ compiler
configure:2512: arm-none-linux-gnueabi-g++ -c  -O2 -march=armv6j -mtune=arm1136jf-s -pipe -fomit-frame-pointer -fno-stack-protector conftest.cc >&5
configure:2518: $? = 0
configure:2522: test -z 
			 || test ! -s conftest.err
configure:2525: $? = 0
configure:2528: test -s conftest.o
configure:2531: $? = 0
configure:2544: result: yes
configure:2550: checking whether arm-none-linux-gnueabi-g++ accepts -g
configure:2571: arm-none-linux-gnueabi-g++ -c -g -O2 -march=armv6j -mtune=arm1136jf-s -pipe -fomit-frame-pointer -fno-stack-protector conftest.cc >&5
configure:2577: $? = 0
configure:2581: test -z 
			 || test ! -s conftest.err
configure:2584: $? = 0
configure:2587: test -s conftest.o
configure:2590: $? = 0
configure:2601: result: yes
configure:2643: arm-none-linux-gnueabi-g++ -c -g -O2 -O2 -march=armv6j -mtune=arm1136jf-s -pipe -fomit-frame-pointer -fno-stack-protector conftest.cc >&5
configure:2649: $? = 0
configure:2653: test -z 
			 || test ! -s conftest.err
configure:2656: $? = 0
configure:2659: test -s conftest.o
configure:2662: $? = 0
configure:2688: arm-none-linux-gnueabi-g++ -c -g -O2 -O2 -march=armv6j -mtune=arm1136jf-s -pipe -fomit-frame-pointer -fno-stack-protector conftest.cc >&5
conftest.cc: In function 'int main()':
conftest.cc:13: error: 'exit' was not declared in this scope
configure:2694: $? = 1
configure: failed program was:
| /* confdefs.h.  */
| 
| #define PACKAGE_NAME ""
| #define PACKAGE_TARNAME ""
| #define PACKAGE_VERSION ""
| #define PACKAGE_STRING ""
| #define PACKAGE_BUGREPORT ""
| /* end confdefs.h.  */
| 
| int
| main ()
| {
| exit (42);
|   ;
|   return 0;
| }
configure:2643: arm-none-linux-gnueabi-g++ -c -g -O2 -O2 -march=armv6j -mtune=arm1136jf-s -pipe -fomit-frame-pointer -fno-stack-protector conftest.cc >&5
conftest.cc:9: error: 'void std::exit(int)' should have been declared inside 'std'
configure:2649: $? = 1
configure: failed program was:
| /* confdefs.h.  */
| 
| #define PACKAGE_NAME ""
| #define PACKAGE_TARNAME ""
| #define PACKAGE_VERSION ""
| #define PACKAGE_STRING ""
| #define PACKAGE_BUGREPORT ""
| /* end confdefs.h.  */
| extern "C" void std::exit (int) throw (); using std::exit;
| #include <stdlib.h>
| int
| main ()
| {
| exit (42);
|   ;
|   return 0;
| }
configure:2643: arm-none-linux-gnueabi-g++ -c -g -O2 -O2 -march=armv6j -mtune=arm1136jf-s -pipe -fomit-frame-pointer -fno-stack-protector conftest.cc >&5
conftest.cc:9: error: 'void std::exit(int)' should have been declared inside 'std'
In file included from conftest.cc:10:
/scratchbox/compilers/cs2007q3-glibc2.5-arm6/bin/../arm-none-linux-gnueabi/libc/usr/include/stdlib.h:646: error: declaration of 'void std::exit(int) throw ()' throws different exceptions
conftest.cc:9: error: from previous declaration 'void std::exit(int)'
configure:2649: $? = 1
configure: failed program was:
| /* confdefs.h.  */
| 
| #define PACKAGE_NAME ""
| #define PACKAGE_TARNAME ""
| #define PACKAGE_VERSION ""
| #define PACKAGE_STRING ""
| #define PACKAGE_BUGREPORT ""
| /* end confdefs.h.  */
| extern "C" void std::exit (int); using std::exit;
| #include <stdlib.h>
| int
| main ()
| {
| exit (42);
|   ;
|   return 0;
| }
configure:2643: arm-none-linux-gnueabi-g++ -c -g -O2 -O2 -march=armv6j -mtune=arm1136jf-s -pipe -fomit-frame-pointer -fno-stack-protector conftest.cc >&5
configure:2649: $? = 0
configure:2653: test -z 
			 || test ! -s conftest.err
configure:2656: $? = 0
configure:2659: test -s conftest.o
configure:2662: $? = 0
configure:2688: arm-none-linux-gnueabi-g++ -c -g -O2 -O2 -march=armv6j -mtune=arm1136jf-s -pipe -fomit-frame-pointer -fno-stack-protector conftest.cc >&5
configure:2694: $? = 0
configure:2698: test -z 
			 || test ! -s conftest.err
configure:2701: $? = 0
configure:2704: test -s conftest.o
configure:2707: $? = 0
configure:2743: checking for a BSD-compatible install
configure:2798: result: /usr/bin/install -c
configure:2825: checking for gmake
configure:2858: result: no
configure:2825: checking for gnumake
configure:2858: result: no
configure:2870: checking for doxygen
configure:2889: found /usr/bin/doxygen
configure:2901: result: /usr/bin/doxygen
configure:2922: checking checking for executable suffix
configure:2929: result: 
configure:2934: checking whether strict compiling is on
configure:2950: result: no
configure:3000: checking for 64-bit executable support
configure:3340: result: no
configure:3347: checking which Makefile fragment to use
configure:3419: result: mh-linux
configure:3494: checking for floor in -lm
configure:3524: arm-none-linux-gnueabi-gcc -o conftest -g -O2 -O2 -march=armv6j -mtune=arm1136jf-s -pipe -fomit-frame-pointer -fno-stack-protector  conftest.c -lm   >&5
conftest.c:19: warning: conflicting types for built-in function 'floor'
configure:3530: $? = 0
configure:3534: test -z 
			 || test ! -s conftest.err
configure:3537: $? = 0
configure:3540: test -s conftest
configure:3543: $? = 0
configure:3556: result: yes
configure:3571: checking whether to build shared libraries
configure:3586: result: yes
configure:3590: checking whether to build static libraries
configure:3602: result: no
configure:3606: checking whether to build debug libraries
configure:3618: result: no
configure:3622: checking whether to build release libraries
configure:3634: result: yes
configure:3638: checking whether to enable draft APIs
configure:3650: result: yes
configure:3660: checking for arm-none-linux-gnueabi-ranlib
configure:3676: found /scratchbox/compilers/cs2007q3-glibc2.5-arm6/bin//arm-none-linux-gnueabi-ranlib
configure:3686: result: arm-none-linux-gnueabi-ranlib
configure:3739: checking for ar
configure:3758: found /usr/bin/ar
configure:3771: result: /usr/bin/ar
configure:3779: checking whether to enable renaming of symbols
configure:3792: result: yes
configure:3796: checking whether to enable function and data tracing
configure:3809: result: yes
configure:3828: checking for definition of U_INLINE for C
configure:3851: arm-none-linux-gnueabi-gcc -c -g -O2 -O2 -march=armv6j -mtune=arm1136jf-s -pipe -fomit-frame-pointer -fno-stack-protector conftest.c >&5
configure:3857: $? = 0
configure:3861: test -z 
			 || test ! -s conftest.err
configure:3864: $? = 0
configure:3867: test -s conftest.o
configure:3870: $? = 0
configure:3882: result: inline
configure:3918: checking for pthread_attr_init in -lpthread
configure:3948: arm-none-linux-gnueabi-gcc -o conftest -g -O2 -O2 -march=armv6j -mtune=arm1136jf-s -pipe -fomit-frame-pointer -fno-stack-protector  conftest.c -lpthread  -lm  >&5
configure:3954: $? = 0
configure:3958: test -z 
			 || test ! -s conftest.err
configure:3961: $? = 0
configure:3964: test -s conftest
configure:3967: $? = 0
configure:3980: result: yes
configure:4335: checking for mmap
configure:4361: arm-none-linux-gnueabi-gcc -o conftest -g -O2 -O2 -march=armv6j -mtune=arm1136jf-s -pipe -fomit-frame-pointer -fno-stack-protector  conftest.c -lpthread -lm  >&5
configure:4367: $? = 0
configure:4371: test -z 
			 || test ! -s conftest.err
configure:4374: $? = 0
configure:4377: test -s conftest
configure:4380: $? = 0
configure:4393: result: yes
configure:4419: checking how to run the C preprocessor
configure:4454: arm-none-linux-gnueabi-gcc -E -O2 -march=armv6j -mtune=arm1136jf-s -pipe -fomit-frame-pointer -fno-stack-protector conftest.c
configure:4460: $? = 0
configure:4492: arm-none-linux-gnueabi-gcc -E -O2 -march=armv6j -mtune=arm1136jf-s -pipe -fomit-frame-pointer -fno-stack-protector conftest.c
conftest.c:14:28: error: ac_nonexistent.h: No such file or directory
configure:4498: $? = 1
configure: failed program was:
| /* confdefs.h.  */
| 
| #define PACKAGE_NAME ""
| #define PACKAGE_TARNAME ""
| #define PACKAGE_VERSION ""
| #define PACKAGE_STRING ""
| #define PACKAGE_BUGREPORT ""
| #ifdef __cplusplus
| extern "C" void exit (int) throw ();
| #endif
| #define HAVE_LIBM 1
| #define HAVE_LIBPTHREAD 1
| /* end confdefs.h.  */
| #include <ac_nonexistent.h>
configure:4537: result: arm-none-linux-gnueabi-gcc -E
configure:4561: arm-none-linux-gnueabi-gcc -E -O2 -march=armv6j -mtune=arm1136jf-s -pipe -fomit-frame-pointer -fno-stack-protector conftest.c
configure:4567: $? = 0
configure:4599: arm-none-linux-gnueabi-gcc -E -O2 -march=armv6j -mtune=arm1136jf-s -pipe -fomit-frame-pointer -fno-stack-protector conftest.c
conftest.c:14:28: error: ac_nonexistent.h: No such file or directory
configure:4605: $? = 1
configure: failed program was:
| /* confdefs.h.  */
| 
| #define PACKAGE_NAME ""
| #define PACKAGE_TARNAME ""
| #define PACKAGE_VERSION ""
| #define PACKAGE_STRING ""
| #define PACKAGE_BUGREPORT ""
| #ifdef __cplusplus
| extern "C" void exit (int) throw ();
| #endif
| #define HAVE_LIBM 1
| #define HAVE_LIBPTHREAD 1
| /* end confdefs.h.  */
| #include <ac_nonexistent.h>
configure:4649: checking for egrep
configure:4659: result: grep -E
configure:4664: checking for ANSI C header files
configure:4689: arm-none-linux-gnueabi-gcc -c -g -O2 -O2 -march=armv6j -mtune=arm1136jf-s -pipe -fomit-frame-pointer -fno-stack-protector conftest.c >&5
configure:4695: $? = 0
configure:4699: test -z 
			 || test ! -s conftest.err
configure:4702: $? = 0
configure:4705: test -s conftest.o
configure:4708: $? = 0
configure:4820: result: yes
configure:4844: checking for sys/types.h
configure:4860: arm-none-linux-gnueabi-gcc -c -g -O2 -O2 -march=armv6j -mtune=arm1136jf-s -pipe -fomit-frame-pointer -fno-stack-protector conftest.c >&5
configure:4866: $? = 0
configure:4870: test -z 
			 || test ! -s conftest.err
configure:4873: $? = 0
configure:4876: test -s conftest.o
configure:4879: $? = 0
configure:4890: result: yes
configure:4844: checking for sys/stat.h
configure:4860: arm-none-linux-gnueabi-gcc -c -g -O2 -O2 -march=armv6j -mtune=arm1136jf-s -pipe -fomit-frame-pointer -fno-stack-protector conftest.c >&5
configure:4866: $? = 0
configure:4870: test -z 
			 || test ! -s conftest.err
configure:4873: $? = 0
configure:4876: test -s conftest.o
configure:4879: $? = 0
configure:4890: result: yes
configure:4844: checking for stdlib.h
configure:4860: arm-none-linux-gnueabi-gcc -c -g -O2 -O2 -march=armv6j -mtune=arm1136jf-s -pipe -fomit-frame-pointer -fno-stack-protector conftest.c >&5
configure:4866: $? = 0
configure:4870: test -z 
			 || test ! -s conftest.err
configure:4873: $? = 0
configure:4876: test -s conftest.o
configure:4879: $? = 0
configure:4890: result: yes
configure:4844: checking for string.h
configure:4860: arm-none-linux-gnueabi-gcc -c -g -O2 -O2 -march=armv6j -mtune=arm1136jf-s -pipe -fomit-frame-pointer -fno-stack-protector conftest.c >&5
configure:4866: $? = 0
configure:4870: test -z 
			 || test ! -s conftest.err
configure:4873: $? = 0
configure:4876: test -s conftest.o
configure:4879: $? = 0
configure:4890: result: yes
configure:4844: checking for memory.h
configure:4860: arm-none-linux-gnueabi-gcc -c -g -O2 -O2 -march=armv6j -mtune=arm1136jf-s -pipe -fomit-frame-pointer -fno-stack-protector conftest.c >&5
configure:4866: $? = 0
configure:4870: test -z 
			 || test ! -s conftest.err
configure:4873: $? = 0
configure:4876: test -s conftest.o
configure:4879: $? = 0
configure:4890: result: yes
configure:4844: checking for strings.h
configure:4860: arm-none-linux-gnueabi-gcc -c -g -O2 -O2 -march=armv6j -mtune=arm1136jf-s -pipe -fomit-frame-pointer -fno-stack-protector conftest.c >&5
configure:4866: $? = 0
configure:4870: test -z 
			 || test ! -s conftest.err
configure:4873: $? = 0
configure:4876: test -s conftest.o
configure:4879: $? = 0
configure:4890: result: yes
configure:4844: checking for inttypes.h
configure:4860: arm-none-linux-gnueabi-gcc -c -g -O2 -O2 -march=armv6j -mtune=arm1136jf-s -pipe -fomit-frame-pointer -fno-stack-protector conftest.c >&5
configure:4866: $? = 0
configure:4870: test -z 
			 || test ! -s conftest.err
configure:4873: $? = 0
configure:4876: test -s conftest.o
configure:4879: $? = 0
configure:4890: result: yes
configure:4844: checking for stdint.h
configure:4860: arm-none-linux-gnueabi-gcc -c -g -O2 -O2 -march=armv6j -mtune=arm1136jf-s -pipe -fomit-frame-pointer -fno-stack-protector conftest.c >&5
configure:4866: $? = 0
configure:4870: test -z 
			 || test ! -s conftest.err
configure:4873: $? = 0
configure:4876: test -s conftest.o
configure:4879: $? = 0
configure:4890: result: yes
configure:4844: checking for unistd.h
configure:4860: arm-none-linux-gnueabi-gcc -c -g -O2 -O2 -march=armv6j -mtune=arm1136jf-s -pipe -fomit-frame-pointer -fno-stack-protector conftest.c >&5
configure:4866: $? = 0
configure:4870: test -z 
			 || test ! -s conftest.err
configure:4873: $? = 0
configure:4876: test -s conftest.o
configure:4879: $? = 0
configure:4890: result: yes
configure:4907: checking for inttypes.h
configure:4912: result: yes
configure:5101: checking for iostream usability
configure:5120: arm-none-linux-gnueabi-g++ -c -g -O2 -O2 -march=armv6j -mtune=arm1136jf-s -pipe -fomit-frame-pointer -fno-stack-protector conftest.cc >&5
configure:5126: $? = 0
configure:5130: test -z 
			 || test ! -s conftest.err
configure:5133: $? = 0
configure:5136: test -s conftest.o
configure:5139: $? = 0
configure:5153: result: yes
configure:5247: checking whether byte ordering is bigendian
configure:5274: arm-none-linux-gnueabi-gcc -c -g -O2 -O2 -march=armv6j -mtune=arm1136jf-s -pipe -fomit-frame-pointer -fno-stack-protector conftest.c >&5
configure:5280: $? = 0
configure:5284: test -z 
			 || test ! -s conftest.err
configure:5287: $? = 0
configure:5290: test -s conftest.o
configure:5293: $? = 0
configure:5317: arm-none-linux-gnueabi-gcc -c -g -O2 -O2 -march=armv6j -mtune=arm1136jf-s -pipe -fomit-frame-pointer -fno-stack-protector conftest.c >&5
conftest.c: In function 'main':
conftest.c:32: error: 'not' undeclared (first use in this function)
conftest.c:32: error: (Each undeclared identifier is reported only once
conftest.c:32: error: for each function it appears in.)
conftest.c:32: error: expected ';' before 'big'
configure:5323: $? = 1
configure: failed program was:
| /* confdefs.h.  */
| 
| #define PACKAGE_NAME ""
| #define PACKAGE_TARNAME ""
| #define PACKAGE_VERSION ""
| #define PACKAGE_STRING ""
| #define PACKAGE_BUGREPORT ""
| #ifdef __cplusplus
| extern "C" void exit (int) throw ();
| #endif
| #define HAVE_LIBM 1
| #define HAVE_LIBPTHREAD 1
| #define STDC_HEADERS 1
| #define HAVE_SYS_TYPES_H 1
| #define HAVE_SYS_STAT_H 1
| #define HAVE_STDLIB_H 1
| #define HAVE_STRING_H 1
| #define HAVE_MEMORY_H 1
| #define HAVE_STRINGS_H 1
| #define HAVE_INTTYPES_H 1
| #define HAVE_STDINT_H 1
| #define HAVE_UNISTD_H 1
| #define HAVE_INTTYPES_H 1
| /* end confdefs.h.  */
| #include <sys/types.h>
| #include <sys/param.h>
| 
| int
| main ()
| {
| #if BYTE_ORDER != BIG_ENDIAN
|  not big endian
| #endif
| 
|   ;
|   return 0;
| }
configure:5458: result: no
configure:5488: checking for nl_langinfo
configure:5545: arm-none-linux-gnueabi-gcc -o conftest -g -O2 -O2 -march=armv6j -mtune=arm1136jf-s -pipe -fomit-frame-pointer -fno-stack-protector  conftest.c -lpthread -lm  >&5
configure:5551: $? = 0
configure:5555: test -z 
			 || test ! -s conftest.err
configure:5558: $? = 0
configure:5561: test -s conftest
configure:5564: $? = 0
configure:5576: result: yes
configure:5586: checking for nl_langinfo's argument to obtain the codeset
configure:5609: arm-none-linux-gnueabi-gcc -o conftest -g -O2 -O2 -march=armv6j -mtune=arm1136jf-s -pipe -fomit-frame-pointer -fno-stack-protector  conftest.c -lpthread -lm  >&5
configure:5615: $? = 0
configure:5619: test -z 
			 || test ! -s conftest.err
configure:5622: $? = 0
configure:5625: test -s conftest
configure:5628: $? = 0
configure:5640: result: CODESET
configure:5657: checking for namespace support
configure:5681: arm-none-linux-gnueabi-g++ -o conftest -g -O2 -O2 -march=armv6j -mtune=arm1136jf-s -pipe -fomit-frame-pointer -fno-stack-protector  conftest.cc -lpthread -lm  >&5
configure:5687: $? = 0
configure:5691: test -z 
			 || test ! -s conftest.err
configure:5694: $? = 0
configure:5697: test -s conftest
configure:5700: $? = 0
configure:5713: result: yes
configure:5722: checking for properly overriding new and delete
configure:5753: arm-none-linux-gnueabi-g++ -o conftest -g -O2 -O2 -march=armv6j -mtune=arm1136jf-s -pipe -fomit-frame-pointer -fno-stack-protector  conftest.cc -lpthread -lm  >&5
configure:5759: $? = 0
configure:5763: test -z 
			 || test ! -s conftest.err
configure:5766: $? = 0
configure:5769: test -s conftest
configure:5772: $? = 0
configure:5785: result: yes
configure:5790: checking for placement new and delete
configure:5821: arm-none-linux-gnueabi-g++ -o conftest -g -O2 -O2 -march=armv6j -mtune=arm1136jf-s -pipe -fomit-frame-pointer -fno-stack-protector  conftest.cc -lpthread -lm  >&5
configure:5827: $? = 0
configure:5831: test -z 
			 || test ! -s conftest.err
configure:5834: $? = 0
configure:5837: test -s conftest
configure:5840: $? = 0
configure:5853: result: yes
configure:5869: checking for popen
configure:5926: arm-none-linux-gnueabi-gcc -o conftest -g -O2 -O2 -march=armv6j -mtune=arm1136jf-s -pipe -fomit-frame-pointer -fno-stack-protector  conftest.c -lpthread -lm  >&5
configure:5932: $? = 0
configure:5936: test -z 
			 || test ! -s conftest.err
configure:5939: $? = 0
configure:5942: test -s conftest
configure:5945: $? = 0
configure:5957: result: yes
configure:5968: checking for tzset
configure:6025: arm-none-linux-gnueabi-gcc -o conftest -g -O2 -O2 -march=armv6j -mtune=arm1136jf-s -pipe -fomit-frame-pointer -fno-stack-protector  conftest.c -lpthread -lm  >&5
configure:6031: $? = 0
configure:6035: test -z 
			 || test ! -s conftest.err
configure:6038: $? = 0
configure:6041: test -s conftest
configure:6044: $? = 0
configure:6056: result: yes
configure:6166: checking for tzname
configure:6194: arm-none-linux-gnueabi-gcc -o conftest -g -O2 -O2 -march=armv6j -mtune=arm1136jf-s -pipe -fomit-frame-pointer -fno-stack-protector  conftest.c -lpthread -lm  >&5
configure:6200: $? = 0
configure:6204: test -z 
			 || test ! -s conftest.err
configure:6207: $? = 0
configure:6210: test -s conftest
configure:6213: $? = 0
configure:6225: result: yes
configure:6296: checking for timezone
configure:6324: arm-none-linux-gnueabi-gcc -o conftest -g -O2 -O2 -march=armv6j -mtune=arm1136jf-s -pipe -fomit-frame-pointer -fno-stack-protector  conftest.c -lpthread -lm  >&5
configure:6330: $? = 0
configure:6334: test -z 
			 || test ! -s conftest.err
configure:6337: $? = 0
configure:6340: test -s conftest
configure:6343: $? = 0
configure:6355: result: yes
configure:6485: checking for int8_t
configure:6509: arm-none-linux-gnueabi-gcc -c -g -O2 -O2 -march=armv6j -mtune=arm1136jf-s -pipe -fomit-frame-pointer -fno-stack-protector conftest.c >&5
configure:6515: $? = 0
configure:6519: test -z 
			 || test ! -s conftest.err
configure:6522: $? = 0
configure:6525: test -s conftest.o
configure:6528: $? = 0
configure:6539: result: yes
configure:6551: checking for uint8_t
configure:6575: arm-none-linux-gnueabi-gcc -c -g -O2 -O2 -march=armv6j -mtune=arm1136jf-s -pipe -fomit-frame-pointer -fno-stack-protector conftest.c >&5
configure:6581: $? = 0
configure:6585: test -z 
			 || test ! -s conftest.err
configure:6588: $? = 0
configure:6591: test -s conftest.o
configure:6594: $? = 0
configure:6605: result: yes
configure:6617: checking for int16_t
configure:6641: arm-none-linux-gnueabi-gcc -c -g -O2 -O2 -march=armv6j -mtune=arm1136jf-s -pipe -fomit-frame-pointer -fno-stack-protector conftest.c >&5
configure:6647: $? = 0
configure:6651: test -z 
			 || test ! -s conftest.err
configure:6654: $? = 0
configure:6657: test -s conftest.o
configure:6660: $? = 0
configure:6671: result: yes
configure:6683: checking for uint16_t
configure:6707: arm-none-linux-gnueabi-gcc -c -g -O2 -O2 -march=armv6j -mtune=arm1136jf-s -pipe -fomit-frame-pointer -fno-stack-protector conftest.c >&5
configure:6713: $? = 0
configure:6717: test -z 
			 || test ! -s conftest.err
configure:6720: $? = 0
configure:6723: test -s conftest.o
configure:6726: $? = 0
configure:6737: result: yes
configure:6749: checking for int32_t
configure:6773: arm-none-linux-gnueabi-gcc -c -g -O2 -O2 -march=armv6j -mtune=arm1136jf-s -pipe -fomit-frame-pointer -fno-stack-protector conftest.c >&5
configure:6779: $? = 0
configure:6783: test -z 
			 || test ! -s conftest.err
configure:6786: $? = 0
configure:6789: test -s conftest.o
configure:6792: $? = 0
configure:6803: result: yes
configure:6815: checking for uint32_t
configure:6839: arm-none-linux-gnueabi-gcc -c -g -O2 -O2 -march=armv6j -mtune=arm1136jf-s -pipe -fomit-frame-pointer -fno-stack-protector conftest.c >&5
configure:6845: $? = 0
configure:6849: test -z 
			 || test ! -s conftest.err
configure:6852: $? = 0
configure:6855: test -s conftest.o
configure:6858: $? = 0
configure:6869: result: yes
configure:6881: checking for int64_t
configure:6905: arm-none-linux-gnueabi-gcc -c -g -O2 -O2 -march=armv6j -mtune=arm1136jf-s -pipe -fomit-frame-pointer -fno-stack-protector conftest.c >&5
configure:6911: $? = 0
configure:6915: test -z 
			 || test ! -s conftest.err
configure:6918: $? = 0
configure:6921: test -s conftest.o
configure:6924: $? = 0
configure:6935: result: yes
configure:6947: checking for uint64_t
configure:6971: arm-none-linux-gnueabi-gcc -c -g -O2 -O2 -march=armv6j -mtune=arm1136jf-s -pipe -fomit-frame-pointer -fno-stack-protector conftest.c >&5
configure:6977: $? = 0
configure:6981: test -z 
			 || test ! -s conftest.err
configure:6984: $? = 0
configure:6987: test -s conftest.o
configure:6990: $? = 0
configure:7001: result: yes
configure:7080: checking wchar.h usability
configure:7092: arm-none-linux-gnueabi-gcc -c -g -O2 -O2 -march=armv6j -mtune=arm1136jf-s -pipe -fomit-frame-pointer -fno-stack-protector conftest.c >&5
configure:7098: $? = 0
configure:7102: test -z 
			 || test ! -s conftest.err
configure:7105: $? = 0
configure:7108: test -s conftest.o
configure:7111: $? = 0
configure:7121: result: yes
configure:7125: checking wchar.h presence
configure:7135: arm-none-linux-gnueabi-gcc -E -O2 -march=armv6j -mtune=arm1136jf-s -pipe -fomit-frame-pointer -fno-stack-protector conftest.c
configure:7141: $? = 0
configure:7161: result: yes
configure:7196: checking for wchar.h
configure:7203: result: yes
configure:7219: checking for library containing wcscpy
configure:7249: arm-none-linux-gnueabi-gcc -o conftest -g -O2 -O2 -march=armv6j -mtune=arm1136jf-s -pipe -fomit-frame-pointer -fno-stack-protector  conftest.c -lpthread -lm  >&5
configure:7255: $? = 0
configure:7259: test -z 
			 || test ! -s conftest.err
configure:7262: $? = 0
configure:7265: test -s conftest
configure:7268: $? = 0
configure:7338: result: none required
configure:7355: checking size of wchar_t
configure:7409: result: 4
configure:7538: checking for a library suffix to use
configure:7552: result: none
configure:7794: creating ./config.status

## ---------------------- ##
## Running config.status. ##
## ---------------------- ##

This file was extended by config.status, which was
generated by GNU Autoconf 2.59.  Invocation command line was

  CONFIG_FILES    = 
  CONFIG_HEADERS  = 
  CONFIG_LINKS    = 
  CONFIG_COMMANDS = 
  $ ./config.status 

on tjw-pc

config.status:785: creating icudefs.mk
config.status:785: creating Makefile
config.status:785: creating data/icupkg.inc
config.status:785: creating config/Makefile.inc
config.status:785: creating data/Makefile
config.status:785: creating stubdata/Makefile
config.status:785: creating common/Makefile
config.status:785: creating i18n/Makefile
config.status:785: creating layout/Makefile
config.status:785: creating layoutex/Makefile
config.status:785: creating io/Makefile
config.status:785: creating extra/Makefile
config.status:785: creating extra/uconv/Makefile
config.status:785: creating extra/scrptrun/Makefile
config.status:785: creating tools/Makefile
config.status:785: creating tools/ctestfw/Makefile
config.status:785: creating tools/toolutil/Makefile
config.status:785: creating tools/makeconv/Makefile
config.status:785: creating tools/genrb/Makefile
config.status:785: creating tools/genuca/Makefile
config.status:785: creating tools/genccode/Makefile
config.status:785: creating tools/gencmn/Makefile
config.status:785: creating tools/gencnval/Makefile
config.status:785: creating tools/genctd/Makefile
config.status:785: creating tools/gennames/Makefile
config.status:785: creating tools/gentest/Makefile
config.status:785: creating tools/gennorm/Makefile
config.status:785: creating tools/genprops/Makefile
config.status:785: creating tools/gencase/Makefile
config.status:785: creating tools/genbidi/Makefile
config.status:785: creating tools/genpname/Makefile
config.status:785: creating tools/genbrk/Makefile
config.status:785: creating tools/gensprep/Makefile
config.status:785: creating tools/icupkg/Makefile
config.status:785: creating tools/icuswap/Makefile
config.status:785: creating tools/pkgdata/Makefile
config.status:785: creating tools/dumpce/Makefile
config.status:785: creating tools/tzcode/Makefile
config.status:785: creating test/Makefile
config.status:785: creating test/testdata/Makefile
config.status:785: creating test/testdata/pkgdata.inc
config.status:785: creating test/hdrtst/Makefile
config.status:785: creating test/intltest/Makefile
config.status:785: creating test/cintltst/Makefile
config.status:785: creating test/iotest/Makefile
config.status:785: creating test/thaitest/Makefile
config.status:785: creating test/testmap/Makefile
config.status:785: creating test/letest/Makefile
config.status:785: creating test/threadtest/Makefile
config.status:785: creating samples/Makefile
config.status:785: creating samples/date/Makefile
config.status:785: creating samples/cal/Makefile
config.status:785: creating samples/csdet/Makefile
config.status:785: creating samples/layout/Makefile
config.status:785: creating common/unicode/platform.h
config.status:889: creating common/icucfg.h

## ---------------- ##
## Cache variables. ##
## ---------------- ##

ac_cv_build=x86_64-unknown-linux-gnu
ac_cv_build_alias=x86_64-unknown-linux-gnu
ac_cv_c_bigendian=no
ac_cv_c_compiler_gnu=yes
ac_cv_c_inline=inline
ac_cv_cxx_compiler_gnu=yes
ac_cv_env_CC_set=
ac_cv_env_CC_value=
ac_cv_env_CFLAGS_set=
ac_cv_env_CFLAGS_value=
ac_cv_env_CPPFLAGS_set=set
ac_cv_env_CPPFLAGS_value='-O2 -march=armv6j -mtune=arm1136jf-s -pipe -fomit-frame-pointer -fno-stack-protector'
ac_cv_env_CPP_set=
ac_cv_env_CPP_value=
ac_cv_env_CXXFLAGS_set=
ac_cv_env_CXXFLAGS_value=
ac_cv_env_CXX_set=
ac_cv_env_CXX_value=
ac_cv_env_LDFLAGS_set=
ac_cv_env_LDFLAGS_value=
ac_cv_env_build_alias_set=
ac_cv_env_build_alias_value=
ac_cv_env_host_alias_set=set
ac_cv_env_host_alias_value=arm-none-linux-gnueabi
ac_cv_env_target_alias_set=
ac_cv_env_target_alias_value=
ac_cv_exeext=
ac_cv_func_mmap_ok=yes
ac_cv_func_nl_langinfo=yes
ac_cv_func_popen=yes
ac_cv_func_tzset=yes
ac_cv_header_inttypes_h=yes
ac_cv_header_iostream=yes
ac_cv_header_memory_h=yes
ac_cv_header_stdc=yes
ac_cv_header_stdint_h=yes
ac_cv_header_stdlib_h=yes
ac_cv_header_string_h=yes
ac_cv_header_strings_h=yes
ac_cv_header_sys_stat_h=yes
ac_cv_header_sys_types_h=yes
ac_cv_header_unistd_h=yes
ac_cv_header_wchar_h=yes
ac_cv_host=arm-none-linux-gnueabi
ac_cv_host_alias=arm-none-linux-gnueabi
ac_cv_lib_m_floor=yes
ac_cv_lib_pthread_pthread_attr_init=yes
ac_cv_namespace_ok=yes
ac_cv_nl_langinfo_codeset=CODESET
ac_cv_objext=o
ac_cv_override_cxx_allocation_ok=yes
ac_cv_override_placement_new_ok=yes
ac_cv_path_AR=/usr/bin/ar
ac_cv_path_DOXYGEN=/usr/bin/doxygen
ac_cv_path_install='/usr/bin/install -c'
ac_cv_prog_CC=arm-none-linux-gnueabi-gcc
ac_cv_prog_CPP='arm-none-linux-gnueabi-gcc -E'
ac_cv_prog_CXX=arm-none-linux-gnueabi-g++
ac_cv_prog_RANLIB=arm-none-linux-gnueabi-ranlib
ac_cv_prog_cc_g=yes
ac_cv_prog_cc_stdc=
ac_cv_prog_cxx_g=yes
ac_cv_prog_egrep='grep -E'
ac_cv_search_wcscpy='none required'
ac_cv_sizeof_wchar_t=4
ac_cv_type_int16_t=yes
ac_cv_type_int32_t=yes
ac_cv_type_int64_t=yes
ac_cv_type_int8_t=yes
ac_cv_type_uint16_t=yes
ac_cv_type_uint32_t=yes
ac_cv_type_uint64_t=yes
ac_cv_type_uint8_t=yes
ac_cv_var_timezone=yes
ac_cv_var_tzname=yes
icu_cv_host_frag=mh-linux

## ----------------- ##
## Output variables. ##
## ----------------- ##

AIX_SHLIB='makeC++SharedLib_r'
AR='/usr/bin/ar'
ARFLAGS=''
CC='arm-none-linux-gnueabi-gcc'
CFLAGS='-g -O2 $(THREADSCFLAGS)'
COMPILE_LINK_ENVVAR=''
CPP='arm-none-linux-gnueabi-gcc -E'
CPPFLAGS='-O2 -march=armv6j -mtune=arm1136jf-s -pipe -fomit-frame-pointer -fno-stack-protector $(THREADSCPPFLAGS)'
CXX='arm-none-linux-gnueabi-g++'
CXXFLAGS='-g -O2 $(THREADSCXXFLAGS)'
DATA_PACKAGING_MODE='dll'
DEFS='-DHAVE_CONFIG_H'
DOXYGEN='/usr/bin/doxygen'
ECHO_C=''
ECHO_N='-n'
ECHO_T=''
EGREP='grep -E'
ENABLE_DEBUG='0'
ENABLE_RELEASE='1'
ENABLE_RPATH='NO'
ENABLE_SHARED='YES'
ENABLE_STATIC=''
EXEEXT=''
EXTRAS_TRUE=''
GENCCODE_ASSEMBLY=''
HAVE_INT16_T='1'
HAVE_INT32_T='1'
HAVE_INT64_T='1'
HAVE_INT8_T='1'
HAVE_MMAP='1'
HAVE_UINT16_T='1'
HAVE_UINT32_T='1'
HAVE_UINT64_T='1'
HAVE_UINT8_T='1'
ICUDATA_CHAR='l'
ICUIO_TRUE=''
ICULIBSUFFIX=''
ICULIBSUFFIXCNAME=''
ICU_USE_THREADS='1'
INSTALL_DATA='${INSTALL} -m 644'
INSTALL_PROGRAM='${INSTALL}'
INSTALL_SCRIPT='${INSTALL}'
LAYOUT_TRUE=''
LDFLAGS=''
LIBOBJS=''
LIBS='-lpthread -lm '
LIB_M=''
LIB_VERSION='36.0'
LIB_VERSION_MAJOR='36'
LTLIBOBJS=''
OBJEXT='o'
PACKAGE='icu'
PACKAGE_BUGREPORT=''
PACKAGE_NAME=''
PACKAGE_STRING=''
PACKAGE_TARNAME=''
PACKAGE_VERSION=''
PATH_SEPARATOR=':'
RANLIB='arm-none-linux-gnueabi-ranlib'
SAMPLES_TRUE=''
SHELL='/bin/bash'
TESTS_TRUE=''
THREADS_TRUE=''
UNICODE_VERSION='5.0'
U_DEFAULT_SHOW_DRAFT='1'
U_DISABLE_RENAMING='0'
U_ENABLE_TRACING='1'
U_HAVE_INTTYPES_H='1'
U_HAVE_LIB_SUFFIX='0'
U_HAVE_NAMESPACE='1'
U_HAVE_NL_LANGINFO='1'
U_HAVE_NL_LANGINFO_CODESET='1'
U_HAVE_PLACEMENT_NEW='1'
U_HAVE_POPEN='1'
U_HAVE_TIMEZONE='1'
U_HAVE_TZNAME='1'
U_HAVE_TZSET='1'
U_HAVE_WCHAR_H='1'
U_HAVE_WCSCPY='1'
U_INLINE='inline'
U_IOSTREAM_SOURCE='199711'
U_IS_BIG_ENDIAN='0'
U_MAKE='make'
U_NL_LANGINFO_CODESET='CODESET'
U_OVERRIDE_CXX_ALLOCATION='1'
U_SIZEOF_WCHAR_T='4'
U_TIMEZONE='timezone'
U_TZNAME='tzname'
U_TZSET='tzset'
VERSION='3.6'
ac_ct_CC=''
ac_ct_CXX=''
ac_ct_RANLIB=''
bindir='${exec_prefix}/bin'
build='x86_64-unknown-linux-gnu'
build_alias=''
build_cpu='x86_64'
build_os='linux-gnu'
build_vendor='unknown'
datadir='${prefix}/share'
exec_prefix='${prefix}'
host='arm-none-linux-gnueabi'
host_alias='arm-none-linux-gnueabi'
host_cpu='arm'
host_os='linux-gnueabi'
host_vendor='none'
includedir='${prefix}/include'
infodir='${prefix}/info'
ld_rpath_suf=' '
libdir='${exec_prefix}/lib'
libexecdir='${exec_prefix}/libexec'
localstatedir='${prefix}/var'
mandir='${prefix}/man'
oldincludedir='/usr/include'
pkgicudatadir='${prefix}/share'
platform='U_LINUX'
platform_make_fragment='$(top_srcdir)/config/mh-linux'
platform_make_fragment_name='mh-linux'
prefix='/usr/local'
program_transform_name='s,x,x,'
sbindir='${exec_prefix}/sbin'
sharedstatedir='${prefix}/com'
sysconfdir='${prefix}/etc'
target_alias=''
thedatadir='NONE/share'
thepkgicudatadir='NONE/share'

## ----------- ##
## confdefs.h. ##
## ----------- ##

#define HAVE_INTTYPES_H 1
#define HAVE_INTTYPES_H 1
#define HAVE_LIBM 1
#define HAVE_LIBPTHREAD 1
#define HAVE_MEMORY_H 1
#define HAVE_STDINT_H 1
#define HAVE_STDLIB_H 1
#define HAVE_STRINGS_H 1
#define HAVE_STRING_H 1
#define HAVE_SYS_STAT_H 1
#define HAVE_SYS_TYPES_H 1
#define HAVE_UNISTD_H 1
#define HAVE_WCHAR_H 1
#define PACKAGE_BUGREPORT ""
#define PACKAGE_NAME ""
#define PACKAGE_STRING ""
#define PACKAGE_TARNAME ""
#define PACKAGE_VERSION ""
#define SIZEOF_WCHAR_T 4
#define STDC_HEADERS 1
#endif
#ifdef __cplusplus
extern "C" void exit (int) throw ();

configure: exit 0

## ---------------------- ##
## Running config.status. ##
## ---------------------- ##

This file was extended by config.status, which was
generated by GNU Autoconf 2.59.  Invocation command line was

  CONFIG_FILES    = common/Makefile
  CONFIG_HEADERS  = 
  CONFIG_LINKS    = 
  CONFIG_COMMANDS = 
  $ ./config.status 

on tjw-pc

config.status:785: creating common/Makefile

## ---------------------- ##
## Running config.status. ##
## ---------------------- ##

This file was extended by config.status, which was
generated by GNU Autoconf 2.59.  Invocation command line was

  CONFIG_FILES    = tools/makeconv/makeconv.1
  CONFIG_HEADERS  = 
  CONFIG_LINKS    = 
  CONFIG_COMMANDS = 
  $ ./config.status 

on tjw-pc

config.status:785: creating tools/makeconv/makeconv.1

## ---------------------- ##
## Running config.status. ##
## ---------------------- ##

This file was extended by config.status, which was
generated by GNU Autoconf 2.59.  Invocation command line was

  CONFIG_FILES    = tools/genrb/derb.1
  CONFIG_HEADERS  = 
  CONFIG_LINKS    = 
  CONFIG_COMMANDS = 
  $ ./config.status 

on tjw-pc

config.status:785: creating tools/genrb/derb.1

## ---------------------- ##
## Running config.status. ##
## ---------------------- ##

This file was extended by config.status, which was
generated by GNU Autoconf 2.59.  Invocation command line was

  CONFIG_FILES    = tools/genrb/genrb.1
  CONFIG_HEADERS  = 
  CONFIG_LINKS    = 
  CONFIG_COMMANDS = 
  $ ./config.status 

on tjw-pc

config.status:785: creating tools/genrb/genrb.1

## ---------------------- ##
## Running config.status. ##
## ---------------------- ##

This file was extended by config.status, which was
generated by GNU Autoconf 2.59.  Invocation command line was

  CONFIG_FILES    = tools/genuca/genuca.8
  CONFIG_HEADERS  = 
  CONFIG_LINKS    = 
  CONFIG_COMMANDS = 
  $ ./config.status 

on tjw-pc

config.status:785: creating tools/genuca/genuca.8

## ---------------------- ##
## Running config.status. ##
## ---------------------- ##

This file was extended by config.status, which was
generated by GNU Autoconf 2.59.  Invocation command line was

  CONFIG_FILES    = tools/genbrk/genbrk.1
  CONFIG_HEADERS  = 
  CONFIG_LINKS    = 
  CONFIG_COMMANDS = 
  $ ./config.status 

on tjw-pc

config.status:785: creating tools/genbrk/genbrk.1

## ---------------------- ##
## Running config.status. ##
## ---------------------- ##

This file was extended by config.status, which was
generated by GNU Autoconf 2.59.  Invocation command line was

  CONFIG_FILES    = tools/genctd/genctd.1
  CONFIG_HEADERS  = 
  CONFIG_LINKS    = 
  CONFIG_COMMANDS = 
  $ ./config.status 

on tjw-pc

config.status:785: creating tools/genctd/genctd.1

## ---------------------- ##
## Running config.status. ##
## ---------------------- ##

This file was extended by config.status, which was
generated by GNU Autoconf 2.59.  Invocation command line was

  CONFIG_FILES    = tools/gencnval/gencnval.1
  CONFIG_HEADERS  = 
  CONFIG_LINKS    = 
  CONFIG_COMMANDS = 
  $ ./config.status 

on tjw-pc

config.status:785: creating tools/gencnval/gencnval.1

## ---------------------- ##
## Running config.status. ##
## ---------------------- ##

This file was extended by config.status, which was
generated by GNU Autoconf 2.59.  Invocation command line was

  CONFIG_FILES    = tools/gensprep/gensprep.8
  CONFIG_HEADERS  = 
  CONFIG_LINKS    = 
  CONFIG_COMMANDS = 
  $ ./config.status 

on tjw-pc

config.status:785: creating tools/gensprep/gensprep.8

## ---------------------- ##
## Running config.status. ##
## ---------------------- ##

This file was extended by config.status, which was
generated by GNU Autoconf 2.59.  Invocation command line was

  CONFIG_FILES    = tools/genccode/genccode.8
  CONFIG_HEADERS  = 
  CONFIG_LINKS    = 
  CONFIG_COMMANDS = 
  $ ./config.status 

on tjw-pc

config.status:785: creating tools/genccode/genccode.8

## ---------------------- ##
## Running config.status. ##
## ---------------------- ##

This file was extended by config.status, which was
generated by GNU Autoconf 2.59.  Invocation command line was

  CONFIG_FILES    = tools/gencmn/gencmn.8
  CONFIG_HEADERS  = 
  CONFIG_LINKS    = 
  CONFIG_COMMANDS = 
  $ ./config.status 

on tjw-pc

config.status:785: creating tools/gencmn/gencmn.8

## ---------------------- ##
## Running config.status. ##
## ---------------------- ##

This file was extended by config.status, which was
generated by GNU Autoconf 2.59.  Invocation command line was

  CONFIG_FILES    = tools/icupkg/icupkg.8
  CONFIG_HEADERS  = 
  CONFIG_LINKS    = 
  CONFIG_COMMANDS = 
  $ ./config.status 

on tjw-pc

config.status:785: creating tools/icupkg/icupkg.8

## ---------------------- ##
## Running config.status. ##
## ---------------------- ##

This file was extended by config.status, which was
generated by GNU Autoconf 2.59.  Invocation command line was

  CONFIG_FILES    = tools/pkgdata/pkgdata.1
  CONFIG_HEADERS  = 
  CONFIG_LINKS    = 
  CONFIG_COMMANDS = 
  $ ./config.status 

on tjw-pc

config.status:785: creating tools/pkgdata/pkgdata.1

## ---------------------- ##
## Running config.status. ##
## ---------------------- ##

This file was extended by config.status, which was
generated by GNU Autoconf 2.59.  Invocation command line was

  CONFIG_FILES    = extra/uconv/pkgdata.inc
  CONFIG_HEADERS  = 
  CONFIG_LINKS    = 
  CONFIG_COMMANDS = 
  $ ./config.status 

on tjw-pc

config.status:785: creating extra/uconv/pkgdata.inc

## ---------------------- ##
## Running config.status. ##
## ---------------------- ##

This file was extended by config.status, which was
generated by GNU Autoconf 2.59.  Invocation command line was

  CONFIG_FILES    = extra/uconv/uconv.1
  CONFIG_HEADERS  = 
  CONFIG_LINKS    = 
  CONFIG_COMMANDS = 
  $ ./config.status 

on tjw-pc

config.status:785: creating extra/uconv/uconv.1
