This file contains any messages produced by compilers while
running configure, to aid debugging if configure makes a mistake.

It was created by libgcrypt configure 1.5.0, which was
generated by GNU Autoconf 2.68.  Invocation command line was

  $ ./configure --disable-static

## --------- ##
## Platform. ##
## --------- ##

hostname = tjw-pc
uname -m = arm
uname -r = 2.6.38-11-generic
uname -s = Linux
uname -v = #48-Ubuntu SMP Fri Jul 29 19:02:55 UTC 2011

/usr/bin/uname -p = unknown
/bin/uname -X     = unknown

/bin/arch              = arm
/usr/bin/arch -k       = arm
/usr/convex/getsysinfo = unknown
/usr/bin/hostinfo      = unknown
/bin/machine           = unknown
/usr/bin/oslevel       = unknown
/bin/universe          = unknown

PATH: /home/tjw/kindle/tjKindle
PATH: /usr/local/bin
PATH: /usr/local/bin
PATH: /host_usr/bin
PATH: /scratchbox/devkits/svn/bin
PATH: /scratchbox/devkits/qemu/bin
PATH: /scratchbox/devkits/perl/bin
PATH: /scratchbox/devkits/git/bin
PATH: /scratchbox/devkits/doctools/bin
PATH: /scratchbox/tools/bin
PATH: /targets/links/arch_tools/bin
PATH: /scratchbox/compilers/bin
PATH: /bin
PATH: /usr/bin
PATH: /usr/local/bin
PATH: /usr/X11R6/bin
PATH: /sbin
PATH: /usr/sbin


## ----------- ##
## Core tests. ##
## ----------- ##

configure:2811: checking for a BSD-compatible install
configure:2879: result: /scratchbox/tools/bin/install -c
configure:2890: checking whether build environment is sane
configure:2940: result: yes
configure:3081: checking for a thread-safe mkdir -p
configure:3120: result: /scratchbox/tools/bin/mkdir -p
configure:3133: checking for gawk
configure:3149: found /scratchbox/tools/bin/gawk
configure:3160: result: gawk
configure:3171: checking whether make sets $(MAKE)
configure:3193: result: yes
configure:3281: checking build system type
configure:3295: result: arm-unknown-linux-gnueabi
configure:3315: checking host system type
configure:3328: result: arm-unknown-linux-gnueabi
configure:3349: checking whether to enable maintainer-specific portions of Makefiles
configure:3358: result: no
configure:3400: checking whether make sets $(MAKE)
configure:3422: result: yes
configure:3493: checking for gcc
configure:3509: found /scratchbox/compilers/bin/gcc
configure:3520: result: gcc
configure:3749: checking for C compiler version
configure:3758: gcc --version >&5
sbox-arm-none-linux-gnueabi-gcc (GCC) 4.2.1
Copyright (C) 2007 Free Software Foundation, Inc.
This is free software; see the source for copying conditions.  There is NO
warranty; not even for MERCHANTABILITY or FITNESS FOR A PARTICULAR PURPOSE.

configure:3769: $? = 0
configure:3758: gcc -v >&5
Using built-in specs.
Reading specs from /scratchbox/compilers/cs2007q3-glibc2.5-arm6/gcc.specs
rename spec cpp to old_cpp
rename spec cc1 to old_cc1
rename spec cc1plus to old_cc1plus
rename spec link to old_link
Target: arm-none-linux-gnueabi
Configured with: /home/jhakala/cs2007q3-sb4/arm/src/gcc-4.2/configure --build=i686-pc-linux-gnu --host=i686-pc-linux-gnu --target=arm-none-linux-gnueabi --enable-threads --disable-libmudflap --disable-libssp --disable-libgomp --disable-libstdcxx-pch --with-gnu-as --with-gnu-ld --enable-languages=c,c++ --enable-shared --enable-symvers=gnu --enable-__cxa_atexit --disable-nls --prefix=/opt/maemo --with-sysroot=/opt/maemo/arm-none-linux-gnueabi/libc --with-build-sysroot=/home/jhakala/cs2007q3-sb4/arm/install/arm-none-linux-gnueabi/libc --with-build-time-tools=/home/jhakala/cs2007q3-sb4/arm/install/arm-none-linux-gnueabi/bin
Thread model: posix
gcc version 4.2.1
configure:3769: $? = 0
configure:3758: gcc -V >&5
sbox-arm-none-linux-gnueabi-gcc: '-V' must come at the start of the command line
configure:3769: $? = 1
configure:3758: gcc -qversion >&5
sbox-arm-none-linux-gnueabi-gcc: unrecognized option '-qversion'
sbox-arm-none-linux-gnueabi-gcc: no input files
configure:3769: $? = 1
configure:3789: checking whether the C compiler works
configure:3811: gcc -O2 -march=armv6j -mtune=arm1136jf-s -pipe -fomit-frame-pointer -fno-stack-protector   conftest.c  >&5
configure:3815: $? = 0
configure:3863: result: yes
configure:3866: checking for C compiler default output file name
configure:3868: result: a.out
configure:3874: checking for suffix of executables
configure:3881: gcc -o conftest -O2 -march=armv6j -mtune=arm1136jf-s -pipe -fomit-frame-pointer -fno-stack-protector   conftest.c  >&5
configure:3885: $? = 0
configure:3907: result: 
configure:3929: checking whether we are cross compiling
configure:3937: gcc -o conftest -O2 -march=armv6j -mtune=arm1136jf-s -pipe -fomit-frame-pointer -fno-stack-protector   conftest.c  >&5
configure:3941: $? = 0
configure:3948: ./conftest
configure:3952: $? = 0
configure:3967: result: no
configure:3972: checking for suffix of object files
configure:3994: gcc -c -O2 -march=armv6j -mtune=arm1136jf-s -pipe -fomit-frame-pointer -fno-stack-protector  conftest.c >&5
configure:3998: $? = 0
configure:4019: result: o
configure:4023: checking whether we are using the GNU C compiler
configure:4042: gcc -c -O2 -march=armv6j -mtune=arm1136jf-s -pipe -fomit-frame-pointer -fno-stack-protector  conftest.c >&5
configure:4042: $? = 0
configure:4051: result: yes
configure:4060: checking whether gcc accepts -g
configure:4080: gcc -c -g  conftest.c >&5
configure:4080: $? = 0
configure:4121: result: yes
configure:4138: checking for gcc option to accept ISO C89
configure:4202: gcc  -c -O2 -march=armv6j -mtune=arm1136jf-s -pipe -fomit-frame-pointer -fno-stack-protector  conftest.c >&5
configure:4202: $? = 0
configure:4215: result: none needed
configure:4246: checking for style of include used by make
configure:4274: result: GNU
configure:4299: checking dependency style of gcc
configure:4409: result: gcc3
configure:4429: checking how to run the C preprocessor
configure:4460: gcc -E  conftest.c
configure:4460: $? = 0
configure:4474: gcc -E  conftest.c
conftest.c:13:28: error: ac_nonexistent.h: No such file or directory
configure:4474: $? = 1
configure: failed program was:
| /* confdefs.h */
| #define PACKAGE_NAME "libgcrypt"
| #define PACKAGE_TARNAME "libgcrypt"
| #define PACKAGE_VERSION "1.5.0"
| #define PACKAGE_STRING "libgcrypt 1.5.0"
| #define PACKAGE_BUGREPORT "bug-libgcrypt@gnupg.org"
| #define PACKAGE_URL ""
| #define PACKAGE "libgcrypt"
| #define VERSION "1.5.0"
| #define PACKAGE "libgcrypt"
| #define VERSION "1.5.0"
| /* end confdefs.h.  */
| #include <ac_nonexistent.h>
configure:4499: result: gcc -E
configure:4519: gcc -E  conftest.c
configure:4519: $? = 0
configure:4533: gcc -E  conftest.c
conftest.c:13:28: error: ac_nonexistent.h: No such file or directory
configure:4533: $? = 1
configure: failed program was:
| /* confdefs.h */
| #define PACKAGE_NAME "libgcrypt"
| #define PACKAGE_TARNAME "libgcrypt"
| #define PACKAGE_VERSION "1.5.0"
| #define PACKAGE_STRING "libgcrypt 1.5.0"
| #define PACKAGE_BUGREPORT "bug-libgcrypt@gnupg.org"
| #define PACKAGE_URL ""
| #define PACKAGE "libgcrypt"
| #define VERSION "1.5.0"
| #define PACKAGE "libgcrypt"
| #define VERSION "1.5.0"
| /* end confdefs.h.  */
| #include <ac_nonexistent.h>
configure:4562: checking whether gcc and cc understand -c and -o together
configure:4593: gcc -c conftest.c -o conftest2.o >&5
configure:4597: $? = 0
configure:4603: gcc -c conftest.c -o conftest2.o >&5
configure:4607: $? = 0
configure:4618: cc -c conftest.c >&5
configure:4622: $? = 0
configure:4630: cc -c conftest.c -o conftest2.o >&5
configure:4634: $? = 0
configure:4640: cc -c conftest.c -o conftest2.o >&5
configure:4644: $? = 0
configure:4662: result: yes
configure:4696: checking dependency style of gcc
configure:4804: result: gcc3
configure:4820: checking for library containing strerror
configure:4851: gcc -o conftest -O2 -march=armv6j -mtune=arm1136jf-s -pipe -fomit-frame-pointer -fno-stack-protector   conftest.c  >&5
configure:4851: $? = 0
configure:4868: result: none required
configure:4881: checking for gawk
configure:4908: result: gawk
configure:4921: checking for grep that handles long lines and -e
configure:4979: result: /scratchbox/tools/bin/grep
configure:4984: checking for egrep
configure:5046: result: /scratchbox/tools/bin/grep -E
configure:5051: checking for ANSI C header files
configure:5071: gcc -c -O2 -march=armv6j -mtune=arm1136jf-s -pipe -fomit-frame-pointer -fno-stack-protector  conftest.c >&5
configure:5071: $? = 0
configure:5144: gcc -o conftest -O2 -march=armv6j -mtune=arm1136jf-s -pipe -fomit-frame-pointer -fno-stack-protector   conftest.c  >&5
configure:5144: $? = 0
configure:5144: ./conftest
configure:5144: $? = 0
configure:5155: result: yes
configure:5168: checking for sys/types.h
configure:5168: gcc -c -O2 -march=armv6j -mtune=arm1136jf-s -pipe -fomit-frame-pointer -fno-stack-protector  conftest.c >&5
configure:5168: $? = 0
configure:5168: result: yes
configure:5168: checking for sys/stat.h
configure:5168: gcc -c -O2 -march=armv6j -mtune=arm1136jf-s -pipe -fomit-frame-pointer -fno-stack-protector  conftest.c >&5
configure:5168: $? = 0
configure:5168: result: yes
configure:5168: checking for stdlib.h
configure:5168: gcc -c -O2 -march=armv6j -mtune=arm1136jf-s -pipe -fomit-frame-pointer -fno-stack-protector  conftest.c >&5
configure:5168: $? = 0
configure:5168: result: yes
configure:5168: checking for string.h
configure:5168: gcc -c -O2 -march=armv6j -mtune=arm1136jf-s -pipe -fomit-frame-pointer -fno-stack-protector  conftest.c >&5
configure:5168: $? = 0
configure:5168: result: yes
configure:5168: checking for memory.h
configure:5168: gcc -c -O2 -march=armv6j -mtune=arm1136jf-s -pipe -fomit-frame-pointer -fno-stack-protector  conftest.c >&5
configure:5168: $? = 0
configure:5168: result: yes
configure:5168: checking for strings.h
configure:5168: gcc -c -O2 -march=armv6j -mtune=arm1136jf-s -pipe -fomit-frame-pointer -fno-stack-protector  conftest.c >&5
configure:5168: $? = 0
configure:5168: result: yes
configure:5168: checking for inttypes.h
configure:5168: gcc -c -O2 -march=armv6j -mtune=arm1136jf-s -pipe -fomit-frame-pointer -fno-stack-protector  conftest.c >&5
configure:5168: $? = 0
configure:5168: result: yes
configure:5168: checking for stdint.h
configure:5168: gcc -c -O2 -march=armv6j -mtune=arm1136jf-s -pipe -fomit-frame-pointer -fno-stack-protector  conftest.c >&5
configure:5168: $? = 0
configure:5168: result: yes
configure:5168: checking for unistd.h
configure:5168: gcc -c -O2 -march=armv6j -mtune=arm1136jf-s -pipe -fomit-frame-pointer -fno-stack-protector  conftest.c >&5
configure:5168: $? = 0
configure:5168: result: yes
configure:5181: checking minix/config.h usability
configure:5181: gcc -c -O2 -march=armv6j -mtune=arm1136jf-s -pipe -fomit-frame-pointer -fno-stack-protector  conftest.c >&5
conftest.c:56:26: error: minix/config.h: No such file or directory
configure:5181: $? = 1
configure: failed program was:
| /* confdefs.h */
| #define PACKAGE_NAME "libgcrypt"
| #define PACKAGE_TARNAME "libgcrypt"
| #define PACKAGE_VERSION "1.5.0"
| #define PACKAGE_STRING "libgcrypt 1.5.0"
| #define PACKAGE_BUGREPORT "bug-libgcrypt@gnupg.org"
| #define PACKAGE_URL ""
| #define PACKAGE "libgcrypt"
| #define VERSION "1.5.0"
| #define PACKAGE "libgcrypt"
| #define VERSION "1.5.0"
| #define STDC_HEADERS 1
| #define HAVE_SYS_TYPES_H 1
| #define HAVE_SYS_STAT_H 1
| #define HAVE_STDLIB_H 1
| #define HAVE_STRING_H 1
| #define HAVE_MEMORY_H 1
| #define HAVE_STRINGS_H 1
| #define HAVE_INTTYPES_H 1
| #define HAVE_STDINT_H 1
| #define HAVE_UNISTD_H 1
| /* end confdefs.h.  */
| #include <stdio.h>
| #ifdef HAVE_SYS_TYPES_H
| # include <sys/types.h>
| #endif
| #ifdef HAVE_SYS_STAT_H
| # include <sys/stat.h>
| #endif
| #ifdef STDC_HEADERS
| # include <stdlib.h>
| # include <stddef.h>
| #else
| # ifdef HAVE_STDLIB_H
| #  include <stdlib.h>
| # endif
| #endif
| #ifdef HAVE_STRING_H
| # if !defined STDC_HEADERS && defined HAVE_MEMORY_H
| #  include <memory.h>
| # endif
| # include <string.h>
| #endif
| #ifdef HAVE_STRINGS_H
| # include <strings.h>
| #endif
| #ifdef HAVE_INTTYPES_H
| # include <inttypes.h>
| #endif
| #ifdef HAVE_STDINT_H
| # include <stdint.h>
| #endif
| #ifdef HAVE_UNISTD_H
| # include <unistd.h>
| #endif
| #include <minix/config.h>
configure:5181: result: no
configure:5181: checking minix/config.h presence
configure:5181: gcc -E  conftest.c
conftest.c:23:26: error: minix/config.h: No such file or directory
configure:5181: $? = 1
configure: failed program was:
| /* confdefs.h */
| #define PACKAGE_NAME "libgcrypt"
| #define PACKAGE_TARNAME "libgcrypt"
| #define PACKAGE_VERSION "1.5.0"
| #define PACKAGE_STRING "libgcrypt 1.5.0"
| #define PACKAGE_BUGREPORT "bug-libgcrypt@gnupg.org"
| #define PACKAGE_URL ""
| #define PACKAGE "libgcrypt"
| #define VERSION "1.5.0"
| #define PACKAGE "libgcrypt"
| #define VERSION "1.5.0"
| #define STDC_HEADERS 1
| #define HAVE_SYS_TYPES_H 1
| #define HAVE_SYS_STAT_H 1
| #define HAVE_STDLIB_H 1
| #define HAVE_STRING_H 1
| #define HAVE_MEMORY_H 1
| #define HAVE_STRINGS_H 1
| #define HAVE_INTTYPES_H 1
| #define HAVE_STDINT_H 1
| #define HAVE_UNISTD_H 1
| /* end confdefs.h.  */
| #include <minix/config.h>
configure:5181: result: no
configure:5181: checking for minix/config.h
configure:5181: result: no
configure:5202: checking whether it is safe to define __EXTENSIONS__
configure:5220: gcc -c -O2 -march=armv6j -mtune=arm1136jf-s -pipe -fomit-frame-pointer -fno-stack-protector  conftest.c >&5
configure:5220: $? = 0
configure:5227: result: yes
configure:5270: checking for a sed that does not truncate output
configure:5334: result: /scratchbox/tools/bin/sed
configure:5352: checking for fgrep
configure:5414: result: /scratchbox/tools/bin/grep -F
configure:5449: checking for ld used by gcc
configure:5516: result: /scratchbox/compilers/cs2007q3-glibc2.5-arm6/arm-none-linux-gnueabi/bin/ld
configure:5523: checking if the linker (/scratchbox/compilers/cs2007q3-glibc2.5-arm6/arm-none-linux-gnueabi/bin/ld) is GNU ld
configure:5538: result: yes
configure:5550: checking for BSD- or MS-compatible name lister (nm)
configure:5599: result: /scratchbox/compilers/bin/nm -B
configure:5717: checking the name lister (/scratchbox/compilers/bin/nm -B) interface
configure:5724: gcc -c -O2 -march=armv6j -mtune=arm1136jf-s -pipe -fomit-frame-pointer -fno-stack-protector  conftest.c >&5
configure:5727: /scratchbox/compilers/bin/nm -B "conftest.o"
configure:5730: output
00000000 B some_variable
configure:5737: result: BSD nm
configure:5740: checking whether ln -s works
configure:5744: result: yes
configure:5752: checking the maximum length of command line arguments
configure:5872: result: 98304
configure:5889: checking whether the shell understands some XSI constructs
configure:5899: result: yes
configure:5903: checking whether the shell understands "+="
configure:5909: result: no
configure:5944: checking for /scratchbox/compilers/cs2007q3-glibc2.5-arm6/arm-none-linux-gnueabi/bin/ld option to reload object files
configure:5951: result: -r
configure:6020: checking for objdump
configure:6036: found /scratchbox/compilers/bin/objdump
configure:6047: result: objdump
configure:6076: checking how to recognize dependent libraries
configure:6272: result: pass_all
configure:6332: checking for ar
configure:6348: found /scratchbox/compilers/bin/ar
configure:6359: result: ar
configure:6437: checking for strip
configure:6453: found /scratchbox/compilers/bin/strip
configure:6464: result: strip
configure:6536: checking for ranlib
configure:6552: found /scratchbox/compilers/bin/ranlib
configure:6563: result: ranlib
configure:6653: checking command to parse /scratchbox/compilers/bin/nm -B output from gcc object
configure:6771: gcc -c -O2 -march=armv6j -mtune=arm1136jf-s -pipe -fomit-frame-pointer -fno-stack-protector  conftest.c >&5
configure:6774: $? = 0
configure:6778: /scratchbox/compilers/bin/nm -B conftest.o \| sed -n -e 's/^.*[	 ]\([ABCDGIRSTW][ABCDGIRSTW]*\)[	 ][	 ]*\([_A-Za-z][_A-Za-z0-9]*\)$/\1 \2 \2/p' \> conftest.nm
configure:6781: $? = 0
configure:6835: gcc -o conftest -O2 -march=armv6j -mtune=arm1136jf-s -pipe -fomit-frame-pointer -fno-stack-protector   conftest.c conftstm.o >&5
configure:6838: $? = 0
configure:6876: result: ok
configure:7681: checking for dlfcn.h
configure:7681: gcc -c -O2 -march=armv6j -mtune=arm1136jf-s -pipe -fomit-frame-pointer -fno-stack-protector  conftest.c >&5
configure:7681: $? = 0
configure:7681: result: yes
configure:8162: checking for objdir
configure:8177: result: .libs
configure:8473: checking if gcc supports -fno-rtti -fno-exceptions
configure:8491: gcc -c -O2 -march=armv6j -mtune=arm1136jf-s -pipe -fomit-frame-pointer -fno-stack-protector  -fno-rtti -fno-exceptions conftest.c >&5
cc1: warning: command line option "-fno-rtti" is valid for C++/ObjC++ but not for C
cc1: warning: command line option "-fno-rtti" is valid for C++/ObjC++ but not for C
configure:8495: $? = 0
configure:8508: result: no
configure:8528: checking for gcc option to produce PIC
configure:8800: result: -fPIC -DPIC
configure:8812: checking if gcc PIC flag -fPIC -DPIC works
configure:8830: gcc -c -O2 -march=armv6j -mtune=arm1136jf-s -pipe -fomit-frame-pointer -fno-stack-protector  -fPIC -DPIC -DPIC conftest.c >&5
configure:8834: $? = 0
configure:8847: result: yes
configure:8871: checking if gcc static flag -static works
configure:8899: result: yes
configure:8914: checking if gcc supports -c -o file.o
configure:8935: gcc -c -O2 -march=armv6j -mtune=arm1136jf-s -pipe -fomit-frame-pointer -fno-stack-protector  -o out/conftest2.o conftest.c >&5
configure:8939: $? = 0
configure:8961: result: yes
configure:8969: checking if gcc supports -c -o file.o
configure:9016: result: yes
configure:9049: checking whether the gcc linker (/scratchbox/compilers/cs2007q3-glibc2.5-arm6/arm-none-linux-gnueabi/bin/ld) supports shared libraries
configure:10039: result: yes
configure:10076: checking whether -lc should be explicitly linked in
configure:10081: gcc -c -O2 -march=armv6j -mtune=arm1136jf-s -pipe -fomit-frame-pointer -fno-stack-protector  conftest.c >&5
configure:10084: $? = 0
configure:10099: gcc -shared conftest.o  -v -Wl,-soname -Wl,conftest -o conftest 2\>\&1 \| /scratchbox/tools/bin/grep  -lc  \>/dev/null 2\>\&1
configure:10102: $? = 0
configure:10114: result: no
configure:10278: checking dynamic linker characteristics
configure:10711: gcc -o conftest -O2 -march=armv6j -mtune=arm1136jf-s -pipe -fomit-frame-pointer -fno-stack-protector   -Wl,-rpath -Wl,/foo conftest.c  >&5
configure:10711: $? = 0
configure:10941: result: GNU/Linux ld.so
configure:11043: checking how to hardcode library paths into programs
configure:11068: result: immediate
configure:11588: checking whether stripping libraries is possible
configure:11593: result: yes
configure:11628: checking if libtool supports shared libraries
configure:11630: result: yes
configure:11633: checking whether to build shared libraries
configure:11654: result: yes
configure:11657: checking whether to build static libraries
configure:11661: result: no
configure:11739: checking for windres
configure:11755: found /scratchbox/compilers/bin/windres
configure:11766: result: windres
configure:12054: checking whether byte ordering is bigendian
configure:12069: gcc -c -O2 -march=armv6j -mtune=arm1136jf-s -pipe -fomit-frame-pointer -fno-stack-protector  conftest.c >&5
conftest.c:31: error: expected '=', ',', ';', 'asm' or '__attribute__' before 'a'
configure:12069: $? = 1
configure: failed program was:
| /* confdefs.h */
| #define PACKAGE_NAME "libgcrypt"
| #define PACKAGE_TARNAME "libgcrypt"
| #define PACKAGE_VERSION "1.5.0"
| #define PACKAGE_STRING "libgcrypt 1.5.0"
| #define PACKAGE_BUGREPORT "bug-libgcrypt@gnupg.org"
| #define PACKAGE_URL ""
| #define PACKAGE "libgcrypt"
| #define VERSION "1.5.0"
| #define PACKAGE "libgcrypt"
| #define VERSION "1.5.0"
| #define STDC_HEADERS 1
| #define HAVE_SYS_TYPES_H 1
| #define HAVE_SYS_STAT_H 1
| #define HAVE_STDLIB_H 1
| #define HAVE_STRING_H 1
| #define HAVE_MEMORY_H 1
| #define HAVE_STRINGS_H 1
| #define HAVE_INTTYPES_H 1
| #define HAVE_STDINT_H 1
| #define HAVE_UNISTD_H 1
| #define __EXTENSIONS__ 1
| #define _ALL_SOURCE 1
| #define _GNU_SOURCE 1
| #define _POSIX_PTHREAD_SEMANTICS 1
| #define _TANDEM_SOURCE 1
| #define HAVE_DLFCN_H 1
| #define LT_OBJDIR ".libs/"
| /* end confdefs.h.  */
| #ifndef __APPLE_CC__
| 	       not a universal capable compiler
| 	     #endif
| 	     typedef int dummy;
| 
configure:12114: gcc -c -O2 -march=armv6j -mtune=arm1136jf-s -pipe -fomit-frame-pointer -fno-stack-protector  conftest.c >&5
configure:12114: $? = 0
configure:12132: gcc -c -O2 -march=armv6j -mtune=arm1136jf-s -pipe -fomit-frame-pointer -fno-stack-protector  conftest.c >&5
conftest.c: In function 'main':
conftest.c:37: error: 'not' undeclared (first use in this function)
conftest.c:37: error: (Each undeclared identifier is reported only once
conftest.c:37: error: for each function it appears in.)
conftest.c:37: error: expected ';' before 'big'
configure:12132: $? = 1
configure: failed program was:
| /* confdefs.h */
| #define PACKAGE_NAME "libgcrypt"
| #define PACKAGE_TARNAME "libgcrypt"
| #define PACKAGE_VERSION "1.5.0"
| #define PACKAGE_STRING "libgcrypt 1.5.0"
| #define PACKAGE_BUGREPORT "bug-libgcrypt@gnupg.org"
| #define PACKAGE_URL ""
| #define PACKAGE "libgcrypt"
| #define VERSION "1.5.0"
| #define PACKAGE "libgcrypt"
| #define VERSION "1.5.0"
| #define STDC_HEADERS 1
| #define HAVE_SYS_TYPES_H 1
| #define HAVE_SYS_STAT_H 1
| #define HAVE_STDLIB_H 1
| #define HAVE_STRING_H 1
| #define HAVE_MEMORY_H 1
| #define HAVE_STRINGS_H 1
| #define HAVE_INTTYPES_H 1
| #define HAVE_STDINT_H 1
| #define HAVE_UNISTD_H 1
| #define __EXTENSIONS__ 1
| #define _ALL_SOURCE 1
| #define _GNU_SOURCE 1
| #define _POSIX_PTHREAD_SEMANTICS 1
| #define _TANDEM_SOURCE 1
| #define HAVE_DLFCN_H 1
| #define LT_OBJDIR ".libs/"
| /* end confdefs.h.  */
| #include <sys/types.h>
| 		#include <sys/param.h>
| 
| int
| main ()
| {
| #if BYTE_ORDER != BIG_ENDIAN
| 		 not big endian
| 		#endif
| 
|   ;
|   return 0;
| }
configure:12260: result: no
configure:12288: checking size of unsigned short
configure:12293: gcc -o conftest -O2 -march=armv6j -mtune=arm1136jf-s -pipe -fomit-frame-pointer -fno-stack-protector   conftest.c  >&5
configure:12293: $? = 0
configure:12293: ./conftest
configure:12293: $? = 0
configure:12307: result: 2
configure:12321: checking size of unsigned int
configure:12326: gcc -o conftest -O2 -march=armv6j -mtune=arm1136jf-s -pipe -fomit-frame-pointer -fno-stack-protector   conftest.c  >&5
configure:12326: $? = 0
configure:12326: ./conftest
configure:12326: $? = 0
configure:12340: result: 4
configure:12354: checking size of unsigned long
configure:12359: gcc -o conftest -O2 -march=armv6j -mtune=arm1136jf-s -pipe -fomit-frame-pointer -fno-stack-protector   conftest.c  >&5
configure:12359: $? = 0
configure:12359: ./conftest
configure:12359: $? = 0
configure:12373: result: 4
configure:12387: checking size of unsigned long long
configure:12392: gcc -o conftest -O2 -march=armv6j -mtune=arm1136jf-s -pipe -fomit-frame-pointer -fno-stack-protector   conftest.c  >&5
configure:12392: $? = 0
configure:12392: ./conftest
configure:12392: $? = 0
configure:12406: result: 8
configure:12418: checking for uintptr_t
configure:12418: gcc -c -O2 -march=armv6j -mtune=arm1136jf-s -pipe -fomit-frame-pointer -fno-stack-protector  conftest.c >&5
configure:12418: $? = 0
configure:12418: gcc -c -O2 -march=armv6j -mtune=arm1136jf-s -pipe -fomit-frame-pointer -fno-stack-protector  conftest.c >&5
conftest.c: In function 'main':
conftest.c:70: error: expected expression before ')' token
configure:12418: $? = 1
configure: failed program was:
| /* confdefs.h */
| #define PACKAGE_NAME "libgcrypt"
| #define PACKAGE_TARNAME "libgcrypt"
| #define PACKAGE_VERSION "1.5.0"
| #define PACKAGE_STRING "libgcrypt 1.5.0"
| #define PACKAGE_BUGREPORT "bug-libgcrypt@gnupg.org"
| #define PACKAGE_URL ""
| #define PACKAGE "libgcrypt"
| #define VERSION "1.5.0"
| #define PACKAGE "libgcrypt"
| #define VERSION "1.5.0"
| #define STDC_HEADERS 1
| #define HAVE_SYS_TYPES_H 1
| #define HAVE_SYS_STAT_H 1
| #define HAVE_STDLIB_H 1
| #define HAVE_STRING_H 1
| #define HAVE_MEMORY_H 1
| #define HAVE_STRINGS_H 1
| #define HAVE_INTTYPES_H 1
| #define HAVE_STDINT_H 1
| #define HAVE_UNISTD_H 1
| #define __EXTENSIONS__ 1
| #define _ALL_SOURCE 1
| #define _GNU_SOURCE 1
| #define _POSIX_PTHREAD_SEMANTICS 1
| #define _TANDEM_SOURCE 1
| #define HAVE_DLFCN_H 1
| #define LT_OBJDIR ".libs/"
| #define SIZEOF_UNSIGNED_SHORT 2
| #define SIZEOF_UNSIGNED_INT 4
| #define SIZEOF_UNSIGNED_LONG 4
| #define SIZEOF_UNSIGNED_LONG_LONG 8
| /* end confdefs.h.  */
| #include <stdio.h>
| #ifdef HAVE_SYS_TYPES_H
| # include <sys/types.h>
| #endif
| #ifdef HAVE_SYS_STAT_H
| # include <sys/stat.h>
| #endif
| #ifdef STDC_HEADERS
| # include <stdlib.h>
| # include <stddef.h>
| #else
| # ifdef HAVE_STDLIB_H
| #  include <stdlib.h>
| # endif
| #endif
| #ifdef HAVE_STRING_H
| # if !defined STDC_HEADERS && defined HAVE_MEMORY_H
| #  include <memory.h>
| # endif
| # include <string.h>
| #endif
| #ifdef HAVE_STRINGS_H
| # include <strings.h>
| #endif
| #ifdef HAVE_INTTYPES_H
| # include <inttypes.h>
| #endif
| #ifdef HAVE_STDINT_H
| # include <stdint.h>
| #endif
| #ifdef HAVE_UNISTD_H
| # include <unistd.h>
| #endif
| int
| main ()
| {
| if (sizeof ((uintptr_t)))
| 	    return 0;
|   ;
|   return 0;
| }
configure:12418: result: yes
configure:12503: checking which symmetric ciphers to include
configure:12521: result: arcfour blowfish cast5 des aes twofish serpent rfc2268 seed camellia
configure:12537: checking which public-key ciphers to include
configure:12555: result: dsa elgamal rsa ecc
configure:12571: checking which message digests to include
configure:12589: result: crc md4 md5 rmd160 sha1 sha256 sha512 tiger whirlpool
configure:12601: checking which random module to use
configure:12619: result: default
configure:12623: checking whether use of /dev/random is requested
configure:12632: result: yes
configure:12651: checking whether the experimental random daemon is requested
configure:12660: result: no
configure:12678: checking whether MPI assembler modules are requested
configure:12687: result: yes
configure:12691: checking whether memory guard is requested
configure:12700: result: no
configure:12710: checking whether use of capabilities is requested
configure:12720: result: no
configure:12724: checking whether a HMAC binary check is requested
configure:12733: result: no
configure:12743: checking whether padlock support is requested
configure:12752: result: yes
configure:12761: checking whether AESNI support is requested
configure:12770: result: yes
configure:12779: checking whether a -O flag munging is requested
configure:12788: result: yes
configure:12913: checking for gpg-error-config
configure:12931: found /usr/local/bin/gpg-error-config
configure:12943: result: /usr/local/bin/gpg-error-config
configure:12966: checking for GPG Error - version >= 1.8
configure:12992: result: yes (1.10)
configure:13210: checking for library containing setsockopt
configure:13241: gcc -o conftest -O2 -march=armv6j -mtune=arm1136jf-s -pipe -fomit-frame-pointer -fno-stack-protector   conftest.c  >&5
configure:13241: $? = 0
configure:13258: result: none required
configure:13323: checking for library containing setsockopt
configure:13371: result: none required
configure:13384: checking for ANSI C header files
configure:13488: result: yes
configure:13499: checking for unistd.h
configure:13499: result: yes
configure:13499: checking sys/select.h usability
configure:13499: gcc -c -O2 -march=armv6j -mtune=arm1136jf-s -pipe -fomit-frame-pointer -fno-stack-protector  conftest.c >&5
configure:13499: $? = 0
configure:13499: result: yes
configure:13499: checking sys/select.h presence
configure:13499: gcc -E  conftest.c
configure:13499: $? = 0
configure:13499: result: yes
configure:13499: checking for sys/select.h
configure:13499: result: yes
configure:13499: checking sys/msg.h usability
configure:13499: gcc -c -O2 -march=armv6j -mtune=arm1136jf-s -pipe -fomit-frame-pointer -fno-stack-protector  conftest.c >&5
configure:13499: $? = 0
configure:13499: result: yes
configure:13499: checking sys/msg.h presence
configure:13499: gcc -E  conftest.c
configure:13499: $? = 0
configure:13499: result: yes
configure:13499: checking for sys/msg.h
configure:13499: result: yes
configure:13521: checking for an ANSI C-conforming const
configure:13586: gcc -c -O2 -march=armv6j -mtune=arm1136jf-s -pipe -fomit-frame-pointer -fno-stack-protector  conftest.c >&5
configure:13586: $? = 0
configure:13593: result: yes
configure:13601: checking for inline
configure:13617: gcc -c -O2 -march=armv6j -mtune=arm1136jf-s -pipe -fomit-frame-pointer -fno-stack-protector  conftest.c >&5
configure:13617: $? = 0
configure:13625: result: inline
configure:13643: checking for size_t
configure:13643: gcc -c -O2 -march=armv6j -mtune=arm1136jf-s -pipe -fomit-frame-pointer -fno-stack-protector  conftest.c >&5
configure:13643: $? = 0
configure:13643: gcc -c -O2 -march=armv6j -mtune=arm1136jf-s -pipe -fomit-frame-pointer -fno-stack-protector  conftest.c >&5
conftest.c: In function 'main':
conftest.c:82: error: expected expression before ')' token
configure:13643: $? = 1
configure: failed program was:
| /* confdefs.h */
| #define PACKAGE_NAME "libgcrypt"
| #define PACKAGE_TARNAME "libgcrypt"
| #define PACKAGE_VERSION "1.5.0"
| #define PACKAGE_STRING "libgcrypt 1.5.0"
| #define PACKAGE_BUGREPORT "bug-libgcrypt@gnupg.org"
| #define PACKAGE_URL ""
| #define PACKAGE "libgcrypt"
| #define VERSION "1.5.0"
| #define PACKAGE "libgcrypt"
| #define VERSION "1.5.0"
| #define STDC_HEADERS 1
| #define HAVE_SYS_TYPES_H 1
| #define HAVE_SYS_STAT_H 1
| #define HAVE_STDLIB_H 1
| #define HAVE_STRING_H 1
| #define HAVE_MEMORY_H 1
| #define HAVE_STRINGS_H 1
| #define HAVE_INTTYPES_H 1
| #define HAVE_STDINT_H 1
| #define HAVE_UNISTD_H 1
| #define __EXTENSIONS__ 1
| #define _ALL_SOURCE 1
| #define _GNU_SOURCE 1
| #define _POSIX_PTHREAD_SEMANTICS 1
| #define _TANDEM_SOURCE 1
| #define HAVE_DLFCN_H 1
| #define LT_OBJDIR ".libs/"
| #define SIZEOF_UNSIGNED_SHORT 2
| #define SIZEOF_UNSIGNED_INT 4
| #define SIZEOF_UNSIGNED_LONG 4
| #define SIZEOF_UNSIGNED_LONG_LONG 8
| #define HAVE_UINTPTR_T 1
| #define EGD_SOCKET_NAME ""
| #define ENABLE_PADLOCK_SUPPORT 1
| #define ENABLE_AESNI_SUPPORT 1
| #define PRINTABLE_OS_NAME "GNU/Linux"
| #define NAME_OF_DEV_RANDOM "/dev/random"
| #define NAME_OF_DEV_URANDOM "/dev/urandom"
| #define GPG_ERR_SOURCE_DEFAULT GPG_ERR_SOURCE_GCRYPT
| #define STDC_HEADERS 1
| #define HAVE_UNISTD_H 1
| #define HAVE_SYS_SELECT_H 1
| #define HAVE_SYS_MSG_H 1
| /* end confdefs.h.  */
| #include <stdio.h>
| #ifdef HAVE_SYS_TYPES_H
| # include <sys/types.h>
| #endif
| #ifdef HAVE_SYS_STAT_H
| # include <sys/stat.h>
| #endif
| #ifdef STDC_HEADERS
| # include <stdlib.h>
| # include <stddef.h>
| #else
| # ifdef HAVE_STDLIB_H
| #  include <stdlib.h>
| # endif
| #endif
| #ifdef HAVE_STRING_H
| # if !defined STDC_HEADERS && defined HAVE_MEMORY_H
| #  include <memory.h>
| # endif
| # include <string.h>
| #endif
| #ifdef HAVE_STRINGS_H
| # include <strings.h>
| #endif
| #ifdef HAVE_INTTYPES_H
| # include <inttypes.h>
| #endif
| #ifdef HAVE_STDINT_H
| # include <stdint.h>
| #endif
| #ifdef HAVE_UNISTD_H
| # include <unistd.h>
| #endif
| int
| main ()
| {
| if (sizeof ((size_t)))
| 	    return 0;
|   ;
|   return 0;
| }
configure:13643: result: yes
configure:13654: checking return type of signal handlers
configure:13672: gcc -c -O2 -march=armv6j -mtune=arm1136jf-s -pipe -fomit-frame-pointer -fno-stack-protector  conftest.c >&5
conftest.c: In function 'main':
conftest.c:52: error: void value not ignored as it ought to be
configure:13672: $? = 1
configure: failed program was:
| /* confdefs.h */
| #define PACKAGE_NAME "libgcrypt"
| #define PACKAGE_TARNAME "libgcrypt"
| #define PACKAGE_VERSION "1.5.0"
| #define PACKAGE_STRING "libgcrypt 1.5.0"
| #define PACKAGE_BUGREPORT "bug-libgcrypt@gnupg.org"
| #define PACKAGE_URL ""
| #define PACKAGE "libgcrypt"
| #define VERSION "1.5.0"
| #define PACKAGE "libgcrypt"
| #define VERSION "1.5.0"
| #define STDC_HEADERS 1
| #define HAVE_SYS_TYPES_H 1
| #define HAVE_SYS_STAT_H 1
| #define HAVE_STDLIB_H 1
| #define HAVE_STRING_H 1
| #define HAVE_MEMORY_H 1
| #define HAVE_STRINGS_H 1
| #define HAVE_INTTYPES_H 1
| #define HAVE_STDINT_H 1
| #define HAVE_UNISTD_H 1
| #define __EXTENSIONS__ 1
| #define _ALL_SOURCE 1
| #define _GNU_SOURCE 1
| #define _POSIX_PTHREAD_SEMANTICS 1
| #define _TANDEM_SOURCE 1
| #define HAVE_DLFCN_H 1
| #define LT_OBJDIR ".libs/"
| #define SIZEOF_UNSIGNED_SHORT 2
| #define SIZEOF_UNSIGNED_INT 4
| #define SIZEOF_UNSIGNED_LONG 4
| #define SIZEOF_UNSIGNED_LONG_LONG 8
| #define HAVE_UINTPTR_T 1
| #define EGD_SOCKET_NAME ""
| #define ENABLE_PADLOCK_SUPPORT 1
| #define ENABLE_AESNI_SUPPORT 1
| #define PRINTABLE_OS_NAME "GNU/Linux"
| #define NAME_OF_DEV_RANDOM "/dev/random"
| #define NAME_OF_DEV_URANDOM "/dev/urandom"
| #define GPG_ERR_SOURCE_DEFAULT GPG_ERR_SOURCE_GCRYPT
| #define STDC_HEADERS 1
| #define HAVE_UNISTD_H 1
| #define HAVE_SYS_SELECT_H 1
| #define HAVE_SYS_MSG_H 1
| /* end confdefs.h.  */
| #include <sys/types.h>
| #include <signal.h>
| 
| int
| main ()
| {
| return *(signal (0, 0)) (0) == 1;
|   ;
|   return 0;
| }
configure:13679: result: void
configure:13687: checking whether sys_siglist is declared
configure:13687: gcc -c -O2 -march=armv6j -mtune=arm1136jf-s -pipe -fomit-frame-pointer -fno-stack-protector  conftest.c >&5
configure:13687: $? = 0
configure:13687: result: yes
configure:13705: checking for pid_t
configure:13705: gcc -c -O2 -march=armv6j -mtune=arm1136jf-s -pipe -fomit-frame-pointer -fno-stack-protector  conftest.c >&5
configure:13705: $? = 0
configure:13705: gcc -c -O2 -march=armv6j -mtune=arm1136jf-s -pipe -fomit-frame-pointer -fno-stack-protector  conftest.c >&5
conftest.c: In function 'main':
conftest.c:84: error: expected expression before ')' token
configure:13705: $? = 1
configure: failed program was:
| /* confdefs.h */
| #define PACKAGE_NAME "libgcrypt"
| #define PACKAGE_TARNAME "libgcrypt"
| #define PACKAGE_VERSION "1.5.0"
| #define PACKAGE_STRING "libgcrypt 1.5.0"
| #define PACKAGE_BUGREPORT "bug-libgcrypt@gnupg.org"
| #define PACKAGE_URL ""
| #define PACKAGE "libgcrypt"
| #define VERSION "1.5.0"
| #define PACKAGE "libgcrypt"
| #define VERSION "1.5.0"
| #define STDC_HEADERS 1
| #define HAVE_SYS_TYPES_H 1
| #define HAVE_SYS_STAT_H 1
| #define HAVE_STDLIB_H 1
| #define HAVE_STRING_H 1
| #define HAVE_MEMORY_H 1
| #define HAVE_STRINGS_H 1
| #define HAVE_INTTYPES_H 1
| #define HAVE_STDINT_H 1
| #define HAVE_UNISTD_H 1
| #define __EXTENSIONS__ 1
| #define _ALL_SOURCE 1
| #define _GNU_SOURCE 1
| #define _POSIX_PTHREAD_SEMANTICS 1
| #define _TANDEM_SOURCE 1
| #define HAVE_DLFCN_H 1
| #define LT_OBJDIR ".libs/"
| #define SIZEOF_UNSIGNED_SHORT 2
| #define SIZEOF_UNSIGNED_INT 4
| #define SIZEOF_UNSIGNED_LONG 4
| #define SIZEOF_UNSIGNED_LONG_LONG 8
| #define HAVE_UINTPTR_T 1
| #define EGD_SOCKET_NAME ""
| #define ENABLE_PADLOCK_SUPPORT 1
| #define ENABLE_AESNI_SUPPORT 1
| #define PRINTABLE_OS_NAME "GNU/Linux"
| #define NAME_OF_DEV_RANDOM "/dev/random"
| #define NAME_OF_DEV_URANDOM "/dev/urandom"
| #define GPG_ERR_SOURCE_DEFAULT GPG_ERR_SOURCE_GCRYPT
| #define STDC_HEADERS 1
| #define HAVE_UNISTD_H 1
| #define HAVE_SYS_SELECT_H 1
| #define HAVE_SYS_MSG_H 1
| #define RETSIGTYPE void
| #define HAVE_DECL_SYS_SIGLIST 1
| /* end confdefs.h.  */
| #include <stdio.h>
| #ifdef HAVE_SYS_TYPES_H
| # include <sys/types.h>
| #endif
| #ifdef HAVE_SYS_STAT_H
| # include <sys/stat.h>
| #endif
| #ifdef STDC_HEADERS
| # include <stdlib.h>
| # include <stddef.h>
| #else
| # ifdef HAVE_STDLIB_H
| #  include <stdlib.h>
| # endif
| #endif
| #ifdef HAVE_STRING_H
| # if !defined STDC_HEADERS && defined HAVE_MEMORY_H
| #  include <memory.h>
| # endif
| # include <string.h>
| #endif
| #ifdef HAVE_STRINGS_H
| # include <strings.h>
| #endif
| #ifdef HAVE_INTTYPES_H
| # include <inttypes.h>
| #endif
| #ifdef HAVE_STDINT_H
| # include <stdint.h>
| #endif
| #ifdef HAVE_UNISTD_H
| # include <unistd.h>
| #endif
| int
| main ()
| {
| if (sizeof ((pid_t)))
| 	    return 0;
|   ;
|   return 0;
| }
configure:13705: result: yes
configure:13717: checking for byte typedef
configure:13738: gcc -c -O2 -march=armv6j -mtune=arm1136jf-s -pipe -fomit-frame-pointer -fno-stack-protector  conftest.c >&5
conftest.c: In function 'main':
conftest.c:56: error: 'byte' undeclared (first use in this function)
conftest.c:56: error: (Each undeclared identifier is reported only once
conftest.c:56: error: for each function it appears in.)
configure:13738: $? = 1
configure: failed program was:
| /* confdefs.h */
| #define PACKAGE_NAME "libgcrypt"
| #define PACKAGE_TARNAME "libgcrypt"
| #define PACKAGE_VERSION "1.5.0"
| #define PACKAGE_STRING "libgcrypt 1.5.0"
| #define PACKAGE_BUGREPORT "bug-libgcrypt@gnupg.org"
| #define PACKAGE_URL ""
| #define PACKAGE "libgcrypt"
| #define VERSION "1.5.0"
| #define PACKAGE "libgcrypt"
| #define VERSION "1.5.0"
| #define STDC_HEADERS 1
| #define HAVE_SYS_TYPES_H 1
| #define HAVE_SYS_STAT_H 1
| #define HAVE_STDLIB_H 1
| #define HAVE_STRING_H 1
| #define HAVE_MEMORY_H 1
| #define HAVE_STRINGS_H 1
| #define HAVE_INTTYPES_H 1
| #define HAVE_STDINT_H 1
| #define HAVE_UNISTD_H 1
| #define __EXTENSIONS__ 1
| #define _ALL_SOURCE 1
| #define _GNU_SOURCE 1
| #define _POSIX_PTHREAD_SEMANTICS 1
| #define _TANDEM_SOURCE 1
| #define HAVE_DLFCN_H 1
| #define LT_OBJDIR ".libs/"
| #define SIZEOF_UNSIGNED_SHORT 2
| #define SIZEOF_UNSIGNED_INT 4
| #define SIZEOF_UNSIGNED_LONG 4
| #define SIZEOF_UNSIGNED_LONG_LONG 8
| #define HAVE_UINTPTR_T 1
| #define EGD_SOCKET_NAME ""
| #define ENABLE_PADLOCK_SUPPORT 1
| #define ENABLE_AESNI_SUPPORT 1
| #define PRINTABLE_OS_NAME "GNU/Linux"
| #define NAME_OF_DEV_RANDOM "/dev/random"
| #define NAME_OF_DEV_URANDOM "/dev/urandom"
| #define GPG_ERR_SOURCE_DEFAULT GPG_ERR_SOURCE_GCRYPT
| #define STDC_HEADERS 1
| #define HAVE_UNISTD_H 1
| #define HAVE_SYS_SELECT_H 1
| #define HAVE_SYS_MSG_H 1
| #define RETSIGTYPE void
| #define HAVE_DECL_SYS_SIGLIST 1
| /* end confdefs.h.  */
| #define _GNU_SOURCE 1
|     #include <stdlib.h>
|     #include <sys/types.h>
| int
| main ()
| {
| 
|     #undef byte
|     int a = sizeof(byte);
| 
|   ;
|   return 0;
| }
configure:13746: result: no
configure:13754: checking for ushort typedef
configure:13775: gcc -c -O2 -march=armv6j -mtune=arm1136jf-s -pipe -fomit-frame-pointer -fno-stack-protector  conftest.c >&5
configure:13775: $? = 0
configure:13783: result: yes
configure:13791: checking for ulong typedef
configure:13812: gcc -c -O2 -march=armv6j -mtune=arm1136jf-s -pipe -fomit-frame-pointer -fno-stack-protector  conftest.c >&5
configure:13812: $? = 0
configure:13820: result: yes
configure:13828: checking for u16 typedef
configure:13849: gcc -c -O2 -march=armv6j -mtune=arm1136jf-s -pipe -fomit-frame-pointer -fno-stack-protector  conftest.c >&5
conftest.c: In function 'main':
conftest.c:58: error: 'u16' undeclared (first use in this function)
conftest.c:58: error: (Each undeclared identifier is reported only once
conftest.c:58: error: for each function it appears in.)
configure:13849: $? = 1
configure: failed program was:
| /* confdefs.h */
| #define PACKAGE_NAME "libgcrypt"
| #define PACKAGE_TARNAME "libgcrypt"
| #define PACKAGE_VERSION "1.5.0"
| #define PACKAGE_STRING "libgcrypt 1.5.0"
| #define PACKAGE_BUGREPORT "bug-libgcrypt@gnupg.org"
| #define PACKAGE_URL ""
| #define PACKAGE "libgcrypt"
| #define VERSION "1.5.0"
| #define PACKAGE "libgcrypt"
| #define VERSION "1.5.0"
| #define STDC_HEADERS 1
| #define HAVE_SYS_TYPES_H 1
| #define HAVE_SYS_STAT_H 1
| #define HAVE_STDLIB_H 1
| #define HAVE_STRING_H 1
| #define HAVE_MEMORY_H 1
| #define HAVE_STRINGS_H 1
| #define HAVE_INTTYPES_H 1
| #define HAVE_STDINT_H 1
| #define HAVE_UNISTD_H 1
| #define __EXTENSIONS__ 1
| #define _ALL_SOURCE 1
| #define _GNU_SOURCE 1
| #define _POSIX_PTHREAD_SEMANTICS 1
| #define _TANDEM_SOURCE 1
| #define HAVE_DLFCN_H 1
| #define LT_OBJDIR ".libs/"
| #define SIZEOF_UNSIGNED_SHORT 2
| #define SIZEOF_UNSIGNED_INT 4
| #define SIZEOF_UNSIGNED_LONG 4
| #define SIZEOF_UNSIGNED_LONG_LONG 8
| #define HAVE_UINTPTR_T 1
| #define EGD_SOCKET_NAME ""
| #define ENABLE_PADLOCK_SUPPORT 1
| #define ENABLE_AESNI_SUPPORT 1
| #define PRINTABLE_OS_NAME "GNU/Linux"
| #define NAME_OF_DEV_RANDOM "/dev/random"
| #define NAME_OF_DEV_URANDOM "/dev/urandom"
| #define GPG_ERR_SOURCE_DEFAULT GPG_ERR_SOURCE_GCRYPT
| #define STDC_HEADERS 1
| #define HAVE_UNISTD_H 1
| #define HAVE_SYS_SELECT_H 1
| #define HAVE_SYS_MSG_H 1
| #define RETSIGTYPE void
| #define HAVE_DECL_SYS_SIGLIST 1
| #define HAVE_USHORT_TYPEDEF 1
| #define HAVE_ULONG_TYPEDEF 1
| /* end confdefs.h.  */
| #define _GNU_SOURCE 1
|     #include <stdlib.h>
|     #include <sys/types.h>
| int
| main ()
| {
| 
|     #undef u16
|     int a = sizeof(u16);
| 
|   ;
|   return 0;
| }
configure:13857: result: no
configure:13865: checking for u32 typedef
configure:13886: gcc -c -O2 -march=armv6j -mtune=arm1136jf-s -pipe -fomit-frame-pointer -fno-stack-protector  conftest.c >&5
conftest.c: In function 'main':
conftest.c:58: error: 'u32' undeclared (first use in this function)
conftest.c:58: error: (Each undeclared identifier is reported only once
conftest.c:58: error: for each function it appears in.)
configure:13886: $? = 1
configure: failed program was:
| /* confdefs.h */
| #define PACKAGE_NAME "libgcrypt"
| #define PACKAGE_TARNAME "libgcrypt"
| #define PACKAGE_VERSION "1.5.0"
| #define PACKAGE_STRING "libgcrypt 1.5.0"
| #define PACKAGE_BUGREPORT "bug-libgcrypt@gnupg.org"
| #define PACKAGE_URL ""
| #define PACKAGE "libgcrypt"
| #define VERSION "1.5.0"
| #define PACKAGE "libgcrypt"
| #define VERSION "1.5.0"
| #define STDC_HEADERS 1
| #define HAVE_SYS_TYPES_H 1
| #define HAVE_SYS_STAT_H 1
| #define HAVE_STDLIB_H 1
| #define HAVE_STRING_H 1
| #define HAVE_MEMORY_H 1
| #define HAVE_STRINGS_H 1
| #define HAVE_INTTYPES_H 1
| #define HAVE_STDINT_H 1
| #define HAVE_UNISTD_H 1
| #define __EXTENSIONS__ 1
| #define _ALL_SOURCE 1
| #define _GNU_SOURCE 1
| #define _POSIX_PTHREAD_SEMANTICS 1
| #define _TANDEM_SOURCE 1
| #define HAVE_DLFCN_H 1
| #define LT_OBJDIR ".libs/"
| #define SIZEOF_UNSIGNED_SHORT 2
| #define SIZEOF_UNSIGNED_INT 4
| #define SIZEOF_UNSIGNED_LONG 4
| #define SIZEOF_UNSIGNED_LONG_LONG 8
| #define HAVE_UINTPTR_T 1
| #define EGD_SOCKET_NAME ""
| #define ENABLE_PADLOCK_SUPPORT 1
| #define ENABLE_AESNI_SUPPORT 1
| #define PRINTABLE_OS_NAME "GNU/Linux"
| #define NAME_OF_DEV_RANDOM "/dev/random"
| #define NAME_OF_DEV_URANDOM "/dev/urandom"
| #define GPG_ERR_SOURCE_DEFAULT GPG_ERR_SOURCE_GCRYPT
| #define STDC_HEADERS 1
| #define HAVE_UNISTD_H 1
| #define HAVE_SYS_SELECT_H 1
| #define HAVE_SYS_MSG_H 1
| #define RETSIGTYPE void
| #define HAVE_DECL_SYS_SIGLIST 1
| #define HAVE_USHORT_TYPEDEF 1
| #define HAVE_ULONG_TYPEDEF 1
| /* end confdefs.h.  */
| #define _GNU_SOURCE 1
|     #include <stdlib.h>
|     #include <sys/types.h>
| int
| main ()
| {
| 
|     #undef u32
|     int a = sizeof(u32);
| 
|   ;
|   return 0;
| }
configure:13894: result: no
configure:13906: checking sys/socket.h usability
configure:13906: gcc -c -O2 -march=armv6j -mtune=arm1136jf-s -pipe -fomit-frame-pointer -fno-stack-protector  conftest.c >&5
configure:13906: $? = 0
configure:13906: result: yes
configure:13906: checking sys/socket.h presence
configure:13906: gcc -E  conftest.c
configure:13906: $? = 0
configure:13906: result: yes
configure:13906: checking for sys/socket.h
configure:13906: result: yes
configure:13945: checking for socklen_t
configure:13945: gcc -c -O2 -march=armv6j -mtune=arm1136jf-s -pipe -fomit-frame-pointer -fno-stack-protector  conftest.c >&5
configure:13945: $? = 0
configure:13945: gcc -c -O2 -march=armv6j -mtune=arm1136jf-s -pipe -fomit-frame-pointer -fno-stack-protector  conftest.c >&5
conftest.c: In function 'main':
conftest.c:61: error: expected expression before ')' token
configure:13945: $? = 1
configure: failed program was:
| /* confdefs.h */
| #define PACKAGE_NAME "libgcrypt"
| #define PACKAGE_TARNAME "libgcrypt"
| #define PACKAGE_VERSION "1.5.0"
| #define PACKAGE_STRING "libgcrypt 1.5.0"
| #define PACKAGE_BUGREPORT "bug-libgcrypt@gnupg.org"
| #define PACKAGE_URL ""
| #define PACKAGE "libgcrypt"
| #define VERSION "1.5.0"
| #define PACKAGE "libgcrypt"
| #define VERSION "1.5.0"
| #define STDC_HEADERS 1
| #define HAVE_SYS_TYPES_H 1
| #define HAVE_SYS_STAT_H 1
| #define HAVE_STDLIB_H 1
| #define HAVE_STRING_H 1
| #define HAVE_MEMORY_H 1
| #define HAVE_STRINGS_H 1
| #define HAVE_INTTYPES_H 1
| #define HAVE_STDINT_H 1
| #define HAVE_UNISTD_H 1
| #define __EXTENSIONS__ 1
| #define _ALL_SOURCE 1
| #define _GNU_SOURCE 1
| #define _POSIX_PTHREAD_SEMANTICS 1
| #define _TANDEM_SOURCE 1
| #define HAVE_DLFCN_H 1
| #define LT_OBJDIR ".libs/"
| #define SIZEOF_UNSIGNED_SHORT 2
| #define SIZEOF_UNSIGNED_INT 4
| #define SIZEOF_UNSIGNED_LONG 4
| #define SIZEOF_UNSIGNED_LONG_LONG 8
| #define HAVE_UINTPTR_T 1
| #define EGD_SOCKET_NAME ""
| #define ENABLE_PADLOCK_SUPPORT 1
| #define ENABLE_AESNI_SUPPORT 1
| #define PRINTABLE_OS_NAME "GNU/Linux"
| #define NAME_OF_DEV_RANDOM "/dev/random"
| #define NAME_OF_DEV_URANDOM "/dev/urandom"
| #define GPG_ERR_SOURCE_DEFAULT GPG_ERR_SOURCE_GCRYPT
| #define STDC_HEADERS 1
| #define HAVE_UNISTD_H 1
| #define HAVE_SYS_SELECT_H 1
| #define HAVE_SYS_MSG_H 1
| #define RETSIGTYPE void
| #define HAVE_DECL_SYS_SIGLIST 1
| #define HAVE_USHORT_TYPEDEF 1
| #define HAVE_ULONG_TYPEDEF 1
| #define HAVE_SYS_SOCKET_H 1
| /* end confdefs.h.  */
| #include <sys/types.h>
|       #if HAVE_SYS_SOCKET_H
|       # include <sys/socket.h>
|       #elif HAVE_WS2TCPIP_H
|       # include <ws2tcpip.h>
|       #endif
| 
| int
| main ()
| {
| if (sizeof ((socklen_t)))
| 	    return 0;
|   ;
|   return 0;
| }
configure:13945: result: yes
configure:14021: checking whether the visibility attribute is supported
configure:14044: result: yes
configure:14047: checking for broken visibility attribute
configure:14071: result: no
configure:14075: checking for broken alias attribute
configure:14101: result: no
configure:14105: checking if gcc supports -fvisibility=hidden
configure:14124: gcc -c -fvisibility=hidden  conftest.c >&5
configure:14124: $? = 0
configure:14131: result: yes
configure:14152: checking for vprintf
configure:14152: gcc -o conftest -O2 -march=armv6j -mtune=arm1136jf-s -pipe -fomit-frame-pointer -fno-stack-protector -fvisibility=hidden   conftest.c  >&5
conftest.c:75: warning: conflicting types for built-in function 'vprintf'
configure:14152: $? = 0
configure:14152: result: yes
configure:14158: checking for _doprnt
configure:14158: gcc -o conftest -O2 -march=armv6j -mtune=arm1136jf-s -pipe -fomit-frame-pointer -fno-stack-protector -fvisibility=hidden   conftest.c  >&5
/tmp/cc4tHjTI.o: In function `main':
conftest.c:(.text+0x4): undefined reference to `_doprnt'
collect2: ld returned 1 exit status
configure:14158: $? = 1
configure: failed program was:
| /* confdefs.h */
| #define PACKAGE_NAME "libgcrypt"
| #define PACKAGE_TARNAME "libgcrypt"
| #define PACKAGE_VERSION "1.5.0"
| #define PACKAGE_STRING "libgcrypt 1.5.0"
| #define PACKAGE_BUGREPORT "bug-libgcrypt@gnupg.org"
| #define PACKAGE_URL ""
| #define PACKAGE "libgcrypt"
| #define VERSION "1.5.0"
| #define PACKAGE "libgcrypt"
| #define VERSION "1.5.0"
| #define STDC_HEADERS 1
| #define HAVE_SYS_TYPES_H 1
| #define HAVE_SYS_STAT_H 1
| #define HAVE_STDLIB_H 1
| #define HAVE_STRING_H 1
| #define HAVE_MEMORY_H 1
| #define HAVE_STRINGS_H 1
| #define HAVE_INTTYPES_H 1
| #define HAVE_STDINT_H 1
| #define HAVE_UNISTD_H 1
| #define __EXTENSIONS__ 1
| #define _ALL_SOURCE 1
| #define _GNU_SOURCE 1
| #define _POSIX_PTHREAD_SEMANTICS 1
| #define _TANDEM_SOURCE 1
| #define HAVE_DLFCN_H 1
| #define LT_OBJDIR ".libs/"
| #define SIZEOF_UNSIGNED_SHORT 2
| #define SIZEOF_UNSIGNED_INT 4
| #define SIZEOF_UNSIGNED_LONG 4
| #define SIZEOF_UNSIGNED_LONG_LONG 8
| #define HAVE_UINTPTR_T 1
| #define EGD_SOCKET_NAME ""
| #define ENABLE_PADLOCK_SUPPORT 1
| #define ENABLE_AESNI_SUPPORT 1
| #define PRINTABLE_OS_NAME "GNU/Linux"
| #define NAME_OF_DEV_RANDOM "/dev/random"
| #define NAME_OF_DEV_URANDOM "/dev/urandom"
| #define GPG_ERR_SOURCE_DEFAULT GPG_ERR_SOURCE_GCRYPT
| #define STDC_HEADERS 1
| #define HAVE_UNISTD_H 1
| #define HAVE_SYS_SELECT_H 1
| #define HAVE_SYS_MSG_H 1
| #define RETSIGTYPE void
| #define HAVE_DECL_SYS_SIGLIST 1
| #define HAVE_USHORT_TYPEDEF 1
| #define HAVE_ULONG_TYPEDEF 1
| #define HAVE_SYS_SOCKET_H 1
| #define GCRY_USE_VISIBILITY 1
| #define HAVE_VPRINTF 1
| /* end confdefs.h.  */
| /* Define _doprnt to an innocuous variant, in case <limits.h> declares _doprnt.
|    For example, HP-UX 11i <limits.h> declares gettimeofday.  */
| #define _doprnt innocuous__doprnt
| 
| /* System header to define __stub macros and hopefully few prototypes,
|     which can conflict with char _doprnt (); below.
|     Prefer <limits.h> to <assert.h> if __STDC__ is defined, since
|     <limits.h> exists even on freestanding compilers.  */
| 
| #ifdef __STDC__
| # include <limits.h>
| #else
| # include <assert.h>
| #endif
| 
| #undef _doprnt
| 
| /* Override any GCC internal prototype to avoid an error.
|    Use char because int might match the return type of a GCC
|    builtin and then its argument prototype would still apply.  */
| #ifdef __cplusplus
| extern "C"
| #endif
| char _doprnt ();
| /* The GNU C library defines this for functions which it implements
|     to always fail with ENOSYS.  Some functions are actually named
|     something starting with __ and the normal name is an alias.  */
| #if defined __stub__doprnt || defined __stub____doprnt
| choke me
| #endif
| 
| int
| main ()
| {
| return _doprnt ();
|   ;
|   return 0;
| }
configure:14158: result: no
configure:14173: checking for stpcpy
configure:14173: gcc -o conftest -O2 -march=armv6j -mtune=arm1136jf-s -pipe -fomit-frame-pointer -fno-stack-protector -fvisibility=hidden   conftest.c  >&5
conftest.c:76: warning: conflicting types for built-in function 'stpcpy'
configure:14173: $? = 0
configure:14173: result: yes
configure:14173: checking for strcasecmp
configure:14173: gcc -o conftest -O2 -march=armv6j -mtune=arm1136jf-s -pipe -fomit-frame-pointer -fno-stack-protector -fvisibility=hidden   conftest.c  >&5
conftest.c:77: warning: conflicting types for built-in function 'strcasecmp'
configure:14173: $? = 0
configure:14173: result: yes
configure:14186: checking for strtoul
configure:14186: gcc -o conftest -O2 -march=armv6j -mtune=arm1136jf-s -pipe -fomit-frame-pointer -fno-stack-protector -fvisibility=hidden   conftest.c  >&5
configure:14186: $? = 0
configure:14186: result: yes
configure:14186: checking for memmove
configure:14186: gcc -o conftest -O2 -march=armv6j -mtune=arm1136jf-s -pipe -fomit-frame-pointer -fno-stack-protector -fvisibility=hidden   conftest.c  >&5
conftest.c:79: warning: conflicting types for built-in function 'memmove'
configure:14186: $? = 0
configure:14186: result: yes
configure:14186: checking for stricmp
configure:14186: gcc -o conftest -O2 -march=armv6j -mtune=arm1136jf-s -pipe -fomit-frame-pointer -fno-stack-protector -fvisibility=hidden   conftest.c  >&5
/tmp/ccv6s4H2.o: In function `main':
conftest.c:(.text+0x4): undefined reference to `stricmp'
collect2: ld returned 1 exit status
configure:14186: $? = 1
configure: failed program was:
| /* confdefs.h */
| #define PACKAGE_NAME "libgcrypt"
| #define PACKAGE_TARNAME "libgcrypt"
| #define PACKAGE_VERSION "1.5.0"
| #define PACKAGE_STRING "libgcrypt 1.5.0"
| #define PACKAGE_BUGREPORT "bug-libgcrypt@gnupg.org"
| #define PACKAGE_URL ""
| #define PACKAGE "libgcrypt"
| #define VERSION "1.5.0"
| #define PACKAGE "libgcrypt"
| #define VERSION "1.5.0"
| #define STDC_HEADERS 1
| #define HAVE_SYS_TYPES_H 1
| #define HAVE_SYS_STAT_H 1
| #define HAVE_STDLIB_H 1
| #define HAVE_STRING_H 1
| #define HAVE_MEMORY_H 1
| #define HAVE_STRINGS_H 1
| #define HAVE_INTTYPES_H 1
| #define HAVE_STDINT_H 1
| #define HAVE_UNISTD_H 1
| #define __EXTENSIONS__ 1
| #define _ALL_SOURCE 1
| #define _GNU_SOURCE 1
| #define _POSIX_PTHREAD_SEMANTICS 1
| #define _TANDEM_SOURCE 1
| #define HAVE_DLFCN_H 1
| #define LT_OBJDIR ".libs/"
| #define SIZEOF_UNSIGNED_SHORT 2
| #define SIZEOF_UNSIGNED_INT 4
| #define SIZEOF_UNSIGNED_LONG 4
| #define SIZEOF_UNSIGNED_LONG_LONG 8
| #define HAVE_UINTPTR_T 1
| #define EGD_SOCKET_NAME ""
| #define ENABLE_PADLOCK_SUPPORT 1
| #define ENABLE_AESNI_SUPPORT 1
| #define PRINTABLE_OS_NAME "GNU/Linux"
| #define NAME_OF_DEV_RANDOM "/dev/random"
| #define NAME_OF_DEV_URANDOM "/dev/urandom"
| #define GPG_ERR_SOURCE_DEFAULT GPG_ERR_SOURCE_GCRYPT
| #define STDC_HEADERS 1
| #define HAVE_UNISTD_H 1
| #define HAVE_SYS_SELECT_H 1
| #define HAVE_SYS_MSG_H 1
| #define RETSIGTYPE void
| #define HAVE_DECL_SYS_SIGLIST 1
| #define HAVE_USHORT_TYPEDEF 1
| #define HAVE_ULONG_TYPEDEF 1
| #define HAVE_SYS_SOCKET_H 1
| #define GCRY_USE_VISIBILITY 1
| #define HAVE_VPRINTF 1
| #define HAVE_STPCPY 1
| #define HAVE_STRCASECMP 1
| #define HAVE_STRTOUL 1
| #define HAVE_MEMMOVE 1
| /* end confdefs.h.  */
| /* Define stricmp to an innocuous variant, in case <limits.h> declares stricmp.
|    For example, HP-UX 11i <limits.h> declares gettimeofday.  */
| #define stricmp innocuous_stricmp
| 
| /* System header to define __stub macros and hopefully few prototypes,
|     which can conflict with char stricmp (); below.
|     Prefer <limits.h> to <assert.h> if __STDC__ is defined, since
|     <limits.h> exists even on freestanding compilers.  */
| 
| #ifdef __STDC__
| # include <limits.h>
| #else
| # include <assert.h>
| #endif
| 
| #undef stricmp
| 
| /* Override any GCC internal prototype to avoid an error.
|    Use char because int might match the return type of a GCC
|    builtin and then its argument prototype would still apply.  */
| #ifdef __cplusplus
| extern "C"
| #endif
| char stricmp ();
| /* The GNU C library defines this for functions which it implements
|     to always fail with ENOSYS.  Some functions are actually named
|     something starting with __ and the normal name is an alias.  */
| #if defined __stub_stricmp || defined __stub___stricmp
| choke me
| #endif
| 
| int
| main ()
| {
| return stricmp ();
|   ;
|   return 0;
| }
configure:14186: result: no
configure:14186: checking for atexit
configure:14186: gcc -o conftest -O2 -march=armv6j -mtune=arm1136jf-s -pipe -fomit-frame-pointer -fno-stack-protector -fvisibility=hidden   conftest.c  >&5
configure:14186: $? = 0
configure:14186: result: yes
configure:14186: checking for raise
configure:14186: gcc -o conftest -O2 -march=armv6j -mtune=arm1136jf-s -pipe -fomit-frame-pointer -fno-stack-protector -fvisibility=hidden   conftest.c  >&5
configure:14186: $? = 0
configure:14186: result: yes
configure:14199: checking for strerror
configure:14199: gcc -o conftest -O2 -march=armv6j -mtune=arm1136jf-s -pipe -fomit-frame-pointer -fno-stack-protector -fvisibility=hidden   conftest.c  >&5
configure:14199: $? = 0
configure:14199: result: yes
configure:14199: checking for rand
configure:14199: gcc -o conftest -O2 -march=armv6j -mtune=arm1136jf-s -pipe -fomit-frame-pointer -fno-stack-protector -fvisibility=hidden   conftest.c  >&5
configure:14199: $? = 0
configure:14199: result: yes
configure:14199: checking for mmap
configure:14199: gcc -o conftest -O2 -march=armv6j -mtune=arm1136jf-s -pipe -fomit-frame-pointer -fno-stack-protector -fvisibility=hidden   conftest.c  >&5
configure:14199: $? = 0
configure:14199: result: yes
configure:14199: checking for getpagesize
configure:14199: gcc -o conftest -O2 -march=armv6j -mtune=arm1136jf-s -pipe -fomit-frame-pointer -fno-stack-protector -fvisibility=hidden   conftest.c  >&5
configure:14199: $? = 0
configure:14199: result: yes
configure:14199: checking for sysconf
configure:14199: gcc -o conftest -O2 -march=armv6j -mtune=arm1136jf-s -pipe -fomit-frame-pointer -fno-stack-protector -fvisibility=hidden   conftest.c  >&5
configure:14199: $? = 0
configure:14199: result: yes
configure:14199: checking for waitpid
configure:14199: gcc -o conftest -O2 -march=armv6j -mtune=arm1136jf-s -pipe -fomit-frame-pointer -fno-stack-protector -fvisibility=hidden   conftest.c  >&5
configure:14199: $? = 0
configure:14199: result: yes
configure:14199: checking for wait4
configure:14199: gcc -o conftest -O2 -march=armv6j -mtune=arm1136jf-s -pipe -fomit-frame-pointer -fno-stack-protector -fvisibility=hidden   conftest.c  >&5
configure:14199: $? = 0
configure:14199: result: yes
configure:14211: checking for gettimeofday
configure:14211: gcc -o conftest -O2 -march=armv6j -mtune=arm1136jf-s -pipe -fomit-frame-pointer -fno-stack-protector -fvisibility=hidden   conftest.c  >&5
configure:14211: $? = 0
configure:14211: result: yes
configure:14211: checking for getrusage
configure:14211: gcc -o conftest -O2 -march=armv6j -mtune=arm1136jf-s -pipe -fomit-frame-pointer -fno-stack-protector -fvisibility=hidden   conftest.c  >&5
configure:14211: $? = 0
configure:14211: result: yes
configure:14211: checking for gethrtime
configure:14211: gcc -o conftest -O2 -march=armv6j -mtune=arm1136jf-s -pipe -fomit-frame-pointer -fno-stack-protector -fvisibility=hidden   conftest.c  >&5
/tmp/cc8Ze3IP.o: In function `main':
conftest.c:(.text+0x4): undefined reference to `gethrtime'
collect2: ld returned 1 exit status
configure:14211: $? = 1
configure: failed program was:
| /* confdefs.h */
| #define PACKAGE_NAME "libgcrypt"
| #define PACKAGE_TARNAME "libgcrypt"
| #define PACKAGE_VERSION "1.5.0"
| #define PACKAGE_STRING "libgcrypt 1.5.0"
| #define PACKAGE_BUGREPORT "bug-libgcrypt@gnupg.org"
| #define PACKAGE_URL ""
| #define PACKAGE "libgcrypt"
| #define VERSION "1.5.0"
| #define PACKAGE "libgcrypt"
| #define VERSION "1.5.0"
| #define STDC_HEADERS 1
| #define HAVE_SYS_TYPES_H 1
| #define HAVE_SYS_STAT_H 1
| #define HAVE_STDLIB_H 1
| #define HAVE_STRING_H 1
| #define HAVE_MEMORY_H 1
| #define HAVE_STRINGS_H 1
| #define HAVE_INTTYPES_H 1
| #define HAVE_STDINT_H 1
| #define HAVE_UNISTD_H 1
| #define __EXTENSIONS__ 1
| #define _ALL_SOURCE 1
| #define _GNU_SOURCE 1
| #define _POSIX_PTHREAD_SEMANTICS 1
| #define _TANDEM_SOURCE 1
| #define HAVE_DLFCN_H 1
| #define LT_OBJDIR ".libs/"
| #define SIZEOF_UNSIGNED_SHORT 2
| #define SIZEOF_UNSIGNED_INT 4
| #define SIZEOF_UNSIGNED_LONG 4
| #define SIZEOF_UNSIGNED_LONG_LONG 8
| #define HAVE_UINTPTR_T 1
| #define EGD_SOCKET_NAME ""
| #define ENABLE_PADLOCK_SUPPORT 1
| #define ENABLE_AESNI_SUPPORT 1
| #define PRINTABLE_OS_NAME "GNU/Linux"
| #define NAME_OF_DEV_RANDOM "/dev/random"
| #define NAME_OF_DEV_URANDOM "/dev/urandom"
| #define GPG_ERR_SOURCE_DEFAULT GPG_ERR_SOURCE_GCRYPT
| #define STDC_HEADERS 1
| #define HAVE_UNISTD_H 1
| #define HAVE_SYS_SELECT_H 1
| #define HAVE_SYS_MSG_H 1
| #define RETSIGTYPE void
| #define HAVE_DECL_SYS_SIGLIST 1
| #define HAVE_USHORT_TYPEDEF 1
| #define HAVE_ULONG_TYPEDEF 1
| #define HAVE_SYS_SOCKET_H 1
| #define GCRY_USE_VISIBILITY 1
| #define HAVE_VPRINTF 1
| #define HAVE_STPCPY 1
| #define HAVE_STRCASECMP 1
| #define HAVE_STRTOUL 1
| #define HAVE_MEMMOVE 1
| #define HAVE_ATEXIT 1
| #define HAVE_RAISE 1
| #define HAVE_STRERROR 1
| #define HAVE_RAND 1
| #define HAVE_MMAP 1
| #define HAVE_GETPAGESIZE 1
| #define HAVE_SYSCONF 1
| #define HAVE_WAITPID 1
| #define HAVE_WAIT4 1
| #define HAVE_GETTIMEOFDAY 1
| #define HAVE_GETRUSAGE 1
| /* end confdefs.h.  */
| /* Define gethrtime to an innocuous variant, in case <limits.h> declares gethrtime.
|    For example, HP-UX 11i <limits.h> declares gettimeofday.  */
| #define gethrtime innocuous_gethrtime
| 
| /* System header to define __stub macros and hopefully few prototypes,
|     which can conflict with char gethrtime (); below.
|     Prefer <limits.h> to <assert.h> if __STDC__ is defined, since
|     <limits.h> exists even on freestanding compilers.  */
| 
| #ifdef __STDC__
| # include <limits.h>
| #else
| # include <assert.h>
| #endif
| 
| #undef gethrtime
| 
| /* Override any GCC internal prototype to avoid an error.
|    Use char because int might match the return type of a GCC
|    builtin and then its argument prototype would still apply.  */
| #ifdef __cplusplus
| extern "C"
| #endif
| char gethrtime ();
| /* The GNU C library defines this for functions which it implements
|     to always fail with ENOSYS.  Some functions are actually named
|     something starting with __ and the normal name is an alias.  */
| #if defined __stub_gethrtime || defined __stub___gethrtime
| choke me
| #endif
| 
| int
| main ()
| {
| return gethrtime ();
|   ;
|   return 0;
| }
configure:14211: result: no
configure:14211: checking for clock_gettime
configure:14211: gcc -o conftest -O2 -march=armv6j -mtune=arm1136jf-s -pipe -fomit-frame-pointer -fno-stack-protector -fvisibility=hidden   conftest.c  >&5
/tmp/cccTPadU.o: In function `main':
conftest.c:(.text+0x4): undefined reference to `clock_gettime'
collect2: ld returned 1 exit status
configure:14211: $? = 1
configure: failed program was:
| /* confdefs.h */
| #define PACKAGE_NAME "libgcrypt"
| #define PACKAGE_TARNAME "libgcrypt"
| #define PACKAGE_VERSION "1.5.0"
| #define PACKAGE_STRING "libgcrypt 1.5.0"
| #define PACKAGE_BUGREPORT "bug-libgcrypt@gnupg.org"
| #define PACKAGE_URL ""
| #define PACKAGE "libgcrypt"
| #define VERSION "1.5.0"
| #define PACKAGE "libgcrypt"
| #define VERSION "1.5.0"
| #define STDC_HEADERS 1
| #define HAVE_SYS_TYPES_H 1
| #define HAVE_SYS_STAT_H 1
| #define HAVE_STDLIB_H 1
| #define HAVE_STRING_H 1
| #define HAVE_MEMORY_H 1
| #define HAVE_STRINGS_H 1
| #define HAVE_INTTYPES_H 1
| #define HAVE_STDINT_H 1
| #define HAVE_UNISTD_H 1
| #define __EXTENSIONS__ 1
| #define _ALL_SOURCE 1
| #define _GNU_SOURCE 1
| #define _POSIX_PTHREAD_SEMANTICS 1
| #define _TANDEM_SOURCE 1
| #define HAVE_DLFCN_H 1
| #define LT_OBJDIR ".libs/"
| #define SIZEOF_UNSIGNED_SHORT 2
| #define SIZEOF_UNSIGNED_INT 4
| #define SIZEOF_UNSIGNED_LONG 4
| #define SIZEOF_UNSIGNED_LONG_LONG 8
| #define HAVE_UINTPTR_T 1
| #define EGD_SOCKET_NAME ""
| #define ENABLE_PADLOCK_SUPPORT 1
| #define ENABLE_AESNI_SUPPORT 1
| #define PRINTABLE_OS_NAME "GNU/Linux"
| #define NAME_OF_DEV_RANDOM "/dev/random"
| #define NAME_OF_DEV_URANDOM "/dev/urandom"
| #define GPG_ERR_SOURCE_DEFAULT GPG_ERR_SOURCE_GCRYPT
| #define STDC_HEADERS 1
| #define HAVE_UNISTD_H 1
| #define HAVE_SYS_SELECT_H 1
| #define HAVE_SYS_MSG_H 1
| #define RETSIGTYPE void
| #define HAVE_DECL_SYS_SIGLIST 1
| #define HAVE_USHORT_TYPEDEF 1
| #define HAVE_ULONG_TYPEDEF 1
| #define HAVE_SYS_SOCKET_H 1
| #define GCRY_USE_VISIBILITY 1
| #define HAVE_VPRINTF 1
| #define HAVE_STPCPY 1
| #define HAVE_STRCASECMP 1
| #define HAVE_STRTOUL 1
| #define HAVE_MEMMOVE 1
| #define HAVE_ATEXIT 1
| #define HAVE_RAISE 1
| #define HAVE_STRERROR 1
| #define HAVE_RAND 1
| #define HAVE_MMAP 1
| #define HAVE_GETPAGESIZE 1
| #define HAVE_SYSCONF 1
| #define HAVE_WAITPID 1
| #define HAVE_WAIT4 1
| #define HAVE_GETTIMEOFDAY 1
| #define HAVE_GETRUSAGE 1
| /* end confdefs.h.  */
| /* Define clock_gettime to an innocuous variant, in case <limits.h> declares clock_gettime.
|    For example, HP-UX 11i <limits.h> declares gettimeofday.  */
| #define clock_gettime innocuous_clock_gettime
| 
| /* System header to define __stub macros and hopefully few prototypes,
|     which can conflict with char clock_gettime (); below.
|     Prefer <limits.h> to <assert.h> if __STDC__ is defined, since
|     <limits.h> exists even on freestanding compilers.  */
| 
| #ifdef __STDC__
| # include <limits.h>
| #else
| # include <assert.h>
| #endif
| 
| #undef clock_gettime
| 
| /* Override any GCC internal prototype to avoid an error.
|    Use char because int might match the return type of a GCC
|    builtin and then its argument prototype would still apply.  */
| #ifdef __cplusplus
| extern "C"
| #endif
| char clock_gettime ();
| /* The GNU C library defines this for functions which it implements
|     to always fail with ENOSYS.  Some functions are actually named
|     something starting with __ and the normal name is an alias.  */
| #if defined __stub_clock_gettime || defined __stub___clock_gettime
| choke me
| #endif
| 
| int
| main ()
| {
| return clock_gettime ();
|   ;
|   return 0;
| }
configure:14211: result: no
configure:14211: checking for syslog
configure:14211: gcc -o conftest -O2 -march=armv6j -mtune=arm1136jf-s -pipe -fomit-frame-pointer -fno-stack-protector -fvisibility=hidden   conftest.c  >&5
configure:14211: $? = 0
configure:14211: result: yes
configure:14223: checking for fcntl
configure:14223: gcc -o conftest -O2 -march=armv6j -mtune=arm1136jf-s -pipe -fomit-frame-pointer -fno-stack-protector -fvisibility=hidden   conftest.c  >&5
configure:14223: $? = 0
configure:14223: result: yes
configure:14223: checking for ftruncate
configure:14223: gcc -o conftest -O2 -march=armv6j -mtune=arm1136jf-s -pipe -fomit-frame-pointer -fno-stack-protector -fvisibility=hidden   conftest.c  >&5
configure:14223: $? = 0
configure:14223: result: yes
configure:14235: checking for mlock
configure:14235: gcc -o conftest -O2 -march=armv6j -mtune=arm1136jf-s -pipe -fomit-frame-pointer -fno-stack-protector -fvisibility=hidden   conftest.c  >&5
configure:14235: $? = 0
configure:14235: result: yes
configure:14359: checking for sysconf
configure:14359: result: yes
configure:14359: checking for getpagesize
configure:14359: result: yes
configure:14368: checking whether mlock is broken
configure:14418: gcc -o conftest -O2 -march=armv6j -mtune=arm1136jf-s -pipe -fomit-frame-pointer -fno-stack-protector -fvisibility=hidden   conftest.c  >&5
configure:14418: $? = 0
configure:14418: ./conftest
configure:14418: $? = 0
configure:14438: result: no
configure:14451: checking for getpid
configure:14451: gcc -o conftest -O2 -march=armv6j -mtune=arm1136jf-s -pipe -fomit-frame-pointer -fno-stack-protector -fvisibility=hidden   conftest.c  >&5
configure:14451: $? = 0
configure:14451: result: yes
configure:14464: checking for clock
configure:14464: gcc -o conftest -O2 -march=armv6j -mtune=arm1136jf-s -pipe -fomit-frame-pointer -fno-stack-protector -fvisibility=hidden   conftest.c  >&5
configure:14464: $? = 0
configure:14464: result: yes
configure:14642: checking for random device
configure:14650: result: yes
configure:14722: checking for _ prefix in compiled symbols
configure:14732: gcc -c -O2 -march=armv6j -mtune=arm1136jf-s -pipe -fomit-frame-pointer -fno-stack-protector -fvisibility=hidden  conftest.c >&5
configure:14735: $? = 0
configure:14739: /scratchbox/compilers/bin/nm -B conftest.o \| sed -n -e 's/^.*[	 ]\([ABCDGIRSTW][ABCDGIRSTW]*\)[	 ][	 ]*\([_A-Za-z][_A-Za-z0-9]*\)$/\1 \2 \2/p' \| cut -d \' \' -f 2 \> conftest.nm
configure:14742: $? = 0
configure: cannot find nm_test_func in conftest.nm
configure:14769: result: no
configure:14784: checking for mpi assembler functions
configure:14791: result: done
configure:15051: checking whether non excutable stack support is requested
configure:15060: result: yes
configure:15063: checking whether assembler supports --noexecstack option
configure:15073: gcc -O2 -march=armv6j -mtune=arm1136jf-s -pipe -fomit-frame-pointer -fno-stack-protector -fvisibility=hidden -Wall 
                     -S -o conftest.s conftest.c >/dev/null
configure:15076: $? = 0
configure:15081: gcc -O2 -march=armv6j -mtune=arm1136jf-s -pipe -fomit-frame-pointer -fno-stack-protector  -Wa,--noexecstack
                       -c -o conftest.o conftest.s >/dev/null
configure:15084: $? = 0
configure:15093: result: yes
configure:15888: creating ./config.status

## ---------------------- ##
## Running config.status. ##
## ---------------------- ##

This file was extended by libgcrypt config.status 1.5.0, which was
generated by GNU Autoconf 2.68.  Invocation command line was

  CONFIG_FILES    = 
  CONFIG_HEADERS  = 
  CONFIG_LINKS    = 
  CONFIG_COMMANDS = 
  $ ./config.status 

on tjw-pc

config.status:1315: creating Makefile
config.status:1315: creating m4/Makefile
config.status:1315: creating compat/Makefile
config.status:1315: creating mpi/Makefile
config.status:1315: creating cipher/Makefile
config.status:1315: creating random/Makefile
config.status:1315: creating doc/Makefile
config.status:1315: creating src/Makefile
config.status:1315: creating src/gcrypt.h
config.status:1315: creating src/libgcrypt-config
config.status:1315: creating src/versioninfo.rc
config.status:1315: creating tests/Makefile
config.status:1315: creating config.h
config.status:1496: config.h is unchanged
config.status:1556: linking mpi/generic/mpih-add1.c to mpi/mpih-add1.c
config.status:1556: linking mpi/generic/mpih-sub1.c to mpi/mpih-sub1.c
config.status:1556: linking mpi/generic/mpih-mul1.c to mpi/mpih-mul1.c
config.status:1556: linking mpi/generic/mpih-mul2.c to mpi/mpih-mul2.c
config.status:1556: linking mpi/generic/mpih-mul3.c to mpi/mpih-mul3.c
config.status:1556: linking mpi/generic/mpih-lshift.c to mpi/mpih-lshift.c
config.status:1556: linking mpi/generic/mpih-rshift.c to mpi/mpih-rshift.c
config.status:1556: linking mpi/generic/mpi-asm-defs.h to mpi/mpi-asm-defs.h
config.status:1575: executing depfiles commands
config.status:1575: executing libtool commands
config.status:1575: executing gcrypt-conf commands

## ---------------- ##
## Cache variables. ##
## ---------------- ##

ac_cv_build=arm-unknown-linux-gnueabi
ac_cv_c_bigendian=no
ac_cv_c_compiler_gnu=yes
ac_cv_c_const=yes
ac_cv_c_inline=inline
ac_cv_env_CCASFLAGS_set=
ac_cv_env_CCASFLAGS_value=
ac_cv_env_CCAS_set=
ac_cv_env_CCAS_value=
ac_cv_env_CC_set=
ac_cv_env_CC_value=
ac_cv_env_CFLAGS_set=set
ac_cv_env_CFLAGS_value='-O2 -march=armv6j -mtune=arm1136jf-s -pipe -fomit-frame-pointer -fno-stack-protector'
ac_cv_env_CPPFLAGS_set=
ac_cv_env_CPPFLAGS_value=
ac_cv_env_CPP_set=
ac_cv_env_CPP_value=
ac_cv_env_LDFLAGS_set=
ac_cv_env_LDFLAGS_value=
ac_cv_env_LIBS_set=
ac_cv_env_LIBS_value=
ac_cv_env_build_alias_set=
ac_cv_env_build_alias_value=
ac_cv_env_host_alias_set=
ac_cv_env_host_alias_value=
ac_cv_env_target_alias_set=
ac_cv_env_target_alias_value=
ac_cv_func__doprnt=no
ac_cv_func_atexit=yes
ac_cv_func_clock=yes
ac_cv_func_clock_gettime=no
ac_cv_func_fcntl=yes
ac_cv_func_ftruncate=yes
ac_cv_func_gethrtime=no
ac_cv_func_getpagesize=yes
ac_cv_func_getpid=yes
ac_cv_func_getrusage=yes
ac_cv_func_gettimeofday=yes
ac_cv_func_memmove=yes
ac_cv_func_mlock=yes
ac_cv_func_mmap=yes
ac_cv_func_raise=yes
ac_cv_func_rand=yes
ac_cv_func_stpcpy=yes
ac_cv_func_strcasecmp=yes
ac_cv_func_strerror=yes
ac_cv_func_stricmp=no
ac_cv_func_strtoul=yes
ac_cv_func_sysconf=yes
ac_cv_func_syslog=yes
ac_cv_func_vprintf=yes
ac_cv_func_wait4=yes
ac_cv_func_waitpid=yes
ac_cv_have_decl_sys_siglist=yes
ac_cv_have_dev_random=yes
ac_cv_header_dlfcn_h=yes
ac_cv_header_inttypes_h=yes
ac_cv_header_memory_h=yes
ac_cv_header_minix_config_h=no
ac_cv_header_stdc=yes
ac_cv_header_stdint_h=yes
ac_cv_header_stdlib_h=yes
ac_cv_header_string_h=yes
ac_cv_header_strings_h=yes
ac_cv_header_sys_msg_h=yes
ac_cv_header_sys_select_h=yes
ac_cv_header_sys_socket_h=yes
ac_cv_header_sys_stat_h=yes
ac_cv_header_sys_types_h=yes
ac_cv_header_unistd_h=yes
ac_cv_host=arm-unknown-linux-gnueabi
ac_cv_mpi_sflags=
ac_cv_objext=o
ac_cv_path_EGREP='/scratchbox/tools/bin/grep -E'
ac_cv_path_FGREP='/scratchbox/tools/bin/grep -F'
ac_cv_path_GREP=/scratchbox/tools/bin/grep
ac_cv_path_SED=/scratchbox/tools/bin/sed
ac_cv_path_ac_pt_GPG_ERROR_CONFIG=/usr/local/bin/gpg-error-config
ac_cv_path_install='/scratchbox/tools/bin/install -c'
ac_cv_path_mkdir=/scratchbox/tools/bin/mkdir
ac_cv_prog_AWK=gawk
ac_cv_prog_CPP='gcc -E'
ac_cv_prog_ac_ct_AR=ar
ac_cv_prog_ac_ct_CC=gcc
ac_cv_prog_ac_ct_OBJDUMP=objdump
ac_cv_prog_ac_ct_RANLIB=ranlib
ac_cv_prog_ac_ct_RC=windres
ac_cv_prog_ac_ct_STRIP=strip
ac_cv_prog_cc_c89=
ac_cv_prog_cc_g=yes
ac_cv_prog_cc_gcc_c_o=yes
ac_cv_prog_make_make_set=yes
ac_cv_safe_to_define___extensions__=yes
ac_cv_search_setsockopt='none required'
ac_cv_search_strerror='none required'
ac_cv_sizeof_unsigned_int=4
ac_cv_sizeof_unsigned_long=4
ac_cv_sizeof_unsigned_long_long=8
ac_cv_sizeof_unsigned_short=2
ac_cv_sys_symbol_underscore=no
ac_cv_type_pid_t=yes
ac_cv_type_signal=void
ac_cv_type_size_t=yes
ac_cv_type_socklen_t=yes
ac_cv_type_uintptr_t=yes
am_cv_CCAS_dependencies_compiler_type=gcc3
am_cv_CC_dependencies_compiler_type=gcc3
cl_cv_as_noexecstack=yes
gcry_cv_broken_alias_attribute=no
gcry_cv_broken_visibility_attribute=no
gcry_cv_gcc_has_f_visibility=yes
gcry_cv_visibility_attribute=yes
gnupg_cv_have_broken_mlock=no
gnupg_cv_typedef_byte=no
gnupg_cv_typedef_u16=no
gnupg_cv_typedef_u32=no
gnupg_cv_typedef_ulong=yes
gnupg_cv_typedef_ushort=yes
lt_cv_deplibs_check_method=pass_all
lt_cv_file_magic_cmd='$MAGIC_CMD'
lt_cv_file_magic_test_file=
lt_cv_ld_reload_flag=-r
lt_cv_nm_interface='BSD nm'
lt_cv_objdir=.libs
lt_cv_path_LD=/scratchbox/compilers/cs2007q3-glibc2.5-arm6/arm-none-linux-gnueabi/bin/ld
lt_cv_path_NM='/scratchbox/compilers/bin/nm -B'
lt_cv_prog_compiler_c_o=yes
lt_cv_prog_compiler_c_o_RC=yes
lt_cv_prog_compiler_pic_works=yes
lt_cv_prog_compiler_rtti_exceptions=no
lt_cv_prog_compiler_static_works=yes
lt_cv_prog_gnu_ld=yes
lt_cv_sys_global_symbol_pipe='sed -n -e '\''s/^.*[	 ]\([ABCDGIRSTW][ABCDGIRSTW]*\)[	 ][	 ]*\([_A-Za-z][_A-Za-z0-9]*\)$/\1 \2 \2/p'\'''
lt_cv_sys_global_symbol_to_c_name_address='sed -n -e '\''s/^: \([^ ]*\) $/  {\"\1\", (void *) 0},/p'\'' -e '\''s/^[ABCDGIRSTW]* \([^ ]*\) \([^ ]*\)$/  {"\2", (void *) \&\2},/p'\'''
lt_cv_sys_global_symbol_to_c_name_address_lib_prefix='sed -n -e '\''s/^: \([^ ]*\) $/  {\"\1\", (void *) 0},/p'\'' -e '\''s/^[ABCDGIRSTW]* \([^ ]*\) \(lib[^ ]*\)$/  {"\2", (void *) \&\2},/p'\'' -e '\''s/^[ABCDGIRSTW]* \([^ ]*\) \([^ ]*\)$/  {"lib\2", (void *) \&\2},/p'\'''
lt_cv_sys_global_symbol_to_cdecl='sed -n -e '\''s/^T .* \(.*\)$/extern int \1();/p'\'' -e '\''s/^[ABCDGIRSTW]* .* \(.*\)$/extern char \1;/p'\'''
lt_cv_sys_max_cmd_len=98304

## ----------------- ##
## Output variables. ##
## ----------------- ##

ACLOCAL='${SHELL} /home/tjw/tjKindle/LIB1/libgcrypt-1.5.0/missing --run aclocal-1.11'
AMDEPBACKSLASH='\'
AMDEP_FALSE='#'
AMDEP_TRUE=''
AMTAR='${SHELL} /home/tjw/tjKindle/LIB1/libgcrypt-1.5.0/missing --run tar'
AR='ar'
AS='as'
AUTOCONF='${SHELL} /home/tjw/tjKindle/LIB1/libgcrypt-1.5.0/missing --run autoconf'
AUTOHEADER='${SHELL} /home/tjw/tjKindle/LIB1/libgcrypt-1.5.0/missing --run autoheader'
AUTOMAKE='${SHELL} /home/tjw/tjKindle/LIB1/libgcrypt-1.5.0/missing --run automake-1.11'
AWK='gawk'
BUILD_FILEVERSION=''
BUILD_REVISION='0'
BUILD_TIMESTAMP=''
CC='gcc'
CCAS='gcc'
CCASDEPMODE='depmode=gcc3'
CCASFLAGS='-O2 -march=armv6j -mtune=arm1136jf-s -pipe -fomit-frame-pointer -fno-stack-protector'
CCDEPMODE='depmode=gcc3'
CFLAGS='-O2 -march=armv6j -mtune=arm1136jf-s -pipe -fomit-frame-pointer -fno-stack-protector -fvisibility=hidden -Wall'
CPP='gcc -E'
CPPFLAGS=''
CROSS_COMPILING_FALSE=''
CROSS_COMPILING_TRUE='#'
CYGPATH_W='echo'
DEFS='-DHAVE_CONFIG_H'
DEPDIR='.deps'
DLLTOOL='dlltool'
DL_LIBS=''
DSYMUTIL=''
DUMPBIN=''
ECHO_C=''
ECHO_N='-n'
ECHO_T=''
EGREP='/scratchbox/tools/bin/grep -E'
ENABLE_O_FLAG_MUNGING_FALSE='#'
ENABLE_O_FLAG_MUNGING_TRUE=''
EXEEXT=''
FALLBACK_SOCKLEN_T='typedef socklen_t gcry_socklen_t;'
FGREP='/scratchbox/tools/bin/grep -F'
GCRYPT_CIPHERS=' arcfour.lo blowfish.lo cast5.lo des.lo rijndael.lo twofish.lo serpent.lo rfc2268.lo seed.lo camellia.lo camellia-glue.lo'
GCRYPT_DIGESTS=' crc.lo md4.lo md5.lo sha256.lo sha512.lo tiger.lo whirlpool.lo rmd160.lo sha1.lo'
GCRYPT_PUBKEY_CIPHERS=' dsa.lo rsa.lo elgamal.lo ecc.lo'
GCRYPT_RANDOM=' rndlinux.lo'
GPG_ERROR_CFLAGS='-I/usr/local/include'
GPG_ERROR_CONFIG='/usr/local/bin/gpg-error-config'
GPG_ERROR_LIBS='-L/usr/local/lib -lgpg-error'
GREP='/scratchbox/tools/bin/grep'
HAVE_LD_VERSION_SCRIPT_FALSE='#'
HAVE_LD_VERSION_SCRIPT_TRUE=''
HAVE_W32CE_SYSTEM_FALSE=''
HAVE_W32CE_SYSTEM_TRUE='#'
HAVE_W32_SYSTEM_FALSE=''
HAVE_W32_SYSTEM_TRUE='#'
INSERT_SYS_SELECT_H=' include <sys/select.h>'
INSTALL_DATA='${INSTALL} -m 644'
INSTALL_PROGRAM='${INSTALL}'
INSTALL_SCRIPT='${INSTALL}'
INSTALL_STRIP_PROGRAM='$(install_sh) -c -s'
LD='/scratchbox/compilers/cs2007q3-glibc2.5-arm6/arm-none-linux-gnueabi/bin/ld'
LDFLAGS=''
LIBGCRYPT_CIPHERS='arcfour blowfish cast5 des aes twofish serpent rfc2268 seed camellia'
LIBGCRYPT_CONFIG_API_VERSION='1'
LIBGCRYPT_CONFIG_CFLAGS=''
LIBGCRYPT_CONFIG_HOST='arm-unknown-linux-gnueabi'
LIBGCRYPT_CONFIG_LIBS='-lgcrypt'
LIBGCRYPT_DIGESTS='crc md4 md5 rmd160 sha1 sha256 sha512 tiger whirlpool'
LIBGCRYPT_LT_AGE='7'
LIBGCRYPT_LT_CURRENT='18'
LIBGCRYPT_LT_REVISION='0'
LIBGCRYPT_PUBKEY_CIPHERS='dsa elgamal rsa ecc'
LIBGCRYPT_THREAD_MODULES=''
LIBOBJS=''
LIBS=''
LIBTOOL='$(SHELL) $(top_builddir)/libtool'
LIPO=''
LN_S='ln -s'
LTLIBOBJS=''
MAINT='#'
MAINTAINER_MODE_FALSE=''
MAINTAINER_MODE_TRUE='#'
MAKEINFO='${SHELL} /home/tjw/tjKindle/LIB1/libgcrypt-1.5.0/missing --run makeinfo'
MKDIR_P='/scratchbox/tools/bin/mkdir -p'
MPI_MOD_ASM_MPIH_ADD1_FALSE=''
MPI_MOD_ASM_MPIH_ADD1_TRUE='#'
MPI_MOD_ASM_MPIH_LSHIFT_FALSE=''
MPI_MOD_ASM_MPIH_LSHIFT_TRUE='#'
MPI_MOD_ASM_MPIH_MUL1_FALSE=''
MPI_MOD_ASM_MPIH_MUL1_TRUE='#'
MPI_MOD_ASM_MPIH_MUL2_FALSE=''
MPI_MOD_ASM_MPIH_MUL2_TRUE='#'
MPI_MOD_ASM_MPIH_MUL3_FALSE=''
MPI_MOD_ASM_MPIH_MUL3_TRUE='#'
MPI_MOD_ASM_MPIH_RSHIFT_FALSE=''
MPI_MOD_ASM_MPIH_RSHIFT_TRUE='#'
MPI_MOD_ASM_MPIH_SUB1_FALSE=''
MPI_MOD_ASM_MPIH_SUB1_TRUE='#'
MPI_MOD_ASM_UDIV_FALSE=''
MPI_MOD_ASM_UDIV_QRNND_FALSE=''
MPI_MOD_ASM_UDIV_QRNND_TRUE='#'
MPI_MOD_ASM_UDIV_TRUE='#'
MPI_MOD_C_MPIH_ADD1_FALSE='#'
MPI_MOD_C_MPIH_ADD1_TRUE=''
MPI_MOD_C_MPIH_LSHIFT_FALSE='#'
MPI_MOD_C_MPIH_LSHIFT_TRUE=''
MPI_MOD_C_MPIH_MUL1_FALSE='#'
MPI_MOD_C_MPIH_MUL1_TRUE=''
MPI_MOD_C_MPIH_MUL2_FALSE='#'
MPI_MOD_C_MPIH_MUL2_TRUE=''
MPI_MOD_C_MPIH_MUL3_FALSE='#'
MPI_MOD_C_MPIH_MUL3_TRUE=''
MPI_MOD_C_MPIH_RSHIFT_FALSE='#'
MPI_MOD_C_MPIH_RSHIFT_TRUE=''
MPI_MOD_C_MPIH_SUB1_FALSE='#'
MPI_MOD_C_MPIH_SUB1_TRUE=''
MPI_MOD_C_UDIV_FALSE=''
MPI_MOD_C_UDIV_QRNND_FALSE=''
MPI_MOD_C_UDIV_QRNND_TRUE='#'
MPI_MOD_C_UDIV_TRUE='#'
MPI_SFLAGS=''
NM='/scratchbox/compilers/bin/nm -B'
NMEDIT=''
NOEXECSTACK_FLAGS='-Wa,--noexecstack'
OBJDUMP='objdump'
OBJEXT='o'
OTOOL64=''
OTOOL=''
PACKAGE='libgcrypt'
PACKAGE_BUGREPORT='bug-libgcrypt@gnupg.org'
PACKAGE_NAME='libgcrypt'
PACKAGE_STRING='libgcrypt 1.5.0'
PACKAGE_TARNAME='libgcrypt'
PACKAGE_URL=''
PACKAGE_VERSION='1.5.0'
PATH_SEPARATOR=':'
PTH_CFLAGS=''
PTH_CONFIG=''
PTH_LIBS=''
RANLIB='ranlib'
RC='windres'
SED='/scratchbox/tools/bin/sed'
SET_MAKE=''
SHELL='/bin/sh'
STRIP='strip'
SYS_SOCKET_H=''
USE_RANDOM_DAEMON_FALSE=''
USE_RANDOM_DAEMON_TRUE='#'
VERSION='1.5.0'
ac_ct_CC='gcc'
ac_ct_DUMPBIN=''
am__EXEEXT_FALSE=''
am__EXEEXT_TRUE='#'
am__fastdepCCAS_FALSE='#'
am__fastdepCCAS_TRUE=''
am__fastdepCC_FALSE='#'
am__fastdepCC_TRUE=''
am__include='include'
am__isrc=''
am__leading_dot='.'
am__quote=''
am__tar='${AMTAR} chof - "$$tardir"'
am__untar='${AMTAR} xf -'
bindir='${exec_prefix}/bin'
build='arm-unknown-linux-gnueabi'
build_alias=''
build_cpu='arm'
build_os='linux-gnueabi'
build_vendor='unknown'
datadir='${datarootdir}'
datarootdir='${prefix}/share'
docdir='${datarootdir}/doc/${PACKAGE_TARNAME}'
dvidir='${docdir}'
emacs_local_vars_begin='Local Variables:'
emacs_local_vars_end='End:'
emacs_local_vars_read_only='buffer-read-only: t'
exec_prefix='${prefix}'
host='arm-unknown-linux-gnueabi'
host_alias=''
host_cpu='arm'
host_os='linux-gnueabi'
host_vendor='unknown'
htmldir='${docdir}'
includedir='${prefix}/include'
infodir='${datarootdir}/info'
install_sh='${SHELL} /home/tjw/tjKindle/LIB1/libgcrypt-1.5.0/install-sh'
libdir='${exec_prefix}/lib'
libexecdir='${exec_prefix}/libexec'
localedir='${datarootdir}/locale'
localstatedir='${prefix}/var'
lt_ECHO='echo'
mandir='${datarootdir}/man'
mkdir_p='/scratchbox/tools/bin/mkdir -p'
oldincludedir='/usr/include'
pdfdir='${docdir}'
prefix='/usr/local'
program_transform_name='s,x,x,'
psdir='${docdir}'
sbindir='${exec_prefix}/sbin'
sharedstatedir='${prefix}/com'
sysconfdir='${prefix}/etc'
target_alias=''

## ----------- ##
## confdefs.h. ##
## ----------- ##

/* confdefs.h */
#define PACKAGE_NAME "libgcrypt"
#define PACKAGE_TARNAME "libgcrypt"
#define PACKAGE_VERSION "1.5.0"
#define PACKAGE_STRING "libgcrypt 1.5.0"
#define PACKAGE_BUGREPORT "bug-libgcrypt@gnupg.org"
#define PACKAGE_URL ""
#define PACKAGE "libgcrypt"
#define VERSION "1.5.0"
#define PACKAGE "libgcrypt"
#define VERSION "1.5.0"
#define STDC_HEADERS 1
#define HAVE_SYS_TYPES_H 1
#define HAVE_SYS_STAT_H 1
#define HAVE_STDLIB_H 1
#define HAVE_STRING_H 1
#define HAVE_MEMORY_H 1
#define HAVE_STRINGS_H 1
#define HAVE_INTTYPES_H 1
#define HAVE_STDINT_H 1
#define HAVE_UNISTD_H 1
#define __EXTENSIONS__ 1
#define _ALL_SOURCE 1
#define _GNU_SOURCE 1
#define _POSIX_PTHREAD_SEMANTICS 1
#define _TANDEM_SOURCE 1
#define HAVE_DLFCN_H 1
#define LT_OBJDIR ".libs/"
#define SIZEOF_UNSIGNED_SHORT 2
#define SIZEOF_UNSIGNED_INT 4
#define SIZEOF_UNSIGNED_LONG 4
#define SIZEOF_UNSIGNED_LONG_LONG 8
#define HAVE_UINTPTR_T 1
#define EGD_SOCKET_NAME ""
#define ENABLE_PADLOCK_SUPPORT 1
#define ENABLE_AESNI_SUPPORT 1
#define PRINTABLE_OS_NAME "GNU/Linux"
#define NAME_OF_DEV_RANDOM "/dev/random"
#define NAME_OF_DEV_URANDOM "/dev/urandom"
#define GPG_ERR_SOURCE_DEFAULT GPG_ERR_SOURCE_GCRYPT
#define STDC_HEADERS 1
#define HAVE_UNISTD_H 1
#define HAVE_SYS_SELECT_H 1
#define HAVE_SYS_MSG_H 1
#define RETSIGTYPE void
#define HAVE_DECL_SYS_SIGLIST 1
#define HAVE_USHORT_TYPEDEF 1
#define HAVE_ULONG_TYPEDEF 1
#define HAVE_SYS_SOCKET_H 1
#define GCRY_USE_VISIBILITY 1
#define HAVE_VPRINTF 1
#define HAVE_STPCPY 1
#define HAVE_STRCASECMP 1
#define HAVE_STRTOUL 1
#define HAVE_MEMMOVE 1
#define HAVE_ATEXIT 1
#define HAVE_RAISE 1
#define HAVE_STRERROR 1
#define HAVE_RAND 1
#define HAVE_MMAP 1
#define HAVE_GETPAGESIZE 1
#define HAVE_SYSCONF 1
#define HAVE_WAITPID 1
#define HAVE_WAIT4 1
#define HAVE_GETTIMEOFDAY 1
#define HAVE_GETRUSAGE 1
#define HAVE_SYSLOG 1
#define HAVE_FCNTL 1
#define HAVE_FTRUNCATE 1
#define HAVE_MLOCK 1
#define HAVE_SYSCONF 1
#define HAVE_GETPAGESIZE 1
#define HAVE_GETPID 1
#define HAVE_CLOCK 1
#define HAVE_DEV_RANDOM 1
#define USE_ARCFOUR 1
#define USE_BLOWFISH 1
#define USE_CAST5 1
#define USE_DES 1
#define USE_AES 1
#define USE_TWOFISH 1
#define USE_SERPENT 1
#define USE_RFC2268 1
#define USE_SEED 1
#define USE_CAMELLIA 1
#define USE_DSA 1
#define USE_RSA 1
#define USE_ELGAMAL 1
#define USE_ECC 1
#define USE_CRC 1
#define USE_MD4 1
#define USE_MD5 1
#define USE_SHA256 1
#define USE_SHA512 1
#define USE_TIGER 1
#define USE_WHIRLPOOL 1
#define USE_RMD160 1
#define USE_SHA1 1
#define USE_RNDLINUX 1
#define LIBGCRYPT_CIPHERS "arcfour:blowfish:cast5:des:aes:twofish:serpent:rfc2268:seed:camellia"
#define LIBGCRYPT_PUBKEY_CIPHERS "dsa:elgamal:rsa:ecc"
#define LIBGCRYPT_DIGESTS "crc:md4:md5:rmd160:sha1:sha256:sha512:tiger:whirlpool"
#define BUILD_REVISION "0"

configure: exit 0
