This file contains any messages produced by compilers while
running configure, to aid debugging if configure makes a mistake.

It was created by GNU Automake configure 1.11.1, which was
generated by GNU Autoconf 2.65.  Invocation command line was

  $ ./configure --disable-static

## --------- ##
## Platform. ##
## --------- ##

hostname = tjw-pc
uname -m = arm
uname -r = 2.6.38-11-generic
uname -s = Linux
uname -v = #48-Ubuntu SMP Fri Jul 29 19:02:55 UTC 2011

/usr/bin/uname -p = unknown
/bin/uname -X     = unknown

/bin/arch              = arm
/usr/bin/arch -k       = arm
/usr/convex/getsysinfo = unknown
/usr/bin/hostinfo      = unknown
/bin/machine           = unknown
/usr/bin/oslevel       = unknown
/bin/universe          = unknown

PATH: /home/tjw/kindle/tjKindle
PATH: /usr/local/bin
PATH: /usr/local/bin
PATH: /host_usr/bin
PATH: /scratchbox/devkits/svn/bin
PATH: /scratchbox/devkits/qemu/bin
PATH: /scratchbox/devkits/perl/bin
PATH: /scratchbox/devkits/git/bin
PATH: /scratchbox/devkits/doctools/bin
PATH: /scratchbox/tools/bin
PATH: /targets/links/arch_tools/bin
PATH: /scratchbox/compilers/bin
PATH: /bin
PATH: /usr/bin
PATH: /usr/local/bin
PATH: /usr/X11R6/bin
PATH: /sbin
PATH: /usr/sbin


## ----------- ##
## Core tests. ##
## ----------- ##

configure:1722: checking build system type
configure:1736: result: arm-unknown-linux-gnueabi
configure:1781: checking for a BSD-compatible install
configure:1849: result: /scratchbox/tools/bin/install -c
configure:1860: checking whether build environment is sane
configure:1910: result: yes
configure:2051: checking for a thread-safe mkdir -p
configure:2090: result: /scratchbox/tools/bin/mkdir -p
configure:2103: checking for gawk
configure:2119: found /scratchbox/tools/bin/gawk
configure:2130: result: gawk
configure:2141: checking whether make sets $(MAKE)
configure:2163: result: yes
configure:2265: checking for perl
configure:2283: found /scratchbox/tools/bin/perl
configure:2295: result: /scratchbox/tools/bin/perl
configure:2314: checking whether /scratchbox/tools/bin/perl supports ithreads
configure:2337: result: yes
configure:2349: checking for tex
configure:2365: found /scratchbox/devkits/doctools/bin/tex
configure:2376: result: tex
configure:2396: checking whether autoconf is installed
configure:2401: eval autoconf --version
autoconf (GNU Autoconf) 2.68
Copyright (C) 2010 Free Software Foundation, Inc.
License GPLv3+/Autoconf: GNU GPL version 3 or later
<http://gnu.org/licenses/gpl.html>, <http://gnu.org/licenses/exceptions.html>
This is free software: you are free to change and redistribute it.
There is NO WARRANTY, to the extent permitted by law.

Written by David J. MacKenzie and Akim Demaille.
configure:2404: $? = 0
configure:2412: result: yes
configure:2419: checking whether autoconf works
configure:2426: cd conftest && eval autoconf -o /dev/null conftest.ac
configure:2429: $? = 0
configure:2438: result: yes
configure:2445: checking whether autoconf is recent enough
configure:2452: cd conftest && eval autoconf -o /dev/null conftest.ac
configure:2455: $? = 0
configure:2464: result: yes
configure:2471: checking whether ln works
configure:2491: result: yes
configure:2506: checking for grep that handles long lines and -e
configure:2564: result: /scratchbox/tools/bin/grep
configure:2569: checking for egrep
configure:2631: result: /scratchbox/tools/bin/grep -E
configure:2636: checking for fgrep
configure:2698: result: /scratchbox/tools/bin/grep -F
configure:2704: checking whether /bin/sh has working 'set -e' with exit trap
configure:2717: result: yes
configure:2876: creating ./config.status

## ---------------------- ##
## Running config.status. ##
## ---------------------- ##

This file was extended by GNU Automake config.status 1.11.1, which was
generated by GNU Autoconf 2.65.  Invocation command line was

  CONFIG_FILES    = 
  CONFIG_HEADERS  = 
  CONFIG_LINKS    = 
  CONFIG_COMMANDS = 
  $ ./config.status 

on tjw-pc

config.status:776: creating Makefile
config.status:776: creating doc/Makefile
config.status:776: creating lib/Automake/Makefile
config.status:776: creating lib/Automake/tests/Makefile
config.status:776: creating lib/Makefile
config.status:776: creating lib/am/Makefile
config.status:776: creating m4/Makefile
config.status:776: creating tests/Makefile
config.status:776: creating tests/defs
config.status:776: creating tests/aclocal-1.11
config.status:776: creating tests/automake-1.11
configure:3908: WARNING: unrecognized options: --disable-static

## ---------------- ##
## Cache variables. ##
## ---------------- ##

ac_cv_build=arm-unknown-linux-gnueabi
ac_cv_env_build_alias_set=
ac_cv_env_build_alias_value=
ac_cv_env_host_alias_set=
ac_cv_env_host_alias_value=
ac_cv_env_target_alias_set=
ac_cv_env_target_alias_value=
ac_cv_path_EGREP='/scratchbox/tools/bin/grep -E'
ac_cv_path_FGREP='/scratchbox/tools/bin/grep -F'
ac_cv_path_GREP=/scratchbox/tools/bin/grep
ac_cv_path_PERL=/scratchbox/tools/bin/perl
ac_cv_path_install='/scratchbox/tools/bin/install -c'
ac_cv_path_mkdir=/scratchbox/tools/bin/mkdir
ac_cv_prog_AWK=gawk
ac_cv_prog_TEX=tex
ac_cv_prog_make_make_set=yes
am_cv_autoconf_installed=yes
am_cv_autoconf_version=yes
am_cv_autoconf_works=yes
am_cv_prog_PERL_ithreads=yes
am_cv_prog_ln=ln
am_cv_sh_errexit_works=yes

## ----------------- ##
## Output variables. ##
## ----------------- ##

ACLOCAL='perllibdir="/home/tjw/tjKindle/autotools/automake-1.11.1/lib:./lib" "/home/tjw/tjKindle/autotools/automake-1.11.1/aclocal" --acdir=m4 -I m4'
AMTAR='${SHELL} /home/tjw/tjKindle/autotools/automake-1.11.1/lib/missing --run tar'
APIVERSION='1.11'
AUTOCONF='${SHELL} /home/tjw/tjKindle/autotools/automake-1.11.1/lib/missing --run autoconf'
AUTOHEADER='${SHELL} /home/tjw/tjKindle/autotools/automake-1.11.1/lib/missing --run autoheader'
AUTOMAKE='perllibdir="/home/tjw/tjKindle/autotools/automake-1.11.1/lib:./lib" "/home/tjw/tjKindle/autotools/automake-1.11.1/automake" --libdir=lib'
AWK='gawk'
CYGPATH_W='echo'
DEFS='-DPACKAGE_NAME=\"GNU\ Automake\" -DPACKAGE_TARNAME=\"automake\" -DPACKAGE_VERSION=\"1.11.1\" -DPACKAGE_STRING=\"GNU\ Automake\ 1.11.1\" -DPACKAGE_BUGREPORT=\"bug-automake@gnu.org\" -DPACKAGE_URL=\"http://www.gnu.org/software/automake/\" -DPACKAGE=\"automake\" -DVERSION=\"1.11.1\"'
ECHO_C=''
ECHO_N='-n'
ECHO_T=''
EGREP='/scratchbox/tools/bin/grep -E'
FGREP='/scratchbox/tools/bin/grep -F'
GREP='/scratchbox/tools/bin/grep'
HELP2MAN='${SHELL} /home/tjw/tjKindle/autotools/automake-1.11.1/lib/missing --run help2man'
INSTALL_DATA='${INSTALL} -m 644'
INSTALL_PROGRAM='${INSTALL}'
INSTALL_SCRIPT='${INSTALL}'
INSTALL_STRIP_PROGRAM='$(install_sh) -c -s'
LIBOBJS=''
LIBS=''
LN='ln'
LTLIBOBJS=''
MAKEINFO='${SHELL} /home/tjw/tjKindle/autotools/automake-1.11.1/lib/missing --run makeinfo'
MKDIR_P='/scratchbox/tools/bin/mkdir -p'
MODIFICATION_DELAY='2'
PACKAGE='automake'
PACKAGE_BUGREPORT='bug-automake@gnu.org'
PACKAGE_NAME='GNU Automake'
PACKAGE_STRING='GNU Automake 1.11.1'
PACKAGE_TARNAME='automake'
PACKAGE_URL='http://www.gnu.org/software/automake/'
PACKAGE_VERSION='1.11.1'
PATH_SEPARATOR=':'
PERL='/scratchbox/tools/bin/perl'
PERL_THREADS='1'
SET_MAKE=''
SHELL='/bin/sh'
STRIP=''
TEX='tex'
VERSION='1.11.1'
am_AUTOCONF='autoconf'
am_AUTOHEADER='autoheader'
am__isrc=''
am__leading_dot='.'
am__tar='${AMTAR} chof - "$$tardir"'
am__untar='${AMTAR} xf -'
bindir='${exec_prefix}/bin'
build='arm-unknown-linux-gnueabi'
build_alias=''
build_cpu='arm'
build_os='linux-gnueabi'
build_vendor='unknown'
datadir='${datarootdir}'
datarootdir='${prefix}/share'
docdir='${datarootdir}/doc/${PACKAGE_TARNAME}'
dvidir='${docdir}'
exec_prefix='${prefix}'
host_alias=''
htmldir='${docdir}'
includedir='${prefix}/include'
infodir='${datarootdir}/info'
install_sh='${SHELL} /home/tjw/tjKindle/autotools/automake-1.11.1/lib/install-sh'
libdir='${exec_prefix}/lib'
libexecdir='${exec_prefix}/libexec'
localedir='${datarootdir}/locale'
localstatedir='${prefix}/var'
mandir='${datarootdir}/man'
mkdir_p='/scratchbox/tools/bin/mkdir -p'
oldincludedir='/usr/include'
pdfdir='${docdir}'
pkgvdatadir='${datadir}/automake-1.11'
prefix='/usr/local'
program_transform_name='s,x,x,'
psdir='${docdir}'
sbindir='${exec_prefix}/sbin'
sh_errexit_works='yes'
sharedstatedir='${prefix}/com'
sysconfdir='${prefix}/etc'
target_alias=''

## ----------- ##
## confdefs.h. ##
## ----------- ##

/* confdefs.h */
#define PACKAGE_NAME "GNU Automake"
#define PACKAGE_TARNAME "automake"
#define PACKAGE_VERSION "1.11.1"
#define PACKAGE_STRING "GNU Automake 1.11.1"
#define PACKAGE_BUGREPORT "bug-automake@gnu.org"
#define PACKAGE_URL "http://www.gnu.org/software/automake/"
#define PACKAGE "automake"
#define VERSION "1.11.1"

configure: exit 0
