This file contains any messages produced by compilers while
running configure, to aid debugging if configure makes a mistake.

It was created by p11-kit configure 0.5, which was
generated by GNU Autoconf 2.68.  Invocation command line was

  $ ./configure --disable-static

## --------- ##
## Platform. ##
## --------- ##

hostname = tjw-pc
uname -m = arm
uname -r = 2.6.38-11-generic
uname -s = Linux
uname -v = #48-Ubuntu SMP Fri Jul 29 19:02:55 UTC 2011

/usr/bin/uname -p = unknown
/bin/uname -X     = unknown

/bin/arch              = arm
/usr/bin/arch -k       = arm
/usr/convex/getsysinfo = unknown
/usr/bin/hostinfo      = unknown
/bin/machine           = unknown
/usr/bin/oslevel       = unknown
/bin/universe          = unknown

PATH: /home/tjw/kindle/tjKindle
PATH: /usr/local/bin
PATH: /usr/local/bin
PATH: /host_usr/bin
PATH: /scratchbox/devkits/svn/bin
PATH: /scratchbox/devkits/qemu/bin
PATH: /scratchbox/devkits/perl/bin
PATH: /scratchbox/devkits/git/bin
PATH: /scratchbox/devkits/doctools/bin
PATH: /scratchbox/tools/bin
PATH: /targets/links/arch_tools/bin
PATH: /scratchbox/compilers/bin
PATH: /bin
PATH: /usr/bin
PATH: /usr/local/bin
PATH: /usr/X11R6/bin
PATH: /sbin
PATH: /usr/sbin


## ----------- ##
## Core tests. ##
## ----------- ##

configure:2295: checking for a BSD-compatible install
configure:2363: result: /scratchbox/tools/bin/install -c
configure:2374: checking whether build environment is sane
configure:2424: result: yes
configure:2565: checking for a thread-safe mkdir -p
configure:2604: result: /scratchbox/tools/bin/mkdir -p
configure:2617: checking for gawk
configure:2633: found /scratchbox/tools/bin/gawk
configure:2644: result: gawk
configure:2655: checking whether make sets $(MAKE)
configure:2677: result: yes
configure:2757: checking whether build environment is sane
configure:2807: result: yes
configure:2810: checking whether to disable maintainer-specific portions of Makefiles
configure:2819: result: yes
configure:2874: checking build system type
configure:2888: result: arm-unknown-linux-gnueabi
configure:2908: checking host system type
configure:2921: result: arm-unknown-linux-gnueabi
configure:2962: checking how to print strings
configure:2989: result: printf
configure:3022: checking for style of include used by make
configure:3050: result: GNU
configure:3120: checking for gcc
configure:3136: found /scratchbox/compilers/bin/gcc
configure:3147: result: gcc
configure:3376: checking for C compiler version
configure:3385: gcc --version >&5
sbox-arm-none-linux-gnueabi-gcc (GCC) 4.2.1
Copyright (C) 2007 Free Software Foundation, Inc.
This is free software; see the source for copying conditions.  There is NO
warranty; not even for MERCHANTABILITY or FITNESS FOR A PARTICULAR PURPOSE.

configure:3396: $? = 0
configure:3385: gcc -v >&5
Using built-in specs.
Reading specs from /scratchbox/compilers/cs2007q3-glibc2.5-arm6/gcc.specs
rename spec cpp to old_cpp
rename spec cc1 to old_cc1
rename spec cc1plus to old_cc1plus
rename spec link to old_link
Target: arm-none-linux-gnueabi
Configured with: /home/jhakala/cs2007q3-sb4/arm/src/gcc-4.2/configure --build=i686-pc-linux-gnu --host=i686-pc-linux-gnu --target=arm-none-linux-gnueabi --enable-threads --disable-libmudflap --disable-libssp --disable-libgomp --disable-libstdcxx-pch --with-gnu-as --with-gnu-ld --enable-languages=c,c++ --enable-shared --enable-symvers=gnu --enable-__cxa_atexit --disable-nls --prefix=/opt/maemo --with-sysroot=/opt/maemo/arm-none-linux-gnueabi/libc --with-build-sysroot=/home/jhakala/cs2007q3-sb4/arm/install/arm-none-linux-gnueabi/libc --with-build-time-tools=/home/jhakala/cs2007q3-sb4/arm/install/arm-none-linux-gnueabi/bin
Thread model: posix
gcc version 4.2.1
configure:3396: $? = 0
configure:3385: gcc -V >&5
sbox-arm-none-linux-gnueabi-gcc: '-V' must come at the start of the command line
configure:3396: $? = 1
configure:3385: gcc -qversion >&5
sbox-arm-none-linux-gnueabi-gcc: unrecognized option '-qversion'
sbox-arm-none-linux-gnueabi-gcc: no input files
configure:3396: $? = 1
configure:3416: checking whether the C compiler works
configure:3438: gcc -O2 -march=armv6j -mtune=arm1136jf-s -pipe -fomit-frame-pointer -fno-stack-protector   conftest.c  >&5
configure:3442: $? = 0
configure:3490: result: yes
configure:3493: checking for C compiler default output file name
configure:3495: result: a.out
configure:3501: checking for suffix of executables
configure:3508: gcc -o conftest -O2 -march=armv6j -mtune=arm1136jf-s -pipe -fomit-frame-pointer -fno-stack-protector   conftest.c  >&5
configure:3512: $? = 0
configure:3534: result: 
configure:3556: checking whether we are cross compiling
configure:3564: gcc -o conftest -O2 -march=armv6j -mtune=arm1136jf-s -pipe -fomit-frame-pointer -fno-stack-protector   conftest.c  >&5
configure:3568: $? = 0
configure:3575: ./conftest
configure:3579: $? = 0
configure:3594: result: no
configure:3599: checking for suffix of object files
configure:3621: gcc -c -O2 -march=armv6j -mtune=arm1136jf-s -pipe -fomit-frame-pointer -fno-stack-protector  conftest.c >&5
configure:3625: $? = 0
configure:3646: result: o
configure:3650: checking whether we are using the GNU C compiler
configure:3669: gcc -c -O2 -march=armv6j -mtune=arm1136jf-s -pipe -fomit-frame-pointer -fno-stack-protector  conftest.c >&5
configure:3669: $? = 0
configure:3678: result: yes
configure:3687: checking whether gcc accepts -g
configure:3707: gcc -c -g  conftest.c >&5
configure:3707: $? = 0
configure:3748: result: yes
configure:3765: checking for gcc option to accept ISO C89
configure:3829: gcc  -c -O2 -march=armv6j -mtune=arm1136jf-s -pipe -fomit-frame-pointer -fno-stack-protector  conftest.c >&5
configure:3829: $? = 0
configure:3842: result: none needed
configure:3864: checking dependency style of gcc
configure:3974: result: gcc3
configure:3989: checking for a sed that does not truncate output
configure:4053: result: /scratchbox/tools/bin/sed
configure:4071: checking for grep that handles long lines and -e
configure:4129: result: /scratchbox/tools/bin/grep
configure:4134: checking for egrep
configure:4196: result: /scratchbox/tools/bin/grep -E
configure:4201: checking for fgrep
configure:4263: result: /scratchbox/tools/bin/grep -F
configure:4298: checking for ld used by gcc
configure:4365: result: /scratchbox/compilers/cs2007q3-glibc2.5-arm6/arm-none-linux-gnueabi/bin/ld
configure:4372: checking if the linker (/scratchbox/compilers/cs2007q3-glibc2.5-arm6/arm-none-linux-gnueabi/bin/ld) is GNU ld
configure:4387: result: yes
configure:4399: checking for BSD- or MS-compatible name lister (nm)
configure:4448: result: /scratchbox/compilers/bin/nm -B
configure:4578: checking the name lister (/scratchbox/compilers/bin/nm -B) interface
configure:4585: gcc -c -O2 -march=armv6j -mtune=arm1136jf-s -pipe -fomit-frame-pointer -fno-stack-protector  conftest.c >&5
configure:4588: /scratchbox/compilers/bin/nm -B "conftest.o"
configure:4591: output
00000000 B some_variable
configure:4598: result: BSD nm
configure:4601: checking whether ln -s works
configure:4605: result: yes
configure:4613: checking the maximum length of command line arguments
configure:4738: result: 98304
configure:4755: checking whether the shell understands some XSI constructs
configure:4765: result: yes
configure:4769: checking whether the shell understands "+="
configure:4775: result: no
configure:4810: checking how to convert arm-unknown-linux-gnueabi file names to arm-unknown-linux-gnueabi format
configure:4850: result: func_convert_file_noop
configure:4857: checking how to convert arm-unknown-linux-gnueabi file names to toolchain format
configure:4877: result: func_convert_file_noop
configure:4884: checking for /scratchbox/compilers/cs2007q3-glibc2.5-arm6/arm-none-linux-gnueabi/bin/ld option to reload object files
configure:4891: result: -r
configure:4965: checking for objdump
configure:4981: found /scratchbox/compilers/bin/objdump
configure:4992: result: objdump
configure:5024: checking how to recognize dependent libraries
configure:5226: result: pass_all
configure:5311: checking for dlltool
configure:5327: found /scratchbox/compilers/bin/dlltool
configure:5338: result: dlltool
configure:5371: checking how to associate runtime and link libraries
configure:5398: result: printf %s\n
configure:5459: checking for ar
configure:5475: found /scratchbox/compilers/bin/ar
configure:5486: result: ar
configure:5523: checking for archiver @FILE support
configure:5540: gcc -c -O2 -march=armv6j -mtune=arm1136jf-s -pipe -fomit-frame-pointer -fno-stack-protector  conftest.c >&5
configure:5540: $? = 0
configure:5543: ar cru libconftest.a @conftest.lst >&5
configure:5546: $? = 0
configure:5551: ar cru libconftest.a @conftest.lst >&5
/scratchbox/compilers/cs2007q3-glibc2.5-arm6/bin/sbox-arm-none-linux-gnueabi-ar: conftest.o: No such file or directory
configure:5554: $? = 1
configure:5566: result: @
configure:5624: checking for strip
configure:5640: found /scratchbox/compilers/bin/strip
configure:5651: result: strip
configure:5723: checking for ranlib
configure:5739: found /scratchbox/compilers/bin/ranlib
configure:5750: result: ranlib
configure:5852: checking command to parse /scratchbox/compilers/bin/nm -B output from gcc object
configure:5971: gcc -c -O2 -march=armv6j -mtune=arm1136jf-s -pipe -fomit-frame-pointer -fno-stack-protector  conftest.c >&5
configure:5974: $? = 0
configure:5978: /scratchbox/compilers/bin/nm -B conftest.o \| sed -n -e 's/^.*[ ]\([ABCDGIRSTW][ABCDGIRSTW]*\)[ ][ ]*\([_A-Za-z][_A-Za-z0-9]*\)$/\1 \2 \2/p' | sed '/ __gnu_lto/d' \> conftest.nm
configure:5981: $? = 0
configure:6047: gcc -o conftest -O2 -march=armv6j -mtune=arm1136jf-s -pipe -fomit-frame-pointer -fno-stack-protector   conftest.c conftstm.o >&5
configure:6050: $? = 0
configure:6088: result: ok
configure:6125: checking for sysroot
configure:6155: result: no
configure:6398: checking for mt
configure:6428: result: no
configure:6448: checking if : is a manifest tool
configure:6454: : '-?'
configure:6462: result: no
configure:7094: checking how to run the C preprocessor
configure:7125: gcc -E  conftest.c
configure:7125: $? = 0
configure:7139: gcc -E  conftest.c
conftest.c:11:28: error: ac_nonexistent.h: No such file or directory
configure:7139: $? = 1
configure: failed program was:
| /* confdefs.h */
| #define PACKAGE_NAME "p11-kit"
| #define PACKAGE_TARNAME "p11-kit"
| #define PACKAGE_VERSION "0.5"
| #define PACKAGE_STRING "p11-kit 0.5"
| #define PACKAGE_BUGREPORT "https://bugs.freedesktop.org/enter_bug.cgi?product=p11-glue"
| #define PACKAGE_URL "http://p11-glue.freedesktop.org/p11-kit.html"
| #define PACKAGE "p11-kit"
| #define VERSION "0.5"
| /* end confdefs.h.  */
| #include <ac_nonexistent.h>
configure:7164: result: gcc -E
configure:7184: gcc -E  conftest.c
configure:7184: $? = 0
configure:7198: gcc -E  conftest.c
conftest.c:11:28: error: ac_nonexistent.h: No such file or directory
configure:7198: $? = 1
configure: failed program was:
| /* confdefs.h */
| #define PACKAGE_NAME "p11-kit"
| #define PACKAGE_TARNAME "p11-kit"
| #define PACKAGE_VERSION "0.5"
| #define PACKAGE_STRING "p11-kit 0.5"
| #define PACKAGE_BUGREPORT "https://bugs.freedesktop.org/enter_bug.cgi?product=p11-glue"
| #define PACKAGE_URL "http://p11-glue.freedesktop.org/p11-kit.html"
| #define PACKAGE "p11-kit"
| #define VERSION "0.5"
| /* end confdefs.h.  */
| #include <ac_nonexistent.h>
configure:7227: checking for ANSI C header files
configure:7247: gcc -c -O2 -march=armv6j -mtune=arm1136jf-s -pipe -fomit-frame-pointer -fno-stack-protector  conftest.c >&5
configure:7247: $? = 0
configure:7320: gcc -o conftest -O2 -march=armv6j -mtune=arm1136jf-s -pipe -fomit-frame-pointer -fno-stack-protector   conftest.c  >&5
configure:7320: $? = 0
configure:7320: ./conftest
configure:7320: $? = 0
configure:7331: result: yes
configure:7344: checking for sys/types.h
configure:7344: gcc -c -O2 -march=armv6j -mtune=arm1136jf-s -pipe -fomit-frame-pointer -fno-stack-protector  conftest.c >&5
configure:7344: $? = 0
configure:7344: result: yes
configure:7344: checking for sys/stat.h
configure:7344: gcc -c -O2 -march=armv6j -mtune=arm1136jf-s -pipe -fomit-frame-pointer -fno-stack-protector  conftest.c >&5
configure:7344: $? = 0
configure:7344: result: yes
configure:7344: checking for stdlib.h
configure:7344: gcc -c -O2 -march=armv6j -mtune=arm1136jf-s -pipe -fomit-frame-pointer -fno-stack-protector  conftest.c >&5
configure:7344: $? = 0
configure:7344: result: yes
configure:7344: checking for string.h
configure:7344: gcc -c -O2 -march=armv6j -mtune=arm1136jf-s -pipe -fomit-frame-pointer -fno-stack-protector  conftest.c >&5
configure:7344: $? = 0
configure:7344: result: yes
configure:7344: checking for memory.h
configure:7344: gcc -c -O2 -march=armv6j -mtune=arm1136jf-s -pipe -fomit-frame-pointer -fno-stack-protector  conftest.c >&5
configure:7344: $? = 0
configure:7344: result: yes
configure:7344: checking for strings.h
configure:7344: gcc -c -O2 -march=armv6j -mtune=arm1136jf-s -pipe -fomit-frame-pointer -fno-stack-protector  conftest.c >&5
configure:7344: $? = 0
configure:7344: result: yes
configure:7344: checking for inttypes.h
configure:7344: gcc -c -O2 -march=armv6j -mtune=arm1136jf-s -pipe -fomit-frame-pointer -fno-stack-protector  conftest.c >&5
configure:7344: $? = 0
configure:7344: result: yes
configure:7344: checking for stdint.h
configure:7344: gcc -c -O2 -march=armv6j -mtune=arm1136jf-s -pipe -fomit-frame-pointer -fno-stack-protector  conftest.c >&5
configure:7344: $? = 0
configure:7344: result: yes
configure:7344: checking for unistd.h
configure:7344: gcc -c -O2 -march=armv6j -mtune=arm1136jf-s -pipe -fomit-frame-pointer -fno-stack-protector  conftest.c >&5
configure:7344: $? = 0
configure:7344: result: yes
configure:7358: checking for dlfcn.h
configure:7358: gcc -c -O2 -march=armv6j -mtune=arm1136jf-s -pipe -fomit-frame-pointer -fno-stack-protector  conftest.c >&5
configure:7358: $? = 0
configure:7358: result: yes
configure:7543: checking for objdir
configure:7558: result: .libs
configure:7829: checking if gcc supports -fno-rtti -fno-exceptions
configure:7847: gcc -c -O2 -march=armv6j -mtune=arm1136jf-s -pipe -fomit-frame-pointer -fno-stack-protector  -fno-rtti -fno-exceptions conftest.c >&5
cc1: warning: command line option "-fno-rtti" is valid for C++/ObjC++ but not for C
cc1: warning: command line option "-fno-rtti" is valid for C++/ObjC++ but not for C
configure:7851: $? = 0
configure:7864: result: no
configure:8174: checking for gcc option to produce PIC
configure:8181: result: -fPIC -DPIC
configure:8189: checking if gcc PIC flag -fPIC -DPIC works
configure:8207: gcc -c -O2 -march=armv6j -mtune=arm1136jf-s -pipe -fomit-frame-pointer -fno-stack-protector  -fPIC -DPIC -DPIC conftest.c >&5
configure:8211: $? = 0
configure:8224: result: yes
configure:8253: checking if gcc static flag -static works
configure:8281: result: yes
configure:8296: checking if gcc supports -c -o file.o
configure:8317: gcc -c -O2 -march=armv6j -mtune=arm1136jf-s -pipe -fomit-frame-pointer -fno-stack-protector  -o out/conftest2.o conftest.c >&5
configure:8321: $? = 0
configure:8343: result: yes
configure:8351: checking if gcc supports -c -o file.o
configure:8398: result: yes
configure:8431: checking whether the gcc linker (/scratchbox/compilers/cs2007q3-glibc2.5-arm6/arm-none-linux-gnueabi/bin/ld) supports shared libraries
configure:9589: result: yes
configure:9626: checking whether -lc should be explicitly linked in
configure:9634: gcc -c -O2 -march=armv6j -mtune=arm1136jf-s -pipe -fomit-frame-pointer -fno-stack-protector  conftest.c >&5
configure:9637: $? = 0
configure:9652: gcc -shared  -fPIC -DPIC conftest.o  -v -Wl,-soname -Wl,conftest -o conftest 2\>\&1 \| /scratchbox/tools/bin/grep  -lc  \>/dev/null 2\>\&1
configure:9655: $? = 0
configure:9669: result: no
configure:9834: checking dynamic linker characteristics
configure:10348: gcc -o conftest -O2 -march=armv6j -mtune=arm1136jf-s -pipe -fomit-frame-pointer -fno-stack-protector   -Wl,-rpath -Wl,/foo conftest.c  >&5
configure:10348: $? = 0
configure:10574: result: GNU/Linux ld.so
configure:10681: checking how to hardcode library paths into programs
configure:10706: result: immediate
configure:10800: checking for shl_load
configure:10800: gcc -o conftest -O2 -march=armv6j -mtune=arm1136jf-s -pipe -fomit-frame-pointer -fno-stack-protector   conftest.c  >&5
/tmp/cc7FziJT.o: In function `main':
conftest.c:(.text+0x4): undefined reference to `shl_load'
collect2: ld returned 1 exit status
configure:10800: $? = 1
configure: failed program was:
| /* confdefs.h */
| #define PACKAGE_NAME "p11-kit"
| #define PACKAGE_TARNAME "p11-kit"
| #define PACKAGE_VERSION "0.5"
| #define PACKAGE_STRING "p11-kit 0.5"
| #define PACKAGE_BUGREPORT "https://bugs.freedesktop.org/enter_bug.cgi?product=p11-glue"
| #define PACKAGE_URL "http://p11-glue.freedesktop.org/p11-kit.html"
| #define PACKAGE "p11-kit"
| #define VERSION "0.5"
| #define STDC_HEADERS 1
| #define HAVE_SYS_TYPES_H 1
| #define HAVE_SYS_STAT_H 1
| #define HAVE_STDLIB_H 1
| #define HAVE_STRING_H 1
| #define HAVE_MEMORY_H 1
| #define HAVE_STRINGS_H 1
| #define HAVE_INTTYPES_H 1
| #define HAVE_STDINT_H 1
| #define HAVE_UNISTD_H 1
| #define HAVE_DLFCN_H 1
| #define LT_OBJDIR ".libs/"
| /* end confdefs.h.  */
| /* Define shl_load to an innocuous variant, in case <limits.h> declares shl_load.
|    For example, HP-UX 11i <limits.h> declares gettimeofday.  */
| #define shl_load innocuous_shl_load
| 
| /* System header to define __stub macros and hopefully few prototypes,
|     which can conflict with char shl_load (); below.
|     Prefer <limits.h> to <assert.h> if __STDC__ is defined, since
|     <limits.h> exists even on freestanding compilers.  */
| 
| #ifdef __STDC__
| # include <limits.h>
| #else
| # include <assert.h>
| #endif
| 
| #undef shl_load
| 
| /* Override any GCC internal prototype to avoid an error.
|    Use char because int might match the return type of a GCC
|    builtin and then its argument prototype would still apply.  */
| #ifdef __cplusplus
| extern "C"
| #endif
| char shl_load ();
| /* The GNU C library defines this for functions which it implements
|     to always fail with ENOSYS.  Some functions are actually named
|     something starting with __ and the normal name is an alias.  */
| #if defined __stub_shl_load || defined __stub___shl_load
| choke me
| #endif
| 
| int
| main ()
| {
| return shl_load ();
|   ;
|   return 0;
| }
configure:10800: result: no
configure:10804: checking for shl_load in -ldld
configure:10829: gcc -o conftest -O2 -march=armv6j -mtune=arm1136jf-s -pipe -fomit-frame-pointer -fno-stack-protector   conftest.c -ldld   >&5
/scratchbox/compilers/cs2007q3-glibc2.5-arm6/bin/../lib/gcc/arm-none-linux-gnueabi/4.2.1/../../../../arm-none-linux-gnueabi/bin/ld: cannot find -ldld
collect2: ld returned 1 exit status
configure:10829: $? = 1
configure: failed program was:
| /* confdefs.h */
| #define PACKAGE_NAME "p11-kit"
| #define PACKAGE_TARNAME "p11-kit"
| #define PACKAGE_VERSION "0.5"
| #define PACKAGE_STRING "p11-kit 0.5"
| #define PACKAGE_BUGREPORT "https://bugs.freedesktop.org/enter_bug.cgi?product=p11-glue"
| #define PACKAGE_URL "http://p11-glue.freedesktop.org/p11-kit.html"
| #define PACKAGE "p11-kit"
| #define VERSION "0.5"
| #define STDC_HEADERS 1
| #define HAVE_SYS_TYPES_H 1
| #define HAVE_SYS_STAT_H 1
| #define HAVE_STDLIB_H 1
| #define HAVE_STRING_H 1
| #define HAVE_MEMORY_H 1
| #define HAVE_STRINGS_H 1
| #define HAVE_INTTYPES_H 1
| #define HAVE_STDINT_H 1
| #define HAVE_UNISTD_H 1
| #define HAVE_DLFCN_H 1
| #define LT_OBJDIR ".libs/"
| /* end confdefs.h.  */
| 
| /* Override any GCC internal prototype to avoid an error.
|    Use char because int might match the return type of a GCC
|    builtin and then its argument prototype would still apply.  */
| #ifdef __cplusplus
| extern "C"
| #endif
| char shl_load ();
| int
| main ()
| {
| return shl_load ();
|   ;
|   return 0;
| }
configure:10838: result: no
configure:10843: checking for dlopen
configure:10843: gcc -o conftest -O2 -march=armv6j -mtune=arm1136jf-s -pipe -fomit-frame-pointer -fno-stack-protector   conftest.c  >&5
/tmp/cc5CbAM0.o: In function `main':
conftest.c:(.text+0x4): undefined reference to `dlopen'
collect2: ld returned 1 exit status
configure:10843: $? = 1
configure: failed program was:
| /* confdefs.h */
| #define PACKAGE_NAME "p11-kit"
| #define PACKAGE_TARNAME "p11-kit"
| #define PACKAGE_VERSION "0.5"
| #define PACKAGE_STRING "p11-kit 0.5"
| #define PACKAGE_BUGREPORT "https://bugs.freedesktop.org/enter_bug.cgi?product=p11-glue"
| #define PACKAGE_URL "http://p11-glue.freedesktop.org/p11-kit.html"
| #define PACKAGE "p11-kit"
| #define VERSION "0.5"
| #define STDC_HEADERS 1
| #define HAVE_SYS_TYPES_H 1
| #define HAVE_SYS_STAT_H 1
| #define HAVE_STDLIB_H 1
| #define HAVE_STRING_H 1
| #define HAVE_MEMORY_H 1
| #define HAVE_STRINGS_H 1
| #define HAVE_INTTYPES_H 1
| #define HAVE_STDINT_H 1
| #define HAVE_UNISTD_H 1
| #define HAVE_DLFCN_H 1
| #define LT_OBJDIR ".libs/"
| /* end confdefs.h.  */
| /* Define dlopen to an innocuous variant, in case <limits.h> declares dlopen.
|    For example, HP-UX 11i <limits.h> declares gettimeofday.  */
| #define dlopen innocuous_dlopen
| 
| /* System header to define __stub macros and hopefully few prototypes,
|     which can conflict with char dlopen (); below.
|     Prefer <limits.h> to <assert.h> if __STDC__ is defined, since
|     <limits.h> exists even on freestanding compilers.  */
| 
| #ifdef __STDC__
| # include <limits.h>
| #else
| # include <assert.h>
| #endif
| 
| #undef dlopen
| 
| /* Override any GCC internal prototype to avoid an error.
|    Use char because int might match the return type of a GCC
|    builtin and then its argument prototype would still apply.  */
| #ifdef __cplusplus
| extern "C"
| #endif
| char dlopen ();
| /* The GNU C library defines this for functions which it implements
|     to always fail with ENOSYS.  Some functions are actually named
|     something starting with __ and the normal name is an alias.  */
| #if defined __stub_dlopen || defined __stub___dlopen
| choke me
| #endif
| 
| int
| main ()
| {
| return dlopen ();
|   ;
|   return 0;
| }
configure:10843: result: no
configure:10847: checking for dlopen in -ldl
configure:10872: gcc -o conftest -O2 -march=armv6j -mtune=arm1136jf-s -pipe -fomit-frame-pointer -fno-stack-protector   conftest.c -ldl   >&5
configure:10872: $? = 0
configure:10881: result: yes
configure:11000: checking whether a program can dlopen itself
configure:11080: gcc -o conftest -O2 -march=armv6j -mtune=arm1136jf-s -pipe -fomit-frame-pointer -fno-stack-protector  -DHAVE_DLFCN_H  -Wl,--export-dynamic conftest.c -ldl  >&5
configure:11083: $? = 0
configure:11101: result: yes
configure:11106: checking whether a statically linked program can dlopen itself
configure:11186: gcc -o conftest -O2 -march=armv6j -mtune=arm1136jf-s -pipe -fomit-frame-pointer -fno-stack-protector  -DHAVE_DLFCN_H  -Wl,--export-dynamic -static conftest.c -ldl  >&5
/tmp/ccz50A3d.o: In function `main':
conftest.c:(.text+0x14): warning: Using 'dlopen' in statically linked applications requires at runtime the shared libraries from the glibc version used for linking
configure:11189: $? = 0
/lib/: cannot read file data: Is a directory
configure:11207: result: no
configure:11246: checking whether stripping libraries is possible
configure:11251: result: yes
configure:11286: checking if libtool supports shared libraries
configure:11288: result: yes
configure:11291: checking whether to build shared libraries
configure:11312: result: yes
configure:11315: checking whether to build static libraries
configure:11319: result: no
configure:11357: checking whether NLS is requested
configure:11366: result: yes
configure:11407: checking for msgfmt
configure: trying /usr/local/bin/msgfmt...
0 translated messages.
configure:11439: result: /usr/local/bin/msgfmt
configure:11448: checking for gmsgfmt
configure:11479: result: /usr/local/bin/msgfmt
configure:11530: checking for xgettext
configure: trying /usr/local/bin/xgettext...
/usr/local/bin/xgettext: warning: file `/dev/null' extension `' is unknown; will try C
configure:11562: result: /usr/local/bin/xgettext
configure:11608: checking for msgmerge
configure: trying /usr/local/bin/msgmerge...
configure:11639: result: /usr/local/bin/msgmerge
configure:11696: checking for ld used by GCC
configure:11760: result: /scratchbox/compilers/cs2007q3-glibc2.5-arm6/arm-none-linux-gnueabi/bin/ld
configure:11767: checking if the linker (/scratchbox/compilers/cs2007q3-glibc2.5-arm6/arm-none-linux-gnueabi/bin/ld) is GNU ld
configure:11780: result: yes
configure:11787: checking for shared library run path origin
configure:11800: result: done
configure:12372: checking for CFPreferencesCopyAppValue
configure:12390: gcc -o conftest -O2 -march=armv6j -mtune=arm1136jf-s -pipe -fomit-frame-pointer -fno-stack-protector   conftest.c  -Wl,-framework -Wl,CoreFoundation >&5
conftest.c:23:42: error: CoreFoundation/CFPreferences.h: No such file or directory
conftest.c: In function 'main':
conftest.c:27: error: 'NULL' undeclared (first use in this function)
conftest.c:27: error: (Each undeclared identifier is reported only once
conftest.c:27: error: for each function it appears in.)
configure:12390: $? = 1
configure: failed program was:
| /* confdefs.h */
| #define PACKAGE_NAME "p11-kit"
| #define PACKAGE_TARNAME "p11-kit"
| #define PACKAGE_VERSION "0.5"
| #define PACKAGE_STRING "p11-kit 0.5"
| #define PACKAGE_BUGREPORT "https://bugs.freedesktop.org/enter_bug.cgi?product=p11-glue"
| #define PACKAGE_URL "http://p11-glue.freedesktop.org/p11-kit.html"
| #define PACKAGE "p11-kit"
| #define VERSION "0.5"
| #define STDC_HEADERS 1
| #define HAVE_SYS_TYPES_H 1
| #define HAVE_SYS_STAT_H 1
| #define HAVE_STDLIB_H 1
| #define HAVE_STRING_H 1
| #define HAVE_MEMORY_H 1
| #define HAVE_STRINGS_H 1
| #define HAVE_INTTYPES_H 1
| #define HAVE_STDINT_H 1
| #define HAVE_UNISTD_H 1
| #define HAVE_DLFCN_H 1
| #define LT_OBJDIR ".libs/"
| /* end confdefs.h.  */
| #include <CoreFoundation/CFPreferences.h>
| int
| main ()
| {
| CFPreferencesCopyAppValue(NULL, NULL)
|   ;
|   return 0;
| }
configure:12399: result: no
configure:12406: checking for CFLocaleCopyCurrent
configure:12424: gcc -o conftest -O2 -march=armv6j -mtune=arm1136jf-s -pipe -fomit-frame-pointer -fno-stack-protector   conftest.c  -Wl,-framework -Wl,CoreFoundation >&5
conftest.c:23:37: error: CoreFoundation/CFLocale.h: No such file or directory
configure:12424: $? = 1
configure: failed program was:
| /* confdefs.h */
| #define PACKAGE_NAME "p11-kit"
| #define PACKAGE_TARNAME "p11-kit"
| #define PACKAGE_VERSION "0.5"
| #define PACKAGE_STRING "p11-kit 0.5"
| #define PACKAGE_BUGREPORT "https://bugs.freedesktop.org/enter_bug.cgi?product=p11-glue"
| #define PACKAGE_URL "http://p11-glue.freedesktop.org/p11-kit.html"
| #define PACKAGE "p11-kit"
| #define VERSION "0.5"
| #define STDC_HEADERS 1
| #define HAVE_SYS_TYPES_H 1
| #define HAVE_SYS_STAT_H 1
| #define HAVE_STDLIB_H 1
| #define HAVE_STRING_H 1
| #define HAVE_MEMORY_H 1
| #define HAVE_STRINGS_H 1
| #define HAVE_INTTYPES_H 1
| #define HAVE_STDINT_H 1
| #define HAVE_UNISTD_H 1
| #define HAVE_DLFCN_H 1
| #define LT_OBJDIR ".libs/"
| /* end confdefs.h.  */
| #include <CoreFoundation/CFLocale.h>
| int
| main ()
| {
| CFLocaleCopyCurrent();
|   ;
|   return 0;
| }
configure:12433: result: no
configure:12482: checking for GNU gettext in libc
configure:12502: gcc -o conftest -O2 -march=armv6j -mtune=arm1136jf-s -pipe -fomit-frame-pointer -fno-stack-protector   conftest.c  >&5
configure:12502: $? = 0
configure:12511: result: yes
configure:13302: checking whether to use NLS
configure:13304: result: yes
configure:13307: checking where the gettext function comes from
configure:13318: result: libc
configure:13424: checking for gcc
configure:13451: result: gcc
configure:13680: checking for C compiler version
configure:13689: gcc --version >&5
sbox-arm-none-linux-gnueabi-gcc (GCC) 4.2.1
Copyright (C) 2007 Free Software Foundation, Inc.
This is free software; see the source for copying conditions.  There is NO
warranty; not even for MERCHANTABILITY or FITNESS FOR A PARTICULAR PURPOSE.

configure:13700: $? = 0
configure:13689: gcc -v >&5
Using built-in specs.
Reading specs from /scratchbox/compilers/cs2007q3-glibc2.5-arm6/gcc.specs
rename spec cpp to old_cpp
rename spec cc1 to old_cc1
rename spec cc1plus to old_cc1plus
rename spec link to old_link
Target: arm-none-linux-gnueabi
Configured with: /home/jhakala/cs2007q3-sb4/arm/src/gcc-4.2/configure --build=i686-pc-linux-gnu --host=i686-pc-linux-gnu --target=arm-none-linux-gnueabi --enable-threads --disable-libmudflap --disable-libssp --disable-libgomp --disable-libstdcxx-pch --with-gnu-as --with-gnu-ld --enable-languages=c,c++ --enable-shared --enable-symvers=gnu --enable-__cxa_atexit --disable-nls --prefix=/opt/maemo --with-sysroot=/opt/maemo/arm-none-linux-gnueabi/libc --with-build-sysroot=/home/jhakala/cs2007q3-sb4/arm/install/arm-none-linux-gnueabi/libc --with-build-time-tools=/home/jhakala/cs2007q3-sb4/arm/install/arm-none-linux-gnueabi/bin
Thread model: posix
gcc version 4.2.1
configure:13700: $? = 0
configure:13689: gcc -V >&5
sbox-arm-none-linux-gnueabi-gcc: '-V' must come at the start of the command line
configure:13700: $? = 1
configure:13689: gcc -qversion >&5
sbox-arm-none-linux-gnueabi-gcc: unrecognized option '-qversion'
sbox-arm-none-linux-gnueabi-gcc: no input files
configure:13700: $? = 1
configure:13704: checking whether we are using the GNU C compiler
configure:13732: result: yes
configure:13741: checking whether gcc accepts -g
configure:13802: result: yes
configure:13819: checking for gcc option to accept ISO C89
configure:13896: result: none needed
configure:13918: checking dependency style of gcc
configure:14028: result: gcc3
configure:14048: checking how to run the C preprocessor
configure:14118: result: gcc -E
configure:14138: gcc -E  conftest.c
configure:14138: $? = 0
configure:14152: gcc -E  conftest.c
conftest.c:26:28: error: ac_nonexistent.h: No such file or directory
configure:14152: $? = 1
configure: failed program was:
| /* confdefs.h */
| #define PACKAGE_NAME "p11-kit"
| #define PACKAGE_TARNAME "p11-kit"
| #define PACKAGE_VERSION "0.5"
| #define PACKAGE_STRING "p11-kit 0.5"
| #define PACKAGE_BUGREPORT "https://bugs.freedesktop.org/enter_bug.cgi?product=p11-glue"
| #define PACKAGE_URL "http://p11-glue.freedesktop.org/p11-kit.html"
| #define PACKAGE "p11-kit"
| #define VERSION "0.5"
| #define STDC_HEADERS 1
| #define HAVE_SYS_TYPES_H 1
| #define HAVE_SYS_STAT_H 1
| #define HAVE_STDLIB_H 1
| #define HAVE_STRING_H 1
| #define HAVE_MEMORY_H 1
| #define HAVE_STRINGS_H 1
| #define HAVE_INTTYPES_H 1
| #define HAVE_STDINT_H 1
| #define HAVE_UNISTD_H 1
| #define HAVE_DLFCN_H 1
| #define LT_OBJDIR ".libs/"
| #define ENABLE_NLS 1
| #define HAVE_GETTEXT 1
| #define HAVE_DCGETTEXT 1
| /* end confdefs.h.  */
| #include <ac_nonexistent.h>
configure:14181: checking whether gcc and cc understand -c and -o together
configure:14212: gcc -c conftest.c -o conftest2.o >&5
configure:14216: $? = 0
configure:14222: gcc -c conftest.c -o conftest2.o >&5
configure:14226: $? = 0
configure:14237: cc -c conftest.c >&5
configure:14241: $? = 0
configure:14249: cc -c conftest.c -o conftest2.o >&5
configure:14253: $? = 0
configure:14259: cc -c conftest.c -o conftest2.o >&5
configure:14263: $? = 0
configure:14281: result: yes
configure:14307: checking for pthread_mutex_lock in -lpthread
configure:14332: gcc -o conftest -O2 -march=armv6j -mtune=arm1136jf-s -pipe -fomit-frame-pointer -fno-stack-protector   conftest.c -lpthread   >&5
configure:14332: $? = 0
configure:14341: result: yes
configure:14354: checking for library containing dlopen
configure:14385: gcc -o conftest -O2 -march=armv6j -mtune=arm1136jf-s -pipe -fomit-frame-pointer -fno-stack-protector   conftest.c -lpthread  >&5
/tmp/ccX1FY71.o: In function `main':
conftest.c:(.text+0x4): undefined reference to `dlopen'
collect2: ld returned 1 exit status
configure:14385: $? = 1
configure: failed program was:
| /* confdefs.h */
| #define PACKAGE_NAME "p11-kit"
| #define PACKAGE_TARNAME "p11-kit"
| #define PACKAGE_VERSION "0.5"
| #define PACKAGE_STRING "p11-kit 0.5"
| #define PACKAGE_BUGREPORT "https://bugs.freedesktop.org/enter_bug.cgi?product=p11-glue"
| #define PACKAGE_URL "http://p11-glue.freedesktop.org/p11-kit.html"
| #define PACKAGE "p11-kit"
| #define VERSION "0.5"
| #define STDC_HEADERS 1
| #define HAVE_SYS_TYPES_H 1
| #define HAVE_SYS_STAT_H 1
| #define HAVE_STDLIB_H 1
| #define HAVE_STRING_H 1
| #define HAVE_MEMORY_H 1
| #define HAVE_STRINGS_H 1
| #define HAVE_INTTYPES_H 1
| #define HAVE_STDINT_H 1
| #define HAVE_UNISTD_H 1
| #define HAVE_DLFCN_H 1
| #define LT_OBJDIR ".libs/"
| #define ENABLE_NLS 1
| #define HAVE_GETTEXT 1
| #define HAVE_DCGETTEXT 1
| #define HAVE_LIBPTHREAD 1
| /* end confdefs.h.  */
| 
| /* Override any GCC internal prototype to avoid an error.
|    Use char because int might match the return type of a GCC
|    builtin and then its argument prototype would still apply.  */
| #ifdef __cplusplus
| extern "C"
| #endif
| char dlopen ();
| int
| main ()
| {
| return dlopen ();
|   ;
|   return 0;
| }
configure:14385: gcc -o conftest -O2 -march=armv6j -mtune=arm1136jf-s -pipe -fomit-frame-pointer -fno-stack-protector   conftest.c -ldl  -lpthread  >&5
configure:14385: $? = 0
configure:14402: result: -ldl
configure:14414: checking for struct dirent.d_type
configure:14414: gcc -c -O2 -march=armv6j -mtune=arm1136jf-s -pipe -fomit-frame-pointer -fno-stack-protector  conftest.c >&5
configure:14414: $? = 0
configure:14414: result: yes
configure:14479: checking for pkg-config
configure:14497: found /usr/local/bin/pkg-config
configure:14509: result: /usr/local/bin/pkg-config
configure:14534: checking pkg-config is at least version 0.9.0
configure:14537: result: yes
configure:14549: checking for gtkdoc-check
configure:14582: result: no
configure:14591: checking for gtkdoc-rebase
configure:14624: result: no
configure:14635: checking for gtkdoc-mkpdf
configure:14668: result: no
configure:14706: checking whether to build gtk-doc documentation
configure:14708: result: no
configure:14838: checking whether gcc understands -Wmissing-include-dirs
configure:14851: gcc -c -O2 -march=armv6j -mtune=arm1136jf-s -pipe -fomit-frame-pointer -fno-stack-protector 		-Wall -Wstrict-prototypes -Wmissing-declarations 		-Wmissing-prototypes -Wnested-externs -Wpointer-arith 		-Wdeclaration-after-statement -Wformat=2 -Winit-self 		-Waggregate-return -Wno-missing-format-attribute -Wmissing-include-dirs  conftest.c >&5
conftest.c:35: warning: function declaration isn't a prototype
configure:14851: $? = 0
configure:14857: result: yes
configure:14838: checking whether gcc understands -Wundef
configure:14851: gcc -c -O2 -march=armv6j -mtune=arm1136jf-s -pipe -fomit-frame-pointer -fno-stack-protector 		-Wall -Wstrict-prototypes -Wmissing-declarations 		-Wmissing-prototypes -Wnested-externs -Wpointer-arith 		-Wdeclaration-after-statement -Wformat=2 -Winit-self 		-Waggregate-return -Wno-missing-format-attribute -Wmissing-include-dirs -Wundef  conftest.c >&5
conftest.c:35: warning: function declaration isn't a prototype
configure:14851: $? = 0
configure:14857: result: yes
configure:14868: checking whether to build with gcov testing
configure:14878: result: no
configure:15240: creating ./config.status

## ---------------------- ##
## Running config.status. ##
## ---------------------- ##

This file was extended by p11-kit config.status 0.5, which was
generated by GNU Autoconf 2.68.  Invocation command line was

  CONFIG_FILES    = 
  CONFIG_HEADERS  = 
  CONFIG_LINKS    = 
  CONFIG_COMMANDS = 
  $ ./config.status 

on tjw-pc

config.status:1166: creating Makefile
config.status:1166: creating doc/Makefile
config.status:1166: creating doc/version.xml
config.status:1166: creating po/Makefile.in
config.status:1166: creating p11-kit/Makefile
config.status:1166: creating p11-kit/p11-kit-1.pc
config.status:1166: creating p11-kit/pkcs11.conf.example
config.status:1166: creating tests/Makefile
config.status:1166: creating tools/Makefile
config.status:1166: creating config.h
config.status:1347: config.h is unchanged
config.status:1395: executing depfiles commands
config.status:1395: executing libtool commands
config.status:1395: executing po-directories commands
configure:17616: build options:

    System Global Config:     NONE/etc/pkcs11/pkcs11.conf
    User Global Config:       ~/.pkcs11/pkcs11.conf
    System Module Directory:  NONE/etc/pkcs11/modules
    User Module Directory:    ~/.pkcs11/modules


## ---------------- ##
## Cache variables. ##
## ---------------- ##

ac_cv_build=arm-unknown-linux-gnueabi
ac_cv_c_compiler_gnu=yes
ac_cv_env_CC_set=
ac_cv_env_CC_value=
ac_cv_env_CFLAGS_set=set
ac_cv_env_CFLAGS_value='-O2 -march=armv6j -mtune=arm1136jf-s -pipe -fomit-frame-pointer -fno-stack-protector'
ac_cv_env_CPPFLAGS_set=
ac_cv_env_CPPFLAGS_value=
ac_cv_env_CPP_set=
ac_cv_env_CPP_value=
ac_cv_env_LDFLAGS_set=
ac_cv_env_LDFLAGS_value=
ac_cv_env_LIBS_set=
ac_cv_env_LIBS_value=
ac_cv_env_PKG_CONFIG_LIBDIR_set=
ac_cv_env_PKG_CONFIG_LIBDIR_value=
ac_cv_env_PKG_CONFIG_PATH_set=set
ac_cv_env_PKG_CONFIG_PATH_value=/usr/lib/pkgconfig:/usr/local/lib/pkgconfig
ac_cv_env_PKG_CONFIG_set=
ac_cv_env_PKG_CONFIG_value=
ac_cv_env_build_alias_set=
ac_cv_env_build_alias_value=
ac_cv_env_host_alias_set=
ac_cv_env_host_alias_value=
ac_cv_env_target_alias_set=
ac_cv_env_target_alias_value=
ac_cv_func_dlopen=no
ac_cv_func_shl_load=no
ac_cv_header_dlfcn_h=yes
ac_cv_header_inttypes_h=yes
ac_cv_header_memory_h=yes
ac_cv_header_stdc=yes
ac_cv_header_stdint_h=yes
ac_cv_header_stdlib_h=yes
ac_cv_header_string_h=yes
ac_cv_header_strings_h=yes
ac_cv_header_sys_stat_h=yes
ac_cv_header_sys_types_h=yes
ac_cv_header_unistd_h=yes
ac_cv_host=arm-unknown-linux-gnueabi
ac_cv_lib_dl_dlopen=yes
ac_cv_lib_dld_shl_load=no
ac_cv_lib_pthread_pthread_mutex_lock=yes
ac_cv_member_struct_dirent_d_type=yes
ac_cv_objext=o
ac_cv_path_EGREP='/scratchbox/tools/bin/grep -E'
ac_cv_path_FGREP='/scratchbox/tools/bin/grep -F'
ac_cv_path_GMSGFMT=/usr/local/bin/msgfmt
ac_cv_path_GREP=/scratchbox/tools/bin/grep
ac_cv_path_MSGFMT=/usr/local/bin/msgfmt
ac_cv_path_MSGMERGE=/usr/local/bin/msgmerge
ac_cv_path_SED=/scratchbox/tools/bin/sed
ac_cv_path_XGETTEXT=/usr/local/bin/xgettext
ac_cv_path_ac_pt_PKG_CONFIG=/usr/local/bin/pkg-config
ac_cv_path_install='/scratchbox/tools/bin/install -c'
ac_cv_path_mkdir=/scratchbox/tools/bin/mkdir
ac_cv_prog_AWK=gawk
ac_cv_prog_CPP='gcc -E'
ac_cv_prog_ac_ct_AR=ar
ac_cv_prog_ac_ct_CC=gcc
ac_cv_prog_ac_ct_DLLTOOL=dlltool
ac_cv_prog_ac_ct_OBJDUMP=objdump
ac_cv_prog_ac_ct_RANLIB=ranlib
ac_cv_prog_ac_ct_STRIP=strip
ac_cv_prog_cc_c89=
ac_cv_prog_cc_g=yes
ac_cv_prog_cc_gcc_c_o=yes
ac_cv_prog_make_make_set=yes
ac_cv_search_dlopen=-ldl
acl_cv_hardcode_direct=no
acl_cv_hardcode_libdir_flag_spec='${wl}-rpath ${wl}$libdir'
acl_cv_hardcode_libdir_separator=
acl_cv_hardcode_minus_L=no
acl_cv_libext=a
acl_cv_libname_spec='lib$name'
acl_cv_library_names_spec='$libname$shrext'
acl_cv_path_LD=/scratchbox/compilers/cs2007q3-glibc2.5-arm6/arm-none-linux-gnueabi/bin/ld
acl_cv_prog_gnu_ld=yes
acl_cv_rpath=done
acl_cv_shlibext=so
acl_cv_wl=-Wl,
am_cv_CC_dependencies_compiler_type=gcc3
gt_cv_func_CFLocaleCopyCurrent=no
gt_cv_func_CFPreferencesCopyAppValue=no
gt_cv_func_gnugettext2_libc=yes
lt_cv_ar_at_file=@
lt_cv_archive_cmds_need_lc=no
lt_cv_deplibs_check_method=pass_all
lt_cv_dlopen=dlopen
lt_cv_dlopen_libs=-ldl
lt_cv_dlopen_self=yes
lt_cv_dlopen_self_static=no
lt_cv_file_magic_cmd='$MAGIC_CMD'
lt_cv_file_magic_test_file=
lt_cv_ld_reload_flag=-r
lt_cv_nm_interface='BSD nm'
lt_cv_objdir=.libs
lt_cv_path_LD=/scratchbox/compilers/cs2007q3-glibc2.5-arm6/arm-none-linux-gnueabi/bin/ld
lt_cv_path_NM='/scratchbox/compilers/bin/nm -B'
lt_cv_path_mainfest_tool=no
lt_cv_prog_compiler_c_o=yes
lt_cv_prog_compiler_pic='-fPIC -DPIC'
lt_cv_prog_compiler_pic_works=yes
lt_cv_prog_compiler_rtti_exceptions=no
lt_cv_prog_compiler_static_works=yes
lt_cv_prog_gnu_ld=yes
lt_cv_sharedlib_from_linklib_cmd='printf %s\n'
lt_cv_shlibpath_overrides_runpath=no
lt_cv_sys_global_symbol_pipe='sed -n -e '\''s/^.*[	 ]\([ABCDGIRSTW][ABCDGIRSTW]*\)[	 ][	 ]*\([_A-Za-z][_A-Za-z0-9]*\)$/\1 \2 \2/p'\'' | sed '\''/ __gnu_lto/d'\'''
lt_cv_sys_global_symbol_to_c_name_address='sed -n -e '\''s/^: \([^ ]*\)[ ]*$/  {\"\1\", (void *) 0},/p'\'' -e '\''s/^[ABCDGIRSTW]* \([^ ]*\) \([^ ]*\)$/  {"\2", (void *) \&\2},/p'\'''
lt_cv_sys_global_symbol_to_c_name_address_lib_prefix='sed -n -e '\''s/^: \([^ ]*\)[ ]*$/  {\"\1\", (void *) 0},/p'\'' -e '\''s/^[ABCDGIRSTW]* \([^ ]*\) \(lib[^ ]*\)$/  {"\2", (void *) \&\2},/p'\'' -e '\''s/^[ABCDGIRSTW]* \([^ ]*\) \([^ ]*\)$/  {"lib\2", (void *) \&\2},/p'\'''
lt_cv_sys_global_symbol_to_cdecl='sed -n -e '\''s/^T .* \(.*\)$/extern int \1();/p'\'' -e '\''s/^[ABCDGIRSTW]* .* \(.*\)$/extern char \1;/p'\'''
lt_cv_sys_max_cmd_len=98304
lt_cv_to_host_file_cmd=func_convert_file_noop
lt_cv_to_tool_file_cmd=func_convert_file_noop

## ----------------- ##
## Output variables. ##
## ----------------- ##

ACLOCAL='${SHELL} /home/tjw/tjKindle/LIB0/p11-kit-0.5/missing --run aclocal-1.11'
AMDEPBACKSLASH='\'
AMDEP_FALSE='#'
AMDEP_TRUE=''
AMTAR='${SHELL} /home/tjw/tjKindle/LIB0/p11-kit-0.5/missing --run tar'
AM_BACKSLASH='\'
AM_DEFAULT_VERBOSITY='0'
AR='ar'
AUTOCONF='${SHELL} /home/tjw/tjKindle/LIB0/p11-kit-0.5/missing --run autoconf'
AUTOHEADER='${SHELL} /home/tjw/tjKindle/LIB0/p11-kit-0.5/missing --run autoheader'
AUTOMAKE='${SHELL} /home/tjw/tjKindle/LIB0/p11-kit-0.5/missing --run automake-1.11'
AWK='gawk'
CC='gcc'
CCDEPMODE='depmode=gcc3'
CFLAGS='-O2 -march=armv6j -mtune=arm1136jf-s -pipe -fomit-frame-pointer -fno-stack-protector 		-Wall -Wstrict-prototypes -Wmissing-declarations 		-Wmissing-prototypes -Wnested-externs -Wpointer-arith 		-Wdeclaration-after-statement -Wformat=2 -Winit-self 		-Waggregate-return -Wno-missing-format-attribute -Wmissing-include-dirs -Wundef'
CPP='gcc -E'
CPPFLAGS=''
CYGPATH_W='echo'
DEFS='-DHAVE_CONFIG_H'
DEPDIR='.deps'
DLLTOOL='dlltool'
DSYMUTIL=''
DUMPBIN=''
ECHO_C=''
ECHO_N='-n'
ECHO_T=''
EGREP='/scratchbox/tools/bin/grep -E'
ENABLE_GTK_DOC_FALSE=''
ENABLE_GTK_DOC_TRUE='#'
EXEEXT=''
FGREP='/scratchbox/tools/bin/grep -F'
GCOV=''
GENHTML=''
GETTEXT_MACRO_VERSION='0.18'
GMSGFMT='/usr/local/bin/msgfmt'
GMSGFMT_015='/usr/local/bin/msgfmt'
GREP='/scratchbox/tools/bin/grep'
GTKDOC_CHECK=''
GTKDOC_MKPDF=''
GTKDOC_REBASE='true'
GTK_DOC_BUILD_HTML_FALSE='#'
GTK_DOC_BUILD_HTML_TRUE=''
GTK_DOC_BUILD_PDF_FALSE=''
GTK_DOC_BUILD_PDF_TRUE='#'
GTK_DOC_USE_LIBTOOL_FALSE='#'
GTK_DOC_USE_LIBTOOL_TRUE=''
GTK_DOC_USE_REBASE_FALSE='#'
GTK_DOC_USE_REBASE_TRUE=''
HTML_DIR='${datadir}/gtk-doc/html'
INSTALL_DATA='${INSTALL} -m 644'
INSTALL_PROGRAM='${INSTALL}'
INSTALL_SCRIPT='${INSTALL}'
INSTALL_STRIP_PROGRAM='$(install_sh) -c -s'
INTLLIBS=''
INTL_MACOSX_LIBS=''
LCOV=''
LD='/scratchbox/compilers/cs2007q3-glibc2.5-arm6/arm-none-linux-gnueabi/bin/ld'
LDFLAGS=''
LIBICONV='-liconv'
LIBINTL=''
LIBOBJS=''
LIBS='-ldl -lpthread '
LIBTOOL='$(SHELL) $(top_builddir)/libtool'
LIPO=''
LN_S='ln -s'
LTLIBICONV='-liconv'
LTLIBINTL=''
LTLIBOBJS=''
MAINT=''
MAINTAINER_MODE_FALSE='#'
MAINTAINER_MODE_TRUE=''
MAKEINFO='${SHELL} /home/tjw/tjKindle/LIB0/p11-kit-0.5/missing --run makeinfo'
MANIFEST_TOOL=':'
MKDIR_P='/scratchbox/tools/bin/mkdir -p'
MSGFMT='/usr/local/bin/msgfmt'
MSGFMT_015='/usr/local/bin/msgfmt'
MSGMERGE='/usr/local/bin/msgmerge'
NM='/scratchbox/compilers/bin/nm -B'
NMEDIT=''
OBJDUMP='objdump'
OBJEXT='o'
OTOOL64=''
OTOOL=''
P11KIT_LT_RELEASE='0:0:0'
PACKAGE='p11-kit'
PACKAGE_BUGREPORT='https://bugs.freedesktop.org/enter_bug.cgi?product=p11-glue'
PACKAGE_NAME='p11-kit'
PACKAGE_STRING='p11-kit 0.5'
PACKAGE_TARNAME='p11-kit'
PACKAGE_URL='http://p11-glue.freedesktop.org/p11-kit.html'
PACKAGE_VERSION='0.5'
PATH_SEPARATOR=':'
PKG_CONFIG='/usr/local/bin/pkg-config'
PKG_CONFIG_LIBDIR=''
PKG_CONFIG_PATH='/usr/lib/pkgconfig:/usr/local/lib/pkgconfig'
POSUB='po'
RANLIB='ranlib'
SED='/scratchbox/tools/bin/sed'
SET_MAKE=''
SHELL='/bin/sh'
STRIP='strip'
USE_NLS='yes'
VERSION='0.5'
WITH_COVERAGE_FALSE=''
WITH_COVERAGE_TRUE='#'
XGETTEXT='/usr/local/bin/xgettext'
XGETTEXT_015='/usr/local/bin/xgettext'
XGETTEXT_EXTRA_OPTIONS=''
ac_ct_AR='ar'
ac_ct_CC='gcc'
ac_ct_DUMPBIN=''
am__EXEEXT_FALSE=''
am__EXEEXT_TRUE='#'
am__fastdepCC_FALSE='#'
am__fastdepCC_TRUE=''
am__include='include'
am__isrc=''
am__leading_dot='.'
am__quote=''
am__tar='${AMTAR} chof - "$$tardir"'
am__untar='${AMTAR} xf -'
bindir='${exec_prefix}/bin'
build='arm-unknown-linux-gnueabi'
build_alias=''
build_cpu='arm'
build_os='linux-gnueabi'
build_vendor='unknown'
datadir='${datarootdir}'
datarootdir='${prefix}/share'
docdir='${datarootdir}/doc/${PACKAGE_TARNAME}'
dvidir='${docdir}'
exec_prefix='${prefix}'
host='arm-unknown-linux-gnueabi'
host_alias=''
host_cpu='arm'
host_os='linux-gnueabi'
host_vendor='unknown'
htmldir='${docdir}'
includedir='${prefix}/include'
infodir='${datarootdir}/info'
install_sh='${SHELL} /home/tjw/tjKindle/LIB0/p11-kit-0.5/install-sh'
libdir='${exec_prefix}/lib'
libexecdir='${exec_prefix}/libexec'
localedir='${datarootdir}/locale'
localstatedir='${prefix}/var'
mandir='${datarootdir}/man'
mkdir_p='/scratchbox/tools/bin/mkdir -p'
oldincludedir='/usr/include'
p11_system_conf='NONE/etc/pkcs11/pkcs11.conf'
p11_system_dir='NONE/etc/pkcs11'
p11_system_modules='NONE/etc/pkcs11/modules'
p11_user_conf='~/.pkcs11/pkcs11.conf'
p11_user_modules='~/.pkcs11/modules'
pdfdir='${docdir}'
prefix='/usr/local'
program_transform_name='s,x,x,'
psdir='${docdir}'
sbindir='${exec_prefix}/sbin'
sharedstatedir='${prefix}/com'
sysconfdir='${prefix}/etc'
target_alias=''

## ----------- ##
## confdefs.h. ##
## ----------- ##

/* confdefs.h */
#define PACKAGE_NAME "p11-kit"
#define PACKAGE_TARNAME "p11-kit"
#define PACKAGE_VERSION "0.5"
#define PACKAGE_STRING "p11-kit 0.5"
#define PACKAGE_BUGREPORT "https://bugs.freedesktop.org/enter_bug.cgi?product=p11-glue"
#define PACKAGE_URL "http://p11-glue.freedesktop.org/p11-kit.html"
#define PACKAGE "p11-kit"
#define VERSION "0.5"
#define STDC_HEADERS 1
#define HAVE_SYS_TYPES_H 1
#define HAVE_SYS_STAT_H 1
#define HAVE_STDLIB_H 1
#define HAVE_STRING_H 1
#define HAVE_MEMORY_H 1
#define HAVE_STRINGS_H 1
#define HAVE_INTTYPES_H 1
#define HAVE_STDINT_H 1
#define HAVE_UNISTD_H 1
#define HAVE_DLFCN_H 1
#define LT_OBJDIR ".libs/"
#define ENABLE_NLS 1
#define HAVE_GETTEXT 1
#define HAVE_DCGETTEXT 1
#define HAVE_LIBPTHREAD 1
#define HAVE_STRUCT_DIRENT_D_TYPE 1
#define P11_SYSTEM_CONF "NONE/etc/pkcs11/pkcs11.conf"
#define P11_SYSTEM_MODULES "NONE/etc/pkcs11/modules"
#define P11_USER_CONF "~/.pkcs11/pkcs11.conf"
#define P11_USER_MODULES "~/.pkcs11/modules"
#define WITH_DEBUG 1

configure: exit 0
