This file contains any messages produced by compilers while
running configure, to aid debugging if configure makes a mistake.

It was created by configure, which was
generated by GNU Autoconf 2.61.  Invocation command line was

  $ ./configure --disable-static

## --------- ##
## Platform. ##
## --------- ##

hostname = tjw-pc
uname -m = arm
uname -r = 2.6.38-11-generic
uname -s = Linux
uname -v = #48-Ubuntu SMP Fri Jul 29 19:02:55 UTC 2011

/usr/bin/uname -p = unknown
/bin/uname -X     = unknown

/bin/arch              = arm
/usr/bin/arch -k       = arm
/usr/convex/getsysinfo = unknown
/usr/bin/hostinfo      = unknown
/bin/machine           = unknown
/usr/bin/oslevel       = unknown
/bin/universe          = unknown

PATH: /home/tjw/kindle/tjKindle
PATH: /usr/local/bin
PATH: /usr/local/bin
PATH: /host_usr/bin
PATH: /scratchbox/devkits/svn/bin
PATH: /scratchbox/devkits/qemu/bin
PATH: /scratchbox/devkits/perl/bin
PATH: /scratchbox/devkits/git/bin
PATH: /scratchbox/devkits/doctools/bin
PATH: /scratchbox/tools/bin
PATH: /targets/links/arch_tools/bin
PATH: /scratchbox/compilers/bin
PATH: /bin
PATH: /usr/bin
PATH: /usr/local/bin
PATH: /usr/X11R6/bin
PATH: /sbin
PATH: /usr/sbin


## ----------- ##
## Core tests. ##
## ----------- ##

configure:2053: checking build system type
configure:2071: result: arm-unknown-linux-gnu
configure:2093: checking host system type
configure:2108: result: arm-unknown-linux-gnu
configure:2130: checking target system type
configure:2145: result: arm-unknown-linux-gnu
configure:2201: checking for a BSD-compatible install
configure:2257: result: /scratchbox/tools/bin/install -c
configure:2268: checking whether build environment is sane
configure:2311: result: yes
configure:2339: checking for a thread-safe mkdir -p
configure:2378: result: /scratchbox/tools/bin/mkdir -p
configure:2391: checking for gawk
configure:2407: found /scratchbox/tools/bin/gawk
configure:2418: result: gawk
configure:2429: checking whether make sets $(MAKE)
configure:2450: result: yes
configure:2638: checking whether to enable maintainer-specific portions of Makefiles
configure:2647: result: no
configure:2673: checking for style of include used by make
configure:2701: result: GNU
configure:2771: checking for gcc
configure:2787: found /scratchbox/compilers/bin/gcc
configure:2798: result: gcc
configure:3036: checking for C compiler version
configure:3043: gcc --version >&5
sbox-arm-none-linux-gnueabi-gcc (GCC) 4.2.1
Copyright (C) 2007 Free Software Foundation, Inc.
This is free software; see the source for copying conditions.  There is NO
warranty; not even for MERCHANTABILITY or FITNESS FOR A PARTICULAR PURPOSE.

configure:3046: $? = 0
configure:3053: gcc -v >&5
Using built-in specs.
Reading specs from /scratchbox/compilers/cs2007q3-glibc2.5-arm6/gcc.specs
rename spec cpp to old_cpp
rename spec cc1 to old_cc1
rename spec cc1plus to old_cc1plus
rename spec link to old_link
Target: arm-none-linux-gnueabi
Configured with: /home/jhakala/cs2007q3-sb4/arm/src/gcc-4.2/configure --build=i686-pc-linux-gnu --host=i686-pc-linux-gnu --target=arm-none-linux-gnueabi --enable-threads --disable-libmudflap --disable-libssp --disable-libgomp --disable-libstdcxx-pch --with-gnu-as --with-gnu-ld --enable-languages=c,c++ --enable-shared --enable-symvers=gnu --enable-__cxa_atexit --disable-nls --prefix=/opt/maemo --with-sysroot=/opt/maemo/arm-none-linux-gnueabi/libc --with-build-sysroot=/home/jhakala/cs2007q3-sb4/arm/install/arm-none-linux-gnueabi/libc --with-build-time-tools=/home/jhakala/cs2007q3-sb4/arm/install/arm-none-linux-gnueabi/bin
Thread model: posix
gcc version 4.2.1
configure:3056: $? = 0
configure:3063: gcc -V >&5
sbox-arm-none-linux-gnueabi-gcc: '-V' must come at the start of the command line
configure:3066: $? = 1
configure:3089: checking for C compiler default output file name
configure:3116: gcc -O2 -march=armv6j -mtune=arm1136jf-s -pipe -fomit-frame-pointer -fno-stack-protector   conftest.c  >&5
configure:3119: $? = 0
configure:3157: result: a.out
configure:3174: checking whether the C compiler works
configure:3184: ./a.out
configure:3187: $? = 0
configure:3204: result: yes
configure:3211: checking whether we are cross compiling
configure:3213: result: no
configure:3216: checking for suffix of executables
configure:3223: gcc -o conftest -O2 -march=armv6j -mtune=arm1136jf-s -pipe -fomit-frame-pointer -fno-stack-protector   conftest.c  >&5
configure:3226: $? = 0
configure:3250: result: 
configure:3256: checking for suffix of object files
configure:3282: gcc -c -O2 -march=armv6j -mtune=arm1136jf-s -pipe -fomit-frame-pointer -fno-stack-protector  conftest.c >&5
configure:3285: $? = 0
configure:3308: result: o
configure:3312: checking whether we are using the GNU C compiler
configure:3341: gcc -c -O2 -march=armv6j -mtune=arm1136jf-s -pipe -fomit-frame-pointer -fno-stack-protector  conftest.c >&5
configure:3347: $? = 0
configure:3364: result: yes
configure:3369: checking whether gcc accepts -g
configure:3399: gcc -c -g  conftest.c >&5
configure:3405: $? = 0
configure:3504: result: yes
configure:3521: checking for gcc option to accept ISO C89
configure:3595: gcc  -c -O2 -march=armv6j -mtune=arm1136jf-s -pipe -fomit-frame-pointer -fno-stack-protector  conftest.c >&5
configure:3601: $? = 0
configure:3624: result: none needed
configure:3644: checking dependency style of gcc
configure:3735: result: gcc3
configure:3751: checking for library containing strerror
configure:3792: gcc -o conftest -O2 -march=armv6j -mtune=arm1136jf-s -pipe -fomit-frame-pointer -fno-stack-protector   conftest.c  >&5
configure:3798: $? = 0
configure:3826: result: none required
configure:3882: checking for gcc
configure:3909: result: gcc
configure:4147: checking for C compiler version
configure:4154: gcc --version >&5
sbox-arm-none-linux-gnueabi-gcc (GCC) 4.2.1
Copyright (C) 2007 Free Software Foundation, Inc.
This is free software; see the source for copying conditions.  There is NO
warranty; not even for MERCHANTABILITY or FITNESS FOR A PARTICULAR PURPOSE.

configure:4157: $? = 0
configure:4164: gcc -v >&5
Using built-in specs.
Reading specs from /scratchbox/compilers/cs2007q3-glibc2.5-arm6/gcc.specs
rename spec cpp to old_cpp
rename spec cc1 to old_cc1
rename spec cc1plus to old_cc1plus
rename spec link to old_link
Target: arm-none-linux-gnueabi
Configured with: /home/jhakala/cs2007q3-sb4/arm/src/gcc-4.2/configure --build=i686-pc-linux-gnu --host=i686-pc-linux-gnu --target=arm-none-linux-gnueabi --enable-threads --disable-libmudflap --disable-libssp --disable-libgomp --disable-libstdcxx-pch --with-gnu-as --with-gnu-ld --enable-languages=c,c++ --enable-shared --enable-symvers=gnu --enable-__cxa_atexit --disable-nls --prefix=/opt/maemo --with-sysroot=/opt/maemo/arm-none-linux-gnueabi/libc --with-build-sysroot=/home/jhakala/cs2007q3-sb4/arm/install/arm-none-linux-gnueabi/libc --with-build-time-tools=/home/jhakala/cs2007q3-sb4/arm/install/arm-none-linux-gnueabi/bin
Thread model: posix
gcc version 4.2.1
configure:4167: $? = 0
configure:4174: gcc -V >&5
sbox-arm-none-linux-gnueabi-gcc: '-V' must come at the start of the command line
configure:4177: $? = 1
configure:4180: checking whether we are using the GNU C compiler
configure:4232: result: yes
configure:4237: checking whether gcc accepts -g
configure:4372: result: yes
configure:4389: checking for gcc option to accept ISO C89
configure:4492: result: none needed
configure:4512: checking dependency style of gcc
configure:4603: result: gcc3
configure:4623: checking how to run the C preprocessor
configure:4663: gcc -E  conftest.c
configure:4669: $? = 0
configure:4700: gcc -E  conftest.c
conftest.c:10:28: error: ac_nonexistent.h: No such file or directory
configure:4706: $? = 1
configure: failed program was:
| /* confdefs.h.  */
| #define PACKAGE_NAME ""
| #define PACKAGE_TARNAME ""
| #define PACKAGE_VERSION ""
| #define PACKAGE_STRING ""
| #define PACKAGE_BUGREPORT ""
| #define PACKAGE "enchant"
| #define VERSION "1.4.2"
| /* end confdefs.h.  */
| #include <ac_nonexistent.h>
configure:4739: result: gcc -E
configure:4768: gcc -E  conftest.c
configure:4774: $? = 0
configure:4805: gcc -E  conftest.c
conftest.c:10:28: error: ac_nonexistent.h: No such file or directory
configure:4811: $? = 1
configure: failed program was:
| /* confdefs.h.  */
| #define PACKAGE_NAME ""
| #define PACKAGE_TARNAME ""
| #define PACKAGE_VERSION ""
| #define PACKAGE_STRING ""
| #define PACKAGE_BUGREPORT ""
| #define PACKAGE "enchant"
| #define VERSION "1.4.2"
| /* end confdefs.h.  */
| #include <ac_nonexistent.h>
configure:4861: checking for a BSD-compatible install
configure:4917: result: /scratchbox/tools/bin/install -c
configure:4928: checking whether ln -s works
configure:4932: result: yes
configure:4939: checking whether make sets $(MAKE)
configure:4960: result: yes
configure:4970: checking for grep that handles long lines and -e
configure:5044: result: /scratchbox/tools/bin/grep
configure:5049: checking for egrep
configure:5127: result: /scratchbox/tools/bin/grep -E
configure:5132: checking for ANSI C header files
configure:5162: gcc -c -O2 -march=armv6j -mtune=arm1136jf-s -pipe -fomit-frame-pointer -fno-stack-protector  conftest.c >&5
configure:5168: $? = 0
configure:5267: gcc -o conftest -O2 -march=armv6j -mtune=arm1136jf-s -pipe -fomit-frame-pointer -fno-stack-protector   conftest.c  >&5
configure:5270: $? = 0
configure:5276: ./conftest
configure:5279: $? = 0
configure:5296: result: yes
configure:5380: checking for a sed that does not truncate output
configure:5436: result: /scratchbox/tools/bin/sed
configure:5450: checking for ld used by gcc
configure:5517: result: /scratchbox/compilers/cs2007q3-glibc2.5-arm6/arm-none-linux-gnueabi/bin/ld
configure:5526: checking if the linker (/scratchbox/compilers/cs2007q3-glibc2.5-arm6/arm-none-linux-gnueabi/bin/ld) is GNU ld
configure:5541: result: yes
configure:5546: checking for /scratchbox/compilers/cs2007q3-glibc2.5-arm6/arm-none-linux-gnueabi/bin/ld option to reload object files
configure:5553: result: -r
configure:5571: checking for BSD-compatible nm
configure:5620: result: /scratchbox/compilers/bin/nm -B
configure:5624: checking how to recognize dependent libraries
configure:5810: result: pass_all
configure:6350: checking for sys/types.h
configure:6371: gcc -c -O2 -march=armv6j -mtune=arm1136jf-s -pipe -fomit-frame-pointer -fno-stack-protector  conftest.c >&5
configure:6377: $? = 0
configure:6393: result: yes
configure:6350: checking for sys/stat.h
configure:6371: gcc -c -O2 -march=armv6j -mtune=arm1136jf-s -pipe -fomit-frame-pointer -fno-stack-protector  conftest.c >&5
configure:6377: $? = 0
configure:6393: result: yes
configure:6350: checking for stdlib.h
configure:6371: gcc -c -O2 -march=armv6j -mtune=arm1136jf-s -pipe -fomit-frame-pointer -fno-stack-protector  conftest.c >&5
configure:6377: $? = 0
configure:6393: result: yes
configure:6350: checking for string.h
configure:6371: gcc -c -O2 -march=armv6j -mtune=arm1136jf-s -pipe -fomit-frame-pointer -fno-stack-protector  conftest.c >&5
configure:6377: $? = 0
configure:6393: result: yes
configure:6350: checking for memory.h
configure:6371: gcc -c -O2 -march=armv6j -mtune=arm1136jf-s -pipe -fomit-frame-pointer -fno-stack-protector  conftest.c >&5
configure:6377: $? = 0
configure:6393: result: yes
configure:6350: checking for strings.h
configure:6371: gcc -c -O2 -march=armv6j -mtune=arm1136jf-s -pipe -fomit-frame-pointer -fno-stack-protector  conftest.c >&5
configure:6377: $? = 0
configure:6393: result: yes
configure:6350: checking for inttypes.h
configure:6371: gcc -c -O2 -march=armv6j -mtune=arm1136jf-s -pipe -fomit-frame-pointer -fno-stack-protector  conftest.c >&5
configure:6377: $? = 0
configure:6393: result: yes
configure:6350: checking for stdint.h
configure:6371: gcc -c -O2 -march=armv6j -mtune=arm1136jf-s -pipe -fomit-frame-pointer -fno-stack-protector  conftest.c >&5
configure:6377: $? = 0
configure:6393: result: yes
configure:6350: checking for unistd.h
configure:6371: gcc -c -O2 -march=armv6j -mtune=arm1136jf-s -pipe -fomit-frame-pointer -fno-stack-protector  conftest.c >&5
configure:6377: $? = 0
configure:6393: result: yes
configure:6420: checking dlfcn.h usability
configure:6437: gcc -c -O2 -march=armv6j -mtune=arm1136jf-s -pipe -fomit-frame-pointer -fno-stack-protector  conftest.c >&5
configure:6443: $? = 0
configure:6457: result: yes
configure:6461: checking dlfcn.h presence
configure:6476: gcc -E  conftest.c
configure:6482: $? = 0
configure:6496: result: yes
configure:6524: checking for dlfcn.h
configure:6532: result: yes
configure:6603: checking for g++
configure:6619: found /scratchbox/compilers/bin/g++
configure:6630: result: g++
configure:6661: checking for C++ compiler version
configure:6668: g++ --version >&5
sbox-arm-none-linux-gnueabi-g++ (GCC) 4.2.1
Copyright (C) 2007 Free Software Foundation, Inc.
This is free software; see the source for copying conditions.  There is NO
warranty; not even for MERCHANTABILITY or FITNESS FOR A PARTICULAR PURPOSE.

configure:6671: $? = 0
configure:6678: g++ -v >&5
Using built-in specs.
Reading specs from /scratchbox/compilers/cs2007q3-glibc2.5-arm6/gcc.specs
rename spec cpp to old_cpp
rename spec cc1 to old_cc1
rename spec cc1plus to old_cc1plus
rename spec link to old_link
Target: arm-none-linux-gnueabi
Configured with: /home/jhakala/cs2007q3-sb4/arm/src/gcc-4.2/configure --build=i686-pc-linux-gnu --host=i686-pc-linux-gnu --target=arm-none-linux-gnueabi --enable-threads --disable-libmudflap --disable-libssp --disable-libgomp --disable-libstdcxx-pch --with-gnu-as --with-gnu-ld --enable-languages=c,c++ --enable-shared --enable-symvers=gnu --enable-__cxa_atexit --disable-nls --prefix=/opt/maemo --with-sysroot=/opt/maemo/arm-none-linux-gnueabi/libc --with-build-sysroot=/home/jhakala/cs2007q3-sb4/arm/install/arm-none-linux-gnueabi/libc --with-build-time-tools=/home/jhakala/cs2007q3-sb4/arm/install/arm-none-linux-gnueabi/bin
Thread model: posix
gcc version 4.2.1
configure:6681: $? = 0
configure:6688: g++ -V >&5
sbox-arm-none-linux-gnueabi-g++: argument to '-V' missing

configure:6691: $? = 1
configure:6694: checking whether we are using the GNU C++ compiler
configure:6723: g++ -c -O2 -march=armv6j -mtune=arm1136jf-s -pipe -fomit-frame-pointer -fno-stack-protector  conftest.cpp >&5
configure:6729: $? = 0
configure:6746: result: yes
configure:6751: checking whether g++ accepts -g
configure:6781: g++ -c -g  conftest.cpp >&5
configure:6787: $? = 0
configure:6886: result: yes
configure:6911: checking dependency style of g++
configure:7002: result: gcc3
configure:7027: checking how to run the C++ preprocessor
configure:7063: g++ -E  conftest.cpp
configure:7069: $? = 0
configure:7100: g++ -E  conftest.cpp
conftest.cpp:21:28: error: ac_nonexistent.h: No such file or directory
configure:7106: $? = 1
configure: failed program was:
| /* confdefs.h.  */
| #define PACKAGE_NAME ""
| #define PACKAGE_TARNAME ""
| #define PACKAGE_VERSION ""
| #define PACKAGE_STRING ""
| #define PACKAGE_BUGREPORT ""
| #define PACKAGE "enchant"
| #define VERSION "1.4.2"
| #define STDC_HEADERS 1
| #define HAVE_SYS_TYPES_H 1
| #define HAVE_SYS_STAT_H 1
| #define HAVE_STDLIB_H 1
| #define HAVE_STRING_H 1
| #define HAVE_MEMORY_H 1
| #define HAVE_STRINGS_H 1
| #define HAVE_INTTYPES_H 1
| #define HAVE_STDINT_H 1
| #define HAVE_UNISTD_H 1
| #define HAVE_DLFCN_H 1
| /* end confdefs.h.  */
| #include <ac_nonexistent.h>
configure:7139: result: g++ -E
configure:7168: g++ -E  conftest.cpp
configure:7174: $? = 0
configure:7205: g++ -E  conftest.cpp
conftest.cpp:21:28: error: ac_nonexistent.h: No such file or directory
configure:7211: $? = 1
configure: failed program was:
| /* confdefs.h.  */
| #define PACKAGE_NAME ""
| #define PACKAGE_TARNAME ""
| #define PACKAGE_VERSION ""
| #define PACKAGE_STRING ""
| #define PACKAGE_BUGREPORT ""
| #define PACKAGE "enchant"
| #define VERSION "1.4.2"
| #define STDC_HEADERS 1
| #define HAVE_SYS_TYPES_H 1
| #define HAVE_SYS_STAT_H 1
| #define HAVE_STDLIB_H 1
| #define HAVE_STRING_H 1
| #define HAVE_MEMORY_H 1
| #define HAVE_STRINGS_H 1
| #define HAVE_INTTYPES_H 1
| #define HAVE_STDINT_H 1
| #define HAVE_UNISTD_H 1
| #define HAVE_DLFCN_H 1
| /* end confdefs.h.  */
| #include <ac_nonexistent.h>
configure:7304: checking for g77
configure:7334: result: no
configure:7304: checking for xlf
configure:7334: result: no
configure:7304: checking for f77
configure:7334: result: no
configure:7304: checking for frt
configure:7334: result: no
configure:7304: checking for pgf77
configure:7334: result: no
configure:7304: checking for cf77
configure:7334: result: no
configure:7304: checking for fort77
configure:7334: result: no
configure:7304: checking for fl32
configure:7334: result: no
configure:7304: checking for af77
configure:7334: result: no
configure:7304: checking for xlf90
configure:7334: result: no
configure:7304: checking for f90
configure:7334: result: no
configure:7304: checking for pgf90
configure:7334: result: no
configure:7304: checking for pghpf
configure:7334: result: no
configure:7304: checking for epcf90
configure:7334: result: no
configure:7304: checking for gfortran
configure:7334: result: no
configure:7304: checking for g95
configure:7334: result: no
configure:7304: checking for xlf95
configure:7334: result: no
configure:7304: checking for f95
configure:7334: result: no
configure:7304: checking for fort
configure:7334: result: no
configure:7304: checking for ifort
configure:7334: result: no
configure:7304: checking for ifc
configure:7334: result: no
configure:7304: checking for efc
configure:7334: result: no
configure:7304: checking for pgf95
configure:7334: result: no
configure:7304: checking for lf95
configure:7334: result: no
configure:7304: checking for ftn
configure:7334: result: no
configure:7361: checking for Fortran 77 compiler version
configure:7368:  --version >&5
./configure: line 7369: --version: command not found
configure:7371: $? = 127
configure:7378:  -v >&5
./configure: line 7379: -v: command not found
configure:7381: $? = 127
configure:7388:  -V >&5
./configure: line 7389: -V: command not found
configure:7391: $? = 127
configure:7399: checking whether we are using the GNU Fortran 77 compiler
configure:7418:  -c  conftest.F >&5
./configure: line 7419: -c: command not found
configure:7424: $? = 127
configure: failed program was:
|       program main
| #ifndef __GNUC__
|        choke me
| #endif
| 
|       end
configure:7441: result: no
configure:7447: checking whether  accepts -g
configure:7464:  -c -g conftest.f >&5
./configure: line 7465: -c: command not found
configure:7470: $? = 127
configure: failed program was:
|       program main
| 
|       end
configure:7486: result: no
configure:7516: checking the maximum length of command line arguments
configure:7628: result: 98304
configure:7640: checking command to parse /scratchbox/compilers/bin/nm -B output from gcc object
configure:7745: gcc -c -O2 -march=armv6j -mtune=arm1136jf-s -pipe -fomit-frame-pointer -fno-stack-protector  conftest.c >&5
configure:7748: $? = 0
configure:7752: /scratchbox/compilers/bin/nm -B conftest.o \| sed -n -e 's/^.*[ 	]\([ABCDGIRSTW][ABCDGIRSTW]*\)[ 	][ 	]*\([_A-Za-z][_A-Za-z0-9]*\)$/\1 \2 \2/p' \> conftest.nm
configure:7755: $? = 0
configure:7807: gcc -o conftest -O2 -march=armv6j -mtune=arm1136jf-s -pipe -fomit-frame-pointer -fno-stack-protector   conftest.c conftstm.o >&5
configure:7810: $? = 0
configure:7848: result: ok
configure:7852: checking for objdir
configure:7867: result: .libs
configure:7959: checking for ar
configure:7975: found /scratchbox/compilers/bin/ar
configure:7986: result: ar
configure:8055: checking for ranlib
configure:8071: found /scratchbox/compilers/bin/ranlib
configure:8082: result: ranlib
configure:8151: checking for strip
configure:8167: found /scratchbox/compilers/bin/strip
configure:8178: result: strip
configure:8464: checking if gcc supports -fno-rtti -fno-exceptions
configure:8482: gcc -c -O2 -march=armv6j -mtune=arm1136jf-s -pipe -fomit-frame-pointer -fno-stack-protector  -fno-rtti -fno-exceptions conftest.c >&5
cc1: warning: command line option "-fno-rtti" is valid for C++/ObjC++ but not for C
cc1: warning: command line option "-fno-rtti" is valid for C++/ObjC++ but not for C
configure:8486: $? = 0
configure:8499: result: no
configure:8514: checking for gcc option to produce PIC
configure:8746: result: -fPIC
configure:8754: checking if gcc PIC flag -fPIC works
configure:8772: gcc -c -O2 -march=armv6j -mtune=arm1136jf-s -pipe -fomit-frame-pointer -fno-stack-protector  -fPIC -DPIC conftest.c >&5
configure:8776: $? = 0
configure:8789: result: yes
configure:8817: checking if gcc static flag -static works
configure:8845: result: yes
configure:8855: checking if gcc supports -c -o file.o
configure:8876: gcc -c -O2 -march=armv6j -mtune=arm1136jf-s -pipe -fomit-frame-pointer -fno-stack-protector  -o out/conftest2.o conftest.c >&5
configure:8880: $? = 0
configure:8902: result: yes
configure:8928: checking whether the gcc linker (/scratchbox/compilers/cs2007q3-glibc2.5-arm6/arm-none-linux-gnueabi/bin/ld) supports shared libraries
configure:9908: result: yes
configure:9929: checking whether -lc should be explicitly linked in
configure:9934: gcc -c -O2 -march=armv6j -mtune=arm1136jf-s -pipe -fomit-frame-pointer -fno-stack-protector  conftest.c >&5
configure:9937: $? = 0
configure:9952: gcc -shared conftest.o  -v -Wl,-soname -Wl,conftest -o conftest 2\>\&1 \| grep  -lc  \>/dev/null 2\>\&1
configure:9955: $? = 0
configure:9967: result: no
configure:9975: checking dynamic linker characteristics
configure:10579: result: GNU/Linux ld.so
configure:10588: checking how to hardcode library paths into programs
configure:10613: result: immediate
configure:10627: checking whether stripping libraries is possible
configure:10632: result: yes
configure:11434: checking if libtool supports shared libraries
configure:11436: result: yes
configure:11439: checking whether to build shared libraries
configure:11460: result: yes
configure:11463: checking whether to build static libraries
configure:11467: result: no
configure:11560: creating libtool
configure:12148: checking for ld used by g++
configure:12215: result: /scratchbox/compilers/cs2007q3-glibc2.5-arm6/arm-none-linux-gnueabi/bin/ld
configure:12224: checking if the linker (/scratchbox/compilers/cs2007q3-glibc2.5-arm6/arm-none-linux-gnueabi/bin/ld) is GNU ld
configure:12239: result: yes
configure:12290: checking whether the g++ linker (/scratchbox/compilers/cs2007q3-glibc2.5-arm6/arm-none-linux-gnueabi/bin/ld) supports shared libraries
configure:13264: result: yes
configure:13282: g++ -c -O2 -march=armv6j -mtune=arm1136jf-s -pipe -fomit-frame-pointer -fno-stack-protector  conftest.cpp >&5
configure:13285: $? = 0
configure:13437: checking for g++ option to produce PIC
configure:13721: result: -fPIC
configure:13729: checking if g++ PIC flag -fPIC works
configure:13747: g++ -c -O2 -march=armv6j -mtune=arm1136jf-s -pipe -fomit-frame-pointer -fno-stack-protector  -fPIC -DPIC conftest.cpp >&5
configure:13751: $? = 0
configure:13764: result: yes
configure:13792: checking if g++ static flag -static works
configure:13820: result: yes
configure:13830: checking if g++ supports -c -o file.o
configure:13851: g++ -c -O2 -march=armv6j -mtune=arm1136jf-s -pipe -fomit-frame-pointer -fno-stack-protector  -o out/conftest2.o conftest.cpp >&5
configure:13855: $? = 0
configure:13877: result: yes
configure:13903: checking whether the g++ linker (/scratchbox/compilers/cs2007q3-glibc2.5-arm6/arm-none-linux-gnueabi/bin/ld) supports shared libraries
configure:13928: result: yes
configure:13995: checking dynamic linker characteristics
configure:14547: result: GNU/Linux ld.so
configure:14556: checking how to hardcode library paths into programs
configure:14581: result: immediate
configure:20757: checking for an ANSI C-conforming const
configure:20832: gcc -c -O2 -march=armv6j -mtune=arm1136jf-s -pipe -fomit-frame-pointer -fno-stack-protector  conftest.c >&5
configure:20838: $? = 0
configure:20853: result: yes
configure:20869: checking for flock
configure:20925: gcc -o conftest -O2 -march=armv6j -mtune=arm1136jf-s -pipe -fomit-frame-pointer -fno-stack-protector   conftest.c  >&5
configure:20931: $? = 0
configure:20949: result: yes
configure:20869: checking for lockf
configure:20925: gcc -o conftest -O2 -march=armv6j -mtune=arm1136jf-s -pipe -fomit-frame-pointer -fno-stack-protector   conftest.c  >&5
configure:20931: $? = 0
configure:20949: result: yes
configure:21077: checking for C++ compiler version
configure:21084: g++ --version >&5
sbox-arm-none-linux-gnueabi-g++ (GCC) 4.2.1
Copyright (C) 2007 Free Software Foundation, Inc.
This is free software; see the source for copying conditions.  There is NO
warranty; not even for MERCHANTABILITY or FITNESS FOR A PARTICULAR PURPOSE.

configure:21087: $? = 0
configure:21094: g++ -v >&5
Using built-in specs.
Reading specs from /scratchbox/compilers/cs2007q3-glibc2.5-arm6/gcc.specs
rename spec cpp to old_cpp
rename spec cc1 to old_cc1
rename spec cc1plus to old_cc1plus
rename spec link to old_link
Target: arm-none-linux-gnueabi
Configured with: /home/jhakala/cs2007q3-sb4/arm/src/gcc-4.2/configure --build=i686-pc-linux-gnu --host=i686-pc-linux-gnu --target=arm-none-linux-gnueabi --enable-threads --disable-libmudflap --disable-libssp --disable-libgomp --disable-libstdcxx-pch --with-gnu-as --with-gnu-ld --enable-languages=c,c++ --enable-shared --enable-symvers=gnu --enable-__cxa_atexit --disable-nls --prefix=/opt/maemo --with-sysroot=/opt/maemo/arm-none-linux-gnueabi/libc --with-build-sysroot=/home/jhakala/cs2007q3-sb4/arm/install/arm-none-linux-gnueabi/libc --with-build-time-tools=/home/jhakala/cs2007q3-sb4/arm/install/arm-none-linux-gnueabi/bin
Thread model: posix
gcc version 4.2.1
configure:21097: $? = 0
configure:21104: g++ -V >&5
sbox-arm-none-linux-gnueabi-g++: argument to '-V' missing

configure:21107: $? = 1
configure:21110: checking whether we are using the GNU C++ compiler
configure:21162: result: yes
configure:21167: checking whether g++ accepts -g
configure:21302: result: yes
configure:21327: checking dependency style of g++
configure:21418: result: gcc3
configure:21444: checking for pkg-config
configure:21462: found /usr/local/bin/pkg-config
configure:21475: result: /usr/local/bin/pkg-config
configure:21592: checking pkg-config is at least version 0.9.0
configure:21595: result: yes
configure:21606: checking for ENCHANT
configure:21614: $PKG_CONFIG --exists --print-errors "glib-2.0 >= 2.6 gmodule-2.0"
configure:21617: $? = 0
configure:21632: $PKG_CONFIG --exists --print-errors "glib-2.0 >= 2.6 gmodule-2.0"
configure:21635: $? = 0
configure:21711: result: yes
configure:21736: checking for supported C warning flags
configure:21758: checking whether gcc supports -Wall
configure:21773: gcc -c -O2 -march=armv6j -mtune=arm1136jf-s -pipe -fomit-frame-pointer -fno-stack-protector -Wall  conftest.c >&5
configure:21779: $? = 0
configure:21800: result: yes
configure:21758: checking whether gcc supports -Wextra
configure:21773: gcc -c -O2 -march=armv6j -mtune=arm1136jf-s -pipe -fomit-frame-pointer -fno-stack-protector -Wextra  conftest.c >&5
configure:21779: $? = 0
configure:21800: result: yes
configure:21758: checking whether gcc supports -Wsign-compare
configure:21773: gcc -c -O2 -march=armv6j -mtune=arm1136jf-s -pipe -fomit-frame-pointer -fno-stack-protector -Wsign-compare  conftest.c >&5
configure:21779: $? = 0
configure:21800: result: yes
configure:21758: checking whether gcc supports -Werror-implicit-function-declaration
configure:21773: gcc -c -O2 -march=armv6j -mtune=arm1136jf-s -pipe -fomit-frame-pointer -fno-stack-protector -Werror-implicit-function-declaration  conftest.c >&5
configure:21779: $? = 0
configure:21800: result: yes
configure:21758: checking whether gcc supports -Wpointer-arith
configure:21773: gcc -c -O2 -march=armv6j -mtune=arm1136jf-s -pipe -fomit-frame-pointer -fno-stack-protector -Wpointer-arith  conftest.c >&5
configure:21779: $? = 0
configure:21800: result: yes
configure:21758: checking whether gcc supports -Wwrite-strings
configure:21773: gcc -c -O2 -march=armv6j -mtune=arm1136jf-s -pipe -fomit-frame-pointer -fno-stack-protector -Wwrite-strings  conftest.c >&5
configure:21779: $? = 0
configure:21800: result: yes
configure:21758: checking whether gcc supports -Wstrict-prototypes
configure:21773: gcc -c -O2 -march=armv6j -mtune=arm1136jf-s -pipe -fomit-frame-pointer -fno-stack-protector -Wstrict-prototypes  conftest.c >&5
configure:21779: $? = 0
configure:21800: result: yes
configure:21758: checking whether gcc supports -Wmissing-prototypes
configure:21773: gcc -c -O2 -march=armv6j -mtune=arm1136jf-s -pipe -fomit-frame-pointer -fno-stack-protector -Wmissing-prototypes  conftest.c >&5
configure:21779: $? = 0
configure:21800: result: yes
configure:21758: checking whether gcc supports -Wmissing-declarations
configure:21773: gcc -c -O2 -march=armv6j -mtune=arm1136jf-s -pipe -fomit-frame-pointer -fno-stack-protector -Wmissing-declarations  conftest.c >&5
configure:21779: $? = 0
configure:21800: result: yes
configure:21758: checking whether gcc supports -Wnested-externs
configure:21773: gcc -c -O2 -march=armv6j -mtune=arm1136jf-s -pipe -fomit-frame-pointer -fno-stack-protector -Wnested-externs  conftest.c >&5
configure:21779: $? = 0
configure:21800: result: yes
configure:21758: checking whether gcc supports -Wpacked
configure:21773: gcc -c -O2 -march=armv6j -mtune=arm1136jf-s -pipe -fomit-frame-pointer -fno-stack-protector -Wpacked  conftest.c >&5
configure:21779: $? = 0
configure:21800: result: yes
configure:21758: checking whether gcc supports -Wswitch-enum
configure:21773: gcc -c -O2 -march=armv6j -mtune=arm1136jf-s -pipe -fomit-frame-pointer -fno-stack-protector -Wswitch-enum  conftest.c >&5
configure:21779: $? = 0
configure:21800: result: yes
configure:21758: checking whether gcc supports -Wmissing-format-attribute
configure:21773: gcc -c -O2 -march=armv6j -mtune=arm1136jf-s -pipe -fomit-frame-pointer -fno-stack-protector -Wmissing-format-attribute  conftest.c >&5
configure:21779: $? = 0
configure:21800: result: yes
configure:21758: checking whether gcc supports -Wstrict-aliasing=2
configure:21773: gcc -c -O2 -march=armv6j -mtune=arm1136jf-s -pipe -fomit-frame-pointer -fno-stack-protector -Wstrict-aliasing=2  conftest.c >&5
configure:21779: $? = 0
configure:21800: result: yes
configure:21758: checking whether gcc supports -Winit-self
configure:21773: gcc -c -O2 -march=armv6j -mtune=arm1136jf-s -pipe -fomit-frame-pointer -fno-stack-protector -Winit-self  conftest.c >&5
configure:21779: $? = 0
configure:21800: result: yes
configure:21758: checking whether gcc supports -Wunsafe-loop-optimizations
configure:21773: gcc -c -O2 -march=armv6j -mtune=arm1136jf-s -pipe -fomit-frame-pointer -fno-stack-protector -Wunsafe-loop-optimizations  conftest.c >&5
configure:21779: $? = 0
configure:21800: result: yes
configure:21758: checking whether gcc supports -Wdeclaration-after-statement
configure:21773: gcc -c -O2 -march=armv6j -mtune=arm1136jf-s -pipe -fomit-frame-pointer -fno-stack-protector -Wdeclaration-after-statement  conftest.c >&5
configure:21779: $? = 0
configure:21800: result: yes
configure:21758: checking whether gcc supports -Wold-style-definition
configure:21773: gcc -c -O2 -march=armv6j -mtune=arm1136jf-s -pipe -fomit-frame-pointer -fno-stack-protector -Wold-style-definition  conftest.c >&5
configure:21779: $? = 0
configure:21800: result: yes
configure:21758: checking whether gcc supports -Wno-missing-field-initializers
configure:21773: gcc -c -O2 -march=armv6j -mtune=arm1136jf-s -pipe -fomit-frame-pointer -fno-stack-protector -Wno-missing-field-initializers  conftest.c >&5
configure:21779: $? = 0
configure:21800: result: yes
configure:21758: checking whether gcc supports -Wno-unused-parameter
configure:21773: gcc -c -O2 -march=armv6j -mtune=arm1136jf-s -pipe -fomit-frame-pointer -fno-stack-protector -Wno-unused-parameter  conftest.c >&5
configure:21779: $? = 0
configure:21800: result: yes
configure:21758: checking whether gcc supports -Wno-attributes
configure:21773: gcc -c -O2 -march=armv6j -mtune=arm1136jf-s -pipe -fomit-frame-pointer -fno-stack-protector -Wno-attributes  conftest.c >&5
configure:21779: $? = 0
configure:21800: result: yes
configure:21758: checking whether gcc supports -Wno-long-long
configure:21773: gcc -c -O2 -march=armv6j -mtune=arm1136jf-s -pipe -fomit-frame-pointer -fno-stack-protector -Wno-long-long  conftest.c >&5
configure:21779: $? = 0
configure:21800: result: yes
configure:21758: checking whether gcc supports -Winline
configure:21773: gcc -c -O2 -march=armv6j -mtune=arm1136jf-s -pipe -fomit-frame-pointer -fno-stack-protector -Winline  conftest.c >&5
configure:21779: $? = 0
configure:21800: result: yes
configure:21758: checking whether gcc supports -fno-strict-aliasing
configure:21773: gcc -c -O2 -march=armv6j -mtune=arm1136jf-s -pipe -fomit-frame-pointer -fno-stack-protector -fno-strict-aliasing  conftest.c >&5
configure:21779: $? = 0
configure:21800: result: yes
configure:21808: checking which C warning flags were supported
configure:21811: result:  -Wall -Wextra -Wsign-compare -Werror-implicit-function-declaration -Wpointer-arith -Wwrite-strings -Wstrict-prototypes -Wmissing-prototypes -Wmissing-declarations -Wnested-externs -Wpacked -Wswitch-enum -Wmissing-format-attribute -Wstrict-aliasing=2 -Winit-self -Wunsafe-loop-optimizations -Wdeclaration-after-statement -Wold-style-definition -Wno-missing-field-initializers -Wno-unused-parameter -Wno-attributes -Wno-long-long -Winline -fno-strict-aliasing
configure:21828: checking for supported C++ warning flags
configure:21850: checking whether g++ supports -Wall
configure:21871: g++ -c -O2 -march=armv6j -mtune=arm1136jf-s -pipe -fomit-frame-pointer -fno-stack-protector -Wall  conftest.cpp >&5
configure:21877: $? = 0
configure:21898: result: yes
configure:21850: checking whether g++ supports -Wextra
configure:21871: g++ -c -O2 -march=armv6j -mtune=arm1136jf-s -pipe -fomit-frame-pointer -fno-stack-protector -Wextra  conftest.cpp >&5
configure:21877: $? = 0
configure:21898: result: yes
configure:21850: checking whether g++ supports -Wsign-compare
configure:21871: g++ -c -O2 -march=armv6j -mtune=arm1136jf-s -pipe -fomit-frame-pointer -fno-stack-protector -Wsign-compare  conftest.cpp >&5
configure:21877: $? = 0
configure:21898: result: yes
configure:21850: checking whether g++ supports -Wpointer-arith
configure:21871: g++ -c -O2 -march=armv6j -mtune=arm1136jf-s -pipe -fomit-frame-pointer -fno-stack-protector -Wpointer-arith  conftest.cpp >&5
configure:21877: $? = 0
configure:21898: result: yes
configure:21850: checking whether g++ supports -Wwrite-strings
configure:21871: g++ -c -O2 -march=armv6j -mtune=arm1136jf-s -pipe -fomit-frame-pointer -fno-stack-protector -Wwrite-strings  conftest.cpp >&5
configure:21877: $? = 0
configure:21898: result: yes
configure:21850: checking whether g++ supports -Wpacked
configure:21871: g++ -c -O2 -march=armv6j -mtune=arm1136jf-s -pipe -fomit-frame-pointer -fno-stack-protector -Wpacked  conftest.cpp >&5
configure:21877: $? = 0
configure:21898: result: yes
configure:21850: checking whether g++ supports -Wswitch-enum
configure:21871: g++ -c -O2 -march=armv6j -mtune=arm1136jf-s -pipe -fomit-frame-pointer -fno-stack-protector -Wswitch-enum  conftest.cpp >&5
configure:21877: $? = 0
configure:21898: result: yes
configure:21850: checking whether g++ supports -Wmissing-format-attribute
configure:21871: g++ -c -O2 -march=armv6j -mtune=arm1136jf-s -pipe -fomit-frame-pointer -fno-stack-protector -Wmissing-format-attribute  conftest.cpp >&5
configure:21877: $? = 0
configure:21898: result: yes
configure:21850: checking whether g++ supports -Wstrict-aliasing=2
configure:21871: g++ -c -O2 -march=armv6j -mtune=arm1136jf-s -pipe -fomit-frame-pointer -fno-stack-protector -Wstrict-aliasing=2  conftest.cpp >&5
configure:21877: $? = 0
configure:21898: result: yes
configure:21850: checking whether g++ supports -Winit-self
configure:21871: g++ -c -O2 -march=armv6j -mtune=arm1136jf-s -pipe -fomit-frame-pointer -fno-stack-protector -Winit-self  conftest.cpp >&5
configure:21877: $? = 0
configure:21898: result: yes
configure:21850: checking whether g++ supports -Wunsafe-loop-optimizations
configure:21871: g++ -c -O2 -march=armv6j -mtune=arm1136jf-s -pipe -fomit-frame-pointer -fno-stack-protector -Wunsafe-loop-optimizations  conftest.cpp >&5
configure:21877: $? = 0
configure:21898: result: yes
configure:21850: checking whether g++ supports -Wno-missing-field-initializers
configure:21871: g++ -c -O2 -march=armv6j -mtune=arm1136jf-s -pipe -fomit-frame-pointer -fno-stack-protector -Wno-missing-field-initializers  conftest.cpp >&5
configure:21877: $? = 0
configure:21898: result: yes
configure:21850: checking whether g++ supports -Wno-unused-parameter
configure:21871: g++ -c -O2 -march=armv6j -mtune=arm1136jf-s -pipe -fomit-frame-pointer -fno-stack-protector -Wno-unused-parameter  conftest.cpp >&5
configure:21877: $? = 0
configure:21898: result: yes
configure:21850: checking whether g++ supports -Wno-attributes
configure:21871: g++ -c -O2 -march=armv6j -mtune=arm1136jf-s -pipe -fomit-frame-pointer -fno-stack-protector -Wno-attributes  conftest.cpp >&5
configure:21877: $? = 0
configure:21898: result: yes
configure:21850: checking whether g++ supports -Wno-long-long
configure:21871: g++ -c -O2 -march=armv6j -mtune=arm1136jf-s -pipe -fomit-frame-pointer -fno-stack-protector -Wno-long-long  conftest.cpp >&5
configure:21877: $? = 0
configure:21898: result: yes
configure:21850: checking whether g++ supports -Winline
configure:21871: g++ -c -O2 -march=armv6j -mtune=arm1136jf-s -pipe -fomit-frame-pointer -fno-stack-protector -Winline  conftest.cpp >&5
configure:21877: $? = 0
configure:21898: result: yes
configure:21850: checking whether g++ supports -fno-strict-aliasing
configure:21871: g++ -c -O2 -march=armv6j -mtune=arm1136jf-s -pipe -fomit-frame-pointer -fno-stack-protector -fno-strict-aliasing  conftest.cpp >&5
configure:21877: $? = 0
configure:21898: result: yes
configure:21912: checking which C++ warning flags were supported
configure:21915: result:  -Wall -Wextra -Wsign-compare -Wpointer-arith -Wwrite-strings -Wpacked -Wswitch-enum -Wmissing-format-attribute -Wstrict-aliasing=2 -Winit-self -Wunsafe-loop-optimizations -Wno-missing-field-initializers -Wno-unused-parameter -Wno-attributes -Wno-long-long -Winline -fno-strict-aliasing
configure:21925: checking for native Win32
configure:21939: result: no
configure:22012: checking locale.h usability
configure:22029: gcc -c -O2 -march=armv6j -mtune=arm1136jf-s -pipe -fomit-frame-pointer -fno-stack-protector  conftest.c >&5
configure:22035: $? = 0
configure:22049: result: yes
configure:22053: checking locale.h presence
configure:22068: gcc -E  conftest.c
configure:22074: $? = 0
configure:22088: result: yes
configure:22116: checking for locale.h
configure:22124: result: yes
configure:22138: checking for LC_MESSAGES
configure:22164: gcc -o conftest -O2 -march=armv6j -mtune=arm1136jf-s -pipe -fomit-frame-pointer -fno-stack-protector   conftest.c  >&5
configure:22170: $? = 0
configure:22187: result: yes
configure:22282: checking for MYSPELL
configure:22308: $PKG_CONFIG --exists --print-errors "hunspell"
Package hunspell was not found in the pkg-config search path.
Perhaps you should add the directory containing `hunspell.pc'
to the PKG_CONFIG_PATH environment variable
No package 'hunspell' found
configure:22311: $? = 1
No package 'hunspell' found
configure:22339: result: no
configure:22396: checking for aspell
configure:22424: result: no
configure:22450: WARNING: Didn't find aspell >= 0.50.0 and no explicit path aspell specified. Guessing at /usr/local
configure:22456: checking For aspell headers in /usr/local/include
configure:22869: result: no
configure:22921: checking for voikko_init in -lvoikko
configure:22956: gcc -o conftest -O2 -march=armv6j -mtune=arm1136jf-s -pipe -fomit-frame-pointer -fno-stack-protector   conftest.c -lvoikko   >&5
/scratchbox/compilers/cs2007q3-glibc2.5-arm6/bin/../lib/gcc/arm-none-linux-gnueabi/4.2.1/../../../../arm-none-linux-gnueabi/bin/ld: cannot find -lvoikko
collect2: ld returned 1 exit status
configure:22962: $? = 1
configure: failed program was:
| /* confdefs.h.  */
| #define PACKAGE_NAME ""
| #define PACKAGE_TARNAME ""
| #define PACKAGE_VERSION ""
| #define PACKAGE_STRING ""
| #define PACKAGE_BUGREPORT ""
| #define PACKAGE "enchant"
| #define VERSION "1.4.2"
| #define STDC_HEADERS 1
| #define HAVE_SYS_TYPES_H 1
| #define HAVE_SYS_STAT_H 1
| #define HAVE_STDLIB_H 1
| #define HAVE_STRING_H 1
| #define HAVE_MEMORY_H 1
| #define HAVE_STRINGS_H 1
| #define HAVE_INTTYPES_H 1
| #define HAVE_STDINT_H 1
| #define HAVE_UNISTD_H 1
| #define HAVE_DLFCN_H 1
| #define HAVE_FLOCK 1
| #define HAVE_LOCKF 1
| #define HAVE_LOCALE_H 1
| #define HAVE_LC_MESSAGES 1
| /* end confdefs.h.  */
| 
| /* Override any GCC internal prototype to avoid an error.
|    Use char because int might match the return type of a GCC
|    builtin and then its argument prototype would still apply.  */
| #ifdef __cplusplus
| extern "C"
| #endif
| char voikko_init ();
| int
| main ()
| {
| return voikko_init ();
|   ;
|   return 0;
| }
configure:22980: result: no
configure:23020: checking for USPELL
configure:23028: $PKG_CONFIG --exists --print-errors "libuspell >= 1.1.0"
Package libuspell was not found in the pkg-config search path.
Perhaps you should add the directory containing `libuspell.pc'
to the PKG_CONFIG_PATH environment variable
No package 'libuspell' found
configure:23031: $? = 1
configure:23046: $PKG_CONFIG --exists --print-errors "libuspell >= 1.1.0"
Package libuspell was not found in the pkg-config search path.
Perhaps you should add the directory containing `libuspell.pc'
to the PKG_CONFIG_PATH environment variable
No package 'libuspell' found
configure:23049: $? = 1
No package 'libuspell' found
configure:23077: result: no
configure:23146: checking for hspell_get_dictionary_path in -lhspell
configure:23181: gcc -o conftest -O2 -march=armv6j -mtune=arm1136jf-s -pipe -fomit-frame-pointer -fno-stack-protector   conftest.c -lhspell -lz  >&5
/scratchbox/compilers/cs2007q3-glibc2.5-arm6/bin/../lib/gcc/arm-none-linux-gnueabi/4.2.1/../../../../arm-none-linux-gnueabi/bin/ld: cannot find -lhspell
collect2: ld returned 1 exit status
configure:23187: $? = 1
configure: failed program was:
| /* confdefs.h.  */
| #define PACKAGE_NAME ""
| #define PACKAGE_TARNAME ""
| #define PACKAGE_VERSION ""
| #define PACKAGE_STRING ""
| #define PACKAGE_BUGREPORT ""
| #define PACKAGE "enchant"
| #define VERSION "1.4.2"
| #define STDC_HEADERS 1
| #define HAVE_SYS_TYPES_H 1
| #define HAVE_SYS_STAT_H 1
| #define HAVE_STDLIB_H 1
| #define HAVE_STRING_H 1
| #define HAVE_MEMORY_H 1
| #define HAVE_STRINGS_H 1
| #define HAVE_INTTYPES_H 1
| #define HAVE_STDINT_H 1
| #define HAVE_UNISTD_H 1
| #define HAVE_DLFCN_H 1
| #define HAVE_FLOCK 1
| #define HAVE_LOCKF 1
| #define HAVE_LOCALE_H 1
| #define HAVE_LC_MESSAGES 1
| /* end confdefs.h.  */
| 
| /* Override any GCC internal prototype to avoid an error.
|    Use char because int might match the return type of a GCC
|    builtin and then its argument prototype would still apply.  */
| #ifdef __cplusplus
| extern "C"
| #endif
| char hspell_get_dictionary_path ();
| int
| main ()
| {
| return hspell_get_dictionary_path ();
|   ;
|   return 0;
| }
configure:23205: result: no
configure:23241: checking For DBus-Glib >= 0.62
configure:23516: creating ./config.status

## ---------------------- ##
## Running config.status. ##
## ---------------------- ##

This file was extended by config.status, which was
generated by GNU Autoconf 2.61.  Invocation command line was

  CONFIG_FILES    = 
  CONFIG_HEADERS  = 
  CONFIG_LINKS    = 
  CONFIG_COMMANDS = 
  $ ./config.status 

on tjw-pc

config.status:721: creating Makefile
config.status:721: creating enchant.pc
config.status:721: creating enchant-uninstalled.pc
config.status:721: creating enchant.spec
config.status:721: creating src/libenchant.rc
config.status:721: creating src/Makefile
config.status:721: creating src/aspell/Makefile
config.status:721: creating src/ispell/Makefile
config.status:721: creating src/uspell/Makefile
config.status:721: creating src/myspell/Makefile
config.status:721: creating src/hspell/Makefile
config.status:721: creating src/applespell/Makefile
config.status:721: creating src/voikko/Makefile
config.status:721: creating src/zemberek/Makefile
config.status:721: creating tests/Makefile
config.status:721: creating tests/ispell
config.status:721: creating doc/Makefile
config.status:721: creating data/Makefile
config.status:721: creating autopackage/default.apspec
config.status:912: executing depfiles commands

## ---------------- ##
## Cache variables. ##
## ---------------- ##

ac_cv_build=arm-unknown-linux-gnu
ac_cv_c_compiler_gnu=yes
ac_cv_c_const=yes
ac_cv_cxx_compiler_gnu=yes
ac_cv_env_CCC_set=
ac_cv_env_CCC_value=
ac_cv_env_CC_set=
ac_cv_env_CC_value=
ac_cv_env_CFLAGS_set=set
ac_cv_env_CFLAGS_value='-O2 -march=armv6j -mtune=arm1136jf-s -pipe -fomit-frame-pointer -fno-stack-protector'
ac_cv_env_CPPFLAGS_set=
ac_cv_env_CPPFLAGS_value=
ac_cv_env_CPP_set=
ac_cv_env_CPP_value=
ac_cv_env_CXXCPP_set=
ac_cv_env_CXXCPP_value=
ac_cv_env_CXXFLAGS_set=set
ac_cv_env_CXXFLAGS_value='-O2 -march=armv6j -mtune=arm1136jf-s -pipe -fomit-frame-pointer -fno-stack-protector'
ac_cv_env_CXX_set=
ac_cv_env_CXX_value=
ac_cv_env_ENCHANT_CFLAGS_set=
ac_cv_env_ENCHANT_CFLAGS_value=
ac_cv_env_ENCHANT_LIBS_set=
ac_cv_env_ENCHANT_LIBS_value=
ac_cv_env_F77_set=
ac_cv_env_F77_value=
ac_cv_env_FFLAGS_set=
ac_cv_env_FFLAGS_value=
ac_cv_env_LDFLAGS_set=
ac_cv_env_LDFLAGS_value=
ac_cv_env_LIBS_set=
ac_cv_env_LIBS_value=
ac_cv_env_MYSPELL_CFLAGS_set=
ac_cv_env_MYSPELL_CFLAGS_value=
ac_cv_env_MYSPELL_LIBS_set=
ac_cv_env_MYSPELL_LIBS_value=
ac_cv_env_PKG_CONFIG_set=
ac_cv_env_PKG_CONFIG_value=
ac_cv_env_USPELL_CFLAGS_set=
ac_cv_env_USPELL_CFLAGS_value=
ac_cv_env_USPELL_LIBS_set=
ac_cv_env_USPELL_LIBS_value=
ac_cv_env_build_alias_set=
ac_cv_env_build_alias_value=
ac_cv_env_host_alias_set=
ac_cv_env_host_alias_value=
ac_cv_env_target_alias_set=
ac_cv_env_target_alias_value=
ac_cv_f77_compiler_gnu=no
ac_cv_func_flock=yes
ac_cv_func_lockf=yes
ac_cv_header_dlfcn_h=yes
ac_cv_header_inttypes_h=yes
ac_cv_header_locale_h=yes
ac_cv_header_memory_h=yes
ac_cv_header_stdc=yes
ac_cv_header_stdint_h=yes
ac_cv_header_stdlib_h=yes
ac_cv_header_string_h=yes
ac_cv_header_strings_h=yes
ac_cv_header_sys_stat_h=yes
ac_cv_header_sys_types_h=yes
ac_cv_header_unistd_h=yes
ac_cv_host=arm-unknown-linux-gnu
ac_cv_lib_hspell_hspell_get_dictionary_path=no
ac_cv_lib_voikko_voikko_init=no
ac_cv_objext=o
ac_cv_path_EGREP='/scratchbox/tools/bin/grep -E'
ac_cv_path_GREP=/scratchbox/tools/bin/grep
ac_cv_path_PKG_CONFIG=/usr/local/bin/pkg-config
ac_cv_path_install='/scratchbox/tools/bin/install -c'
ac_cv_path_mkdir=/scratchbox/tools/bin/mkdir
ac_cv_prog_AWK=gawk
ac_cv_prog_CPP='gcc -E'
ac_cv_prog_CXXCPP='g++ -E'
ac_cv_prog_HAVE_ASPELL=no
ac_cv_prog_ac_ct_AR=ar
ac_cv_prog_ac_ct_CC=gcc
ac_cv_prog_ac_ct_CXX=g++
ac_cv_prog_ac_ct_RANLIB=ranlib
ac_cv_prog_ac_ct_STRIP=strip
ac_cv_prog_cc_c89=
ac_cv_prog_cc_g=yes
ac_cv_prog_cxx_g=yes
ac_cv_prog_f77_g=no
ac_cv_prog_make_make_set=yes
ac_cv_search_strerror='none required'
ac_cv_target=arm-unknown-linux-gnu
am_cv_CC_dependencies_compiler_type=gcc3
am_cv_CXX_dependencies_compiler_type=gcc3
am_cv_val_LC_MESSAGES=yes
enchant_cv_warn_cflags=' -Wall -Wextra -Wsign-compare -Werror-implicit-function-declaration -Wpointer-arith -Wwrite-strings -Wstrict-prototypes -Wmissing-prototypes -Wmissing-declarations -Wnested-externs -Wpacked -Wswitch-enum -Wmissing-format-attribute -Wstrict-aliasing=2 -Winit-self -Wunsafe-loop-optimizations -Wdeclaration-after-statement -Wold-style-definition -Wno-missing-field-initializers -Wno-unused-parameter -Wno-attributes -Wno-long-long -Winline -fno-strict-aliasing'
enchant_cv_warn_maybe='-Wall -Wextra -Wsign-compare -Werror-implicit-function-declaration -Wpointer-arith -Wwrite-strings -Wstrict-prototypes -Wmissing-prototypes -Wmissing-declarations -Wnested-externs -Wpacked -Wswitch-enum -Wmissing-format-attribute -Wstrict-aliasing=2 -Winit-self -Wunsafe-loop-optimizations -Wdeclaration-after-statement -Wold-style-definition -Wno-missing-field-initializers -Wno-unused-parameter -Wno-attributes -Wno-long-long -Winline -fno-strict-aliasing'
enchant_cxx_cv_warn_cflags=' -Wall -Wextra -Wsign-compare -Wpointer-arith -Wwrite-strings -Wpacked -Wswitch-enum -Wmissing-format-attribute -Wstrict-aliasing=2 -Winit-self -Wunsafe-loop-optimizations -Wno-missing-field-initializers -Wno-unused-parameter -Wno-attributes -Wno-long-long -Winline -fno-strict-aliasing'
enchant_cxx_cv_warn_maybe='-Wall -Wextra -Wsign-compare -Wpointer-arith -Wwrite-strings -Wpacked -Wswitch-enum -Wmissing-format-attribute -Wstrict-aliasing=2 -Winit-self -Wunsafe-loop-optimizations -Wno-missing-field-initializers -Wno-unused-parameter -Wno-attributes -Wno-long-long -Winline -fno-strict-aliasing'
lt_cv_deplibs_check_method=pass_all
lt_cv_file_magic_cmd='$MAGIC_CMD'
lt_cv_file_magic_test_file=
lt_cv_ld_reload_flag=-r
lt_cv_objdir=.libs
lt_cv_path_LD=/scratchbox/compilers/cs2007q3-glibc2.5-arm6/arm-none-linux-gnueabi/bin/ld
lt_cv_path_LDCXX=/scratchbox/compilers/cs2007q3-glibc2.5-arm6/arm-none-linux-gnueabi/bin/ld
lt_cv_path_NM='/scratchbox/compilers/bin/nm -B'
lt_cv_path_SED=/scratchbox/tools/bin/sed
lt_cv_prog_compiler_c_o=yes
lt_cv_prog_compiler_c_o_CXX=yes
lt_cv_prog_compiler_rtti_exceptions=no
lt_cv_prog_gnu_ld=yes
lt_cv_prog_gnu_ldcxx=yes
lt_cv_sys_global_symbol_pipe='sed -n -e '\''s/^.*[ 	]\([ABCDGIRSTW][ABCDGIRSTW]*\)[ 	][ 	]*\([_A-Za-z][_A-Za-z0-9]*\)$/\1 \2 \2/p'\'''
lt_cv_sys_global_symbol_to_c_name_address='sed -n -e '\''s/^: \([^ ]*\) $/  {\"\1\", (lt_ptr) 0},/p'\'' -e '\''s/^[BCDEGRST] \([^ ]*\) \([^ ]*\)$/  {"\2", (lt_ptr) \&\2},/p'\'''
lt_cv_sys_global_symbol_to_cdecl='sed -n -e '\''s/^. .* \(.*\)$/extern int \1;/p'\'''
lt_cv_sys_max_cmd_len=98304
lt_lt_cv_prog_compiler_c_o='"yes"'
lt_lt_cv_prog_compiler_c_o_CXX='"yes"'
lt_lt_cv_sys_global_symbol_pipe='"sed -n -e '\''s/^.*[ 	]\\([ABCDGIRSTW][ABCDGIRSTW]*\\)[ 	][ 	]*\\([_A-Za-z][_A-Za-z0-9]*\\)\$/\\1 \\2 \\2/p'\''"'
lt_lt_cv_sys_global_symbol_to_c_name_address='"sed -n -e '\''s/^: \\([^ ]*\\) \$/  {\\\"\\1\\\", (lt_ptr) 0},/p'\'' -e '\''s/^[BCDEGRST] \\([^ ]*\\) \\([^ ]*\\)\$/  {\"\\2\", (lt_ptr) \\&\\2},/p'\''"'
lt_lt_cv_sys_global_symbol_to_cdecl='"sed -n -e '\''s/^. .* \\(.*\\)\$/extern int \\1;/p'\''"'
pkg_cv_ENCHANT_CFLAGS='-pthread -I/usr/local/include/glib-2.0 -I/usr/local/lib/glib-2.0/include  '
pkg_cv_ENCHANT_LIBS='-Wl,--export-dynamic -pthread -L/usr/local/lib -lgmodule-2.0 -lrt -lglib-2.0  '
pkg_cv_MYSPELL_CFLAGS=' -DENCHANT_MYSPELL_DICT_DIR='\''"${datarootdir}/myspell/dicts"'\'''

## ----------------- ##
## Output variables. ##
## ----------------- ##

ACLOCAL='${SHELL} /home/tjw/tjKindle/LIB2/enchant-1.4.2/missing --run aclocal-1.10'
AMDEPBACKSLASH='\'
AMDEP_FALSE='#'
AMDEP_TRUE=''
AMTAR='${SHELL} /home/tjw/tjKindle/LIB2/enchant-1.4.2/missing --run tar'
AR='ar'
AS='as'
ASPELL_CFLAGS=''
ASPELL_INC=''
ASPELL_LIBS='-L/usr/local/lib -laspell'
AUTOCONF='${SHELL} /home/tjw/tjKindle/LIB2/enchant-1.4.2/missing --run autoconf'
AUTOHEADER='${SHELL} /home/tjw/tjKindle/LIB2/enchant-1.4.2/missing --run autoheader'
AUTOMAKE='${SHELL} /home/tjw/tjKindle/LIB2/enchant-1.4.2/missing --run automake-1.10'
AWK='gawk'
CC='gcc'
CCDEPMODE='depmode=gcc3'
CC_WARN_CFLAGS=' -Wall -Wextra -Wsign-compare -Werror-implicit-function-declaration -Wpointer-arith -Wwrite-strings -Wstrict-prototypes -Wmissing-prototypes -Wmissing-declarations -Wnested-externs -Wpacked -Wswitch-enum -Wmissing-format-attribute -Wstrict-aliasing=2 -Winit-self -Wunsafe-loop-optimizations -Wdeclaration-after-statement -Wold-style-definition -Wno-missing-field-initializers -Wno-unused-parameter -Wno-attributes -Wno-long-long -Winline -fno-strict-aliasing'
CFLAGS='-O2 -march=armv6j -mtune=arm1136jf-s -pipe -fomit-frame-pointer -fno-stack-protector'
CPP='gcc -E'
CPPFLAGS=''
CXX='g++'
CXXCPP='g++ -E'
CXXDEPMODE='depmode=gcc3'
CXXFLAGS='-O2 -march=armv6j -mtune=arm1136jf-s -pipe -fomit-frame-pointer -fno-stack-protector'
CXX_WARN_CFLAGS=' -Wall -Wextra -Wsign-compare -Wpointer-arith -Wwrite-strings -Wpacked -Wswitch-enum -Wmissing-format-attribute -Wstrict-aliasing=2 -Winit-self -Wunsafe-loop-optimizations -Wno-missing-field-initializers -Wno-unused-parameter -Wno-attributes -Wno-long-long -Winline -fno-strict-aliasing'
CYGPATH_W='echo'
DEFS='-DPACKAGE_NAME=\"\" -DPACKAGE_TARNAME=\"\" -DPACKAGE_VERSION=\"\" -DPACKAGE_STRING=\"\" -DPACKAGE_BUGREPORT=\"\" -DPACKAGE=\"enchant\" -DVERSION=\"1.4.2\" -DSTDC_HEADERS=1 -DHAVE_SYS_TYPES_H=1 -DHAVE_SYS_STAT_H=1 -DHAVE_STDLIB_H=1 -DHAVE_STRING_H=1 -DHAVE_MEMORY_H=1 -DHAVE_STRINGS_H=1 -DHAVE_INTTYPES_H=1 -DHAVE_STDINT_H=1 -DHAVE_UNISTD_H=1 -DHAVE_DLFCN_H=1 -DHAVE_FLOCK=1 -DHAVE_LOCKF=1 -DHAVE_LOCALE_H=1 -DHAVE_LC_MESSAGES=1'
DEPDIR='.deps'
DLLTOOL='dlltool'
ECHO='echo'
ECHO_C=''
ECHO_N='-n'
ECHO_T=''
EGREP='/scratchbox/tools/bin/grep -E'
ENCHANT_CFLAGS='-pthread -I/usr/local/include/glib-2.0 -I/usr/local/lib/glib-2.0/include   -DENCHANT_PREFIX_DIR='\''"NONE"'\'''
ENCHANT_LIBS='-Wl,--export-dynamic -pthread -L/usr/local/lib -lgmodule-2.0 -lrt -lglib-2.0  '
ENCHANT_MAJOR_VERSION='1'
ENCHANT_MICRO_VERSION='2'
ENCHANT_MINOR_VERSION='4'
ENCHANT_WIN32_RESOURCE=''
EXEEXT=''
F77=''
FFLAGS=''
GREP='/scratchbox/tools/bin/grep'
HAVE_ASPELL='no'
HSPELL_CFLAGS=''
HSPELL_LIBS=' -lhspell -lz'
INSTALL_DATA='${INSTALL} -m 644'
INSTALL_PROGRAM='${INSTALL}'
INSTALL_SCRIPT='${INSTALL}'
INSTALL_STRIP_PROGRAM='$(install_sh) -c -s'
ISPELL_CFLAGS='-DENCHANT_ISPELL_DICT_DIR='\''"${datarootdir}/enchant/ispell"'\'''
LDFLAGS=''
LIBOBJS=''
LIBS=''
LIBTOOL='$(SHELL) $(top_builddir)/libtool'
LN_S='ln -s'
LTLIBOBJS=''
MAINT='#'
MAINTAINER_MODE_FALSE=''
MAINTAINER_MODE_TRUE='#'
MAKEINFO='${SHELL} /home/tjw/tjKindle/LIB2/enchant-1.4.2/missing --run makeinfo'
MYSPELL_CFLAGS=' -DENCHANT_MYSPELL_DICT_DIR='\''"${datarootdir}/myspell/dicts"'\'''
MYSPELL_LIBS=''
OBJDUMP='objdump'
OBJEXT='o'
OS_WIN32_FALSE=''
OS_WIN32_TRUE='#'
PACKAGE='enchant'
PACKAGE_BUGREPORT=''
PACKAGE_NAME=''
PACKAGE_STRING=''
PACKAGE_TARNAME=''
PACKAGE_VERSION=''
PATH_SEPARATOR=':'
PKG_CONFIG='/usr/local/bin/pkg-config'
RANLIB='ranlib'
SED='/scratchbox/tools/bin/sed'
SET_MAKE=''
SHELL='/bin/sh'
SOCKET_LIBS=''
STRIP='strip'
USPELL_CFLAGS=' -DENCHANT_USPELL_DICT_DIR='\''"${datarootdir}/uspell"'\'''
USPELL_LIBS=''
VERSION='1.4.2'
VERSION_INFO='5:2:4'
VOIKKO_INC=''
VOIKKO_LIBS='-lvoikko'
WITH_ASPELL_FALSE=''
WITH_ASPELL_TRUE='#'
WITH_BINRELOC_FALSE=''
WITH_BINRELOC_TRUE='#'
WITH_CXX_FALSE='#'
WITH_CXX_TRUE=''
WITH_HSPELL_FALSE=''
WITH_HSPELL_TRUE='#'
WITH_ISPELL_FALSE='#'
WITH_ISPELL_TRUE=''
WITH_MYSPELL_FALSE='#'
WITH_MYSPELL_TRUE=''
WITH_SYSTEM_MYSPELL_FALSE=''
WITH_SYSTEM_MYSPELL_TRUE='#'
WITH_USPELL_FALSE=''
WITH_USPELL_TRUE='#'
WITH_VOIKKO_FALSE=''
WITH_VOIKKO_TRUE='#'
WITH_ZEMBEREK_FALSE=''
WITH_ZEMBEREK_TRUE='#'
ZEMBEREK_CFLAGS=''
ZEMBEREK_LIBS=''
ac_ct_CC='gcc'
ac_ct_CXX='g++'
ac_ct_F77=''
am__fastdepCC_FALSE='#'
am__fastdepCC_TRUE=''
am__fastdepCXX_FALSE='#'
am__fastdepCXX_TRUE=''
am__include='include'
am__isrc=''
am__leading_dot='.'
am__quote=''
am__tar='${AMTAR} chof - "$$tardir"'
am__untar='${AMTAR} xf -'
bindir='${exec_prefix}/bin'
build='arm-unknown-linux-gnu'
build_alias=''
build_cpu='arm'
build_os='linux-gnu'
build_vendor='unknown'
datadir='${datarootdir}'
datarootdir='${prefix}/share'
docdir='${datarootdir}/doc/${PACKAGE}'
dvidir='${docdir}'
exec_prefix='${prefix}'
host='arm-unknown-linux-gnu'
host_alias=''
host_cpu='arm'
host_os='linux-gnu'
host_vendor='unknown'
htmldir='${docdir}'
includedir='${prefix}/include'
infodir='${datarootdir}/info'
install_sh='$(SHELL) /home/tjw/tjKindle/LIB2/enchant-1.4.2/install-sh'
libdir='${exec_prefix}/lib'
libexecdir='${exec_prefix}/libexec'
localedir='${datarootdir}/locale'
localstatedir='${prefix}/var'
mandir='${datarootdir}/man'
mkdir_p='/scratchbox/tools/bin/mkdir -p'
oldincludedir='/usr/include'
pdfdir='${docdir}'
prefix='/usr/local'
program_transform_name='s,x,x,'
psdir='${docdir}'
sbindir='${exec_prefix}/sbin'
sharedstatedir='${prefix}/com'
sysconfdir='${prefix}/etc'
target='arm-unknown-linux-gnu'
target_alias=''
target_cpu='arm'
target_os='linux-gnu'
target_vendor='unknown'

## ----------- ##
## confdefs.h. ##
## ----------- ##

#define PACKAGE_NAME ""
#define PACKAGE_TARNAME ""
#define PACKAGE_VERSION ""
#define PACKAGE_STRING ""
#define PACKAGE_BUGREPORT ""
#define PACKAGE "enchant"
#define VERSION "1.4.2"
#define STDC_HEADERS 1
#define HAVE_SYS_TYPES_H 1
#define HAVE_SYS_STAT_H 1
#define HAVE_STDLIB_H 1
#define HAVE_STRING_H 1
#define HAVE_MEMORY_H 1
#define HAVE_STRINGS_H 1
#define HAVE_INTTYPES_H 1
#define HAVE_STDINT_H 1
#define HAVE_UNISTD_H 1
#define HAVE_DLFCN_H 1
#define HAVE_FLOCK 1
#define HAVE_LOCKF 1
#define HAVE_LOCALE_H 1
#define HAVE_LC_MESSAGES 1

configure: exit 0
