This file contains any messages produced by compilers while
running configure, to aid debugging if configure makes a mistake.

It was created by libpng configure 1.4.8, which was
generated by GNU Autoconf 2.61.  Invocation command line was

  $ ./configure --disable-static

## --------- ##
## Platform. ##
## --------- ##

hostname = tjw-pc
uname -m = arm
uname -r = 2.6.38-11-generic
uname -s = Linux
uname -v = #48-Ubuntu SMP Fri Jul 29 19:02:55 UTC 2011

/usr/bin/uname -p = unknown
/bin/uname -X     = unknown

/bin/arch              = arm
/usr/bin/arch -k       = arm
/usr/convex/getsysinfo = unknown
/usr/bin/hostinfo      = unknown
/bin/machine           = unknown
/usr/bin/oslevel       = unknown
/bin/universe          = unknown

PATH: /home/tjw/kindle/tjKindle
PATH: /usr/local/bin
PATH: /usr/local/bin
PATH: /host_usr/bin
PATH: /scratchbox/devkits/svn/bin
PATH: /scratchbox/devkits/qemu/bin
PATH: /scratchbox/devkits/perl/bin
PATH: /scratchbox/devkits/git/bin
PATH: /scratchbox/devkits/doctools/bin
PATH: /scratchbox/tools/bin
PATH: /targets/links/arch_tools/bin
PATH: /scratchbox/compilers/bin
PATH: /bin
PATH: /usr/bin
PATH: /usr/local/bin
PATH: /usr/X11R6/bin
PATH: /sbin
PATH: /usr/sbin


## ----------- ##
## Core tests. ##
## ----------- ##

configure:1999: checking for a BSD-compatible install
configure:2055: result: /scratchbox/tools/bin/install -c
configure:2066: checking whether build environment is sane
configure:2109: result: yes
configure:2174: checking for gawk
configure:2190: found /scratchbox/tools/bin/gawk
configure:2201: result: gawk
configure:2212: checking whether make sets $(MAKE)
configure:2233: result: yes
configure:2417: checking whether to enable maintainer-specific portions of Makefiles
configure:2426: result: no
configure:2502: checking for gcc
configure:2518: found /scratchbox/compilers/bin/gcc
configure:2529: result: gcc
configure:2767: checking for C compiler version
configure:2774: gcc --version >&5
sbox-arm-none-linux-gnueabi-gcc (GCC) 4.2.1
Copyright (C) 2007 Free Software Foundation, Inc.
This is free software; see the source for copying conditions.  There is NO
warranty; not even for MERCHANTABILITY or FITNESS FOR A PARTICULAR PURPOSE.

configure:2777: $? = 0
configure:2784: gcc -v >&5
Using built-in specs.
Reading specs from /scratchbox/compilers/cs2007q3-glibc2.5-arm6/gcc.specs
rename spec cpp to old_cpp
rename spec cc1 to old_cc1
rename spec cc1plus to old_cc1plus
rename spec link to old_link
Target: arm-none-linux-gnueabi
Configured with: /home/jhakala/cs2007q3-sb4/arm/src/gcc-4.2/configure --build=i686-pc-linux-gnu --host=i686-pc-linux-gnu --target=arm-none-linux-gnueabi --enable-threads --disable-libmudflap --disable-libssp --disable-libgomp --disable-libstdcxx-pch --with-gnu-as --with-gnu-ld --enable-languages=c,c++ --enable-shared --enable-symvers=gnu --enable-__cxa_atexit --disable-nls --prefix=/opt/maemo --with-sysroot=/opt/maemo/arm-none-linux-gnueabi/libc --with-build-sysroot=/home/jhakala/cs2007q3-sb4/arm/install/arm-none-linux-gnueabi/libc --with-build-time-tools=/home/jhakala/cs2007q3-sb4/arm/install/arm-none-linux-gnueabi/bin
Thread model: posix
gcc version 4.2.1
configure:2787: $? = 0
configure:2794: gcc -V >&5
sbox-arm-none-linux-gnueabi-gcc: '-V' must come at the start of the command line
configure:2797: $? = 1
configure:2820: checking for C compiler default output file name
configure:2847: gcc -O2 -march=armv6j -mtune=arm1136jf-s -pipe -fomit-frame-pointer -fno-stack-protector   conftest.c  >&5
configure:2850: $? = 0
configure:2888: result: a.out
configure:2905: checking whether the C compiler works
configure:2915: ./a.out
configure:2918: $? = 0
configure:2935: result: yes
configure:2942: checking whether we are cross compiling
configure:2944: result: no
configure:2947: checking for suffix of executables
configure:2954: gcc -o conftest -O2 -march=armv6j -mtune=arm1136jf-s -pipe -fomit-frame-pointer -fno-stack-protector   conftest.c  >&5
configure:2957: $? = 0
configure:2981: result: 
configure:2987: checking for suffix of object files
configure:3013: gcc -c -O2 -march=armv6j -mtune=arm1136jf-s -pipe -fomit-frame-pointer -fno-stack-protector  conftest.c >&5
configure:3016: $? = 0
configure:3039: result: o
configure:3043: checking whether we are using the GNU C compiler
configure:3072: gcc -c -O2 -march=armv6j -mtune=arm1136jf-s -pipe -fomit-frame-pointer -fno-stack-protector  conftest.c >&5
configure:3078: $? = 0
configure:3095: result: yes
configure:3100: checking whether gcc accepts -g
configure:3130: gcc -c -g  conftest.c >&5
configure:3136: $? = 0
configure:3235: result: yes
configure:3252: checking for gcc option to accept ISO C89
configure:3326: gcc  -c -O2 -march=armv6j -mtune=arm1136jf-s -pipe -fomit-frame-pointer -fno-stack-protector  conftest.c >&5
configure:3332: $? = 0
configure:3355: result: none needed
configure:3384: checking for style of include used by make
configure:3412: result: GNU
configure:3440: checking dependency style of gcc
configure:3530: result: gcc3
configure:3547: checking for a sed that does not truncate output
configure:3603: result: /scratchbox/tools/bin/sed
configure:3612: checking build system type
configure:3630: result: arm-unknown-linux-gnu
configure:3652: checking host system type
configure:3667: result: arm-unknown-linux-gnu
configure:3689: checking for grep that handles long lines and -e
configure:3763: result: /scratchbox/tools/bin/grep
configure:3768: checking for egrep
configure:3846: result: /scratchbox/tools/bin/grep -E
configure:3862: checking for ld used by gcc
configure:3929: result: /scratchbox/compilers/cs2007q3-glibc2.5-arm6/arm-none-linux-gnueabi/bin/ld
configure:3938: checking if the linker (/scratchbox/compilers/cs2007q3-glibc2.5-arm6/arm-none-linux-gnueabi/bin/ld) is GNU ld
configure:3953: result: yes
configure:3963: checking how to run the C preprocessor
configure:4003: gcc -E  conftest.c
configure:4009: $? = 0
configure:4040: gcc -E  conftest.c
conftest.c:10:28: error: ac_nonexistent.h: No such file or directory
configure:4046: $? = 1
configure: failed program was:
| /* confdefs.h.  */
| #define PACKAGE_NAME "libpng"
| #define PACKAGE_TARNAME "libpng"
| #define PACKAGE_VERSION "1.4.8"
| #define PACKAGE_STRING "libpng 1.4.8"
| #define PACKAGE_BUGREPORT "png-mng-implement@lists.sourceforge.net"
| #define PACKAGE "libpng"
| #define VERSION "1.4.8"
| /* end confdefs.h.  */
| #include <ac_nonexistent.h>
configure:4079: result: gcc -E
configure:4108: gcc -E  conftest.c
configure:4114: $? = 0
configure:4145: gcc -E  conftest.c
conftest.c:10:28: error: ac_nonexistent.h: No such file or directory
configure:4151: $? = 1
configure: failed program was:
| /* confdefs.h.  */
| #define PACKAGE_NAME "libpng"
| #define PACKAGE_TARNAME "libpng"
| #define PACKAGE_VERSION "1.4.8"
| #define PACKAGE_STRING "libpng 1.4.8"
| #define PACKAGE_BUGREPORT "png-mng-implement@lists.sourceforge.net"
| #define PACKAGE "libpng"
| #define VERSION "1.4.8"
| /* end confdefs.h.  */
| #include <ac_nonexistent.h>
configure:4231: checking for sed
configure:4258: result: /scratchbox/tools/bin/sed
configure:4297: checking for a BSD-compatible install
configure:4353: result: /scratchbox/tools/bin/install -c
configure:4364: checking whether ln -s works
configure:4368: result: yes
configure:4375: checking whether make sets $(MAKE)
configure:4396: result: yes
configure:4477: checking for /scratchbox/compilers/cs2007q3-glibc2.5-arm6/arm-none-linux-gnueabi/bin/ld option to reload object files
configure:4484: result: -r
configure:4502: checking for BSD-compatible nm
configure:4551: result: /scratchbox/compilers/bin/nm -B
configure:4555: checking how to recognize dependent libraries
configure:4741: result: pass_all
configure:4982: checking for ANSI C header files
configure:5012: gcc -c -O2 -march=armv6j -mtune=arm1136jf-s -pipe -fomit-frame-pointer -fno-stack-protector  conftest.c >&5
configure:5018: $? = 0
configure:5117: gcc -o conftest -O2 -march=armv6j -mtune=arm1136jf-s -pipe -fomit-frame-pointer -fno-stack-protector   conftest.c  >&5
configure:5120: $? = 0
configure:5126: ./conftest
configure:5129: $? = 0
configure:5146: result: yes
configure:5170: checking for sys/types.h
configure:5191: gcc -c -O2 -march=armv6j -mtune=arm1136jf-s -pipe -fomit-frame-pointer -fno-stack-protector  conftest.c >&5
configure:5197: $? = 0
configure:5213: result: yes
configure:5170: checking for sys/stat.h
configure:5191: gcc -c -O2 -march=armv6j -mtune=arm1136jf-s -pipe -fomit-frame-pointer -fno-stack-protector  conftest.c >&5
configure:5197: $? = 0
configure:5213: result: yes
configure:5170: checking for stdlib.h
configure:5191: gcc -c -O2 -march=armv6j -mtune=arm1136jf-s -pipe -fomit-frame-pointer -fno-stack-protector  conftest.c >&5
configure:5197: $? = 0
configure:5213: result: yes
configure:5170: checking for string.h
configure:5191: gcc -c -O2 -march=armv6j -mtune=arm1136jf-s -pipe -fomit-frame-pointer -fno-stack-protector  conftest.c >&5
configure:5197: $? = 0
configure:5213: result: yes
configure:5170: checking for memory.h
configure:5191: gcc -c -O2 -march=armv6j -mtune=arm1136jf-s -pipe -fomit-frame-pointer -fno-stack-protector  conftest.c >&5
configure:5197: $? = 0
configure:5213: result: yes
configure:5170: checking for strings.h
configure:5191: gcc -c -O2 -march=armv6j -mtune=arm1136jf-s -pipe -fomit-frame-pointer -fno-stack-protector  conftest.c >&5
configure:5197: $? = 0
configure:5213: result: yes
configure:5170: checking for inttypes.h
configure:5191: gcc -c -O2 -march=armv6j -mtune=arm1136jf-s -pipe -fomit-frame-pointer -fno-stack-protector  conftest.c >&5
configure:5197: $? = 0
configure:5213: result: yes
configure:5170: checking for stdint.h
configure:5191: gcc -c -O2 -march=armv6j -mtune=arm1136jf-s -pipe -fomit-frame-pointer -fno-stack-protector  conftest.c >&5
configure:5197: $? = 0
configure:5213: result: yes
configure:5170: checking for unistd.h
configure:5191: gcc -c -O2 -march=armv6j -mtune=arm1136jf-s -pipe -fomit-frame-pointer -fno-stack-protector  conftest.c >&5
configure:5197: $? = 0
configure:5213: result: yes
configure:5240: checking dlfcn.h usability
configure:5257: gcc -c -O2 -march=armv6j -mtune=arm1136jf-s -pipe -fomit-frame-pointer -fno-stack-protector  conftest.c >&5
configure:5263: $? = 0
configure:5277: result: yes
configure:5281: checking dlfcn.h presence
configure:5296: gcc -E  conftest.c
configure:5302: $? = 0
configure:5316: result: yes
configure:5349: checking for dlfcn.h
configure:5357: result: yes
configure:5428: checking for g++
configure:5444: found /scratchbox/compilers/bin/g++
configure:5455: result: g++
configure:5486: checking for C++ compiler version
configure:5493: g++ --version >&5
sbox-arm-none-linux-gnueabi-g++ (GCC) 4.2.1
Copyright (C) 2007 Free Software Foundation, Inc.
This is free software; see the source for copying conditions.  There is NO
warranty; not even for MERCHANTABILITY or FITNESS FOR A PARTICULAR PURPOSE.

configure:5496: $? = 0
configure:5503: g++ -v >&5
Using built-in specs.
Reading specs from /scratchbox/compilers/cs2007q3-glibc2.5-arm6/gcc.specs
rename spec cpp to old_cpp
rename spec cc1 to old_cc1
rename spec cc1plus to old_cc1plus
rename spec link to old_link
Target: arm-none-linux-gnueabi
Configured with: /home/jhakala/cs2007q3-sb4/arm/src/gcc-4.2/configure --build=i686-pc-linux-gnu --host=i686-pc-linux-gnu --target=arm-none-linux-gnueabi --enable-threads --disable-libmudflap --disable-libssp --disable-libgomp --disable-libstdcxx-pch --with-gnu-as --with-gnu-ld --enable-languages=c,c++ --enable-shared --enable-symvers=gnu --enable-__cxa_atexit --disable-nls --prefix=/opt/maemo --with-sysroot=/opt/maemo/arm-none-linux-gnueabi/libc --with-build-sysroot=/home/jhakala/cs2007q3-sb4/arm/install/arm-none-linux-gnueabi/libc --with-build-time-tools=/home/jhakala/cs2007q3-sb4/arm/install/arm-none-linux-gnueabi/bin
Thread model: posix
gcc version 4.2.1
configure:5506: $? = 0
configure:5513: g++ -V >&5
sbox-arm-none-linux-gnueabi-g++: argument to '-V' missing

configure:5516: $? = 1
configure:5519: checking whether we are using the GNU C++ compiler
configure:5548: g++ -c -O2 -march=armv6j -mtune=arm1136jf-s -pipe -fomit-frame-pointer -fno-stack-protector  conftest.cpp >&5
configure:5554: $? = 0
configure:5571: result: yes
configure:5576: checking whether g++ accepts -g
configure:5606: g++ -c -g  conftest.cpp >&5
configure:5612: $? = 0
configure:5711: result: yes
configure:5736: checking dependency style of g++
configure:5826: result: gcc3
configure:5853: checking how to run the C++ preprocessor
configure:5889: g++ -E  conftest.cpp
configure:5895: $? = 0
configure:5926: g++ -E  conftest.cpp
conftest.cpp:21:28: error: ac_nonexistent.h: No such file or directory
configure:5932: $? = 1
configure: failed program was:
| /* confdefs.h.  */
| #define PACKAGE_NAME "libpng"
| #define PACKAGE_TARNAME "libpng"
| #define PACKAGE_VERSION "1.4.8"
| #define PACKAGE_STRING "libpng 1.4.8"
| #define PACKAGE_BUGREPORT "png-mng-implement@lists.sourceforge.net"
| #define PACKAGE "libpng"
| #define VERSION "1.4.8"
| #define STDC_HEADERS 1
| #define HAVE_SYS_TYPES_H 1
| #define HAVE_SYS_STAT_H 1
| #define HAVE_STDLIB_H 1
| #define HAVE_STRING_H 1
| #define HAVE_MEMORY_H 1
| #define HAVE_STRINGS_H 1
| #define HAVE_INTTYPES_H 1
| #define HAVE_STDINT_H 1
| #define HAVE_UNISTD_H 1
| #define HAVE_DLFCN_H 1
| /* end confdefs.h.  */
| #include <ac_nonexistent.h>
configure:5965: result: g++ -E
configure:5994: g++ -E  conftest.cpp
configure:6000: $? = 0
configure:6031: g++ -E  conftest.cpp
conftest.cpp:21:28: error: ac_nonexistent.h: No such file or directory
configure:6037: $? = 1
configure: failed program was:
| /* confdefs.h.  */
| #define PACKAGE_NAME "libpng"
| #define PACKAGE_TARNAME "libpng"
| #define PACKAGE_VERSION "1.4.8"
| #define PACKAGE_STRING "libpng 1.4.8"
| #define PACKAGE_BUGREPORT "png-mng-implement@lists.sourceforge.net"
| #define PACKAGE "libpng"
| #define VERSION "1.4.8"
| #define STDC_HEADERS 1
| #define HAVE_SYS_TYPES_H 1
| #define HAVE_SYS_STAT_H 1
| #define HAVE_STDLIB_H 1
| #define HAVE_STRING_H 1
| #define HAVE_MEMORY_H 1
| #define HAVE_STRINGS_H 1
| #define HAVE_INTTYPES_H 1
| #define HAVE_STDINT_H 1
| #define HAVE_UNISTD_H 1
| #define HAVE_DLFCN_H 1
| /* end confdefs.h.  */
| #include <ac_nonexistent.h>
configure:6130: checking for g77
configure:6160: result: no
configure:6130: checking for xlf
configure:6160: result: no
configure:6130: checking for f77
configure:6160: result: no
configure:6130: checking for frt
configure:6160: result: no
configure:6130: checking for pgf77
configure:6160: result: no
configure:6130: checking for cf77
configure:6160: result: no
configure:6130: checking for fort77
configure:6160: result: no
configure:6130: checking for fl32
configure:6160: result: no
configure:6130: checking for af77
configure:6160: result: no
configure:6130: checking for xlf90
configure:6160: result: no
configure:6130: checking for f90
configure:6160: result: no
configure:6130: checking for pgf90
configure:6160: result: no
configure:6130: checking for pghpf
configure:6160: result: no
configure:6130: checking for epcf90
configure:6160: result: no
configure:6130: checking for gfortran
configure:6160: result: no
configure:6130: checking for g95
configure:6160: result: no
configure:6130: checking for xlf95
configure:6160: result: no
configure:6130: checking for f95
configure:6160: result: no
configure:6130: checking for fort
configure:6160: result: no
configure:6130: checking for ifort
configure:6160: result: no
configure:6130: checking for ifc
configure:6160: result: no
configure:6130: checking for efc
configure:6160: result: no
configure:6130: checking for pgf95
configure:6160: result: no
configure:6130: checking for lf95
configure:6160: result: no
configure:6130: checking for ftn
configure:6160: result: no
configure:6187: checking for Fortran 77 compiler version
configure:6194:  --version >&5
./configure: line 6195: --version: command not found
configure:6197: $? = 127
configure:6204:  -v >&5
./configure: line 6205: -v: command not found
configure:6207: $? = 127
configure:6214:  -V >&5
./configure: line 6215: -V: command not found
configure:6217: $? = 127
configure:6225: checking whether we are using the GNU Fortran 77 compiler
configure:6244:  -c  conftest.F >&5
./configure: line 6245: -c: command not found
configure:6250: $? = 127
configure: failed program was:
|       program main
| #ifndef __GNUC__
|        choke me
| #endif
| 
|       end
configure:6267: result: no
configure:6273: checking whether  accepts -g
configure:6290:  -c -g conftest.f >&5
./configure: line 6291: -c: command not found
configure:6296: $? = 127
configure: failed program was:
|       program main
| 
|       end
configure:6312: result: no
configure:6341: checking the maximum length of command line arguments
configure:6453: result: 98304
configure:6465: checking command to parse /scratchbox/compilers/bin/nm -B output from gcc object
configure:6570: gcc -c -O2 -march=armv6j -mtune=arm1136jf-s -pipe -fomit-frame-pointer -fno-stack-protector  conftest.c >&5
configure:6573: $? = 0
configure:6577: /scratchbox/compilers/bin/nm -B conftest.o \| sed -n -e 's/^.*[ 	]\([ABCDGIRSTW][ABCDGIRSTW]*\)[ 	][ 	]*\([_A-Za-z][_A-Za-z0-9]*\)$/\1 \2 \2/p' \> conftest.nm
configure:6580: $? = 0
configure:6632: gcc -o conftest -O2 -march=armv6j -mtune=arm1136jf-s -pipe -fomit-frame-pointer -fno-stack-protector   conftest.c conftstm.o >&5
configure:6635: $? = 0
configure:6673: result: ok
configure:6677: checking for objdir
configure:6692: result: .libs
configure:6784: checking for ar
configure:6800: found /scratchbox/compilers/bin/ar
configure:6811: result: ar
configure:6880: checking for ranlib
configure:6896: found /scratchbox/compilers/bin/ranlib
configure:6907: result: ranlib
configure:6976: checking for strip
configure:6992: found /scratchbox/compilers/bin/strip
configure:7003: result: strip
configure:7601: checking if gcc supports -fno-rtti -fno-exceptions
configure:7619: gcc -c -O2 -march=armv6j -mtune=arm1136jf-s -pipe -fomit-frame-pointer -fno-stack-protector  -fno-rtti -fno-exceptions conftest.c >&5
cc1: warning: command line option "-fno-rtti" is valid for C++/ObjC++ but not for C
cc1: warning: command line option "-fno-rtti" is valid for C++/ObjC++ but not for C
configure:7623: $? = 0
configure:7636: result: no
configure:7651: checking for gcc option to produce PIC
configure:7883: result: -fPIC
configure:7891: checking if gcc PIC flag -fPIC works
configure:7909: gcc -c -O2 -march=armv6j -mtune=arm1136jf-s -pipe -fomit-frame-pointer -fno-stack-protector  -fPIC -DPIC conftest.c >&5
configure:7913: $? = 0
configure:7926: result: yes
configure:7954: checking if gcc static flag -static works
configure:7982: result: yes
configure:7992: checking if gcc supports -c -o file.o
configure:8013: gcc -c -O2 -march=armv6j -mtune=arm1136jf-s -pipe -fomit-frame-pointer -fno-stack-protector  -o out/conftest2.o conftest.c >&5
configure:8017: $? = 0
configure:8039: result: yes
configure:8065: checking whether the gcc linker (/scratchbox/compilers/cs2007q3-glibc2.5-arm6/arm-none-linux-gnueabi/bin/ld) supports shared libraries
configure:9045: result: yes
configure:9066: checking whether -lc should be explicitly linked in
configure:9071: gcc -c -O2 -march=armv6j -mtune=arm1136jf-s -pipe -fomit-frame-pointer -fno-stack-protector  conftest.c >&5
configure:9074: $? = 0
configure:9089: gcc -shared conftest.o  -v -Wl,-soname -Wl,conftest -o conftest 2\>\&1 \| grep  -lc  \>/dev/null 2\>\&1
configure:9092: $? = 0
configure:9104: result: no
configure:9112: checking dynamic linker characteristics
configure:9714: result: GNU/Linux ld.so
configure:9738: checking how to hardcode library paths into programs
configure:9763: result: immediate
configure:9777: checking whether stripping libraries is possible
configure:9782: result: yes
configure:10584: checking if libtool supports shared libraries
configure:10586: result: yes
configure:10589: checking whether to build shared libraries
configure:10610: result: yes
configure:10613: checking whether to build static libraries
configure:10617: result: no
configure:10711: creating libtool
configure:11304: checking for ld used by g++
configure:11371: result: /scratchbox/compilers/cs2007q3-glibc2.5-arm6/arm-none-linux-gnueabi/bin/ld
configure:11380: checking if the linker (/scratchbox/compilers/cs2007q3-glibc2.5-arm6/arm-none-linux-gnueabi/bin/ld) is GNU ld
configure:11395: result: yes
configure:11446: checking whether the g++ linker (/scratchbox/compilers/cs2007q3-glibc2.5-arm6/arm-none-linux-gnueabi/bin/ld) supports shared libraries
configure:12392: result: yes
configure:12409: g++ -c -O2 -march=armv6j -mtune=arm1136jf-s -pipe -fomit-frame-pointer -fno-stack-protector  conftest.cpp >&5
configure:12412: $? = 0
configure:12568: checking for g++ option to produce PIC
configure:12852: result: -fPIC
configure:12860: checking if g++ PIC flag -fPIC works
configure:12878: g++ -c -O2 -march=armv6j -mtune=arm1136jf-s -pipe -fomit-frame-pointer -fno-stack-protector  -fPIC -DPIC conftest.cpp >&5
configure:12882: $? = 0
configure:12895: result: yes
configure:12923: checking if g++ static flag -static works
configure:12951: result: yes
configure:12961: checking if g++ supports -c -o file.o
configure:12982: g++ -c -O2 -march=armv6j -mtune=arm1136jf-s -pipe -fomit-frame-pointer -fno-stack-protector  -o out/conftest2.o conftest.cpp >&5
configure:12986: $? = 0
configure:13008: result: yes
configure:13034: checking whether the g++ linker (/scratchbox/compilers/cs2007q3-glibc2.5-arm6/arm-none-linux-gnueabi/bin/ld) supports shared libraries
configure:13060: result: yes
configure:13127: checking dynamic linker characteristics
configure:13677: result: GNU/Linux ld.so
configure:13701: checking how to hardcode library paths into programs
configure:13726: result: immediate
configure:19950: checking for ANSI C header files
configure:20114: result: yes
configure:20142: checking malloc.h usability
configure:20159: gcc -c -O2 -march=armv6j -mtune=arm1136jf-s -pipe -fomit-frame-pointer -fno-stack-protector  conftest.c >&5
configure:20165: $? = 0
configure:20179: result: yes
configure:20183: checking malloc.h presence
configure:20198: gcc -E  conftest.c
configure:20204: $? = 0
configure:20218: result: yes
configure:20251: checking for malloc.h
configure:20259: result: yes
configure:20132: checking for stdlib.h
configure:20138: result: yes
configure:20132: checking for string.h
configure:20138: result: yes
configure:20132: checking for strings.h
configure:20138: result: yes
configure:20274: checking for an ANSI C-conforming const
configure:20349: gcc -c -O2 -march=armv6j -mtune=arm1136jf-s -pipe -fomit-frame-pointer -fno-stack-protector  conftest.c >&5
configure:20355: $? = 0
configure:20370: result: yes
configure:20380: checking for size_t
configure:20410: gcc -c -O2 -march=armv6j -mtune=arm1136jf-s -pipe -fomit-frame-pointer -fno-stack-protector  conftest.c >&5
configure:20416: $? = 0
configure:20431: result: yes
configure:20443: checking whether struct tm is in sys/time.h or time.h
configure:20473: gcc -c -O2 -march=armv6j -mtune=arm1136jf-s -pipe -fomit-frame-pointer -fno-stack-protector  conftest.c >&5
configure:20479: $? = 0
configure:20494: result: time.h
configure:20506: checking for working strtod
configure:20557: gcc -o conftest -O2 -march=armv6j -mtune=arm1136jf-s -pipe -fomit-frame-pointer -fno-stack-protector   conftest.c  >&5
configure:20560: $? = 0
configure:20566: ./conftest
configure:20569: $? = 0
configure:20585: result: yes
configure:20753: checking for memset
configure:20809: gcc -o conftest -O2 -march=armv6j -mtune=arm1136jf-s -pipe -fomit-frame-pointer -fno-stack-protector   conftest.c  >&5
conftest.c:49: warning: conflicting types for built-in function 'memset'
configure:20815: $? = 0
configure:20833: result: yes
configure:20851: checking for pow
configure:20907: gcc -o conftest -O2 -march=armv6j -mtune=arm1136jf-s -pipe -fomit-frame-pointer -fno-stack-protector   conftest.c  >&5
conftest.c:50: warning: conflicting types for built-in function 'pow'
/tmp/ccNznP1j.o: In function `main':
conftest.c:(.text+0x4): undefined reference to `pow'
collect2: ld returned 1 exit status
configure:20913: $? = 1
configure: failed program was:
| /* confdefs.h.  */
| #define PACKAGE_NAME "libpng"
| #define PACKAGE_TARNAME "libpng"
| #define PACKAGE_VERSION "1.4.8"
| #define PACKAGE_STRING "libpng 1.4.8"
| #define PACKAGE_BUGREPORT "png-mng-implement@lists.sourceforge.net"
| #define PACKAGE "libpng"
| #define VERSION "1.4.8"
| #define STDC_HEADERS 1
| #define HAVE_SYS_TYPES_H 1
| #define HAVE_SYS_STAT_H 1
| #define HAVE_STDLIB_H 1
| #define HAVE_STRING_H 1
| #define HAVE_MEMORY_H 1
| #define HAVE_STRINGS_H 1
| #define HAVE_INTTYPES_H 1
| #define HAVE_STDINT_H 1
| #define HAVE_UNISTD_H 1
| #define HAVE_DLFCN_H 1
| #define STDC_HEADERS 1
| #define HAVE_MALLOC_H 1
| #define HAVE_STDLIB_H 1
| #define HAVE_STRING_H 1
| #define HAVE_STRINGS_H 1
| #define HAVE_MEMSET 1
| /* end confdefs.h.  */
| /* Define pow to an innocuous variant, in case <limits.h> declares pow.
|    For example, HP-UX 11i <limits.h> declares gettimeofday.  */
| #define pow innocuous_pow
| 
| /* System header to define __stub macros and hopefully few prototypes,
|     which can conflict with char pow (); below.
|     Prefer <limits.h> to <assert.h> if __STDC__ is defined, since
|     <limits.h> exists even on freestanding compilers.  */
| 
| #ifdef __STDC__
| # include <limits.h>
| #else
| # include <assert.h>
| #endif
| 
| #undef pow
| 
| /* Override any GCC internal prototype to avoid an error.
|    Use char because int might match the return type of a GCC
|    builtin and then its argument prototype would still apply.  */
| #ifdef __cplusplus
| extern "C"
| #endif
| char pow ();
| /* The GNU C library defines this for functions which it implements
|     to always fail with ENOSYS.  Some functions are actually named
|     something starting with __ and the normal name is an alias.  */
| #if defined __stub_pow || defined __stub___pow
| choke me
| #endif
| 
| int
| main ()
| {
| return pow ();
|   ;
|   return 0;
| }
configure:20931: result: no
configure:20940: checking for pow in -lm
configure:20975: gcc -o conftest -O2 -march=armv6j -mtune=arm1136jf-s -pipe -fomit-frame-pointer -fno-stack-protector   conftest.c -lm   >&5
conftest.c:34: warning: conflicting types for built-in function 'pow'
configure:20981: $? = 0
configure:20999: result: yes
configure:21018: checking for zlibVersion in -lz
configure:21053: gcc -o conftest -O2 -march=armv6j -mtune=arm1136jf-s -pipe -fomit-frame-pointer -fno-stack-protector   conftest.c -lz  -lm  >&5
configure:21059: $? = 0
configure:21077: result: yes
configure:21102: checking if libraries can be versioned
configure:21117: result: yes
configure:21141: checking for symbol prefix
configure:21148: result: 
configure:21170: pkgconfig directory is ${libdir}/pkgconfig
configure:21330: creating ./config.status

## ---------------------- ##
## Running config.status. ##
## ---------------------- ##

This file was extended by libpng config.status 1.4.8, which was
generated by GNU Autoconf 2.61.  Invocation command line was

  CONFIG_FILES    = 
  CONFIG_HEADERS  = 
  CONFIG_LINKS    = 
  CONFIG_COMMANDS = 
  $ ./config.status 

on tjw-pc

config.status:678: creating Makefile
config.status:678: creating libpng.pc
config.status:678: creating libpng-config
config.status:678: creating config.h
config.status:907: config.h is unchanged
config.status:953: executing depfiles commands

## ---------------- ##
## Cache variables. ##
## ---------------- ##

ac_cv_build=arm-unknown-linux-gnu
ac_cv_c_compiler_gnu=yes
ac_cv_c_const=yes
ac_cv_cxx_compiler_gnu=yes
ac_cv_env_CCC_set=
ac_cv_env_CCC_value=
ac_cv_env_CC_set=
ac_cv_env_CC_value=
ac_cv_env_CFLAGS_set=set
ac_cv_env_CFLAGS_value='-O2 -march=armv6j -mtune=arm1136jf-s -pipe -fomit-frame-pointer -fno-stack-protector'
ac_cv_env_CPPFLAGS_set=
ac_cv_env_CPPFLAGS_value=
ac_cv_env_CPP_set=
ac_cv_env_CPP_value=
ac_cv_env_CXXCPP_set=
ac_cv_env_CXXCPP_value=
ac_cv_env_CXXFLAGS_set=set
ac_cv_env_CXXFLAGS_value='-O2 -march=armv6j -mtune=arm1136jf-s -pipe -fomit-frame-pointer -fno-stack-protector'
ac_cv_env_CXX_set=
ac_cv_env_CXX_value=
ac_cv_env_F77_set=
ac_cv_env_F77_value=
ac_cv_env_FFLAGS_set=
ac_cv_env_FFLAGS_value=
ac_cv_env_LDFLAGS_set=
ac_cv_env_LDFLAGS_value=
ac_cv_env_LIBS_set=
ac_cv_env_LIBS_value=
ac_cv_env_build_alias_set=
ac_cv_env_build_alias_value=
ac_cv_env_host_alias_set=
ac_cv_env_host_alias_value=
ac_cv_env_target_alias_set=
ac_cv_env_target_alias_value=
ac_cv_f77_compiler_gnu=no
ac_cv_func_memset=yes
ac_cv_func_pow=no
ac_cv_func_strtod=yes
ac_cv_header_dlfcn_h=yes
ac_cv_header_inttypes_h=yes
ac_cv_header_malloc_h=yes
ac_cv_header_memory_h=yes
ac_cv_header_stdc=yes
ac_cv_header_stdint_h=yes
ac_cv_header_stdlib_h=yes
ac_cv_header_string_h=yes
ac_cv_header_strings_h=yes
ac_cv_header_sys_stat_h=yes
ac_cv_header_sys_types_h=yes
ac_cv_header_unistd_h=yes
ac_cv_host=arm-unknown-linux-gnu
ac_cv_lib_m_pow=yes
ac_cv_lib_z_zlibVersion=yes
ac_cv_objext=o
ac_cv_path_EGREP='/scratchbox/tools/bin/grep -E'
ac_cv_path_GREP=/scratchbox/tools/bin/grep
ac_cv_path_install='/scratchbox/tools/bin/install -c'
ac_cv_prog_AWK=gawk
ac_cv_prog_CPP='gcc -E'
ac_cv_prog_CXXCPP='g++ -E'
ac_cv_prog_ac_ct_AR=ar
ac_cv_prog_ac_ct_CC=gcc
ac_cv_prog_ac_ct_CXX=g++
ac_cv_prog_ac_ct_RANLIB=ranlib
ac_cv_prog_ac_ct_SED=/scratchbox/tools/bin/sed
ac_cv_prog_ac_ct_STRIP=strip
ac_cv_prog_cc_c89=
ac_cv_prog_cc_g=yes
ac_cv_prog_cxx_g=yes
ac_cv_prog_f77_g=no
ac_cv_prog_make_make_set=yes
ac_cv_struct_tm=time.h
ac_cv_type_size_t=yes
am_cv_CC_dependencies_compiler_type=gcc3
am_cv_CXX_dependencies_compiler_type=gcc3
lt_cv_deplibs_check_method=pass_all
lt_cv_file_magic_cmd='$MAGIC_CMD'
lt_cv_file_magic_test_file=
lt_cv_ld_reload_flag=-r
lt_cv_objdir=.libs
lt_cv_path_LD=/scratchbox/compilers/cs2007q3-glibc2.5-arm6/arm-none-linux-gnueabi/bin/ld
lt_cv_path_LDCXX=/scratchbox/compilers/cs2007q3-glibc2.5-arm6/arm-none-linux-gnueabi/bin/ld
lt_cv_path_NM='/scratchbox/compilers/bin/nm -B'
lt_cv_path_SED=/scratchbox/tools/bin/sed
lt_cv_prog_compiler_c_o=yes
lt_cv_prog_compiler_c_o_CXX=yes
lt_cv_prog_compiler_pic_works=yes
lt_cv_prog_compiler_pic_works_CXX=yes
lt_cv_prog_compiler_rtti_exceptions=no
lt_cv_prog_compiler_static_works=yes
lt_cv_prog_compiler_static_works_CXX=yes
lt_cv_prog_gnu_ld=yes
lt_cv_prog_gnu_ldcxx=yes
lt_cv_sys_global_symbol_pipe='sed -n -e '\''s/^.*[ 	]\([ABCDGIRSTW][ABCDGIRSTW]*\)[ 	][ 	]*\([_A-Za-z][_A-Za-z0-9]*\)$/\1 \2 \2/p'\'''
lt_cv_sys_global_symbol_to_c_name_address='sed -n -e '\''s/^: \([^ ]*\) $/  {\"\1\", (lt_ptr) 0},/p'\'' -e '\''s/^[BCDEGRST] \([^ ]*\) \([^ ]*\)$/  {"\2", (lt_ptr) \&\2},/p'\'''
lt_cv_sys_global_symbol_to_cdecl='sed -n -e '\''s/^. .* \(.*\)$/extern int \1;/p'\'''
lt_cv_sys_lib_dlsearch_path_spec='/lib /usr/lib /usr/local/lib /usr/X11R6/lib /usr/lib /lib '
lt_cv_sys_lib_search_path_spec='/scratchbox/compilers/cs2007q3-glibc2.5-arm6/lib/gcc/arm-none-linux-gnueabi/4.2.1 /scratchbox/compilers/cs2007q3-glibc2.5-arm6/lib/gcc /scratchbox/compilers/cs2007q3-glibc2.5-arm6/arm-none-linux-gnueabi/lib /scratchbox/compilers/cs2007q3-glibc2.5-arm6/arm-none-linux-gnueabi/libc/lib /scratchbox/compilers/cs2007q3-glibc2.5-arm6/arm-none-linux-gnueabi/libc/usr/lib'
lt_cv_sys_max_cmd_len=98304
lt_lt_cv_prog_compiler_c_o='"yes"'
lt_lt_cv_prog_compiler_c_o_CXX='"yes"'
lt_lt_cv_sys_global_symbol_pipe='"sed -n -e '\''s/^.*[ 	]\\([ABCDGIRSTW][ABCDGIRSTW]*\\)[ 	][ 	]*\\([_A-Za-z][_A-Za-z0-9]*\\)\$/\\1 \\2 \\2/p'\''"'
lt_lt_cv_sys_global_symbol_to_c_name_address='"sed -n -e '\''s/^: \\([^ ]*\\) \$/  {\\\"\\1\\\", (lt_ptr) 0},/p'\'' -e '\''s/^[BCDEGRST] \\([^ ]*\\) \\([^ ]*\\)\$/  {\"\\2\", (lt_ptr) \\&\\2},/p'\''"'
lt_lt_cv_sys_global_symbol_to_cdecl='"sed -n -e '\''s/^. .* \\(.*\\)\$/extern int \\1;/p'\''"'

## ----------------- ##
## Output variables. ##
## ----------------- ##

ACLOCAL='${SHELL} /home/tjw/tjKindle/LIB1/libpng-1.4.8/missing --run aclocal-1.9'
AMDEPBACKSLASH='\'
AMDEP_FALSE='#'
AMDEP_TRUE=''
AMTAR='${SHELL} /home/tjw/tjKindle/LIB1/libpng-1.4.8/missing --run tar'
AR='ar'
AUTOCONF='${SHELL} /home/tjw/tjKindle/LIB1/libpng-1.4.8/missing --run autoconf'
AUTOHEADER='${SHELL} /home/tjw/tjKindle/LIB1/libpng-1.4.8/missing --run autoheader'
AUTOMAKE='${SHELL} /home/tjw/tjKindle/LIB1/libpng-1.4.8/missing --run automake-1.9'
AWK='gawk'
CC='gcc'
CCDEPMODE='depmode=gcc3'
CFLAGS='-O2 -march=armv6j -mtune=arm1136jf-s -pipe -fomit-frame-pointer -fno-stack-protector'
CPP='gcc -E'
CPPFLAGS=''
CXX='g++'
CXXCPP='g++ -E'
CXXDEPMODE='depmode=gcc3'
CXXFLAGS='-O2 -march=armv6j -mtune=arm1136jf-s -pipe -fomit-frame-pointer -fno-stack-protector'
CYGPATH_W='echo'
DEFS='-DHAVE_CONFIG_H'
DEPDIR='.deps'
DSYMUTIL=''
ECHO='echo'
ECHO_C=''
ECHO_N='-n'
ECHO_T=''
EGREP='/scratchbox/tools/bin/grep -E'
EXEEXT=''
F77=''
FFLAGS=''
GREP='/scratchbox/tools/bin/grep'
HAVE_LD_VERSION_SCRIPT_FALSE='#'
HAVE_LD_VERSION_SCRIPT_TRUE=''
INSTALL_DATA='${INSTALL} -m 644'
INSTALL_PROGRAM='${INSTALL}'
INSTALL_SCRIPT='${INSTALL}'
INSTALL_STRIP_PROGRAM='${SHELL} $(install_sh) -c -s'
LDFLAGS=''
LIBOBJS=''
LIBPNG_DEFINES='-DPNG_CONFIGURE_LIBPNG'
LIBS='-lz -lm '
LIBTOOL='$(SHELL) $(top_builddir)/libtool'
LN_S='ln -s'
LTLIBOBJS=''
MAINT='#'
MAINTAINER_MODE_FALSE=''
MAINTAINER_MODE_TRUE='#'
MAKEINFO='${SHELL} /home/tjw/tjKindle/LIB1/libpng-1.4.8/missing --run makeinfo'
NMEDIT=''
OBJEXT='o'
PACKAGE='libpng'
PACKAGE_BUGREPORT='png-mng-implement@lists.sourceforge.net'
PACKAGE_NAME='libpng'
PACKAGE_STRING='libpng 1.4.8'
PACKAGE_TARNAME='libpng'
PACKAGE_VERSION='1.4.8'
PATH_SEPARATOR=':'
PNGLIB_MAJOR='1'
PNGLIB_MINOR='4'
PNGLIB_RELEASE='8'
PNGLIB_VERSION='1.4.8'
POW_LIB=''
RANLIB='ranlib'
SED='/scratchbox/tools/bin/sed'
SET_MAKE=''
SHELL='/bin/sh'
STRIP='strip'
SYMBOL_PREFIX=''
VERSION='1.4.8'
ac_ct_CC='gcc'
ac_ct_CXX='g++'
ac_ct_F77=''
am__fastdepCC_FALSE='#'
am__fastdepCC_TRUE=''
am__fastdepCXX_FALSE='#'
am__fastdepCXX_TRUE=''
am__include='include'
am__leading_dot='.'
am__quote=''
am__tar='${AMTAR} chof - "$$tardir"'
am__untar='${AMTAR} xf -'
binconfigs='${binconfigs}'
bindir='${exec_prefix}/bin'
build='arm-unknown-linux-gnu'
build_alias=''
build_cpu='arm'
build_os='linux-gnu'
build_vendor='unknown'
datadir='${datarootdir}'
datarootdir='${prefix}/share'
docdir='${datarootdir}/doc/${PACKAGE_TARNAME}'
dvidir='${docdir}'
exec_prefix='${prefix}'
host='arm-unknown-linux-gnu'
host_alias=''
host_cpu='arm'
host_os='linux-gnu'
host_vendor='unknown'
htmldir='${docdir}'
includedir='${prefix}/include'
infodir='${datarootdir}/info'
install_sh='/home/tjw/tjKindle/LIB1/libpng-1.4.8/install-sh'
libdir='${exec_prefix}/lib'
libexecdir='${exec_prefix}/libexec'
localedir='${datarootdir}/locale'
localstatedir='${prefix}/var'
mandir='${datarootdir}/man'
mkdir_p='mkdir -p --'
oldincludedir='/usr/include'
pdfdir='${docdir}'
pkgconfigdir='${libdir}/pkgconfig'
prefix='/usr/local'
program_transform_name='s,x,x,'
psdir='${docdir}'
sbindir='${exec_prefix}/sbin'
sharedstatedir='${prefix}/com'
sysconfdir='${prefix}/etc'
target_alias=''

## ----------- ##
## confdefs.h. ##
## ----------- ##

#define PACKAGE_NAME "libpng"
#define PACKAGE_TARNAME "libpng"
#define PACKAGE_VERSION "1.4.8"
#define PACKAGE_STRING "libpng 1.4.8"
#define PACKAGE_BUGREPORT "png-mng-implement@lists.sourceforge.net"
#define PACKAGE "libpng"
#define VERSION "1.4.8"
#define STDC_HEADERS 1
#define HAVE_SYS_TYPES_H 1
#define HAVE_SYS_STAT_H 1
#define HAVE_STDLIB_H 1
#define HAVE_STRING_H 1
#define HAVE_MEMORY_H 1
#define HAVE_STRINGS_H 1
#define HAVE_INTTYPES_H 1
#define HAVE_STDINT_H 1
#define HAVE_UNISTD_H 1
#define HAVE_DLFCN_H 1
#define STDC_HEADERS 1
#define HAVE_MALLOC_H 1
#define HAVE_STDLIB_H 1
#define HAVE_STRING_H 1
#define HAVE_STRINGS_H 1
#define HAVE_MEMSET 1
#define HAVE_LIBM 1
#define HAVE_LIBZ 1

configure: exit 0
