This file contains any messages produced by compilers while
running configure, to aid debugging if configure makes a mistake.

It was created by libffi configure 3.0.10, which was
generated by GNU Autoconf 2.68.  Invocation command line was

  $ ../.././configure --srcdir=../.. --enable-builddir=LIB0/libffi-3.0.10/ --prefix=/usr/local

## --------- ##
## Platform. ##
## --------- ##

hostname = tjw-pc
uname -m = arm
uname -r = 2.6.38-11-generic
uname -s = Linux
uname -v = #48-Ubuntu SMP Fri Jul 29 19:02:55 UTC 2011

/usr/bin/uname -p = unknown
/bin/uname -X     = unknown

/bin/arch              = arm
/usr/bin/arch -k       = arm
/usr/convex/getsysinfo = unknown
/usr/bin/hostinfo      = unknown
/bin/machine           = unknown
/usr/bin/oslevel       = unknown
/bin/universe          = unknown

PATH: /usr/local/bin
PATH: /host_usr/bin
PATH: /scratchbox/devkits/hashutils-squeeze-sdk/bin
PATH: /scratchbox/devkits/debian-squeeze/bin
PATH: /scratchbox/devkits/debian-etch/bin
PATH: /scratchbox/devkits/svn/bin
PATH: /scratchbox/devkits/qemu/bin
PATH: /scratchbox/devkits/python-legacy/bin
PATH: /scratchbox/devkits/mtd/bin
PATH: /scratchbox/devkits/git/bin
PATH: /scratchbox/devkits/doctools/bin
PATH: /scratchbox/devkits/debian-sarge/bin
PATH: /scratchbox/devkits/autotools-legacy/bin
PATH: /scratchbox/devkits/apt-https/bin
PATH: /scratchbox/devkits/perl/bin
PATH: /scratchbox/tools/bin
PATH: /targets/links/arch_tools/bin
PATH: /scratchbox/compilers/bin
PATH: /bin
PATH: /usr/bin
PATH: /usr/local/bin
PATH: /usr/X11R6/bin
PATH: /sbin
PATH: /usr/sbin


## ----------- ##
## Core tests. ##
## ----------- ##

configure:2550: checking build system type
configure:2564: result: arm-unknown-linux-gnueabi
configure:2584: checking host system type
configure:2597: result: arm-unknown-linux-gnueabi
configure:2617: checking target system type
configure:2630: result: arm-unknown-linux-gnueabi
configure:2722: checking for gsed
configure:2753: result: sed
configure:2781: checking for a BSD-compatible install
configure:2849: result: /scratchbox/tools/bin/install -c
configure:2860: checking whether build environment is sane
configure:2910: result: yes
configure:3048: checking for a thread-safe mkdir -p
configure:3087: result: /scratchbox/tools/bin/mkdir -p
configure:3100: checking for gawk
configure:3116: found /scratchbox/tools/bin/gawk
configure:3127: result: gawk
configure:3138: checking whether make sets $(MAKE)
configure:3160: result: yes
configure:3299: checking for gcc
configure:3315: found /scratchbox/compilers/bin/gcc
configure:3326: result: gcc
configure:3555: checking for C compiler version
configure:3564: gcc --version >&5
sbox-arm-none-linux-gnueabi-gcc (GCC) 4.2.1
Copyright (C) 2007 Free Software Foundation, Inc.
This is free software; see the source for copying conditions.  There is NO
warranty; not even for MERCHANTABILITY or FITNESS FOR A PARTICULAR PURPOSE.

configure:3575: $? = 0
configure:3564: gcc -v >&5
Using built-in specs.
Reading specs from /scratchbox/compilers/cs2007q3-glibc2.5-arm6/gcc.specs
rename spec cpp to old_cpp
rename spec cc1 to old_cc1
rename spec cc1plus to old_cc1plus
rename spec link to old_link
Target: arm-none-linux-gnueabi
Configured with: /home/jhakala/cs2007q3-sb5/arm/src/gcc-4.2/configure --build=i686-pc-linux-gnu --host=i686-pc-linux-gnu --target=arm-none-linux-gnueabi --enable-threads --disable-libmudflap --disable-libssp --disable-libgomp --disable-libstdcxx-pch --with-gnu-as --with-gnu-ld --enable-languages=c,c++ --enable-shared --enable-symvers=gnu --enable-__cxa_atexit --disable-nls --prefix=/opt/maemo --with-sysroot=/opt/maemo/arm-none-linux-gnueabi/libc --with-build-sysroot=/home/jhakala/cs2007q3-sb5/arm/install/arm-none-linux-gnueabi/libc --with-build-time-tools=/home/jhakala/cs2007q3-sb5/arm/install/arm-none-linux-gnueabi/bin
Thread model: posix
gcc version 4.2.1
configure:3575: $? = 0
configure:3564: gcc -V >&5
sbox-arm-none-linux-gnueabi-gcc: '-V' must come at the start of the command line
configure:3575: $? = 1
configure:3564: gcc -qversion >&5
sbox-arm-none-linux-gnueabi-gcc: unrecognized option '-qversion'
sbox-arm-none-linux-gnueabi-gcc: no input files
configure:3575: $? = 1
configure:3595: checking whether the C compiler works
configure:3617: gcc -O2 -march=armv6j -mtune=arm1136jf-s -pipe -fomit-frame-pointer -fno-stack-protector   conftest.c  >&5
configure:3621: $? = 0
configure:3669: result: yes
configure:3672: checking for C compiler default output file name
configure:3674: result: a.out
configure:3680: checking for suffix of executables
configure:3687: gcc -o conftest -O2 -march=armv6j -mtune=arm1136jf-s -pipe -fomit-frame-pointer -fno-stack-protector   conftest.c  >&5
configure:3691: $? = 0
configure:3713: result: 
configure:3735: checking whether we are cross compiling
configure:3743: gcc -o conftest -O2 -march=armv6j -mtune=arm1136jf-s -pipe -fomit-frame-pointer -fno-stack-protector   conftest.c  >&5
configure:3747: $? = 0
configure:3754: ./conftest
configure:3758: $? = 0
configure:3773: result: no
configure:3778: checking for suffix of object files
configure:3800: gcc -c -O2 -march=armv6j -mtune=arm1136jf-s -pipe -fomit-frame-pointer -fno-stack-protector  conftest.c >&5
configure:3804: $? = 0
configure:3825: result: o
configure:3829: checking whether we are using the GNU C compiler
configure:3848: gcc -c -O2 -march=armv6j -mtune=arm1136jf-s -pipe -fomit-frame-pointer -fno-stack-protector  conftest.c >&5
configure:3848: $? = 0
configure:3857: result: yes
configure:3866: checking whether gcc accepts -g
configure:3886: gcc -c -g  conftest.c >&5
configure:3886: $? = 0
configure:3927: result: yes
configure:3944: checking for gcc option to accept ISO C89
configure:4008: gcc  -c -O2 -march=armv6j -mtune=arm1136jf-s -pipe -fomit-frame-pointer -fno-stack-protector  conftest.c >&5
configure:4008: $? = 0
configure:4021: result: none needed
configure:4052: checking for style of include used by make
configure:4080: result: GNU
configure:4105: checking dependency style of gcc
configure:4215: result: gcc3
configure:4245: checking dependency style of gcc
configure:4353: result: gcc3
configure:4369: checking whether gcc and cc understand -c and -o together
configure:4400: gcc -c conftest.c -o conftest2.o >&5
configure:4404: $? = 0
configure:4410: gcc -c conftest.c -o conftest2.o >&5
configure:4414: $? = 0
configure:4425: cc -c conftest.c >&5
configure:4429: $? = 0
configure:4437: cc -c conftest.c -o conftest2.o >&5
configure:4441: $? = 0
configure:4447: cc -c conftest.c -o conftest2.o >&5
configure:4451: $? = 0
configure:4469: result: yes
configure:4540: checking how to print strings
configure:4567: result: printf
configure:4588: checking for a sed that does not truncate output
configure:4652: result: /scratchbox/tools/bin/sed
configure:4670: checking for grep that handles long lines and -e
configure:4728: result: /scratchbox/tools/bin/grep
configure:4733: checking for egrep
configure:4795: result: /scratchbox/tools/bin/grep -E
configure:4800: checking for fgrep
configure:4862: result: /scratchbox/tools/bin/grep -F
configure:4897: checking for ld used by gcc
configure:4964: result: /scratchbox/compilers/cs2007q3-glibc2.5-arm6/arm-none-linux-gnueabi/bin/ld
configure:4971: checking if the linker (/scratchbox/compilers/cs2007q3-glibc2.5-arm6/arm-none-linux-gnueabi/bin/ld) is GNU ld
configure:4986: result: yes
configure:4998: checking for BSD- or MS-compatible name lister (nm)
configure:5047: result: /scratchbox/compilers/bin/nm -B
configure:5177: checking the name lister (/scratchbox/compilers/bin/nm -B) interface
configure:5184: gcc -c -O2 -march=armv6j -mtune=arm1136jf-s -pipe -fomit-frame-pointer -fno-stack-protector  conftest.c >&5
configure:5187: /scratchbox/compilers/bin/nm -B "conftest.o"
configure:5190: output
00000000 B some_variable
configure:5197: result: BSD nm
configure:5200: checking whether ln -s works
configure:5204: result: yes
configure:5212: checking the maximum length of command line arguments
configure:5337: result: 98304
configure:5354: checking whether the shell understands some XSI constructs
configure:5364: result: yes
configure:5368: checking whether the shell understands "+="
configure:5374: result: no
configure:5409: checking how to convert arm-unknown-linux-gnueabi file names to arm-unknown-linux-gnueabi format
configure:5449: result: func_convert_file_noop
configure:5456: checking how to convert arm-unknown-linux-gnueabi file names to toolchain format
configure:5476: result: func_convert_file_noop
configure:5483: checking for /scratchbox/compilers/cs2007q3-glibc2.5-arm6/arm-none-linux-gnueabi/bin/ld option to reload object files
configure:5490: result: -r
configure:5564: checking for objdump
configure:5580: found /scratchbox/compilers/bin/objdump
configure:5591: result: objdump
configure:5623: checking how to recognize dependent libraries
configure:5825: result: pass_all
configure:5910: checking for dlltool
configure:5926: found /scratchbox/compilers/bin/dlltool
configure:5937: result: dlltool
configure:5970: checking how to associate runtime and link libraries
configure:5997: result: printf %s\n
configure:6058: checking for ar
configure:6074: found /scratchbox/compilers/bin/ar
configure:6085: result: ar
configure:6122: checking for archiver @FILE support
configure:6139: gcc -c -O2 -march=armv6j -mtune=arm1136jf-s -pipe -fomit-frame-pointer -fno-stack-protector  conftest.c >&5
configure:6139: $? = 0
configure:6142: ar cru libconftest.a @conftest.lst >&5
configure:6145: $? = 0
configure:6150: ar cru libconftest.a @conftest.lst >&5
/scratchbox/compilers/cs2007q3-glibc2.5-arm6/bin/sbox-arm-none-linux-gnueabi-ar: conftest.o: No such file or directory
configure:6153: $? = 1
configure:6165: result: @
configure:6223: checking for strip
configure:6239: found /scratchbox/compilers/bin/strip
configure:6250: result: strip
configure:6322: checking for ranlib
configure:6338: found /scratchbox/compilers/bin/ranlib
configure:6349: result: ranlib
configure:6451: checking command to parse /scratchbox/compilers/bin/nm -B output from gcc object
configure:6570: gcc -c -O2 -march=armv6j -mtune=arm1136jf-s -pipe -fomit-frame-pointer -fno-stack-protector  conftest.c >&5
configure:6573: $? = 0
configure:6577: /scratchbox/compilers/bin/nm -B conftest.o \| sed -n -e 's/^.*[ ]\([ABCDGIRSTW][ABCDGIRSTW]*\)[ ][ ]*\([_A-Za-z][_A-Za-z0-9]*\)$/\1 \2 \2/p' | sed '/ __gnu_lto/d' \> conftest.nm
configure:6580: $? = 0
configure:6646: gcc -o conftest -O2 -march=armv6j -mtune=arm1136jf-s -pipe -fomit-frame-pointer -fno-stack-protector   conftest.c conftstm.o >&5
configure:6649: $? = 0
configure:6687: result: ok
configure:6724: checking for sysroot
configure:6754: result: no
configure:6997: checking for mt
configure:7027: result: no
configure:7047: checking if : is a manifest tool
configure:7053: : '-?'
configure:7061: result: no
configure:7693: checking how to run the C preprocessor
configure:7724: gcc -E  conftest.c
configure:7724: $? = 0
configure:7738: gcc -E  conftest.c
conftest.c:11:28: error: ac_nonexistent.h: No such file or directory
configure:7738: $? = 1
configure: failed program was:
| /* confdefs.h */
| #define PACKAGE_NAME "libffi"
| #define PACKAGE_TARNAME "libffi"
| #define PACKAGE_VERSION "3.0.10"
| #define PACKAGE_STRING "libffi 3.0.10"
| #define PACKAGE_BUGREPORT "http://sourceware.org/libffi.html"
| #define PACKAGE_URL ""
| #define PACKAGE "libffi"
| #define VERSION "3.0.10"
| /* end confdefs.h.  */
| #include <ac_nonexistent.h>
configure:7763: result: gcc -E
configure:7783: gcc -E  conftest.c
configure:7783: $? = 0
configure:7797: gcc -E  conftest.c
conftest.c:11:28: error: ac_nonexistent.h: No such file or directory
configure:7797: $? = 1
configure: failed program was:
| /* confdefs.h */
| #define PACKAGE_NAME "libffi"
| #define PACKAGE_TARNAME "libffi"
| #define PACKAGE_VERSION "3.0.10"
| #define PACKAGE_STRING "libffi 3.0.10"
| #define PACKAGE_BUGREPORT "http://sourceware.org/libffi.html"
| #define PACKAGE_URL ""
| #define PACKAGE "libffi"
| #define VERSION "3.0.10"
| /* end confdefs.h.  */
| #include <ac_nonexistent.h>
configure:7826: checking for ANSI C header files
configure:7846: gcc -c -O2 -march=armv6j -mtune=arm1136jf-s -pipe -fomit-frame-pointer -fno-stack-protector  conftest.c >&5
configure:7846: $? = 0
configure:7919: gcc -o conftest -O2 -march=armv6j -mtune=arm1136jf-s -pipe -fomit-frame-pointer -fno-stack-protector   conftest.c  >&5
configure:7919: $? = 0
configure:7919: ./conftest
configure:7919: $? = 0
configure:7930: result: yes
configure:7943: checking for sys/types.h
configure:7943: gcc -c -O2 -march=armv6j -mtune=arm1136jf-s -pipe -fomit-frame-pointer -fno-stack-protector  conftest.c >&5
configure:7943: $? = 0
configure:7943: result: yes
configure:7943: checking for sys/stat.h
configure:7943: gcc -c -O2 -march=armv6j -mtune=arm1136jf-s -pipe -fomit-frame-pointer -fno-stack-protector  conftest.c >&5
configure:7943: $? = 0
configure:7943: result: yes
configure:7943: checking for stdlib.h
configure:7943: gcc -c -O2 -march=armv6j -mtune=arm1136jf-s -pipe -fomit-frame-pointer -fno-stack-protector  conftest.c >&5
configure:7943: $? = 0
configure:7943: result: yes
configure:7943: checking for string.h
configure:7943: gcc -c -O2 -march=armv6j -mtune=arm1136jf-s -pipe -fomit-frame-pointer -fno-stack-protector  conftest.c >&5
configure:7943: $? = 0
configure:7943: result: yes
configure:7943: checking for memory.h
configure:7943: gcc -c -O2 -march=armv6j -mtune=arm1136jf-s -pipe -fomit-frame-pointer -fno-stack-protector  conftest.c >&5
configure:7943: $? = 0
configure:7943: result: yes
configure:7943: checking for strings.h
configure:7943: gcc -c -O2 -march=armv6j -mtune=arm1136jf-s -pipe -fomit-frame-pointer -fno-stack-protector  conftest.c >&5
configure:7943: $? = 0
configure:7943: result: yes
configure:7943: checking for inttypes.h
configure:7943: gcc -c -O2 -march=armv6j -mtune=arm1136jf-s -pipe -fomit-frame-pointer -fno-stack-protector  conftest.c >&5
configure:7943: $? = 0
configure:7943: result: yes
configure:7943: checking for stdint.h
configure:7943: gcc -c -O2 -march=armv6j -mtune=arm1136jf-s -pipe -fomit-frame-pointer -fno-stack-protector  conftest.c >&5
configure:7943: $? = 0
configure:7943: result: yes
configure:7943: checking for unistd.h
configure:7943: gcc -c -O2 -march=armv6j -mtune=arm1136jf-s -pipe -fomit-frame-pointer -fno-stack-protector  conftest.c >&5
configure:7943: $? = 0
configure:7943: result: yes
configure:7957: checking for dlfcn.h
configure:7957: gcc -c -O2 -march=armv6j -mtune=arm1136jf-s -pipe -fomit-frame-pointer -fno-stack-protector  conftest.c >&5
configure:7957: $? = 0
configure:7957: result: yes
configure:8144: checking for objdir
configure:8159: result: .libs
configure:8430: checking if gcc supports -fno-rtti -fno-exceptions
configure:8448: gcc -c -O2 -march=armv6j -mtune=arm1136jf-s -pipe -fomit-frame-pointer -fno-stack-protector  -fno-rtti -fno-exceptions conftest.c >&5
cc1: warning: command line option "-fno-rtti" is valid for C++/ObjC++ but not for C
cc1: warning: command line option "-fno-rtti" is valid for C++/ObjC++ but not for C
configure:8452: $? = 0
configure:8465: result: no
configure:8775: checking for gcc option to produce PIC
configure:8782: result: -fPIC -DPIC
configure:8790: checking if gcc PIC flag -fPIC -DPIC works
configure:8808: gcc -c -O2 -march=armv6j -mtune=arm1136jf-s -pipe -fomit-frame-pointer -fno-stack-protector  -fPIC -DPIC -DPIC conftest.c >&5
configure:8812: $? = 0
configure:8825: result: yes
configure:8854: checking if gcc static flag -static works
configure:8882: result: yes
configure:8897: checking if gcc supports -c -o file.o
configure:8918: gcc -c -O2 -march=armv6j -mtune=arm1136jf-s -pipe -fomit-frame-pointer -fno-stack-protector  -o out/conftest2.o conftest.c >&5
configure:8922: $? = 0
configure:8944: result: yes
configure:8952: checking if gcc supports -c -o file.o
configure:8999: result: yes
configure:9032: checking whether the gcc linker (/scratchbox/compilers/cs2007q3-glibc2.5-arm6/arm-none-linux-gnueabi/bin/ld) supports shared libraries
configure:10190: result: yes
configure:10227: checking whether -lc should be explicitly linked in
configure:10235: gcc -c -O2 -march=armv6j -mtune=arm1136jf-s -pipe -fomit-frame-pointer -fno-stack-protector  conftest.c >&5
configure:10238: $? = 0
configure:10253: gcc -shared  -fPIC -DPIC conftest.o  -v -Wl,-soname -Wl,conftest -o conftest 2\>\&1 \| /scratchbox/tools/bin/grep  -lc  \>/dev/null 2\>\&1
configure:10256: $? = 0
configure:10270: result: no
configure:10435: checking dynamic linker characteristics
configure:10949: gcc -o conftest -O2 -march=armv6j -mtune=arm1136jf-s -pipe -fomit-frame-pointer -fno-stack-protector   -Wl,-rpath -Wl,/foo conftest.c  >&5
configure:10949: $? = 0
configure:11171: result: GNU/Linux ld.so
configure:11278: checking how to hardcode library paths into programs
configure:11303: result: immediate
configure:11843: checking whether stripping libraries is possible
configure:11848: result: yes
configure:11883: checking if libtool supports shared libraries
configure:11885: result: yes
configure:11888: checking whether to build shared libraries
configure:11909: result: yes
configure:11912: checking whether to build static libraries
configure:11916: result: yes
configure:11954: checking for C compiler vendor
configure:11978: gcc -c -O2 -march=armv6j -mtune=arm1136jf-s -pipe -fomit-frame-pointer -fno-stack-protector  conftest.c >&5
conftest.c: In function 'main':
conftest.c:29: error: 'thisisanerror' undeclared (first use in this function)
conftest.c:29: error: (Each undeclared identifier is reported only once
conftest.c:29: error: for each function it appears in.)
configure:11978: $? = 1
configure: failed program was:
| /* confdefs.h */
| #define PACKAGE_NAME "libffi"
| #define PACKAGE_TARNAME "libffi"
| #define PACKAGE_VERSION "3.0.10"
| #define PACKAGE_STRING "libffi 3.0.10"
| #define PACKAGE_BUGREPORT "http://sourceware.org/libffi.html"
| #define PACKAGE_URL ""
| #define PACKAGE "libffi"
| #define VERSION "3.0.10"
| #define STDC_HEADERS 1
| #define HAVE_SYS_TYPES_H 1
| #define HAVE_SYS_STAT_H 1
| #define HAVE_STDLIB_H 1
| #define HAVE_STRING_H 1
| #define HAVE_MEMORY_H 1
| #define HAVE_STRINGS_H 1
| #define HAVE_INTTYPES_H 1
| #define HAVE_STDINT_H 1
| #define HAVE_UNISTD_H 1
| #define HAVE_DLFCN_H 1
| #define LT_OBJDIR ".libs/"
| /* end confdefs.h.  */
| 
| int
| main ()
| {
| 
| #if !(defined(__ICC) || defined(__ECC) || defined(__INTEL_COMPILER))
|       thisisanerror;
| #endif
| 
|   ;
|   return 0;
| }
configure:11978: gcc -c -O2 -march=armv6j -mtune=arm1136jf-s -pipe -fomit-frame-pointer -fno-stack-protector  conftest.c >&5
conftest.c: In function 'main':
conftest.c:29: error: 'thisisanerror' undeclared (first use in this function)
conftest.c:29: error: (Each undeclared identifier is reported only once
conftest.c:29: error: for each function it appears in.)
configure:11978: $? = 1
configure: failed program was:
| /* confdefs.h */
| #define PACKAGE_NAME "libffi"
| #define PACKAGE_TARNAME "libffi"
| #define PACKAGE_VERSION "3.0.10"
| #define PACKAGE_STRING "libffi 3.0.10"
| #define PACKAGE_BUGREPORT "http://sourceware.org/libffi.html"
| #define PACKAGE_URL ""
| #define PACKAGE "libffi"
| #define VERSION "3.0.10"
| #define STDC_HEADERS 1
| #define HAVE_SYS_TYPES_H 1
| #define HAVE_SYS_STAT_H 1
| #define HAVE_STDLIB_H 1
| #define HAVE_STRING_H 1
| #define HAVE_MEMORY_H 1
| #define HAVE_STRINGS_H 1
| #define HAVE_INTTYPES_H 1
| #define HAVE_STDINT_H 1
| #define HAVE_UNISTD_H 1
| #define HAVE_DLFCN_H 1
| #define LT_OBJDIR ".libs/"
| /* end confdefs.h.  */
| 
| int
| main ()
| {
| 
| #if !(defined(__xlc__) || defined(__xlC__) || defined(__IBMC__) || defined(__IBMCPP__))
|       thisisanerror;
| #endif
| 
|   ;
|   return 0;
| }
configure:11978: gcc -c -O2 -march=armv6j -mtune=arm1136jf-s -pipe -fomit-frame-pointer -fno-stack-protector  conftest.c >&5
conftest.c: In function 'main':
conftest.c:29: error: 'thisisanerror' undeclared (first use in this function)
conftest.c:29: error: (Each undeclared identifier is reported only once
conftest.c:29: error: for each function it appears in.)
configure:11978: $? = 1
configure: failed program was:
| /* confdefs.h */
| #define PACKAGE_NAME "libffi"
| #define PACKAGE_TARNAME "libffi"
| #define PACKAGE_VERSION "3.0.10"
| #define PACKAGE_STRING "libffi 3.0.10"
| #define PACKAGE_BUGREPORT "http://sourceware.org/libffi.html"
| #define PACKAGE_URL ""
| #define PACKAGE "libffi"
| #define VERSION "3.0.10"
| #define STDC_HEADERS 1
| #define HAVE_SYS_TYPES_H 1
| #define HAVE_SYS_STAT_H 1
| #define HAVE_STDLIB_H 1
| #define HAVE_STRING_H 1
| #define HAVE_MEMORY_H 1
| #define HAVE_STRINGS_H 1
| #define HAVE_INTTYPES_H 1
| #define HAVE_STDINT_H 1
| #define HAVE_UNISTD_H 1
| #define HAVE_DLFCN_H 1
| #define LT_OBJDIR ".libs/"
| /* end confdefs.h.  */
| 
| int
| main ()
| {
| 
| #if !(defined(__PATHCC__) || defined(__PATHSCALE__))
|       thisisanerror;
| #endif
| 
|   ;
|   return 0;
| }
configure:11978: gcc -c -O2 -march=armv6j -mtune=arm1136jf-s -pipe -fomit-frame-pointer -fno-stack-protector  conftest.c >&5
conftest.c: In function 'main':
conftest.c:29: error: 'thisisanerror' undeclared (first use in this function)
conftest.c:29: error: (Each undeclared identifier is reported only once
conftest.c:29: error: for each function it appears in.)
configure:11978: $? = 1
configure: failed program was:
| /* confdefs.h */
| #define PACKAGE_NAME "libffi"
| #define PACKAGE_TARNAME "libffi"
| #define PACKAGE_VERSION "3.0.10"
| #define PACKAGE_STRING "libffi 3.0.10"
| #define PACKAGE_BUGREPORT "http://sourceware.org/libffi.html"
| #define PACKAGE_URL ""
| #define PACKAGE "libffi"
| #define VERSION "3.0.10"
| #define STDC_HEADERS 1
| #define HAVE_SYS_TYPES_H 1
| #define HAVE_SYS_STAT_H 1
| #define HAVE_STDLIB_H 1
| #define HAVE_STRING_H 1
| #define HAVE_MEMORY_H 1
| #define HAVE_STRINGS_H 1
| #define HAVE_INTTYPES_H 1
| #define HAVE_STDINT_H 1
| #define HAVE_UNISTD_H 1
| #define HAVE_DLFCN_H 1
| #define LT_OBJDIR ".libs/"
| /* end confdefs.h.  */
| 
| int
| main ()
| {
| 
| #if !(defined(__clang__))
|       thisisanerror;
| #endif
| 
|   ;
|   return 0;
| }
configure:11978: gcc -c -O2 -march=armv6j -mtune=arm1136jf-s -pipe -fomit-frame-pointer -fno-stack-protector  conftest.c >&5
configure:11978: $? = 0
configure:11985: result: gnu
configure:12771: checking CFLAGS for maximum warnings
configure:12797: gcc -c -O2 -march=armv6j -mtune=arm1136jf-s -pipe -fomit-frame-pointer -fno-stack-protector -pedantic  -Wall  conftest.c >&5
configure:12797: $? = 0
configure:12811: result: -Wall
configure:12824: : CFLAGS="$CFLAGS $ac_cv_cflags_warn_all"
configure:12827: $? = 0
configure:12839: checking whether to enable maintainer-specific portions of Makefiles
configure:12848: result: no
configure:12864: checking sys/mman.h usability
configure:12864: gcc -c -O2 -march=armv6j -mtune=arm1136jf-s -pipe -fomit-frame-pointer -fno-stack-protector -Wall -fexceptions  conftest.c >&5
configure:12864: $? = 0
configure:12864: result: yes
configure:12864: checking sys/mman.h presence
configure:12864: gcc -E  conftest.c
configure:12864: $? = 0
configure:12864: result: yes
configure:12864: checking for sys/mman.h
configure:12864: result: yes
configure:12876: checking for mmap
configure:12876: gcc -o conftest -O2 -march=armv6j -mtune=arm1136jf-s -pipe -fomit-frame-pointer -fno-stack-protector -Wall -fexceptions   conftest.c  >&5
configure:12876: $? = 0
configure:12876: result: yes
configure:12886: checking for sys/mman.h
configure:12886: result: yes
configure:12894: checking for mmap
configure:12894: result: yes
configure:12907: checking whether read-only mmap of a plain file works
configure:12924: result: yes
configure:12926: checking whether mmap from /dev/zero works
configure:12948: result: yes
configure:12952: checking for MAP_ANON(YMOUS)
configure:12975: gcc -c -O2 -march=armv6j -mtune=arm1136jf-s -pipe -fomit-frame-pointer -fno-stack-protector -Wall -fexceptions  conftest.c >&5
conftest.c: In function 'main':
conftest.c:36: warning: unused variable 'n'
configure:12975: $? = 0
configure:12982: result: yes
configure:12988: checking whether mmap with MAP_ANON(YMOUS) works
configure:13005: result: yes
configure:13398: checking for ANSI C header files
configure:13502: result: yes
configure:13512: checking for memcpy
configure:13512: gcc -o conftest -O2 -march=armv6j -mtune=arm1136jf-s -pipe -fomit-frame-pointer -fno-stack-protector -Wall -fexceptions   conftest.c  >&5
conftest.c:52: warning: conflicting types for built-in function 'memcpy'
configure:13512: $? = 0
configure:13512: result: yes
configure:13521: checking for size_t
configure:13521: gcc -c -O2 -march=armv6j -mtune=arm1136jf-s -pipe -fomit-frame-pointer -fno-stack-protector -Wall -fexceptions  conftest.c >&5
configure:13521: $? = 0
configure:13521: gcc -c -O2 -march=armv6j -mtune=arm1136jf-s -pipe -fomit-frame-pointer -fno-stack-protector -Wall -fexceptions  conftest.c >&5
conftest.c: In function 'main':
conftest.c:66: error: expected expression before ')' token
configure:13521: $? = 1
configure: failed program was:
| /* confdefs.h */
| #define PACKAGE_NAME "libffi"
| #define PACKAGE_TARNAME "libffi"
| #define PACKAGE_VERSION "3.0.10"
| #define PACKAGE_STRING "libffi 3.0.10"
| #define PACKAGE_BUGREPORT "http://sourceware.org/libffi.html"
| #define PACKAGE_URL ""
| #define PACKAGE "libffi"
| #define VERSION "3.0.10"
| #define STDC_HEADERS 1
| #define HAVE_SYS_TYPES_H 1
| #define HAVE_SYS_STAT_H 1
| #define HAVE_STDLIB_H 1
| #define HAVE_STRING_H 1
| #define HAVE_MEMORY_H 1
| #define HAVE_STRINGS_H 1
| #define HAVE_INTTYPES_H 1
| #define HAVE_STDINT_H 1
| #define HAVE_UNISTD_H 1
| #define HAVE_DLFCN_H 1
| #define LT_OBJDIR ".libs/"
| #define HAVE_SYS_MMAN_H 1
| #define HAVE_MMAP 1
| #define HAVE_MMAP_FILE 1
| #define HAVE_MMAP_DEV_ZERO 1
| #define HAVE_MMAP_ANON 1
| #define STDC_HEADERS 1
| #define HAVE_MEMCPY 1
| /* end confdefs.h.  */
| #include <stdio.h>
| #ifdef HAVE_SYS_TYPES_H
| # include <sys/types.h>
| #endif
| #ifdef HAVE_SYS_STAT_H
| # include <sys/stat.h>
| #endif
| #ifdef STDC_HEADERS
| # include <stdlib.h>
| # include <stddef.h>
| #else
| # ifdef HAVE_STDLIB_H
| #  include <stdlib.h>
| # endif
| #endif
| #ifdef HAVE_STRING_H
| # if !defined STDC_HEADERS && defined HAVE_MEMORY_H
| #  include <memory.h>
| # endif
| # include <string.h>
| #endif
| #ifdef HAVE_STRINGS_H
| # include <strings.h>
| #endif
| #ifdef HAVE_INTTYPES_H
| # include <inttypes.h>
| #endif
| #ifdef HAVE_STDINT_H
| # include <stdint.h>
| #endif
| #ifdef HAVE_UNISTD_H
| # include <unistd.h>
| #endif
| int
| main ()
| {
| if (sizeof ((size_t)))
| 	    return 0;
|   ;
|   return 0;
| }
configure:13521: result: yes
configure:13534: checking for working alloca.h
configure:13551: gcc -o conftest -O2 -march=armv6j -mtune=arm1136jf-s -pipe -fomit-frame-pointer -fno-stack-protector -Wall -fexceptions   conftest.c  >&5
configure:13551: $? = 0
configure:13559: result: yes
configure:13567: checking for alloca
configure:13604: gcc -o conftest -O2 -march=armv6j -mtune=arm1136jf-s -pipe -fomit-frame-pointer -fno-stack-protector -Wall -fexceptions   conftest.c  >&5
configure:13604: $? = 0
configure:13612: result: yes
configure:13726: checking size of double
configure:13731: gcc -o conftest -O2 -march=armv6j -mtune=arm1136jf-s -pipe -fomit-frame-pointer -fno-stack-protector -Wall -fexceptions   conftest.c  >&5
configure:13731: $? = 0
configure:13731: ./conftest
configure:13731: $? = 0
configure:13745: result: 8
configure:13759: checking size of long double
configure:13764: gcc -o conftest -O2 -march=armv6j -mtune=arm1136jf-s -pipe -fomit-frame-pointer -fno-stack-protector -Wall -fexceptions   conftest.c  >&5
configure:13764: $? = 0
configure:13764: ./conftest
configure:13764: $? = 0
configure:13778: result: 8
configure:13803: checking whether byte ordering is bigendian
configure:13818: gcc -c -O2 -march=armv6j -mtune=arm1136jf-s -pipe -fomit-frame-pointer -fno-stack-protector -Wall -fexceptions  conftest.c >&5
conftest.c:35: error: expected '=', ',', ';', 'asm' or '__attribute__' before 'a'
configure:13818: $? = 1
configure: failed program was:
| /* confdefs.h */
| #define PACKAGE_NAME "libffi"
| #define PACKAGE_TARNAME "libffi"
| #define PACKAGE_VERSION "3.0.10"
| #define PACKAGE_STRING "libffi 3.0.10"
| #define PACKAGE_BUGREPORT "http://sourceware.org/libffi.html"
| #define PACKAGE_URL ""
| #define PACKAGE "libffi"
| #define VERSION "3.0.10"
| #define STDC_HEADERS 1
| #define HAVE_SYS_TYPES_H 1
| #define HAVE_SYS_STAT_H 1
| #define HAVE_STDLIB_H 1
| #define HAVE_STRING_H 1
| #define HAVE_MEMORY_H 1
| #define HAVE_STRINGS_H 1
| #define HAVE_INTTYPES_H 1
| #define HAVE_STDINT_H 1
| #define HAVE_UNISTD_H 1
| #define HAVE_DLFCN_H 1
| #define LT_OBJDIR ".libs/"
| #define HAVE_SYS_MMAN_H 1
| #define HAVE_MMAP 1
| #define HAVE_MMAP_FILE 1
| #define HAVE_MMAP_DEV_ZERO 1
| #define HAVE_MMAP_ANON 1
| #define STDC_HEADERS 1
| #define HAVE_MEMCPY 1
| #define HAVE_ALLOCA_H 1
| #define HAVE_ALLOCA 1
| #define SIZEOF_DOUBLE 8
| #define SIZEOF_LONG_DOUBLE 8
| /* end confdefs.h.  */
| #ifndef __APPLE_CC__
| 	       not a universal capable compiler
| 	     #endif
| 	     typedef int dummy;
| 
configure:13863: gcc -c -O2 -march=armv6j -mtune=arm1136jf-s -pipe -fomit-frame-pointer -fno-stack-protector -Wall -fexceptions  conftest.c >&5
configure:13863: $? = 0
configure:13881: gcc -c -O2 -march=armv6j -mtune=arm1136jf-s -pipe -fomit-frame-pointer -fno-stack-protector -Wall -fexceptions  conftest.c >&5
conftest.c: In function 'main':
conftest.c:41: error: 'not' undeclared (first use in this function)
conftest.c:41: error: (Each undeclared identifier is reported only once
conftest.c:41: error: for each function it appears in.)
conftest.c:41: error: expected ';' before 'big'
configure:13881: $? = 1
configure: failed program was:
| /* confdefs.h */
| #define PACKAGE_NAME "libffi"
| #define PACKAGE_TARNAME "libffi"
| #define PACKAGE_VERSION "3.0.10"
| #define PACKAGE_STRING "libffi 3.0.10"
| #define PACKAGE_BUGREPORT "http://sourceware.org/libffi.html"
| #define PACKAGE_URL ""
| #define PACKAGE "libffi"
| #define VERSION "3.0.10"
| #define STDC_HEADERS 1
| #define HAVE_SYS_TYPES_H 1
| #define HAVE_SYS_STAT_H 1
| #define HAVE_STDLIB_H 1
| #define HAVE_STRING_H 1
| #define HAVE_MEMORY_H 1
| #define HAVE_STRINGS_H 1
| #define HAVE_INTTYPES_H 1
| #define HAVE_STDINT_H 1
| #define HAVE_UNISTD_H 1
| #define HAVE_DLFCN_H 1
| #define LT_OBJDIR ".libs/"
| #define HAVE_SYS_MMAN_H 1
| #define HAVE_MMAP 1
| #define HAVE_MMAP_FILE 1
| #define HAVE_MMAP_DEV_ZERO 1
| #define HAVE_MMAP_ANON 1
| #define STDC_HEADERS 1
| #define HAVE_MEMCPY 1
| #define HAVE_ALLOCA_H 1
| #define HAVE_ALLOCA 1
| #define SIZEOF_DOUBLE 8
| #define SIZEOF_LONG_DOUBLE 8
| /* end confdefs.h.  */
| #include <sys/types.h>
| 		#include <sys/param.h>
| 
| int
| main ()
| {
| #if BYTE_ORDER != BIG_ENDIAN
| 		 not big endian
| 		#endif
| 
|   ;
|   return 0;
| }
configure:14009: result: no
configure:14028: checking assembler .cfi pseudo-op support
configure:14046: gcc -c -O2 -march=armv6j -mtune=arm1136jf-s -pipe -fomit-frame-pointer -fno-stack-protector -Wall -fexceptions  conftest.c >&5
configure:14046: $? = 0
configure:14054: result: yes
configure:14335: checking whether .eh_frame section should be read-only
configure:14354: result: no
configure:14369: checking for __attribute__((visibility("hidden")))
configure:14378: gcc -Werror -S conftest.c -o conftest.s 1>&5
configure:14381: $? = 0
configure:14390: result: yes
configure:14750: creating ./config.status

## ---------------------- ##
## Running config.status. ##
## ---------------------- ##

This file was extended by libffi config.status 3.0.10, which was
generated by GNU Autoconf 2.68.  Invocation command line was

  CONFIG_FILES    = 
  CONFIG_HEADERS  = 
  CONFIG_LINKS    = 
  CONFIG_COMMANDS = 
  $ ./config.status 

on tjw-pc

config.status:1208: creating include/Makefile
config.status:1208: creating include/ffi.h
config.status:1208: creating Makefile
config.status:1208: creating testsuite/Makefile
config.status:1208: creating man/Makefile
config.status:1208: creating libffi.pc
config.status:1208: creating fficonfig.h
config.status:1434: linking ../../src/arm/ffitarget.h to include/ffitarget.h
config.status:1453: executing buildir commands
config.status:1483: create top_srcdir/Makefile guessed from local Makefile
config.status:1598: build in LIB0/libffi-3.0.10/ (HOST=)
config.status:1453: executing depfiles commands
config.status:1453: executing libtool commands
config.status:1453: executing include commands
config.status:1453: executing src commands

## ---------------- ##
## Cache variables. ##
## ---------------- ##

ac_cv_build=arm-unknown-linux-gnueabi
ac_cv_c_bigendian=no
ac_cv_c_compiler_gnu=yes
ac_cv_cflags_warn_all=-Wall
ac_cv_decl_map_anon=yes
ac_cv_env_CCASFLAGS_set=
ac_cv_env_CCASFLAGS_value=
ac_cv_env_CCAS_set=
ac_cv_env_CCAS_value=
ac_cv_env_CPPFLAGS_set=
ac_cv_env_CPPFLAGS_value=
ac_cv_env_CPP_set=
ac_cv_env_CPP_value=
ac_cv_env_build_alias_set=
ac_cv_env_build_alias_value=
ac_cv_env_host_alias_set=
ac_cv_env_host_alias_value=
ac_cv_env_target_alias_set=
ac_cv_env_target_alias_value=
ac_cv_func_alloca_works=yes
ac_cv_func_memcpy=yes
ac_cv_func_mmap=yes
ac_cv_func_mmap_anon=yes
ac_cv_func_mmap_dev_zero=yes
ac_cv_func_mmap_file=yes
ac_cv_header_dlfcn_h=yes
ac_cv_header_inttypes_h=yes
ac_cv_header_memory_h=yes
ac_cv_header_stdc=yes
ac_cv_header_stdint_h=yes
ac_cv_header_stdlib_h=yes
ac_cv_header_string_h=yes
ac_cv_header_strings_h=yes
ac_cv_header_sys_mman_h=yes
ac_cv_header_sys_stat_h=yes
ac_cv_header_sys_types_h=yes
ac_cv_header_unistd_h=yes
ac_cv_host=arm-unknown-linux-gnueabi
ac_cv_objext=o
ac_cv_path_EGREP='/scratchbox/tools/bin/grep -E'
ac_cv_path_FGREP='/scratchbox/tools/bin/grep -F'
ac_cv_path_GREP=/scratchbox/tools/bin/grep
ac_cv_path_SED=/scratchbox/tools/bin/sed
ac_cv_path_ax_enable_builddir_sed=sed
ac_cv_path_install='/scratchbox/tools/bin/install -c'
ac_cv_path_mkdir=/scratchbox/tools/bin/mkdir
ac_cv_prog_AWK=gawk
ac_cv_prog_CPP='gcc -E'
ac_cv_prog_ac_ct_AR=ar
ac_cv_prog_ac_ct_CC=gcc
ac_cv_prog_ac_ct_DLLTOOL=dlltool
ac_cv_prog_ac_ct_OBJDUMP=objdump
ac_cv_prog_ac_ct_RANLIB=ranlib
ac_cv_prog_ac_ct_STRIP=strip
ac_cv_prog_cc_c89=
ac_cv_prog_cc_g=yes
ac_cv_prog_cc_gcc_c_o=yes
ac_cv_prog_make_make_set=yes
ac_cv_sizeof_double=8
ac_cv_sizeof_long_double=8
ac_cv_target=arm-unknown-linux-gnueabi
ac_cv_type_size_t=yes
ac_cv_working_alloca_h=yes
am_cv_CCAS_dependencies_compiler_type=gcc3
am_cv_CC_dependencies_compiler_type=gcc3
ax_cv_c_compiler_vendor=gnu
libffi_cv_as_cfi_pseudo_op=yes
libffi_cv_hidden_visibility_attribute=yes
libffi_cv_ro_eh_frame=no
lt_cv_ar_at_file=@
lt_cv_archive_cmds_need_lc=no
lt_cv_deplibs_check_method=pass_all
lt_cv_file_magic_cmd='$MAGIC_CMD'
lt_cv_file_magic_test_file=
lt_cv_ld_reload_flag=-r
lt_cv_nm_interface='BSD nm'
lt_cv_objdir=.libs
lt_cv_path_LD=/scratchbox/compilers/cs2007q3-glibc2.5-arm6/arm-none-linux-gnueabi/bin/ld
lt_cv_path_NM='/scratchbox/compilers/bin/nm -B'
lt_cv_path_mainfest_tool=no
lt_cv_prog_compiler_c_o=yes
lt_cv_prog_compiler_pic='-fPIC -DPIC'
lt_cv_prog_compiler_pic_works=yes
lt_cv_prog_compiler_rtti_exceptions=no
lt_cv_prog_compiler_static_works=yes
lt_cv_prog_gnu_ld=yes
lt_cv_sharedlib_from_linklib_cmd='printf %s\n'
lt_cv_shlibpath_overrides_runpath=no
lt_cv_sys_global_symbol_pipe='sed -n -e '\''s/^.*[	 ]\([ABCDGIRSTW][ABCDGIRSTW]*\)[	 ][	 ]*\([_A-Za-z][_A-Za-z0-9]*\)$/\1 \2 \2/p'\'' | sed '\''/ __gnu_lto/d'\'''
lt_cv_sys_global_symbol_to_c_name_address='sed -n -e '\''s/^: \([^ ]*\)[ ]*$/  {\"\1\", (void *) 0},/p'\'' -e '\''s/^[ABCDGIRSTW]* \([^ ]*\) \([^ ]*\)$/  {"\2", (void *) \&\2},/p'\'''
lt_cv_sys_global_symbol_to_c_name_address_lib_prefix='sed -n -e '\''s/^: \([^ ]*\)[ ]*$/  {\"\1\", (void *) 0},/p'\'' -e '\''s/^[ABCDGIRSTW]* \([^ ]*\) \(lib[^ ]*\)$/  {"\2", (void *) \&\2},/p'\'' -e '\''s/^[ABCDGIRSTW]* \([^ ]*\) \([^ ]*\)$/  {"lib\2", (void *) \&\2},/p'\'''
lt_cv_sys_global_symbol_to_cdecl='sed -n -e '\''s/^T .* \(.*\)$/extern int \1();/p'\'' -e '\''s/^[ABCDGIRSTW]* .* \(.*\)$/extern char \1;/p'\'''
lt_cv_sys_max_cmd_len=98304
lt_cv_to_host_file_cmd=func_convert_file_noop
lt_cv_to_tool_file_cmd=func_convert_file_noop

## ----------------- ##
## Output variables. ##
## ----------------- ##

ACLOCAL='${SHELL} /home/tjw/tjKindle/LIB0/libffi-3.0.10/missing --run aclocal-1.11'
ALLOCA=''
ALPHA_FALSE=''
ALPHA_TRUE='#'
AMDEPBACKSLASH='\'
AMDEP_FALSE='#'
AMDEP_TRUE=''
AMTAR='${SHELL} /home/tjw/tjKindle/LIB0/libffi-3.0.10/missing --run tar'
AM_LTLDFLAGS=''
AM_RUNTESTFLAGS=''
AR='ar'
ARM_FALSE='#'
ARM_TRUE=''
AUTOCONF='${SHELL} /home/tjw/tjKindle/LIB0/libffi-3.0.10/missing --run autoconf'
AUTOHEADER='${SHELL} /home/tjw/tjKindle/LIB0/libffi-3.0.10/missing --run autoheader'
AUTOMAKE='${SHELL} /home/tjw/tjKindle/LIB0/libffi-3.0.10/missing --run automake-1.11'
AVR32_FALSE=''
AVR32_TRUE='#'
AWK='gawk'
CC='gcc'
CCAS='gcc'
CCASDEPMODE='depmode=gcc3'
CCASFLAGS='-O2 -march=armv6j -mtune=arm1136jf-s -pipe -fomit-frame-pointer -fno-stack-protector'
CCDEPMODE='depmode=gcc3'
CFLAGS='-O2 -march=armv6j -mtune=arm1136jf-s -pipe -fomit-frame-pointer -fno-stack-protector -Wall -fexceptions'
CPP='gcc -E'
CPPFLAGS=''
CYGPATH_W='echo'
DEFS='-DHAVE_CONFIG_H'
DEPDIR='.deps'
DLLTOOL='dlltool'
DSYMUTIL=''
DUMPBIN=''
ECHO_C=''
ECHO_N='-n'
ECHO_T=''
EGREP='/scratchbox/tools/bin/grep -E'
EXEEXT=''
FFI_DEBUG_FALSE=''
FFI_DEBUG_TRUE='#'
FFI_EXEC_TRAMPOLINE_TABLE='0'
FFI_EXEC_TRAMPOLINE_TABLE_FALSE=''
FFI_EXEC_TRAMPOLINE_TABLE_TRUE='#'
FGREP='/scratchbox/tools/bin/grep -F'
FRV_FALSE=''
FRV_TRUE='#'
GREP='/scratchbox/tools/bin/grep'
HAVE_LONG_DOUBLE='0'
IA64_FALSE=''
IA64_TRUE='#'
INSTALL_DATA='${INSTALL} -m 644'
INSTALL_PROGRAM='${INSTALL}'
INSTALL_SCRIPT='${INSTALL}'
INSTALL_STRIP_PROGRAM='$(install_sh) -c -s'
LD='/scratchbox/compilers/cs2007q3-glibc2.5-arm6/arm-none-linux-gnueabi/bin/ld'
LDFLAGS=''
LIBFFI_CRIS_FALSE=''
LIBFFI_CRIS_TRUE='#'
LIBOBJS=''
LIBS=''
LIBTOOL='$(SHELL) $(top_builddir)/libtool'
LIPO=''
LN_S='ln -s'
LTLIBOBJS=''
M32R_FALSE=''
M32R_TRUE='#'
M68K_FALSE=''
M68K_TRUE='#'
MAINT='#'
MAINTAINER_MODE_FALSE=''
MAINTAINER_MODE_TRUE='#'
MAKEINFO='${SHELL} /home/tjw/tjKindle/LIB0/libffi-3.0.10/missing --run makeinfo'
MANIFEST_TOOL=':'
MIPS_FALSE=''
MIPS_TRUE='#'
MKDIR_P='/scratchbox/tools/bin/mkdir -p'
MOXIE_FALSE=''
MOXIE_TRUE='#'
NM='/scratchbox/compilers/bin/nm -B'
NMEDIT=''
OBJDUMP='objdump'
OBJEXT='o'
OTOOL64=''
OTOOL=''
PA64_HPUX_FALSE=''
PA64_HPUX_TRUE='#'
PACKAGE='libffi'
PACKAGE_BUGREPORT='http://sourceware.org/libffi.html'
PACKAGE_NAME='libffi'
PACKAGE_STRING='libffi 3.0.10'
PACKAGE_TARNAME='libffi'
PACKAGE_URL=''
PACKAGE_VERSION='3.0.10'
PATH_SEPARATOR=':'
PA_HPUX_FALSE=''
PA_HPUX_TRUE='#'
PA_LINUX_FALSE=''
PA_LINUX_TRUE='#'
POWERPC_AIX_FALSE=''
POWERPC_AIX_TRUE='#'
POWERPC_DARWIN_FALSE=''
POWERPC_DARWIN_TRUE='#'
POWERPC_FALSE=''
POWERPC_FREEBSD_FALSE=''
POWERPC_FREEBSD_TRUE='#'
POWERPC_TRUE='#'
PRTDIAG=''
RANLIB='ranlib'
S390_FALSE=''
S390_TRUE='#'
SED='/scratchbox/tools/bin/sed'
SET_MAKE=''
SH64_FALSE=''
SH64_TRUE='#'
SHELL='/bin/sh'
SH_FALSE=''
SH_TRUE='#'
SPARC_FALSE=''
SPARC_TRUE='#'
STRIP='strip'
TARGET='ARM'
TARGETDIR='arm'
TESTSUBDIR_FALSE='#'
TESTSUBDIR_TRUE=''
VERSION='3.0.10'
X86_64_FALSE=''
X86_64_TRUE='#'
X86_DARWIN_FALSE=''
X86_DARWIN_TRUE='#'
X86_FALSE=''
X86_FREEBSD_FALSE=''
X86_FREEBSD_TRUE='#'
X86_TRUE='#'
X86_WIN32_FALSE=''
X86_WIN32_TRUE='#'
X86_WIN64_FALSE=''
X86_WIN64_TRUE='#'
ac_ct_AR='ar'
ac_ct_CC='gcc'
ac_ct_DUMPBIN=''
am__EXEEXT_FALSE=''
am__EXEEXT_TRUE='#'
am__fastdepCCAS_FALSE='#'
am__fastdepCCAS_TRUE=''
am__fastdepCC_FALSE='#'
am__fastdepCC_TRUE=''
am__include='include'
am__isrc=' -I$(srcdir)'
am__leading_dot='.'
am__quote=''
am__tar='${AMTAR} chof - "$$tardir"'
am__untar='${AMTAR} xf -'
ax_enable_builddir_sed='sed'
bindir='${exec_prefix}/bin'
build='arm-unknown-linux-gnueabi'
build_alias=''
build_cpu='arm'
build_os='linux-gnueabi'
build_vendor='unknown'
datadir='${datarootdir}'
datarootdir='${prefix}/share'
docdir='${datarootdir}/doc/${PACKAGE_TARNAME}'
dvidir='${docdir}'
exec_prefix='${prefix}'
host='arm-unknown-linux-gnueabi'
host_alias=''
host_cpu='arm'
host_os='linux-gnueabi'
host_vendor='unknown'
htmldir='${docdir}'
includedir='${prefix}/include'
infodir='${datarootdir}/info'
install_sh='${SHELL} /home/tjw/tjKindle/LIB0/libffi-3.0.10/install-sh'
libdir='${exec_prefix}/lib'
libexecdir='${exec_prefix}/libexec'
localedir='${datarootdir}/locale'
localstatedir='${prefix}/var'
mandir='${datarootdir}/man'
mkdir_p='/scratchbox/tools/bin/mkdir -p'
oldincludedir='/usr/include'
pdfdir='${docdir}'
prefix='/usr/local'
program_transform_name='s,x,x,'
psdir='${docdir}'
sbindir='${exec_prefix}/sbin'
sharedstatedir='${prefix}/com'
sys_symbol_underscore=''
sysconfdir='${prefix}/etc'
target='arm-unknown-linux-gnueabi'
target_alias=''
target_cpu='arm'
target_os='linux-gnueabi'
target_vendor='unknown'
toolexecdir='$(libdir)/gcc-lib/$(target_alias)'
toolexeclibdir='$(libdir)'

## ----------- ##
## confdefs.h. ##
## ----------- ##

/* confdefs.h */
#define PACKAGE_NAME "libffi"
#define PACKAGE_TARNAME "libffi"
#define PACKAGE_VERSION "3.0.10"
#define PACKAGE_STRING "libffi 3.0.10"
#define PACKAGE_BUGREPORT "http://sourceware.org/libffi.html"
#define PACKAGE_URL ""
#define PACKAGE "libffi"
#define VERSION "3.0.10"
#define STDC_HEADERS 1
#define HAVE_SYS_TYPES_H 1
#define HAVE_SYS_STAT_H 1
#define HAVE_STDLIB_H 1
#define HAVE_STRING_H 1
#define HAVE_MEMORY_H 1
#define HAVE_STRINGS_H 1
#define HAVE_INTTYPES_H 1
#define HAVE_STDINT_H 1
#define HAVE_UNISTD_H 1
#define HAVE_DLFCN_H 1
#define LT_OBJDIR ".libs/"
#define HAVE_SYS_MMAN_H 1
#define HAVE_MMAP 1
#define HAVE_MMAP_FILE 1
#define HAVE_MMAP_DEV_ZERO 1
#define HAVE_MMAP_ANON 1
#define STDC_HEADERS 1
#define HAVE_MEMCPY 1
#define HAVE_ALLOCA_H 1
#define HAVE_ALLOCA 1
#define SIZEOF_DOUBLE 8
#define SIZEOF_LONG_DOUBLE 8
#define HAVE_AS_CFI_PSEUDO_OP 1
#define EH_FRAME_FLAGS "aw"
#define HAVE_HIDDEN_VISIBILITY_ATTRIBUTE 1

configure: exit 0

## ---------------- ##
## Cache variables. ##
## ---------------- ##

ac_cv_build=arm-unknown-linux-gnueabi
ac_cv_env_CCASFLAGS_set=
ac_cv_env_CCASFLAGS_value=
ac_cv_env_CCAS_set=
ac_cv_env_CCAS_value=
ac_cv_env_CPPFLAGS_set=
ac_cv_env_CPPFLAGS_value=
ac_cv_env_CPP_set=
ac_cv_env_CPP_value=
ac_cv_env_build_alias_set=
ac_cv_env_build_alias_value=
ac_cv_env_host_alias_set=
ac_cv_env_host_alias_value=
ac_cv_env_target_alias_set=
ac_cv_env_target_alias_value=
ac_cv_host=arm-unknown-linux-gnueabi
ac_cv_target=arm-unknown-linux-gnueabi

## ----------------- ##
## Output variables. ##
## ----------------- ##

ACLOCAL=''
ALLOCA=''
ALPHA_FALSE=''
ALPHA_TRUE=''
AMDEPBACKSLASH=''
AMDEP_FALSE=''
AMDEP_TRUE=''
AMTAR=''
AM_LTLDFLAGS=''
AM_RUNTESTFLAGS=''
AR=''
ARM_FALSE=''
ARM_TRUE=''
AUTOCONF=''
AUTOHEADER=''
AUTOMAKE=''
AVR32_FALSE=''
AVR32_TRUE=''
AWK=''
CC=''
CCAS=''
CCASDEPMODE=''
CCASFLAGS=''
CCDEPMODE=''
CFLAGS='-O2 -march=armv6j -mtune=arm1136jf-s -pipe -fomit-frame-pointer -fno-stack-protector'
CPP=''
CPPFLAGS=''
CYGPATH_W=''
DEFS=''
DEPDIR=''
DLLTOOL=''
DSYMUTIL=''
DUMPBIN=''
ECHO_C=''
ECHO_N='-n'
ECHO_T=''
EGREP=''
EXEEXT=''
FFI_DEBUG_FALSE=''
FFI_DEBUG_TRUE=''
FFI_EXEC_TRAMPOLINE_TABLE=''
FFI_EXEC_TRAMPOLINE_TABLE_FALSE=''
FFI_EXEC_TRAMPOLINE_TABLE_TRUE=''
FGREP=''
FRV_FALSE=''
FRV_TRUE=''
GREP=''
HAVE_LONG_DOUBLE=''
IA64_FALSE=''
IA64_TRUE=''
INSTALL_DATA=''
INSTALL_PROGRAM=''
INSTALL_SCRIPT=''
INSTALL_STRIP_PROGRAM=''
LD=''
LDFLAGS=''
LIBFFI_CRIS_FALSE=''
LIBFFI_CRIS_TRUE=''
LIBOBJS=''
LIBS=''
LIBTOOL='/targets/links/arch_tools/bin/libtool'
LIPO=''
LN_S=''
LTLIBOBJS=''
M32R_FALSE=''
M32R_TRUE=''
M68K_FALSE=''
M68K_TRUE=''
MAINT=''
MAINTAINER_MODE_FALSE=''
MAINTAINER_MODE_TRUE=''
MAKEINFO=''
MANIFEST_TOOL=''
MIPS_FALSE=''
MIPS_TRUE=''
MKDIR_P=''
MOXIE_FALSE=''
MOXIE_TRUE=''
NM=''
NMEDIT=''
OBJDUMP=''
OBJEXT=''
OTOOL64=''
OTOOL=''
PA64_HPUX_FALSE=''
PA64_HPUX_TRUE=''
PACKAGE=''
PACKAGE_BUGREPORT='http://sourceware.org/libffi.html'
PACKAGE_NAME='libffi'
PACKAGE_STRING='libffi 3.0.10'
PACKAGE_TARNAME='libffi'
PACKAGE_URL=''
PACKAGE_VERSION='3.0.10'
PATH_SEPARATOR=':'
PA_HPUX_FALSE=''
PA_HPUX_TRUE=''
PA_LINUX_FALSE=''
PA_LINUX_TRUE=''
POWERPC_AIX_FALSE=''
POWERPC_AIX_TRUE=''
POWERPC_DARWIN_FALSE=''
POWERPC_DARWIN_TRUE=''
POWERPC_FALSE=''
POWERPC_FREEBSD_FALSE=''
POWERPC_FREEBSD_TRUE=''
POWERPC_TRUE=''
PRTDIAG=''
RANLIB=''
S390_FALSE=''
S390_TRUE=''
SED=''
SET_MAKE=''
SH64_FALSE=''
SH64_TRUE=''
SHELL='/bin/sh'
SH_FALSE=''
SH_TRUE=''
SPARC_FALSE=''
SPARC_TRUE=''
STRIP=''
TARGET='LIB0/libffi-3.0.10/'
TARGETDIR=''
TESTSUBDIR_FALSE=''
TESTSUBDIR_TRUE=''
VERSION=''
X86_64_FALSE=''
X86_64_TRUE=''
X86_DARWIN_FALSE=''
X86_DARWIN_TRUE=''
X86_FALSE=''
X86_FREEBSD_FALSE=''
X86_FREEBSD_TRUE=''
X86_TRUE=''
X86_WIN32_FALSE=''
X86_WIN32_TRUE=''
X86_WIN64_FALSE=''
X86_WIN64_TRUE=''
ac_ct_AR=''
ac_ct_CC=''
ac_ct_DUMPBIN=''
am__EXEEXT_FALSE=''
am__EXEEXT_TRUE=''
am__fastdepCCAS_FALSE=''
am__fastdepCCAS_TRUE=''
am__fastdepCC_FALSE=''
am__fastdepCC_TRUE=''
am__include=''
am__isrc=''
am__leading_dot=''
am__quote=''
am__tar=''
am__untar=''
ax_enable_builddir_sed=''
bindir='${exec_prefix}/bin'
build='arm-unknown-linux-gnueabi'
build_alias=''
build_cpu='arm'
build_os='linux-gnueabi'
build_vendor='unknown'
datadir='${datarootdir}'
datarootdir='${prefix}/share'
docdir='${datarootdir}/doc/${PACKAGE_TARNAME}'
dvidir='${docdir}'
exec_prefix='NONE'
host='arm-unknown-linux-gnueabi'
host_alias=''
host_cpu='arm'
host_os='linux-gnueabi'
host_vendor='unknown'
htmldir='${docdir}'
includedir='${prefix}/include'
infodir='${datarootdir}/info'
install_sh=''
libdir='${exec_prefix}/lib'
libexecdir='${exec_prefix}/libexec'
localedir='${datarootdir}/locale'
localstatedir='${prefix}/var'
mandir='${datarootdir}/man'
mkdir_p=''
oldincludedir='/usr/include'
pdfdir='${docdir}'
prefix='/usr/local'
program_transform_name='s,x,x,'
psdir='${docdir}'
sbindir='${exec_prefix}/sbin'
sharedstatedir='${prefix}/com'
sys_symbol_underscore=''
sysconfdir='${prefix}/etc'
target='arm-unknown-linux-gnueabi'
target_alias=''
target_cpu='arm'
target_os='linux-gnueabi'
target_vendor='unknown'
toolexecdir=''
toolexeclibdir=''

configure: exit 0
