This file contains any messages produced by compilers while
running configure, to aid debugging if configure makes a mistake.

It was created by configure, which was
generated by GNU Autoconf 2.68.  Invocation command line was

  $ ./configure --disable-debug-support --disable-network --enable-fbdev --disable-video4linux --with-gfxdrivers=none

## --------- ##
## Platform. ##
## --------- ##

hostname = tjw-pc
uname -m = arm
uname -r = 2.6.38-11-generic
uname -s = Linux
uname -v = #48-Ubuntu SMP Fri Jul 29 19:02:55 UTC 2011

/usr/bin/uname -p = unknown
/bin/uname -X     = unknown

/bin/arch              = arm
/usr/bin/arch -k       = arm
/usr/convex/getsysinfo = unknown
/usr/bin/hostinfo      = unknown
/bin/machine           = unknown
/usr/bin/oslevel       = unknown
/bin/universe          = unknown

PATH: /home/tjw/kindle/tjKindle
PATH: /usr/local/bin
PATH: /usr/local/bin
PATH: /host_usr/bin
PATH: /scratchbox/devkits/svn/bin
PATH: /scratchbox/devkits/qemu/bin
PATH: /scratchbox/devkits/perl/bin
PATH: /scratchbox/devkits/git/bin
PATH: /scratchbox/devkits/doctools/bin
PATH: /scratchbox/tools/bin
PATH: /targets/links/arch_tools/bin
PATH: /scratchbox/compilers/bin
PATH: /bin
PATH: /usr/bin
PATH: /usr/local/bin
PATH: /usr/X11R6/bin
PATH: /sbin
PATH: /usr/sbin


## ----------- ##
## Core tests. ##
## ----------- ##

configure:2794: checking build system type
configure:2808: result: arm-unknown-linux-gnueabi
configure:2828: checking host system type
configure:2841: result: arm-unknown-linux-gnueabi
configure:2861: checking target system type
configure:2874: result: arm-unknown-linux-gnueabi
configure:2917: checking for a BSD-compatible install
configure:2985: result: /scratchbox/tools/bin/install -c
configure:2996: checking whether build environment is sane
configure:3046: result: yes
configure:3187: checking for a thread-safe mkdir -p
configure:3226: result: /scratchbox/tools/bin/mkdir -p
configure:3239: checking for gawk
configure:3255: found /scratchbox/tools/bin/gawk
configure:3266: result: gawk
configure:3277: checking whether make sets $(MAKE)
configure:3299: result: yes
configure:3375: checking whether to enable maintainer-specific portions of Makefiles
configure:3384: result: no
configure:3492: checking for gcc
configure:3508: found /scratchbox/compilers/bin/gcc
configure:3519: result: gcc
configure:3748: checking for C compiler version
configure:3757: gcc --version >&5
sbox-arm-none-linux-gnueabi-gcc (GCC) 4.2.1
Copyright (C) 2007 Free Software Foundation, Inc.
This is free software; see the source for copying conditions.  There is NO
warranty; not even for MERCHANTABILITY or FITNESS FOR A PARTICULAR PURPOSE.

configure:3768: $? = 0
configure:3757: gcc -v >&5
Using built-in specs.
Reading specs from /scratchbox/compilers/cs2007q3-glibc2.5-arm6/gcc.specs
rename spec cpp to old_cpp
rename spec cc1 to old_cc1
rename spec cc1plus to old_cc1plus
rename spec link to old_link
Target: arm-none-linux-gnueabi
Configured with: /home/jhakala/cs2007q3-sb4/arm/src/gcc-4.2/configure --build=i686-pc-linux-gnu --host=i686-pc-linux-gnu --target=arm-none-linux-gnueabi --enable-threads --disable-libmudflap --disable-libssp --disable-libgomp --disable-libstdcxx-pch --with-gnu-as --with-gnu-ld --enable-languages=c,c++ --enable-shared --enable-symvers=gnu --enable-__cxa_atexit --disable-nls --prefix=/opt/maemo --with-sysroot=/opt/maemo/arm-none-linux-gnueabi/libc --with-build-sysroot=/home/jhakala/cs2007q3-sb4/arm/install/arm-none-linux-gnueabi/libc --with-build-time-tools=/home/jhakala/cs2007q3-sb4/arm/install/arm-none-linux-gnueabi/bin
Thread model: posix
gcc version 4.2.1
configure:3768: $? = 0
configure:3757: gcc -V >&5
sbox-arm-none-linux-gnueabi-gcc: '-V' must come at the start of the command line
configure:3768: $? = 1
configure:3757: gcc -qversion >&5
sbox-arm-none-linux-gnueabi-gcc: unrecognized option '-qversion'
sbox-arm-none-linux-gnueabi-gcc: no input files
configure:3768: $? = 1
configure:3788: checking whether the C compiler works
configure:3810: gcc -O2 -march=armv6j -mtune=arm1136jf-s -pipe -fomit-frame-pointer -fno-stack-protector   conftest.c  >&5
configure:3814: $? = 0
configure:3862: result: yes
configure:3865: checking for C compiler default output file name
configure:3867: result: a.out
configure:3873: checking for suffix of executables
configure:3880: gcc -o conftest -O2 -march=armv6j -mtune=arm1136jf-s -pipe -fomit-frame-pointer -fno-stack-protector   conftest.c  >&5
configure:3884: $? = 0
configure:3906: result: 
configure:3928: checking whether we are cross compiling
configure:3936: gcc -o conftest -O2 -march=armv6j -mtune=arm1136jf-s -pipe -fomit-frame-pointer -fno-stack-protector   conftest.c  >&5
configure:3940: $? = 0
configure:3947: ./conftest
configure:3951: $? = 0
configure:3966: result: no
configure:3971: checking for suffix of object files
configure:3993: gcc -c -O2 -march=armv6j -mtune=arm1136jf-s -pipe -fomit-frame-pointer -fno-stack-protector  conftest.c >&5
configure:3997: $? = 0
configure:4018: result: o
configure:4022: checking whether we are using the GNU C compiler
configure:4041: gcc -c -O2 -march=armv6j -mtune=arm1136jf-s -pipe -fomit-frame-pointer -fno-stack-protector  conftest.c >&5
configure:4041: $? = 0
configure:4050: result: yes
configure:4059: checking whether gcc accepts -g
configure:4079: gcc -c -g  conftest.c >&5
configure:4079: $? = 0
configure:4120: result: yes
configure:4137: checking for gcc option to accept ISO C89
configure:4201: gcc  -c -O2 -march=armv6j -mtune=arm1136jf-s -pipe -fomit-frame-pointer -fno-stack-protector  conftest.c >&5
configure:4201: $? = 0
configure:4214: result: none needed
configure:4245: checking for style of include used by make
configure:4273: result: GNU
configure:4298: checking dependency style of gcc
configure:4408: result: gcc3
configure:4424: checking whether gcc and cc understand -c and -o together
configure:4455: gcc -c conftest.c -o conftest2.o >&5
configure:4459: $? = 0
configure:4465: gcc -c conftest.c -o conftest2.o >&5
configure:4469: $? = 0
configure:4480: cc -c conftest.c >&5
configure:4484: $? = 0
configure:4492: cc -c conftest.c -o conftest2.o >&5
configure:4496: $? = 0
configure:4502: cc -c conftest.c -o conftest2.o >&5
configure:4506: $? = 0
configure:4524: result: yes
configure:4558: checking dependency style of gcc
configure:4666: result: gcc3
configure:4727: checking how to print strings
configure:4754: result: printf
configure:4775: checking for a sed that does not truncate output
configure:4839: result: /scratchbox/tools/bin/sed
configure:4857: checking for grep that handles long lines and -e
configure:4915: result: /scratchbox/tools/bin/grep
configure:4920: checking for egrep
configure:4982: result: /scratchbox/tools/bin/grep -E
configure:4987: checking for fgrep
configure:5049: result: /scratchbox/tools/bin/grep -F
configure:5084: checking for ld used by gcc
configure:5151: result: /scratchbox/compilers/cs2007q3-glibc2.5-arm6/arm-none-linux-gnueabi/bin/ld
configure:5158: checking if the linker (/scratchbox/compilers/cs2007q3-glibc2.5-arm6/arm-none-linux-gnueabi/bin/ld) is GNU ld
configure:5173: result: yes
configure:5185: checking for BSD- or MS-compatible name lister (nm)
configure:5234: result: /scratchbox/compilers/bin/nm -B
configure:5364: checking the name lister (/scratchbox/compilers/bin/nm -B) interface
configure:5371: gcc -c -O2 -march=armv6j -mtune=arm1136jf-s -pipe -fomit-frame-pointer -fno-stack-protector  conftest.c >&5
configure:5374: /scratchbox/compilers/bin/nm -B "conftest.o"
configure:5377: output
00000000 B some_variable
configure:5384: result: BSD nm
configure:5387: checking whether ln -s works
configure:5391: result: yes
configure:5399: checking the maximum length of command line arguments
configure:5524: result: 98304
configure:5541: checking whether the shell understands some XSI constructs
configure:5551: result: yes
configure:5555: checking whether the shell understands "+="
configure:5561: result: no
configure:5596: checking how to convert arm-unknown-linux-gnueabi file names to arm-unknown-linux-gnueabi format
configure:5636: result: func_convert_file_noop
configure:5643: checking how to convert arm-unknown-linux-gnueabi file names to toolchain format
configure:5663: result: func_convert_file_noop
configure:5670: checking for /scratchbox/compilers/cs2007q3-glibc2.5-arm6/arm-none-linux-gnueabi/bin/ld option to reload object files
configure:5677: result: -r
configure:5751: checking for objdump
configure:5767: found /scratchbox/compilers/bin/objdump
configure:5778: result: objdump
configure:5810: checking how to recognize dependent libraries
configure:6012: result: pass_all
configure:6097: checking for dlltool
configure:6113: found /scratchbox/compilers/bin/dlltool
configure:6124: result: dlltool
configure:6157: checking how to associate runtime and link libraries
configure:6184: result: printf %s\n
configure:6245: checking for ar
configure:6261: found /scratchbox/compilers/bin/ar
configure:6272: result: ar
configure:6309: checking for archiver @FILE support
configure:6326: gcc -c -O2 -march=armv6j -mtune=arm1136jf-s -pipe -fomit-frame-pointer -fno-stack-protector  conftest.c >&5
configure:6326: $? = 0
configure:6329: ar cru libconftest.a @conftest.lst >&5
configure:6332: $? = 0
configure:6337: ar cru libconftest.a @conftest.lst >&5
/scratchbox/compilers/cs2007q3-glibc2.5-arm6/bin/sbox-arm-none-linux-gnueabi-ar: conftest.o: No such file or directory
configure:6340: $? = 1
configure:6352: result: @
configure:6410: checking for strip
configure:6426: found /scratchbox/compilers/bin/strip
configure:6437: result: strip
configure:6509: checking for ranlib
configure:6525: found /scratchbox/compilers/bin/ranlib
configure:6536: result: ranlib
configure:6638: checking command to parse /scratchbox/compilers/bin/nm -B output from gcc object
configure:6757: gcc -c -O2 -march=armv6j -mtune=arm1136jf-s -pipe -fomit-frame-pointer -fno-stack-protector  conftest.c >&5
configure:6760: $? = 0
configure:6764: /scratchbox/compilers/bin/nm -B conftest.o \| sed -n -e 's/^.*[ ]\([ABCDGIRSTW][ABCDGIRSTW]*\)[ ][ ]*\([_A-Za-z][_A-Za-z0-9]*\)$/\1 \2 \2/p' | sed '/ __gnu_lto/d' \> conftest.nm
configure:6767: $? = 0
configure:6833: gcc -o conftest -O2 -march=armv6j -mtune=arm1136jf-s -pipe -fomit-frame-pointer -fno-stack-protector   conftest.c conftstm.o >&5
configure:6836: $? = 0
configure:6874: result: ok
configure:6911: checking for sysroot
configure:6941: result: no
configure:7184: checking for mt
configure:7214: result: no
configure:7234: checking if : is a manifest tool
configure:7240: : '-?'
configure:7248: result: no
configure:7880: checking how to run the C preprocessor
configure:7911: gcc -E  conftest.c
configure:7911: $? = 0
configure:7925: gcc -E  conftest.c
conftest.c:10:28: error: ac_nonexistent.h: No such file or directory
configure:7925: $? = 1
configure: failed program was:
| /* confdefs.h */
| #define PACKAGE_NAME ""
| #define PACKAGE_TARNAME ""
| #define PACKAGE_VERSION ""
| #define PACKAGE_STRING ""
| #define PACKAGE_BUGREPORT ""
| #define PACKAGE_URL ""
| #define DIRECTFB_VERSION "1.2.0"
| /* end confdefs.h.  */
| #include <ac_nonexistent.h>
configure:7950: result: gcc -E
configure:7970: gcc -E  conftest.c
configure:7970: $? = 0
configure:7984: gcc -E  conftest.c
conftest.c:10:28: error: ac_nonexistent.h: No such file or directory
configure:7984: $? = 1
configure: failed program was:
| /* confdefs.h */
| #define PACKAGE_NAME ""
| #define PACKAGE_TARNAME ""
| #define PACKAGE_VERSION ""
| #define PACKAGE_STRING ""
| #define PACKAGE_BUGREPORT ""
| #define PACKAGE_URL ""
| #define DIRECTFB_VERSION "1.2.0"
| /* end confdefs.h.  */
| #include <ac_nonexistent.h>
configure:8013: checking for ANSI C header files
configure:8033: gcc -c -O2 -march=armv6j -mtune=arm1136jf-s -pipe -fomit-frame-pointer -fno-stack-protector  conftest.c >&5
configure:8033: $? = 0
configure:8106: gcc -o conftest -O2 -march=armv6j -mtune=arm1136jf-s -pipe -fomit-frame-pointer -fno-stack-protector   conftest.c  >&5
configure:8106: $? = 0
configure:8106: ./conftest
configure:8106: $? = 0
configure:8117: result: yes
configure:8130: checking for sys/types.h
configure:8130: gcc -c -O2 -march=armv6j -mtune=arm1136jf-s -pipe -fomit-frame-pointer -fno-stack-protector  conftest.c >&5
configure:8130: $? = 0
configure:8130: result: yes
configure:8130: checking for sys/stat.h
configure:8130: gcc -c -O2 -march=armv6j -mtune=arm1136jf-s -pipe -fomit-frame-pointer -fno-stack-protector  conftest.c >&5
configure:8130: $? = 0
configure:8130: result: yes
configure:8130: checking for stdlib.h
configure:8130: gcc -c -O2 -march=armv6j -mtune=arm1136jf-s -pipe -fomit-frame-pointer -fno-stack-protector  conftest.c >&5
configure:8130: $? = 0
configure:8130: result: yes
configure:8130: checking for string.h
configure:8130: gcc -c -O2 -march=armv6j -mtune=arm1136jf-s -pipe -fomit-frame-pointer -fno-stack-protector  conftest.c >&5
configure:8130: $? = 0
configure:8130: result: yes
configure:8130: checking for memory.h
configure:8130: gcc -c -O2 -march=armv6j -mtune=arm1136jf-s -pipe -fomit-frame-pointer -fno-stack-protector  conftest.c >&5
configure:8130: $? = 0
configure:8130: result: yes
configure:8130: checking for strings.h
configure:8130: gcc -c -O2 -march=armv6j -mtune=arm1136jf-s -pipe -fomit-frame-pointer -fno-stack-protector  conftest.c >&5
configure:8130: $? = 0
configure:8130: result: yes
configure:8130: checking for inttypes.h
configure:8130: gcc -c -O2 -march=armv6j -mtune=arm1136jf-s -pipe -fomit-frame-pointer -fno-stack-protector  conftest.c >&5
configure:8130: $? = 0
configure:8130: result: yes
configure:8130: checking for stdint.h
configure:8130: gcc -c -O2 -march=armv6j -mtune=arm1136jf-s -pipe -fomit-frame-pointer -fno-stack-protector  conftest.c >&5
configure:8130: $? = 0
configure:8130: result: yes
configure:8130: checking for unistd.h
configure:8130: gcc -c -O2 -march=armv6j -mtune=arm1136jf-s -pipe -fomit-frame-pointer -fno-stack-protector  conftest.c >&5
configure:8130: $? = 0
configure:8130: result: yes
configure:8144: checking for dlfcn.h
configure:8144: gcc -c -O2 -march=armv6j -mtune=arm1136jf-s -pipe -fomit-frame-pointer -fno-stack-protector  conftest.c >&5
configure:8144: $? = 0
configure:8144: result: yes
configure:8301: checking for objdir
configure:8316: result: .libs
configure:8583: checking if gcc supports -fno-rtti -fno-exceptions
configure:8601: gcc -c -O2 -march=armv6j -mtune=arm1136jf-s -pipe -fomit-frame-pointer -fno-stack-protector  -fno-rtti -fno-exceptions conftest.c >&5
cc1: warning: command line option "-fno-rtti" is valid for C++/ObjC++ but not for C
cc1: warning: command line option "-fno-rtti" is valid for C++/ObjC++ but not for C
configure:8605: $? = 0
configure:8618: result: no
configure:8928: checking for gcc option to produce PIC
configure:8935: result: -fPIC -DPIC
configure:8943: checking if gcc PIC flag -fPIC -DPIC works
configure:8961: gcc -c -O2 -march=armv6j -mtune=arm1136jf-s -pipe -fomit-frame-pointer -fno-stack-protector  -fPIC -DPIC -DPIC conftest.c >&5
configure:8965: $? = 0
configure:8978: result: yes
configure:9007: checking if gcc static flag -static works
configure:9035: result: yes
configure:9050: checking if gcc supports -c -o file.o
configure:9071: gcc -c -O2 -march=armv6j -mtune=arm1136jf-s -pipe -fomit-frame-pointer -fno-stack-protector  -o out/conftest2.o conftest.c >&5
configure:9075: $? = 0
configure:9097: result: yes
configure:9105: checking if gcc supports -c -o file.o
configure:9152: result: yes
configure:9185: checking whether the gcc linker (/scratchbox/compilers/cs2007q3-glibc2.5-arm6/arm-none-linux-gnueabi/bin/ld) supports shared libraries
configure:10343: result: yes
configure:10380: checking whether -lc should be explicitly linked in
configure:10388: gcc -c -O2 -march=armv6j -mtune=arm1136jf-s -pipe -fomit-frame-pointer -fno-stack-protector  conftest.c >&5
configure:10391: $? = 0
configure:10406: gcc -shared  -fPIC -DPIC conftest.o  -v -Wl,-soname -Wl,conftest -o conftest 2\>\&1 \| /scratchbox/tools/bin/grep  -lc  \>/dev/null 2\>\&1
configure:10409: $? = 0
configure:10423: result: no
configure:10588: checking dynamic linker characteristics
configure:11102: gcc -o conftest -O2 -march=armv6j -mtune=arm1136jf-s -pipe -fomit-frame-pointer -fno-stack-protector   -Wl,-rpath -Wl,/foo conftest.c  >&5
configure:11102: $? = 0
configure:11324: result: GNU/Linux ld.so
configure:11431: checking how to hardcode library paths into programs
configure:11456: result: immediate
configure:11996: checking whether stripping libraries is possible
configure:12001: result: yes
configure:12036: checking if libtool supports shared libraries
configure:12038: result: yes
configure:12041: checking whether to build shared libraries
configure:12062: result: yes
configure:12065: checking whether to build static libraries
configure:12069: result: no
configure:12104: checking whether build environment is sane
configure:12154: result: yes
configure:12157: checking for library containing strerror
configure:12188: gcc -o conftest -O2 -march=armv6j -mtune=arm1136jf-s -pipe -fomit-frame-pointer -fno-stack-protector   conftest.c  >&5
configure:12188: $? = 0
configure:12205: result: none required
configure:12214: checking whether make sets $(MAKE)
configure:12236: result: yes
configure:12245: checking for ANSI C header files
configure:12349: result: yes
configure:12357: checking whether byte ordering is bigendian
configure:12372: gcc -c -O2 -march=armv6j -mtune=arm1136jf-s -pipe -fomit-frame-pointer -fno-stack-protector  conftest.c >&5
conftest.c:24: error: expected '=', ',', ';', 'asm' or '__attribute__' before 'a'
configure:12372: $? = 1
configure: failed program was:
| /* confdefs.h */
| #define PACKAGE_NAME ""
| #define PACKAGE_TARNAME ""
| #define PACKAGE_VERSION ""
| #define PACKAGE_STRING ""
| #define PACKAGE_BUGREPORT ""
| #define PACKAGE_URL ""
| #define DIRECTFB_VERSION "1.2.0"
| #define STDC_HEADERS 1
| #define HAVE_SYS_TYPES_H 1
| #define HAVE_SYS_STAT_H 1
| #define HAVE_STDLIB_H 1
| #define HAVE_STRING_H 1
| #define HAVE_MEMORY_H 1
| #define HAVE_STRINGS_H 1
| #define HAVE_INTTYPES_H 1
| #define HAVE_STDINT_H 1
| #define HAVE_UNISTD_H 1
| #define HAVE_DLFCN_H 1
| #define LT_OBJDIR ".libs/"
| #define STDC_HEADERS 1
| /* end confdefs.h.  */
| #ifndef __APPLE_CC__
| 	       not a universal capable compiler
| 	     #endif
| 	     typedef int dummy;
| 
configure:12417: gcc -c -O2 -march=armv6j -mtune=arm1136jf-s -pipe -fomit-frame-pointer -fno-stack-protector  conftest.c >&5
configure:12417: $? = 0
configure:12435: gcc -c -O2 -march=armv6j -mtune=arm1136jf-s -pipe -fomit-frame-pointer -fno-stack-protector  conftest.c >&5
conftest.c: In function 'main':
conftest.c:30: error: 'not' undeclared (first use in this function)
conftest.c:30: error: (Each undeclared identifier is reported only once
conftest.c:30: error: for each function it appears in.)
conftest.c:30: error: expected ';' before 'big'
configure:12435: $? = 1
configure: failed program was:
| /* confdefs.h */
| #define PACKAGE_NAME ""
| #define PACKAGE_TARNAME ""
| #define PACKAGE_VERSION ""
| #define PACKAGE_STRING ""
| #define PACKAGE_BUGREPORT ""
| #define PACKAGE_URL ""
| #define DIRECTFB_VERSION "1.2.0"
| #define STDC_HEADERS 1
| #define HAVE_SYS_TYPES_H 1
| #define HAVE_SYS_STAT_H 1
| #define HAVE_STDLIB_H 1
| #define HAVE_STRING_H 1
| #define HAVE_MEMORY_H 1
| #define HAVE_STRINGS_H 1
| #define HAVE_INTTYPES_H 1
| #define HAVE_STDINT_H 1
| #define HAVE_UNISTD_H 1
| #define HAVE_DLFCN_H 1
| #define LT_OBJDIR ".libs/"
| #define STDC_HEADERS 1
| /* end confdefs.h.  */
| #include <sys/types.h>
| 		#include <sys/param.h>
| 
| int
| main ()
| {
| #if BYTE_ORDER != BIG_ENDIAN
| 		 not big endian
| 		#endif
| 
|   ;
|   return 0;
| }
configure:12563: result: no
configure:12586: checking size of int
configure:12591: gcc -o conftest -O2 -march=armv6j -mtune=arm1136jf-s -pipe -fomit-frame-pointer -fno-stack-protector   conftest.c  >&5
configure:12591: $? = 0
configure:12591: ./conftest
configure:12591: $? = 0
configure:12605: result: 4
configure:12619: checking size of long
configure:12624: gcc -o conftest -O2 -march=armv6j -mtune=arm1136jf-s -pipe -fomit-frame-pointer -fno-stack-protector   conftest.c  >&5
configure:12624: $? = 0
configure:12624: ./conftest
configure:12624: $? = 0
configure:12638: result: 4
configure:12652: checking size of long long
configure:12657: gcc -o conftest -O2 -march=armv6j -mtune=arm1136jf-s -pipe -fomit-frame-pointer -fno-stack-protector   conftest.c  >&5
configure:12657: $? = 0
configure:12657: ./conftest
configure:12657: $? = 0
configure:12671: result: 8
configure:12693: checking for perl5
configure:12726: result: no
configure:12693: checking for perl
configure:12711: found /scratchbox/tools/bin/perl
configure:12723: result: /scratchbox/tools/bin/perl
configure:12737: checking for man2html
configure:12768: result: no
configure:12796: checking Carbon/Carbon.h usability
configure:12796: gcc -c -O2 -march=armv6j -mtune=arm1136jf-s -pipe -fomit-frame-pointer -fno-stack-protector  conftest.c >&5
conftest.c:59:27: error: Carbon/Carbon.h: No such file or directory
configure:12796: $? = 1
configure: failed program was:
| /* confdefs.h */
| #define PACKAGE_NAME ""
| #define PACKAGE_TARNAME ""
| #define PACKAGE_VERSION ""
| #define PACKAGE_STRING ""
| #define PACKAGE_BUGREPORT ""
| #define PACKAGE_URL ""
| #define DIRECTFB_VERSION "1.2.0"
| #define STDC_HEADERS 1
| #define HAVE_SYS_TYPES_H 1
| #define HAVE_SYS_STAT_H 1
| #define HAVE_STDLIB_H 1
| #define HAVE_STRING_H 1
| #define HAVE_MEMORY_H 1
| #define HAVE_STRINGS_H 1
| #define HAVE_INTTYPES_H 1
| #define HAVE_STDINT_H 1
| #define HAVE_UNISTD_H 1
| #define HAVE_DLFCN_H 1
| #define LT_OBJDIR ".libs/"
| #define STDC_HEADERS 1
| #define SIZEOF_INT 4
| #define SIZEOF_LONG 4
| #define SIZEOF_LONG_LONG 8
| /* end confdefs.h.  */
| #include <stdio.h>
| #ifdef HAVE_SYS_TYPES_H
| # include <sys/types.h>
| #endif
| #ifdef HAVE_SYS_STAT_H
| # include <sys/stat.h>
| #endif
| #ifdef STDC_HEADERS
| # include <stdlib.h>
| # include <stddef.h>
| #else
| # ifdef HAVE_STDLIB_H
| #  include <stdlib.h>
| # endif
| #endif
| #ifdef HAVE_STRING_H
| # if !defined STDC_HEADERS && defined HAVE_MEMORY_H
| #  include <memory.h>
| # endif
| # include <string.h>
| #endif
| #ifdef HAVE_STRINGS_H
| # include <strings.h>
| #endif
| #ifdef HAVE_INTTYPES_H
| # include <inttypes.h>
| #endif
| #ifdef HAVE_STDINT_H
| # include <stdint.h>
| #endif
| #ifdef HAVE_UNISTD_H
| # include <unistd.h>
| #endif
| #include <Carbon/Carbon.h>
configure:12796: result: no
configure:12796: checking Carbon/Carbon.h presence
configure:12796: gcc -E  conftest.c
conftest.c:26:27: error: Carbon/Carbon.h: No such file or directory
configure:12796: $? = 1
configure: failed program was:
| /* confdefs.h */
| #define PACKAGE_NAME ""
| #define PACKAGE_TARNAME ""
| #define PACKAGE_VERSION ""
| #define PACKAGE_STRING ""
| #define PACKAGE_BUGREPORT ""
| #define PACKAGE_URL ""
| #define DIRECTFB_VERSION "1.2.0"
| #define STDC_HEADERS 1
| #define HAVE_SYS_TYPES_H 1
| #define HAVE_SYS_STAT_H 1
| #define HAVE_STDLIB_H 1
| #define HAVE_STRING_H 1
| #define HAVE_MEMORY_H 1
| #define HAVE_STRINGS_H 1
| #define HAVE_INTTYPES_H 1
| #define HAVE_STDINT_H 1
| #define HAVE_UNISTD_H 1
| #define HAVE_DLFCN_H 1
| #define LT_OBJDIR ".libs/"
| #define STDC_HEADERS 1
| #define SIZEOF_INT 4
| #define SIZEOF_LONG 4
| #define SIZEOF_LONG_LONG 8
| /* end confdefs.h.  */
| #include <Carbon/Carbon.h>
configure:12796: result: no
configure:12796: checking for Carbon/Carbon.h
configure:12796: result: no
configure:12807: WARNING:
*** no Carbon/Carbon.h found -- building without Mac OS X support.
configure:12835: checking X11/X.h usability
configure:12835: gcc -c -O2 -march=armv6j -mtune=arm1136jf-s -pipe -fomit-frame-pointer -fno-stack-protector -I/usr/X11R6/include  conftest.c >&5
conftest.c:59:19: error: X11/X.h: No such file or directory
configure:12835: $? = 1
configure: failed program was:
| /* confdefs.h */
| #define PACKAGE_NAME ""
| #define PACKAGE_TARNAME ""
| #define PACKAGE_VERSION ""
| #define PACKAGE_STRING ""
| #define PACKAGE_BUGREPORT ""
| #define PACKAGE_URL ""
| #define DIRECTFB_VERSION "1.2.0"
| #define STDC_HEADERS 1
| #define HAVE_SYS_TYPES_H 1
| #define HAVE_SYS_STAT_H 1
| #define HAVE_STDLIB_H 1
| #define HAVE_STRING_H 1
| #define HAVE_MEMORY_H 1
| #define HAVE_STRINGS_H 1
| #define HAVE_INTTYPES_H 1
| #define HAVE_STDINT_H 1
| #define HAVE_UNISTD_H 1
| #define HAVE_DLFCN_H 1
| #define LT_OBJDIR ".libs/"
| #define STDC_HEADERS 1
| #define SIZEOF_INT 4
| #define SIZEOF_LONG 4
| #define SIZEOF_LONG_LONG 8
| /* end confdefs.h.  */
| #include <stdio.h>
| #ifdef HAVE_SYS_TYPES_H
| # include <sys/types.h>
| #endif
| #ifdef HAVE_SYS_STAT_H
| # include <sys/stat.h>
| #endif
| #ifdef STDC_HEADERS
| # include <stdlib.h>
| # include <stddef.h>
| #else
| # ifdef HAVE_STDLIB_H
| #  include <stdlib.h>
| # endif
| #endif
| #ifdef HAVE_STRING_H
| # if !defined STDC_HEADERS && defined HAVE_MEMORY_H
| #  include <memory.h>
| # endif
| # include <string.h>
| #endif
| #ifdef HAVE_STRINGS_H
| # include <strings.h>
| #endif
| #ifdef HAVE_INTTYPES_H
| # include <inttypes.h>
| #endif
| #ifdef HAVE_STDINT_H
| # include <stdint.h>
| #endif
| #ifdef HAVE_UNISTD_H
| # include <unistd.h>
| #endif
| #include <X11/X.h>
configure:12835: result: no
configure:12835: checking X11/X.h presence
configure:12835: gcc -E  conftest.c
conftest.c:26:19: error: X11/X.h: No such file or directory
configure:12835: $? = 1
configure: failed program was:
| /* confdefs.h */
| #define PACKAGE_NAME ""
| #define PACKAGE_TARNAME ""
| #define PACKAGE_VERSION ""
| #define PACKAGE_STRING ""
| #define PACKAGE_BUGREPORT ""
| #define PACKAGE_URL ""
| #define DIRECTFB_VERSION "1.2.0"
| #define STDC_HEADERS 1
| #define HAVE_SYS_TYPES_H 1
| #define HAVE_SYS_STAT_H 1
| #define HAVE_STDLIB_H 1
| #define HAVE_STRING_H 1
| #define HAVE_MEMORY_H 1
| #define HAVE_STRINGS_H 1
| #define HAVE_INTTYPES_H 1
| #define HAVE_STDINT_H 1
| #define HAVE_UNISTD_H 1
| #define HAVE_DLFCN_H 1
| #define LT_OBJDIR ".libs/"
| #define STDC_HEADERS 1
| #define SIZEOF_INT 4
| #define SIZEOF_LONG 4
| #define SIZEOF_LONG_LONG 8
| /* end confdefs.h.  */
| #include <X11/X.h>
configure:12835: result: no
configure:12835: checking for X11/X.h
configure:12835: result: no
configure:12847: WARNING:
*** no X11/X.h found -- building without X11 support.
configure:12869: checking linux/compiler.h usability
configure:12869: gcc -c -O2 -march=armv6j -mtune=arm1136jf-s -pipe -fomit-frame-pointer -fno-stack-protector  conftest.c >&5
conftest.c:59:28: error: linux/compiler.h: No such file or directory
configure:12869: $? = 1
configure: failed program was:
| /* confdefs.h */
| #define PACKAGE_NAME ""
| #define PACKAGE_TARNAME ""
| #define PACKAGE_VERSION ""
| #define PACKAGE_STRING ""
| #define PACKAGE_BUGREPORT ""
| #define PACKAGE_URL ""
| #define DIRECTFB_VERSION "1.2.0"
| #define STDC_HEADERS 1
| #define HAVE_SYS_TYPES_H 1
| #define HAVE_SYS_STAT_H 1
| #define HAVE_STDLIB_H 1
| #define HAVE_STRING_H 1
| #define HAVE_MEMORY_H 1
| #define HAVE_STRINGS_H 1
| #define HAVE_INTTYPES_H 1
| #define HAVE_STDINT_H 1
| #define HAVE_UNISTD_H 1
| #define HAVE_DLFCN_H 1
| #define LT_OBJDIR ".libs/"
| #define STDC_HEADERS 1
| #define SIZEOF_INT 4
| #define SIZEOF_LONG 4
| #define SIZEOF_LONG_LONG 8
| /* end confdefs.h.  */
| #include <stdio.h>
| #ifdef HAVE_SYS_TYPES_H
| # include <sys/types.h>
| #endif
| #ifdef HAVE_SYS_STAT_H
| # include <sys/stat.h>
| #endif
| #ifdef STDC_HEADERS
| # include <stdlib.h>
| # include <stddef.h>
| #else
| # ifdef HAVE_STDLIB_H
| #  include <stdlib.h>
| # endif
| #endif
| #ifdef HAVE_STRING_H
| # if !defined STDC_HEADERS && defined HAVE_MEMORY_H
| #  include <memory.h>
| # endif
| # include <string.h>
| #endif
| #ifdef HAVE_STRINGS_H
| # include <strings.h>
| #endif
| #ifdef HAVE_INTTYPES_H
| # include <inttypes.h>
| #endif
| #ifdef HAVE_STDINT_H
| # include <stdint.h>
| #endif
| #ifdef HAVE_UNISTD_H
| # include <unistd.h>
| #endif
| #include <linux/compiler.h>
configure:12869: result: no
configure:12869: checking linux/compiler.h presence
configure:12869: gcc -E  conftest.c
conftest.c:26:28: error: linux/compiler.h: No such file or directory
configure:12869: $? = 1
configure: failed program was:
| /* confdefs.h */
| #define PACKAGE_NAME ""
| #define PACKAGE_TARNAME ""
| #define PACKAGE_VERSION ""
| #define PACKAGE_STRING ""
| #define PACKAGE_BUGREPORT ""
| #define PACKAGE_URL ""
| #define DIRECTFB_VERSION "1.2.0"
| #define STDC_HEADERS 1
| #define HAVE_SYS_TYPES_H 1
| #define HAVE_SYS_STAT_H 1
| #define HAVE_STDLIB_H 1
| #define HAVE_STRING_H 1
| #define HAVE_MEMORY_H 1
| #define HAVE_STRINGS_H 1
| #define HAVE_INTTYPES_H 1
| #define HAVE_STDINT_H 1
| #define HAVE_UNISTD_H 1
| #define HAVE_DLFCN_H 1
| #define LT_OBJDIR ".libs/"
| #define STDC_HEADERS 1
| #define SIZEOF_INT 4
| #define SIZEOF_LONG 4
| #define SIZEOF_LONG_LONG 8
| /* end confdefs.h.  */
| #include <linux/compiler.h>
configure:12869: result: no
configure:12869: checking for linux/compiler.h
configure:12869: result: no
configure:12869: checking linux/unistd.h usability
configure:12869: gcc -c -O2 -march=armv6j -mtune=arm1136jf-s -pipe -fomit-frame-pointer -fno-stack-protector  conftest.c >&5
configure:12869: $? = 0
configure:12869: result: yes
configure:12869: checking linux/unistd.h presence
configure:12869: gcc -E  conftest.c
configure:12869: $? = 0
configure:12869: result: yes
configure:12869: checking for linux/unistd.h
configure:12869: result: yes
configure:12869: checking asm/page.h usability
configure:12869: gcc -c -O2 -march=armv6j -mtune=arm1136jf-s -pipe -fomit-frame-pointer -fno-stack-protector  conftest.c >&5
configure:12869: $? = 0
configure:12869: result: yes
configure:12869: checking asm/page.h presence
configure:12869: gcc -E  conftest.c
configure:12869: $? = 0
configure:12869: result: yes
configure:12869: checking for asm/page.h
configure:12869: result: yes
configure:13089: checking for pthread_attr_init in -lpthread
configure:13114: gcc -o conftest -O3 -ffast-math -pipe -O2 -march=armv6j -mtune=arm1136jf-s -pipe -fomit-frame-pointer -fno-stack-protector   conftest.c -lpthread   >&5
configure:13114: $? = 0
configure:13123: result: yes
configure:13141: checking whether PTHREAD_MUTEX_RECURSIVE is declared
configure:13141: gcc -c -O3 -ffast-math -pipe -O2 -march=armv6j -mtune=arm1136jf-s -pipe -fomit-frame-pointer -fno-stack-protector  conftest.c >&5
configure:13141: $? = 0
configure:13141: result: yes
configure:13164: checking whether PTHREAD_RECURSIVE_MUTEX_INITIALIZER_NP is declared
configure:13164: gcc -c -O3 -ffast-math -pipe -O2 -march=armv6j -mtune=arm1136jf-s -pipe -fomit-frame-pointer -fno-stack-protector  conftest.c >&5
configure:13164: $? = 0
configure:13164: result: yes
configure:13196: checking for dlopen in -ldl
configure:13221: gcc -o conftest -O3 -ffast-math -pipe -O2 -march=armv6j -mtune=arm1136jf-s -pipe -fomit-frame-pointer -fno-stack-protector -D_REENTRANT   conftest.c -ldl  -lpthread  >&5
configure:13221: $? = 0
configure:13230: result: yes
configure:13430: checking stdbool.h usability
configure:13430: gcc -c -O3 -ffast-math -pipe -O2 -march=armv6j -mtune=arm1136jf-s -pipe -fomit-frame-pointer -fno-stack-protector -D_REENTRANT  conftest.c >&5
configure:13430: $? = 0
configure:13430: result: yes
configure:13430: checking stdbool.h presence
configure:13430: gcc -E -D_REENTRANT  conftest.c
configure:13430: $? = 0
configure:13430: result: yes
configure:13430: checking for stdbool.h
configure:13430: result: yes
configure:13774: checking for libvncserver-config
configure:13805: result: no
configure:13816: WARNING:
*** libvncserver-config not found -- building without VNC support. See http://libvncserver.sourceforge.net
configure:13851: checking for sysfs_get_mnt_path in -lsysfs
configure:13876: gcc -o conftest -O3 -ffast-math -pipe -O2 -march=armv6j -mtune=arm1136jf-s -pipe -fomit-frame-pointer -fno-stack-protector -D_REENTRANT   conftest.c -lsysfs  -ldl -lpthread  >&5
/scratchbox/compilers/cs2007q3-glibc2.5-arm6/bin/../lib/gcc/arm-none-linux-gnueabi/4.2.1/../../../../arm-none-linux-gnueabi/bin/ld: cannot find -lsysfs
collect2: ld returned 1 exit status
configure:13876: $? = 1
configure: failed program was:
| /* confdefs.h */
| #define PACKAGE_NAME ""
| #define PACKAGE_TARNAME ""
| #define PACKAGE_VERSION ""
| #define PACKAGE_STRING ""
| #define PACKAGE_BUGREPORT ""
| #define PACKAGE_URL ""
| #define DIRECTFB_VERSION "1.2.0"
| #define STDC_HEADERS 1
| #define HAVE_SYS_TYPES_H 1
| #define HAVE_SYS_STAT_H 1
| #define HAVE_STDLIB_H 1
| #define HAVE_STRING_H 1
| #define HAVE_MEMORY_H 1
| #define HAVE_STRINGS_H 1
| #define HAVE_INTTYPES_H 1
| #define HAVE_STDINT_H 1
| #define HAVE_UNISTD_H 1
| #define HAVE_DLFCN_H 1
| #define LT_OBJDIR ".libs/"
| #define STDC_HEADERS 1
| #define SIZEOF_INT 4
| #define SIZEOF_LONG 4
| #define SIZEOF_LONG_LONG 8
| #define HAVE_LINUX_UNISTD_H 1
| #define HAVE_ASM_PAGE_H 1
| #define HAVE_LIBPTHREAD 1
| #define HAVE_DECL_PTHREAD_MUTEX_RECURSIVE 1
| #define HAVE_DECL_PTHREAD_RECURSIVE_MUTEX_INITIALIZER_NP 1
| #define HAVE_LIBDL 1
| #define LINUX_INPUT_USE_FBDEV 1
| /* end confdefs.h.  */
| 
| /* Override any GCC internal prototype to avoid an error.
|    Use char because int might match the return type of a GCC
|    builtin and then its argument prototype would still apply.  */
| #ifdef __cplusplus
| extern "C"
| #endif
| char sysfs_get_mnt_path ();
| int
| main ()
| {
| return sysfs_get_mnt_path ();
|   ;
|   return 0;
| }
configure:13885: result: no
configure:13907: WARNING:  *** libsysfs not found -- Building without sysfs support.
configure:13929: checking for jpeg_destroy_decompress in -ljpeg
configure:13954: gcc -o conftest -O3 -ffast-math -pipe -O2 -march=armv6j -mtune=arm1136jf-s -pipe -fomit-frame-pointer -fno-stack-protector -D_REENTRANT   conftest.c -ljpeg  -ldl -lpthread  >&5
configure:13954: $? = 0
configure:13963: result: yes
configure:13972: checking jpeglib.h usability
configure:13972: gcc -c -O3 -ffast-math -pipe -O2 -march=armv6j -mtune=arm1136jf-s -pipe -fomit-frame-pointer -fno-stack-protector -D_REENTRANT  conftest.c >&5
configure:13972: $? = 0
configure:13972: result: yes
configure:13972: checking jpeglib.h presence
configure:13972: gcc -E -D_REENTRANT  conftest.c
configure:13972: $? = 0
configure:13972: result: yes
configure:13972: checking for jpeglib.h
configure:13972: result: yes
configure:14102: checking for gzsetparams in -lz
configure:14127: gcc -o conftest -O3 -ffast-math -pipe -O2 -march=armv6j -mtune=arm1136jf-s -pipe -fomit-frame-pointer -fno-stack-protector -D_REENTRANT   conftest.c -lz  -ldl -lpthread  >&5
configure:14127: $? = 0
configure:14136: result: yes
configure:14140: checking zlib.h usability
configure:14140: gcc -c -O3 -ffast-math -pipe -O2 -march=armv6j -mtune=arm1136jf-s -pipe -fomit-frame-pointer -fno-stack-protector -D_REENTRANT  conftest.c >&5
configure:14140: $? = 0
configure:14140: result: yes
configure:14140: checking zlib.h presence
configure:14140: gcc -E -D_REENTRANT  conftest.c
configure:14140: $? = 0
configure:14140: result: yes
configure:14140: checking for zlib.h
configure:14140: result: yes
configure:14163: checking for libpng-config
configure:14181: found /usr/local/bin/libpng-config
configure:14194: result: /usr/local/bin/libpng-config
configure:14369: checking for freetype-config
configure:14387: found /usr/local/bin/freetype-config
configure:14400: result: /usr/local/bin/freetype-config
configure:14505: checking which gfxdrivers should be built
configure:14718: checking which inputdrivers should be built
configure:14748: result: all
configure:14823: checking dbox/fp.h usability
configure:14823: gcc -c -O3 -ffast-math -pipe -O2 -march=armv6j -mtune=arm1136jf-s -pipe -fomit-frame-pointer -fno-stack-protector -D_REENTRANT  conftest.c >&5
conftest.c:66:21: error: dbox/fp.h: No such file or directory
configure:14823: $? = 1
configure: failed program was:
| /* confdefs.h */
| #define PACKAGE_NAME ""
| #define PACKAGE_TARNAME ""
| #define PACKAGE_VERSION ""
| #define PACKAGE_STRING ""
| #define PACKAGE_BUGREPORT ""
| #define PACKAGE_URL ""
| #define DIRECTFB_VERSION "1.2.0"
| #define STDC_HEADERS 1
| #define HAVE_SYS_TYPES_H 1
| #define HAVE_SYS_STAT_H 1
| #define HAVE_STDLIB_H 1
| #define HAVE_STRING_H 1
| #define HAVE_MEMORY_H 1
| #define HAVE_STRINGS_H 1
| #define HAVE_INTTYPES_H 1
| #define HAVE_STDINT_H 1
| #define HAVE_UNISTD_H 1
| #define HAVE_DLFCN_H 1
| #define LT_OBJDIR ".libs/"
| #define STDC_HEADERS 1
| #define SIZEOF_INT 4
| #define SIZEOF_LONG 4
| #define SIZEOF_LONG_LONG 8
| #define HAVE_LINUX_UNISTD_H 1
| #define HAVE_ASM_PAGE_H 1
| #define HAVE_LIBPTHREAD 1
| #define HAVE_DECL_PTHREAD_MUTEX_RECURSIVE 1
| #define HAVE_DECL_PTHREAD_RECURSIVE_MUTEX_INITIALIZER_NP 1
| #define HAVE_LIBDL 1
| #define LINUX_INPUT_USE_FBDEV 1
| /* end confdefs.h.  */
| #include <stdio.h>
| #ifdef HAVE_SYS_TYPES_H
| # include <sys/types.h>
| #endif
| #ifdef HAVE_SYS_STAT_H
| # include <sys/stat.h>
| #endif
| #ifdef STDC_HEADERS
| # include <stdlib.h>
| # include <stddef.h>
| #else
| # ifdef HAVE_STDLIB_H
| #  include <stdlib.h>
| # endif
| #endif
| #ifdef HAVE_STRING_H
| # if !defined STDC_HEADERS && defined HAVE_MEMORY_H
| #  include <memory.h>
| # endif
| # include <string.h>
| #endif
| #ifdef HAVE_STRINGS_H
| # include <strings.h>
| #endif
| #ifdef HAVE_INTTYPES_H
| # include <inttypes.h>
| #endif
| #ifdef HAVE_STDINT_H
| # include <stdint.h>
| #endif
| #ifdef HAVE_UNISTD_H
| # include <unistd.h>
| #endif
| #include <dbox/fp.h>
configure:14823: result: no
configure:14823: checking dbox/fp.h presence
configure:14823: gcc -E -D_REENTRANT  conftest.c
conftest.c:33:21: error: dbox/fp.h: No such file or directory
configure:14823: $? = 1
configure: failed program was:
| /* confdefs.h */
| #define PACKAGE_NAME ""
| #define PACKAGE_TARNAME ""
| #define PACKAGE_VERSION ""
| #define PACKAGE_STRING ""
| #define PACKAGE_BUGREPORT ""
| #define PACKAGE_URL ""
| #define DIRECTFB_VERSION "1.2.0"
| #define STDC_HEADERS 1
| #define HAVE_SYS_TYPES_H 1
| #define HAVE_SYS_STAT_H 1
| #define HAVE_STDLIB_H 1
| #define HAVE_STRING_H 1
| #define HAVE_MEMORY_H 1
| #define HAVE_STRINGS_H 1
| #define HAVE_INTTYPES_H 1
| #define HAVE_STDINT_H 1
| #define HAVE_UNISTD_H 1
| #define HAVE_DLFCN_H 1
| #define LT_OBJDIR ".libs/"
| #define STDC_HEADERS 1
| #define SIZEOF_INT 4
| #define SIZEOF_LONG 4
| #define SIZEOF_LONG_LONG 8
| #define HAVE_LINUX_UNISTD_H 1
| #define HAVE_ASM_PAGE_H 1
| #define HAVE_LIBPTHREAD 1
| #define HAVE_DECL_PTHREAD_MUTEX_RECURSIVE 1
| #define HAVE_DECL_PTHREAD_RECURSIVE_MUTEX_INITIALIZER_NP 1
| #define HAVE_LIBDL 1
| #define LINUX_INPUT_USE_FBDEV 1
| /* end confdefs.h.  */
| #include <dbox/fp.h>
configure:14823: result: no
configure:14823: checking for dbox/fp.h
configure:14823: result: no
configure:14828: WARNING: *** DBox2 Remote input driver will not be built.
configure:14837: checking for dbox/fp.h
configure:14837: result: no
configure:14842: WARNING: *** DreamBox Remote input driver will not be built.
configure:14866: checking linux/h3600_ts.h usability
configure:14866: gcc -c -O3 -ffast-math -pipe -O2 -march=armv6j -mtune=arm1136jf-s -pipe -fomit-frame-pointer -fno-stack-protector -D_REENTRANT  conftest.c >&5
conftest.c:66:28: error: linux/h3600_ts.h: No such file or directory
configure:14866: $? = 1
configure: failed program was:
| /* confdefs.h */
| #define PACKAGE_NAME ""
| #define PACKAGE_TARNAME ""
| #define PACKAGE_VERSION ""
| #define PACKAGE_STRING ""
| #define PACKAGE_BUGREPORT ""
| #define PACKAGE_URL ""
| #define DIRECTFB_VERSION "1.2.0"
| #define STDC_HEADERS 1
| #define HAVE_SYS_TYPES_H 1
| #define HAVE_SYS_STAT_H 1
| #define HAVE_STDLIB_H 1
| #define HAVE_STRING_H 1
| #define HAVE_MEMORY_H 1
| #define HAVE_STRINGS_H 1
| #define HAVE_INTTYPES_H 1
| #define HAVE_STDINT_H 1
| #define HAVE_UNISTD_H 1
| #define HAVE_DLFCN_H 1
| #define LT_OBJDIR ".libs/"
| #define STDC_HEADERS 1
| #define SIZEOF_INT 4
| #define SIZEOF_LONG 4
| #define SIZEOF_LONG_LONG 8
| #define HAVE_LINUX_UNISTD_H 1
| #define HAVE_ASM_PAGE_H 1
| #define HAVE_LIBPTHREAD 1
| #define HAVE_DECL_PTHREAD_MUTEX_RECURSIVE 1
| #define HAVE_DECL_PTHREAD_RECURSIVE_MUTEX_INITIALIZER_NP 1
| #define HAVE_LIBDL 1
| #define LINUX_INPUT_USE_FBDEV 1
| /* end confdefs.h.  */
| #include <stdio.h>
| #ifdef HAVE_SYS_TYPES_H
| # include <sys/types.h>
| #endif
| #ifdef HAVE_SYS_STAT_H
| # include <sys/stat.h>
| #endif
| #ifdef STDC_HEADERS
| # include <stdlib.h>
| # include <stddef.h>
| #else
| # ifdef HAVE_STDLIB_H
| #  include <stdlib.h>
| # endif
| #endif
| #ifdef HAVE_STRING_H
| # if !defined STDC_HEADERS && defined HAVE_MEMORY_H
| #  include <memory.h>
| # endif
| # include <string.h>
| #endif
| #ifdef HAVE_STRINGS_H
| # include <strings.h>
| #endif
| #ifdef HAVE_INTTYPES_H
| # include <inttypes.h>
| #endif
| #ifdef HAVE_STDINT_H
| # include <stdint.h>
| #endif
| #ifdef HAVE_UNISTD_H
| # include <unistd.h>
| #endif
| #include <linux/h3600_ts.h>
configure:14866: result: no
configure:14866: checking linux/h3600_ts.h presence
configure:14866: gcc -E -D_REENTRANT  conftest.c
conftest.c:33:28: error: linux/h3600_ts.h: No such file or directory
configure:14866: $? = 1
configure: failed program was:
| /* confdefs.h */
| #define PACKAGE_NAME ""
| #define PACKAGE_TARNAME ""
| #define PACKAGE_VERSION ""
| #define PACKAGE_STRING ""
| #define PACKAGE_BUGREPORT ""
| #define PACKAGE_URL ""
| #define DIRECTFB_VERSION "1.2.0"
| #define STDC_HEADERS 1
| #define HAVE_SYS_TYPES_H 1
| #define HAVE_SYS_STAT_H 1
| #define HAVE_STDLIB_H 1
| #define HAVE_STRING_H 1
| #define HAVE_MEMORY_H 1
| #define HAVE_STRINGS_H 1
| #define HAVE_INTTYPES_H 1
| #define HAVE_STDINT_H 1
| #define HAVE_UNISTD_H 1
| #define HAVE_DLFCN_H 1
| #define LT_OBJDIR ".libs/"
| #define STDC_HEADERS 1
| #define SIZEOF_INT 4
| #define SIZEOF_LONG 4
| #define SIZEOF_LONG_LONG 8
| #define HAVE_LINUX_UNISTD_H 1
| #define HAVE_ASM_PAGE_H 1
| #define HAVE_LIBPTHREAD 1
| #define HAVE_DECL_PTHREAD_MUTEX_RECURSIVE 1
| #define HAVE_DECL_PTHREAD_RECURSIVE_MUTEX_INITIALIZER_NP 1
| #define HAVE_LIBDL 1
| #define LINUX_INPUT_USE_FBDEV 1
| /* end confdefs.h.  */
| #include <linux/h3600_ts.h>
configure:14866: result: no
configure:14866: checking for linux/h3600_ts.h
configure:14866: result: no
configure:14871: WARNING: *** H3600 Touchscreen driver will not be built.
configure:14881: checking linux/joystick.h usability
configure:14881: gcc -c -O3 -ffast-math -pipe -O2 -march=armv6j -mtune=arm1136jf-s -pipe -fomit-frame-pointer -fno-stack-protector -D_REENTRANT  conftest.c >&5
configure:14881: $? = 0
configure:14881: result: yes
configure:14881: checking linux/joystick.h presence
configure:14881: gcc -E -D_REENTRANT  conftest.c
configure:14881: $? = 0
configure:14881: result: yes
configure:14881: checking for linux/joystick.h
configure:14881: result: yes
configure:14900: checking linux/input.h usability
configure:14900: gcc -c -O3 -ffast-math -pipe -O2 -march=armv6j -mtune=arm1136jf-s -pipe -fomit-frame-pointer -fno-stack-protector -D_REENTRANT  conftest.c >&5
configure:14900: $? = 0
configure:14900: result: yes
configure:14900: checking linux/input.h presence
configure:14900: gcc -E -D_REENTRANT  conftest.c
configure:14900: $? = 0
configure:14900: result: yes
configure:14900: checking for linux/input.h
configure:14900: result: yes
configure:14912: checking for struct input_absinfo in linux/input.h
configure:14925: gcc -c -O3 -ffast-math -pipe -O2 -march=armv6j -mtune=arm1136jf-s -pipe -fomit-frame-pointer -fno-stack-protector -D_REENTRANT  conftest.c >&5
configure:14925: $? = 0
configure:14929: result: yes
configure:14961: checking linux/serial.h usability
configure:14961: gcc -c -O3 -ffast-math -pipe -O2 -march=armv6j -mtune=arm1136jf-s -pipe -fomit-frame-pointer -fno-stack-protector -D_REENTRANT  conftest.c >&5
configure:14961: $? = 0
configure:14961: result: yes
configure:14961: checking linux/serial.h presence
configure:14961: gcc -E -D_REENTRANT  conftest.c
configure:14961: $? = 0
configure:14961: result: yes
configure:14961: checking for linux/serial.h
configure:14961: result: yes
configure:14975: checking linux/sonypi.h usability
configure:14975: gcc -c -O3 -ffast-math -pipe -O2 -march=armv6j -mtune=arm1136jf-s -pipe -fomit-frame-pointer -fno-stack-protector -D_REENTRANT  conftest.c >&5
configure:14975: $? = 0
configure:14975: result: yes
configure:14975: checking linux/sonypi.h presence
configure:14975: gcc -E -D_REENTRANT  conftest.c
configure:14975: $? = 0
configure:14975: result: yes
configure:14975: checking for linux/sonypi.h
configure:14975: result: yes
configure:15042: checking for pkg-config
configure:15060: found /usr/local/bin/pkg-config
configure:15072: result: /usr/local/bin/pkg-config
configure:15097: checking pkg-config is at least version 0.9.0
configure:15100: result: yes
configure:15110: checking for TSLIB
configure:15117: $PKG_CONFIG --exists --print-errors "tslib-0.0 >= 0.0.2"
Package tslib-0.0 was not found in the pkg-config search path.
Perhaps you should add the directory containing `tslib-0.0.pc'
to the PKG_CONFIG_PATH environment variable
No package 'tslib-0.0' found
configure:15120: $? = 1
configure:15133: $PKG_CONFIG --exists --print-errors "tslib-0.0 >= 0.0.2"
Package tslib-0.0 was not found in the pkg-config search path.
Perhaps you should add the directory containing `tslib-0.0.pc'
to the PKG_CONFIG_PATH environment variable
No package 'tslib-0.0' found
configure:15136: $? = 1
configure:15149: result: no
No package 'tslib-0.0' found
configure:15166: WARNING: *** no tslib -- tslib driver will not be built.
configure:16171: creating ./config.status

## ---------------------- ##
## Running config.status. ##
## ---------------------- ##

This file was extended by config.status, which was
generated by GNU Autoconf 2.68.  Invocation command line was

  CONFIG_FILES    = 
  CONFIG_HEADERS  = 
  CONFIG_LINKS    = 
  CONFIG_COMMANDS = 
  $ ./config.status 

on tjw-pc

config.status:1409: creating directfb-config
config.status:1409: creating directfb.pc
config.status:1409: creating directfb-internal.pc
config.status:1409: creating directfb.spec
config.status:1409: creating Makefile
config.status:1409: creating include/Makefile
config.status:1409: creating include/directfb_version.h
config.status:1409: creating lib/Makefile
config.status:1409: creating lib/direct/Makefile
config.status:1409: creating lib/direct/build.h
config.status:1409: creating lib/direct/direct.pc
config.status:1409: creating lib/fusion/Makefile
config.status:1409: creating lib/fusion/build.h
config.status:1409: creating lib/fusion/fusion.pc
config.status:1409: creating lib/fusion/shm/Makefile
config.status:1409: creating lib/voodoo/Makefile
config.status:1409: creating lib/voodoo/build.h
config.status:1409: creating lib/voodoo/voodoo.pc
config.status:1409: creating patches/Makefile
config.status:1409: creating proxy/Makefile
config.status:1409: creating proxy/dispatcher/Makefile
config.status:1409: creating proxy/requestor/Makefile
config.status:1409: creating rules/Makefile
config.status:1409: creating src/Makefile
config.status:1409: creating src/core/Makefile
config.status:1409: creating src/display/Makefile
config.status:1409: creating src/gfx/Makefile
config.status:1409: creating src/gfx/generic/Makefile
config.status:1409: creating src/input/Makefile
config.status:1409: creating src/media/Makefile
config.status:1409: creating src/misc/Makefile
config.status:1409: creating src/windows/Makefile
config.status:1409: creating systems/Makefile
config.status:1409: creating systems/devmem/Makefile
config.status:1409: creating systems/fbdev/Makefile
config.status:1409: creating systems/x11/Makefile
config.status:1409: creating systems/osx/Makefile
config.status:1409: creating systems/sdl/Makefile
config.status:1409: creating systems/vnc/Makefile
config.status:1409: creating wm/Makefile
config.status:1409: creating wm/default/Makefile
config.status:1409: creating wm/unique/Makefile
config.status:1409: creating wm/unique/classes/Makefile
config.status:1409: creating wm/unique/data/Makefile
config.status:1409: creating wm/unique/devices/Makefile
config.status:1409: creating gfxdrivers/Makefile
config.status:1409: creating gfxdrivers/ati128/Makefile
config.status:1409: creating gfxdrivers/cle266/Makefile
config.status:1409: creating gfxdrivers/cyber5k/Makefile
config.status:1409: creating gfxdrivers/davinci/Makefile
config.status:1409: creating gfxdrivers/ep9x/Makefile
config.status:1409: creating gfxdrivers/i810/Makefile
config.status:1409: creating gfxdrivers/i830/Makefile
config.status:1409: creating gfxdrivers/mach64/Makefile
config.status:1409: creating gfxdrivers/matrox/Makefile
config.status:1409: creating gfxdrivers/neomagic/Makefile
config.status:1409: creating gfxdrivers/nsc/Makefile
config.status:1409: creating gfxdrivers/nsc/include/Makefile
config.status:1409: creating gfxdrivers/nvidia/Makefile
config.status:1409: creating gfxdrivers/omap/Makefile
config.status:1409: creating gfxdrivers/radeon/Makefile
config.status:1409: creating gfxdrivers/savage/Makefile
config.status:1409: creating gfxdrivers/sh7722/Makefile
config.status:1409: creating gfxdrivers/sis315/Makefile
config.status:1409: creating gfxdrivers/tdfx/Makefile
config.status:1409: creating gfxdrivers/unichrome/Makefile
config.status:1409: creating gfxdrivers/vmware/Makefile
config.status:1409: creating inputdrivers/Makefile
config.status:1409: creating inputdrivers/dbox2remote/Makefile
config.status:1409: creating inputdrivers/dreamboxremote/Makefile
config.status:1409: creating inputdrivers/dynapro/Makefile
config.status:1409: creating inputdrivers/elo/Makefile
config.status:1409: creating inputdrivers/gunze/Makefile
config.status:1409: creating inputdrivers/h3600_ts/Makefile
config.status:1409: creating inputdrivers/joystick/Makefile
config.status:1409: creating inputdrivers/keyboard/Makefile
config.status:1409: creating inputdrivers/linux_input/Makefile
config.status:1409: creating inputdrivers/lirc/Makefile
config.status:1409: creating inputdrivers/mutouch/Makefile
config.status:1409: creating inputdrivers/penmount/Makefile
config.status:1409: creating inputdrivers/ps2mouse/Makefile
config.status:1409: creating inputdrivers/serialmouse/Makefile
config.status:1409: creating inputdrivers/sonypi/Makefile
config.status:1409: creating inputdrivers/tslib/Makefile
config.status:1409: creating inputdrivers/ucb1x00_ts/Makefile
config.status:1409: creating inputdrivers/wm97xx_ts/Makefile
config.status:1409: creating interfaces/Makefile
config.status:1409: creating interfaces/IDirectFBFont/Makefile
config.status:1409: creating interfaces/IDirectFBImageProvider/Makefile
config.status:1409: creating interfaces/IDirectFBVideoProvider/Makefile
config.status:1409: creating data/Makefile
config.status:1409: creating tests/Makefile
config.status:1409: creating tools/Makefile
config.status:1409: creating docs/Makefile
config.status:1409: creating docs/dfbg.1
config.status:1409: creating docs/directfb-csource.1
config.status:1409: creating docs/directfbrc.5
config.status:1409: creating docs/html/Makefile
config.status:1409: creating config.h
config.status:1590: config.h is unchanged
config.status:1638: executing depfiles commands
config.status:1638: executing libtool commands
config.status:1638: executing default commands
configure:18572: result:
Build options:
  Version                   1.2.0
  Linux powered             yes
  Install prefix            /usr/local
  Config files in           /usr/local/etc
  Build shared libs         yes
  Build static libs         no
  Module directory          ${exec_prefix}/lib/directfb-1.2-0-pure
  CPPFLAGS                  -D_REENTRANT 
  CFLAGS                    -O3 -ffast-math -pipe -O2 -march=armv6j -mtune=arm1136jf-s -pipe -fomit-frame-pointer -fno-stack-protector -D_GNU_SOURCE  -Werror-implicit-function-declaration
  LDFLAGS                   
  LIBS                      -ldl -lpthread 
  DYNLIB                    -ldl
  THREADFLAGS               -D_REENTRANT
  THREADLIBS                

Misc options:
  Multi Application Core    no
  Fusion Kernel Device      N/A
  Fusion message size       1024
  Voodoo (network support)  no
  Debug supported           no
  Debug enabled             no
  Trace support             no
  MMX support               no
  SSE support               no
  Network support           no
  Include all strings       yes
  Software Rendering        yes
  Smooth SW Scaling         no
  zlib compression          no                 -lz
  sysfs support             no                 

Building Tests              no
Building Tools              yes

Building System Modules:
  Linux FBDev support       yes
  Generic /dev/mem support  yes
  X11 support               no                     
  OSX support               no                     
  SDL support               no                     
  VNC support               no                     

Building Window Manager Modules:
  Default                   yes
  UniQuE                    no

Building Image Provider Modules:
  GIF                       yes
  JPEG                      yes                 -ljpeg
  PNG                       yes                 -lpng14

Building Video Provider Modules:
  GIF                       yes
  Video4Linux               no (v2: no)

Building Font Modules:
  FreeType2                 yes                 -I/usr/local/include/freetype2 -I/usr/local/include    -L/usr/local/lib -lfreetype -lz -lbz2
  Default font              yes
configure:18676: result:
Building Graphics Drivers:
  3Dfx Voodoo               no
  ATI Mach64                no
  ATI Rage 128              no
  ATI Radeon                no
  Cirrus EP9X               no
  Intel i810                no
  Intel i830                no
  Matrox                    no
  NeoMagic                  no
  NSC Geode                 no
  nVidia                    no
  Renesas SH7722            no
  S3 Savage                 no
  SiS 315                   no
  TI Davinci                no
  TI OMAP                   no
  TVIA CyberPro             no
  VIA CLE266                no
  VIA UniChrome             no
  VMWare                    no

Building Input Drivers:
  DBox2 Remote              no
  DreamBox Remote           no
  Dynapro Touchscreen       no
  ELO Touchscreen           no
  Gunze Touchscreen         no
  H3600 Touchscreen         no
  Joystick                  yes
  Keyboard                  yes
  Linux Input               yes
  LiRC                      yes
  MuTouch touchscreen       yes
  PS/2 Mouse                yes
  Serial Mouse              yes
  SonyPI Jogdial            yes
  tslib                     no                      
  ucb1x00 Touchscreen       yes
  WM97xx Touchscreen        yes
configure:18721: result:    


## ---------------- ##
## Cache variables. ##
## ---------------- ##

ac_cv_build=arm-unknown-linux-gnueabi
ac_cv_c_bigendian=no
ac_cv_c_compiler_gnu=yes
ac_cv_env_CCASFLAGS_set=
ac_cv_env_CCASFLAGS_value=
ac_cv_env_CCAS_set=
ac_cv_env_CCAS_value=
ac_cv_env_CC_set=
ac_cv_env_CC_value=
ac_cv_env_CFLAGS_set=set
ac_cv_env_CFLAGS_value='-O2 -march=armv6j -mtune=arm1136jf-s -pipe -fomit-frame-pointer -fno-stack-protector'
ac_cv_env_CPPFLAGS_set=
ac_cv_env_CPPFLAGS_value=
ac_cv_env_CPP_set=
ac_cv_env_CPP_value=
ac_cv_env_LDFLAGS_set=
ac_cv_env_LDFLAGS_value=
ac_cv_env_LIBS_set=
ac_cv_env_LIBS_value=
ac_cv_env_PKG_CONFIG_LIBDIR_set=
ac_cv_env_PKG_CONFIG_LIBDIR_value=
ac_cv_env_PKG_CONFIG_PATH_set=set
ac_cv_env_PKG_CONFIG_PATH_value=/usr/lib/pkgconfig:/usr/local/lib/pkgconfig
ac_cv_env_PKG_CONFIG_set=
ac_cv_env_PKG_CONFIG_value=
ac_cv_env_TSLIB_CFLAGS_set=
ac_cv_env_TSLIB_CFLAGS_value=
ac_cv_env_TSLIB_LIBS_set=
ac_cv_env_TSLIB_LIBS_value=
ac_cv_env_build_alias_set=
ac_cv_env_build_alias_value=
ac_cv_env_host_alias_set=
ac_cv_env_host_alias_value=
ac_cv_env_target_alias_set=
ac_cv_env_target_alias_value=
ac_cv_have_decl_PTHREAD_MUTEX_RECURSIVE=yes
ac_cv_have_decl_PTHREAD_RECURSIVE_MUTEX_INITIALIZER_NP=yes
ac_cv_header_Carbon_Carbon_h=no
ac_cv_header_X11_X_h=no
ac_cv_header_asm_page_h=yes
ac_cv_header_dbox_fp_h=no
ac_cv_header_dlfcn_h=yes
ac_cv_header_inttypes_h=yes
ac_cv_header_jpeglib_h=yes
ac_cv_header_linux_compiler_h=no
ac_cv_header_linux_h3600_ts_h=no
ac_cv_header_linux_input_h=yes
ac_cv_header_linux_joystick_h=yes
ac_cv_header_linux_serial_h=yes
ac_cv_header_linux_sonypi_h=yes
ac_cv_header_linux_unistd_h=yes
ac_cv_header_memory_h=yes
ac_cv_header_stdbool_h=yes
ac_cv_header_stdc=yes
ac_cv_header_stdint_h=yes
ac_cv_header_stdlib_h=yes
ac_cv_header_string_h=yes
ac_cv_header_strings_h=yes
ac_cv_header_sys_stat_h=yes
ac_cv_header_sys_types_h=yes
ac_cv_header_unistd_h=yes
ac_cv_header_zlib_h=yes
ac_cv_host=arm-unknown-linux-gnueabi
ac_cv_lib_dl_dlopen=yes
ac_cv_lib_jpeg_jpeg_destroy_decompress=yes
ac_cv_lib_pthread_pthread_attr_init=yes
ac_cv_lib_sysfs_sysfs_get_mnt_path=no
ac_cv_lib_z_gzsetparams=yes
ac_cv_objext=o
ac_cv_path_EGREP='/scratchbox/tools/bin/grep -E'
ac_cv_path_FGREP='/scratchbox/tools/bin/grep -F'
ac_cv_path_FREETYPE_CONFIG=/usr/local/bin/freetype-config
ac_cv_path_GREP=/scratchbox/tools/bin/grep
ac_cv_path_LIBPNG_CONFIG=/usr/local/bin/libpng-config
ac_cv_path_MAN2HTML=no
ac_cv_path_PERL=/scratchbox/tools/bin/perl
ac_cv_path_SED=/scratchbox/tools/bin/sed
ac_cv_path_VNC_CONFIG=no
ac_cv_path_ac_pt_PKG_CONFIG=/usr/local/bin/pkg-config
ac_cv_path_install='/scratchbox/tools/bin/install -c'
ac_cv_path_mkdir=/scratchbox/tools/bin/mkdir
ac_cv_prog_AWK=gawk
ac_cv_prog_CPP='gcc -E'
ac_cv_prog_ac_ct_AR=ar
ac_cv_prog_ac_ct_CC=gcc
ac_cv_prog_ac_ct_DLLTOOL=dlltool
ac_cv_prog_ac_ct_OBJDUMP=objdump
ac_cv_prog_ac_ct_RANLIB=ranlib
ac_cv_prog_ac_ct_STRIP=strip
ac_cv_prog_cc_c89=
ac_cv_prog_cc_g=yes
ac_cv_prog_cc_gcc_c_o=yes
ac_cv_prog_make_make_set=yes
ac_cv_search_strerror='none required'
ac_cv_sizeof_int=4
ac_cv_sizeof_long=4
ac_cv_sizeof_long_long=8
ac_cv_target=arm-unknown-linux-gnueabi
am_cv_CCAS_dependencies_compiler_type=gcc3
am_cv_CC_dependencies_compiler_type=gcc3
lt_cv_ar_at_file=@
lt_cv_archive_cmds_need_lc=no
lt_cv_deplibs_check_method=pass_all
lt_cv_file_magic_cmd='$MAGIC_CMD'
lt_cv_file_magic_test_file=
lt_cv_ld_reload_flag=-r
lt_cv_nm_interface='BSD nm'
lt_cv_objdir=.libs
lt_cv_path_LD=/scratchbox/compilers/cs2007q3-glibc2.5-arm6/arm-none-linux-gnueabi/bin/ld
lt_cv_path_NM='/scratchbox/compilers/bin/nm -B'
lt_cv_path_mainfest_tool=no
lt_cv_prog_compiler_c_o=yes
lt_cv_prog_compiler_pic='-fPIC -DPIC'
lt_cv_prog_compiler_pic_works=yes
lt_cv_prog_compiler_rtti_exceptions=no
lt_cv_prog_compiler_static_works=yes
lt_cv_prog_gnu_ld=yes
lt_cv_sharedlib_from_linklib_cmd='printf %s\n'
lt_cv_shlibpath_overrides_runpath=no
lt_cv_sys_global_symbol_pipe='sed -n -e '\''s/^.*[	 ]\([ABCDGIRSTW][ABCDGIRSTW]*\)[	 ][	 ]*\([_A-Za-z][_A-Za-z0-9]*\)$/\1 \2 \2/p'\'' | sed '\''/ __gnu_lto/d'\'''
lt_cv_sys_global_symbol_to_c_name_address='sed -n -e '\''s/^: \([^ ]*\)[ ]*$/  {\"\1\", (void *) 0},/p'\'' -e '\''s/^[ABCDGIRSTW]* \([^ ]*\) \([^ ]*\)$/  {"\2", (void *) \&\2},/p'\'''
lt_cv_sys_global_symbol_to_c_name_address_lib_prefix='sed -n -e '\''s/^: \([^ ]*\)[ ]*$/  {\"\1\", (void *) 0},/p'\'' -e '\''s/^[ABCDGIRSTW]* \([^ ]*\) \(lib[^ ]*\)$/  {"\2", (void *) \&\2},/p'\'' -e '\''s/^[ABCDGIRSTW]* \([^ ]*\) \([^ ]*\)$/  {"lib\2", (void *) \&\2},/p'\'''
lt_cv_sys_global_symbol_to_cdecl='sed -n -e '\''s/^T .* \(.*\)$/extern int \1();/p'\'' -e '\''s/^[ABCDGIRSTW]* .* \(.*\)$/extern char \1;/p'\'''
lt_cv_sys_max_cmd_len=98304
lt_cv_to_host_file_cmd=func_convert_file_noop
lt_cv_to_tool_file_cmd=func_convert_file_noop

## ----------------- ##
## Output variables. ##
## ----------------- ##

ACLOCAL='${SHELL} /home/tjw/tjKindle/DirectFB-1.2.0/missing --run aclocal-1.11 '
AMDEPBACKSLASH='\'
AMDEP_FALSE='#'
AMDEP_TRUE=''
AMTAR='${SHELL} /home/tjw/tjKindle/DirectFB-1.2.0/missing --run tar'
AR='ar'
AS=''
ASFLAGS=''
AUTOCONF='${SHELL} /home/tjw/tjKindle/DirectFB-1.2.0/missing --run autoconf'
AUTOHEADER='${SHELL} /home/tjw/tjKindle/DirectFB-1.2.0/missing --run autoheader'
AUTOMAKE='${SHELL} /home/tjw/tjKindle/DirectFB-1.2.0/missing --run automake-1.11'
AWK='gawk'
BUILDMMX_FALSE=''
BUILDMMX_TRUE='#'
BUILDPPCASM_FALSE=''
BUILDPPCASM_TRUE='#'
BUILD_DIRECTFB_CSOURCE_FALSE='#'
BUILD_DIRECTFB_CSOURCE_TRUE=''
BUILD_SHARED_FALSE='#'
BUILD_SHARED_TRUE=''
BUILD_STATIC_FALSE=''
BUILD_STATIC_TRUE='#'
BUILD_TESTS_FALSE=''
BUILD_TESTS_TRUE='#'
BUILD_TOOLS_FALSE='#'
BUILD_TOOLS_TRUE=''
CC='gcc'
CCAS='gcc'
CCASDEPMODE='depmode=gcc3'
CCASFLAGS='-O2 -march=armv6j -mtune=arm1136jf-s -pipe -fomit-frame-pointer -fno-stack-protector'
CCDEPMODE='depmode=gcc3'
CFLAGS='-O3 -ffast-math -pipe -O2 -march=armv6j -mtune=arm1136jf-s -pipe -fomit-frame-pointer -fno-stack-protector -D_GNU_SOURCE  -Werror-implicit-function-declaration'
CPP='gcc -E'
CPPFLAGS='-D_REENTRANT '
CROSS_COMPILING_FALSE=''
CROSS_COMPILING_TRUE='#'
CYGPATH_W='echo'
DATADIR='${datarootdir}/directfb-1.2.0'
DBOX2REMOTE_FALSE=''
DBOX2REMOTE_TRUE='#'
DEFS='-DHAVE_CONFIG_H'
DEPDIR='.deps'
DEVMEM_CORE_FALSE='#'
DEVMEM_CORE_TRUE=''
DFB_CFLAGS_OMIT_FRAME_POINTER='-fomit-frame-pointer'
DFB_INTERNAL_CFLAGS='-D_GNU_SOURCE '
DFB_LDFLAGS=' -lz'
DFB_SMOOTH_SCALING=''
DIRECTFB_BINARY_AGE='0'
DIRECTFB_CSOURCE=''
DIRECTFB_INTERFACE_AGE='0'
DIRECTFB_MAJOR_VERSION='1'
DIRECTFB_MICRO_VERSION='0'
DIRECTFB_MINOR_VERSION='2'
DIRECTFB_VERSION='1.2.0'
DIRECT_BUILD_DEBUG='0'
DIRECT_BUILD_DEBUGS='0'
DIRECT_BUILD_GETTID='1'
DIRECT_BUILD_NETWORK='0'
DIRECT_BUILD_STDBOOL='1'
DIRECT_BUILD_TEXT='1'
DIRECT_BUILD_TRACE='0'
DLLTOOL='dlltool'
DREAMBOXREMOTE_FALSE=''
DREAMBOXREMOTE_TRUE='#'
DSYMUTIL=''
DUMPBIN=''
DYNAPRO_INPUT_FALSE=''
DYNAPRO_INPUT_TRUE='#'
DYNLIB='-ldl'
ECHO_C=''
ECHO_N='-n'
ECHO_T=''
EGREP='/scratchbox/tools/bin/grep -E'
ELO_INPUT_FALSE=''
ELO_INPUT_TRUE='#'
ENABLE_DEBUGS_FALSE=''
ENABLE_DEBUGS_TRUE='#'
ENABLE_DEBUG_FALSE=''
ENABLE_DEBUG_TRUE='#'
ENABLE_MULTI_FALSE=''
ENABLE_MULTI_TRUE='#'
ENABLE_TRACE_FALSE=''
ENABLE_TRACE_TRUE='#'
ENABLE_UNIQUE_FALSE=''
ENABLE_UNIQUE_TRUE='#'
ENABLE_VOODOO_FALSE=''
ENABLE_VOODOO_TRUE='#'
EXEEXT=''
FBDEV_CORE_FALSE='#'
FBDEV_CORE_TRUE=''
FGREP='/scratchbox/tools/bin/grep -F'
FREETYPE_CFLAGS='-I/usr/local/include/freetype2 -I/usr/local/include'
FREETYPE_CONFIG='/usr/local/bin/freetype-config'
FREETYPE_LIBS='-L/usr/local/lib -lfreetype -lz -lbz2'
FREETYPE_PROVIDER=''
FREETYPE_PROVIDER_FALSE='#'
FREETYPE_PROVIDER_TRUE=''
FUSION_BUILD_KERNEL='0'
FUSION_BUILD_MULTI='0'
FUSION_MESSAGE_SIZE='1024'
GFX_ATI128_FALSE=''
GFX_ATI128_TRUE='#'
GFX_CLE266_FALSE=''
GFX_CLE266_TRUE='#'
GFX_CYBER5K_FALSE=''
GFX_CYBER5K_TRUE='#'
GFX_DAVINCI_FALSE=''
GFX_DAVINCI_TRUE='#'
GFX_EP9X_FALSE=''
GFX_EP9X_TRUE='#'
GFX_I810_FALSE=''
GFX_I810_TRUE='#'
GFX_I830_FALSE=''
GFX_I830_TRUE='#'
GFX_MACH64_FALSE=''
GFX_MACH64_TRUE='#'
GFX_MATROX_FALSE=''
GFX_MATROX_TRUE='#'
GFX_NEOMAGIC_FALSE=''
GFX_NEOMAGIC_TRUE='#'
GFX_NSC_FALSE=''
GFX_NSC_TRUE='#'
GFX_NVIDIA_FALSE=''
GFX_NVIDIA_TRUE='#'
GFX_OMAP_FALSE=''
GFX_OMAP_TRUE='#'
GFX_RADEON_FALSE=''
GFX_RADEON_TRUE='#'
GFX_SAVAGE_FALSE=''
GFX_SAVAGE_TRUE='#'
GFX_SH7722_FALSE=''
GFX_SH7722_TRUE='#'
GFX_SIS315_FALSE=''
GFX_SIS315_TRUE='#'
GFX_TDFX_FALSE=''
GFX_TDFX_TRUE='#'
GFX_UNICHROME_FALSE=''
GFX_UNICHROME_TRUE='#'
GFX_VMWARE_FALSE=''
GFX_VMWARE_TRUE='#'
GIF_PROVIDER=''
GIF_PROVIDER_FALSE='#'
GIF_PROVIDER_TRUE=''
GREP='/scratchbox/tools/bin/grep'
GUNZE_INPUT_FALSE=''
GUNZE_INPUT_TRUE='#'
H3600_TS_FALSE=''
H3600_TS_TRUE='#'
HAVE_LINUX=''
HAVE_LINUX_FALSE='#'
HAVE_LINUX_TRUE=''
HAVE_MAN2HTML_FALSE=''
HAVE_MAN2HTML_TRUE='#'
INCLUDEDIR='${prefix}/include/directfb'
INSTALL_DATA='${INSTALL} -m 644'
INSTALL_PROGRAM='${INSTALL}'
INSTALL_SCRIPT='${INSTALL}'
INSTALL_STRIP_PROGRAM='$(install_sh) -c -s'
INTERNALINCLUDEDIR='${prefix}/include/directfb-internal'
JOYSTICK_INPUT_FALSE='#'
JOYSTICK_INPUT_TRUE=''
JPEG_PROVIDER=''
JPEG_PROVIDER_FALSE='#'
JPEG_PROVIDER_TRUE=''
KEYBOARD_INPUT_FALSE='#'
KEYBOARD_INPUT_TRUE=''
LD='/scratchbox/compilers/cs2007q3-glibc2.5-arm6/arm-none-linux-gnueabi/bin/ld'
LDFLAGS=''
LIBJPEG='-ljpeg'
LIBOBJS=''
LIBPNG='-lpng14'
LIBPNG_CONFIG='/usr/local/bin/libpng-config'
LIBS='-ldl -lpthread '
LIBTOOL='$(SHELL) $(top_builddir)/libtool'
LINUX_INPUT_FALSE='#'
LINUX_INPUT_TRUE=''
LIPO=''
LIRC_INPUT_FALSE='#'
LIRC_INPUT_TRUE=''
LN_S='ln -s'
LTLIBOBJS=''
LT_AGE='0'
LT_BINARY='0'
LT_CURRENT='0'
LT_RELEASE='1.2'
LT_REVISION='0'
MAINT='#'
MAINTAINER_MODE_FALSE=''
MAINTAINER_MODE_TRUE='#'
MAKEINFO='${SHELL} /home/tjw/tjKindle/DirectFB-1.2.0/missing --run makeinfo'
MAN2HTML='no'
MANIFEST_TOOL=':'
MKDIR_P='/scratchbox/tools/bin/mkdir -p'
MODULEDIR='${exec_prefix}/lib/directfb-1.2-0-pure'
MODULEDIRNAME='directfb-1.2-0-pure'
MUTOUCH_TS_FALSE='#'
MUTOUCH_TS_TRUE=''
NM='/scratchbox/compilers/bin/nm -B'
NMEDIT=''
OBJDUMP='objdump'
OBJEXT='o'
OSX_CORE_FALSE=''
OSX_CORE_TRUE='#'
OSX_LIBS=''
OTOOL64=''
OTOOL=''
PACKAGE='DirectFB'
PACKAGE_BUGREPORT=''
PACKAGE_NAME=''
PACKAGE_STRING=''
PACKAGE_TARNAME=''
PACKAGE_URL=''
PACKAGE_VERSION=''
PATH_SEPARATOR=':'
PENMOUNT_TS_FALSE='#'
PENMOUNT_TS_TRUE=''
PERL='/scratchbox/tools/bin/perl'
PKG_CONFIG='/usr/local/bin/pkg-config'
PKG_CONFIG_LIBDIR=''
PKG_CONFIG_PATH='/usr/lib/pkgconfig:/usr/local/lib/pkgconfig'
PNG_PROVIDER=''
PNG_PROVIDER_FALSE='#'
PNG_PROVIDER_TRUE=''
PS2MOUSE_INPUT_FALSE='#'
PS2MOUSE_INPUT_TRUE=''
RANLIB='ranlib'
RUNTIME_SYSROOT=''
SDL_CFLAGS=''
SDL_CONFIG=''
SDL_CORE_FALSE=''
SDL_CORE_TRUE='#'
SDL_LIBS=''
SED='/scratchbox/tools/bin/sed'
SERIAL_MOUSE_INPUT_FALSE='#'
SERIAL_MOUSE_INPUT_TRUE=''
SET_MAKE=''
SHELL='/bin/sh'
SOFTWARE_RENDERING_FALSE='#'
SOFTWARE_RENDERING_TRUE=''
SONYPI_FALSE='#'
SONYPI_TRUE=''
SOPATH='${exec_prefix}/lib/libdirectfb-1.2.so.0'
STRIP='strip'
SYSCONFDIR='/usr/local/etc'
SYSFS_LIBS=''
THREADFLAGS='-D_REENTRANT'
THREADLIB='-lpthread'
TSLIB_CFLAGS=''
TSLIB_FALSE=''
TSLIB_LIBS=''
TSLIB_TRUE='#'
UCB1X00_TS_FALSE='#'
UCB1X00_TS_TRUE=''
V4L_PROVIDER_FALSE=''
V4L_PROVIDER_TRUE='#'
VERSION='1.2.0'
VNC_CFLAGS=''
VNC_CONFIG='no'
VNC_CORE_FALSE=''
VNC_CORE_TRUE='#'
VNC_LIBS=''
WM97XX_TS_FALSE='#'
WM97XX_TS_TRUE=''
X11_CFLAGS=''
X11_CORE_FALSE=''
X11_CORE_TRUE='#'
X11_LIBS=''
ZLIB_LIBS='-lz'
ac_ct_AR='ar'
ac_ct_CC='gcc'
ac_ct_DUMPBIN=''
am__EXEEXT_FALSE=''
am__EXEEXT_TRUE='#'
am__fastdepCCAS_FALSE='#'
am__fastdepCCAS_TRUE=''
am__fastdepCC_FALSE='#'
am__fastdepCC_TRUE=''
am__include='include'
am__isrc=''
am__leading_dot='.'
am__quote=''
am__tar='${AMTAR} chof - "$$tardir"'
am__untar='${AMTAR} xf -'
bindir='${exec_prefix}/bin'
build='arm-unknown-linux-gnueabi'
build_alias=''
build_cpu='arm'
build_os='linux-gnueabi'
build_vendor='unknown'
datadir='${datarootdir}'
datarootdir='${prefix}/share'
docdir='${datarootdir}/doc/${PACKAGE}'
dvidir='${docdir}'
exec_prefix='${prefix}'
host='arm-unknown-linux-gnueabi'
host_alias=''
host_cpu='arm'
host_os='linux-gnueabi'
host_vendor='unknown'
htmldir='${docdir}'
includedir='${prefix}/include'
infodir='${datarootdir}/info'
install_sh='${SHELL} /home/tjw/tjKindle/DirectFB-1.2.0/install-sh'
libdir='${exec_prefix}/lib'
libexecdir='${exec_prefix}/libexec'
localedir='${datarootdir}/locale'
localstatedir='${prefix}/var'
mandir='${datarootdir}/man'
mkdir_p='/scratchbox/tools/bin/mkdir -p'
oldincludedir='/usr/include'
pdfdir='${docdir}'
prefix='/usr/local'
program_transform_name='s,x,x,'
psdir='${docdir}'
sbindir='${exec_prefix}/sbin'
sharedstatedir='${prefix}/com'
sysconfdir='${prefix}/etc'
target='arm-unknown-linux-gnueabi'
target_alias=''
target_cpu='arm'
target_os='linux-gnueabi'
target_vendor='unknown'

## ----------- ##
## confdefs.h. ##
## ----------- ##

/* confdefs.h */
#define PACKAGE_NAME ""
#define PACKAGE_TARNAME ""
#define PACKAGE_VERSION ""
#define PACKAGE_STRING ""
#define PACKAGE_BUGREPORT ""
#define PACKAGE_URL ""
#define DIRECTFB_VERSION "1.2.0"
#define STDC_HEADERS 1
#define HAVE_SYS_TYPES_H 1
#define HAVE_SYS_STAT_H 1
#define HAVE_STDLIB_H 1
#define HAVE_STRING_H 1
#define HAVE_MEMORY_H 1
#define HAVE_STRINGS_H 1
#define HAVE_INTTYPES_H 1
#define HAVE_STDINT_H 1
#define HAVE_UNISTD_H 1
#define HAVE_DLFCN_H 1
#define LT_OBJDIR ".libs/"
#define STDC_HEADERS 1
#define SIZEOF_INT 4
#define SIZEOF_LONG 4
#define SIZEOF_LONG_LONG 8
#define HAVE_LINUX_UNISTD_H 1
#define HAVE_ASM_PAGE_H 1
#define HAVE_LIBPTHREAD 1
#define HAVE_DECL_PTHREAD_MUTEX_RECURSIVE 1
#define HAVE_DECL_PTHREAD_RECURSIVE_MUTEX_INITIALIZER_NP 1
#define HAVE_LIBDL 1
#define LINUX_INPUT_USE_FBDEV 1
#define HAVE_INPUT_ABSINFO 1

configure: exit 0
