This file contains any messages produced by compilers while
running configure, to aid debugging if configure makes a mistake.

It was created by libchewing configure 0.3.3, which was
generated by GNU Autoconf 2.68.  Invocation command line was

  $ ./configure --enable-static=no

## --------- ##
## Platform. ##
## --------- ##

hostname = tjw-pc
uname -m = arm
uname -r = 2.6.38-11-generic
uname -s = Linux
uname -v = #48-Ubuntu SMP Fri Jul 29 19:02:55 UTC 2011

/usr/bin/uname -p = unknown
/bin/uname -X     = unknown

/bin/arch              = arm
/usr/bin/arch -k       = arm
/usr/convex/getsysinfo = unknown
/usr/bin/hostinfo      = unknown
/bin/machine           = unknown
/usr/bin/oslevel       = unknown
/bin/universe          = unknown

PATH: /home/tjw/kindle/tjKindle
PATH: /usr/local/bin
PATH: /usr/local/bin
PATH: /host_usr/bin
PATH: /scratchbox/devkits/svn/bin
PATH: /scratchbox/devkits/qemu/bin
PATH: /scratchbox/devkits/perl/bin
PATH: /scratchbox/devkits/git/bin
PATH: /scratchbox/devkits/doctools/bin
PATH: /scratchbox/tools/bin
PATH: /targets/links/arch_tools/bin
PATH: /scratchbox/compilers/bin
PATH: /bin
PATH: /usr/bin
PATH: /usr/local/bin
PATH: /usr/X11R6/bin
PATH: /sbin
PATH: /usr/sbin


## ----------- ##
## Core tests. ##
## ----------- ##

configure:2307: checking for a BSD-compatible install
configure:2375: result: /scratchbox/tools/bin/install -c
configure:2386: checking whether build environment is sane
configure:2436: result: yes
configure:2577: checking for a thread-safe mkdir -p
configure:2616: result: /scratchbox/tools/bin/mkdir -p
configure:2629: checking for gawk
configure:2645: found /scratchbox/tools/bin/gawk
configure:2656: result: gawk
configure:2667: checking whether make sets $(MAKE)
configure:2689: result: yes
configure:2807: checking build system type
configure:2821: result: arm-unknown-linux-gnueabi
configure:2841: checking host system type
configure:2854: result: arm-unknown-linux-gnueabi
configure:2895: checking how to print strings
configure:2922: result: printf
configure:2955: checking for style of include used by make
configure:2983: result: GNU
configure:3053: checking for gcc
configure:3069: found /scratchbox/compilers/bin/gcc
configure:3080: result: gcc
configure:3309: checking for C compiler version
configure:3318: gcc --version >&5
sbox-arm-none-linux-gnueabi-gcc (GCC) 4.2.1
Copyright (C) 2007 Free Software Foundation, Inc.
This is free software; see the source for copying conditions.  There is NO
warranty; not even for MERCHANTABILITY or FITNESS FOR A PARTICULAR PURPOSE.

configure:3329: $? = 0
configure:3318: gcc -v >&5
Using built-in specs.
Reading specs from /scratchbox/compilers/cs2007q3-glibc2.5-arm6/gcc.specs
rename spec cpp to old_cpp
rename spec cc1 to old_cc1
rename spec cc1plus to old_cc1plus
rename spec link to old_link
Target: arm-none-linux-gnueabi
Configured with: /home/jhakala/cs2007q3-sb4/arm/src/gcc-4.2/configure --build=i686-pc-linux-gnu --host=i686-pc-linux-gnu --target=arm-none-linux-gnueabi --enable-threads --disable-libmudflap --disable-libssp --disable-libgomp --disable-libstdcxx-pch --with-gnu-as --with-gnu-ld --enable-languages=c,c++ --enable-shared --enable-symvers=gnu --enable-__cxa_atexit --disable-nls --prefix=/opt/maemo --with-sysroot=/opt/maemo/arm-none-linux-gnueabi/libc --with-build-sysroot=/home/jhakala/cs2007q3-sb4/arm/install/arm-none-linux-gnueabi/libc --with-build-time-tools=/home/jhakala/cs2007q3-sb4/arm/install/arm-none-linux-gnueabi/bin
Thread model: posix
gcc version 4.2.1
configure:3329: $? = 0
configure:3318: gcc -V >&5
sbox-arm-none-linux-gnueabi-gcc: '-V' must come at the start of the command line
configure:3329: $? = 1
configure:3318: gcc -qversion >&5
sbox-arm-none-linux-gnueabi-gcc: unrecognized option '-qversion'
sbox-arm-none-linux-gnueabi-gcc: no input files
configure:3329: $? = 1
configure:3349: checking whether the C compiler works
configure:3371: gcc -O2 -march=armv6j -mtune=arm1136jf-s -pipe -fomit-frame-pointer -fno-stack-protector   conftest.c  >&5
configure:3375: $? = 0
configure:3423: result: yes
configure:3426: checking for C compiler default output file name
configure:3428: result: a.out
configure:3434: checking for suffix of executables
configure:3441: gcc -o conftest -O2 -march=armv6j -mtune=arm1136jf-s -pipe -fomit-frame-pointer -fno-stack-protector   conftest.c  >&5
configure:3445: $? = 0
configure:3467: result: 
configure:3489: checking whether we are cross compiling
configure:3497: gcc -o conftest -O2 -march=armv6j -mtune=arm1136jf-s -pipe -fomit-frame-pointer -fno-stack-protector   conftest.c  >&5
configure:3501: $? = 0
configure:3508: ./conftest
configure:3512: $? = 0
configure:3527: result: no
configure:3532: checking for suffix of object files
configure:3554: gcc -c -O2 -march=armv6j -mtune=arm1136jf-s -pipe -fomit-frame-pointer -fno-stack-protector  conftest.c >&5
configure:3558: $? = 0
configure:3579: result: o
configure:3583: checking whether we are using the GNU C compiler
configure:3602: gcc -c -O2 -march=armv6j -mtune=arm1136jf-s -pipe -fomit-frame-pointer -fno-stack-protector  conftest.c >&5
configure:3602: $? = 0
configure:3611: result: yes
configure:3620: checking whether gcc accepts -g
configure:3640: gcc -c -g  conftest.c >&5
configure:3640: $? = 0
configure:3681: result: yes
configure:3698: checking for gcc option to accept ISO C89
configure:3762: gcc  -c -O2 -march=armv6j -mtune=arm1136jf-s -pipe -fomit-frame-pointer -fno-stack-protector  conftest.c >&5
configure:3762: $? = 0
configure:3775: result: none needed
configure:3797: checking dependency style of gcc
configure:3907: result: gcc3
configure:3922: checking for a sed that does not truncate output
configure:3986: result: /scratchbox/tools/bin/sed
configure:4004: checking for grep that handles long lines and -e
configure:4062: result: /scratchbox/tools/bin/grep
configure:4067: checking for egrep
configure:4129: result: /scratchbox/tools/bin/grep -E
configure:4134: checking for fgrep
configure:4196: result: /scratchbox/tools/bin/grep -F
configure:4231: checking for ld used by gcc
configure:4298: result: /scratchbox/compilers/cs2007q3-glibc2.5-arm6/arm-none-linux-gnueabi/bin/ld
configure:4305: checking if the linker (/scratchbox/compilers/cs2007q3-glibc2.5-arm6/arm-none-linux-gnueabi/bin/ld) is GNU ld
configure:4320: result: yes
configure:4332: checking for BSD- or MS-compatible name lister (nm)
configure:4381: result: /scratchbox/compilers/bin/nm -B
configure:4511: checking the name lister (/scratchbox/compilers/bin/nm -B) interface
configure:4518: gcc -c -O2 -march=armv6j -mtune=arm1136jf-s -pipe -fomit-frame-pointer -fno-stack-protector  conftest.c >&5
configure:4521: /scratchbox/compilers/bin/nm -B "conftest.o"
configure:4524: output
00000000 B some_variable
configure:4531: result: BSD nm
configure:4534: checking whether ln -s works
configure:4538: result: yes
configure:4546: checking the maximum length of command line arguments
configure:4671: result: 98304
configure:4688: checking whether the shell understands some XSI constructs
configure:4698: result: yes
configure:4702: checking whether the shell understands "+="
configure:4708: result: no
configure:4743: checking how to convert arm-unknown-linux-gnueabi file names to arm-unknown-linux-gnueabi format
configure:4783: result: func_convert_file_noop
configure:4790: checking how to convert arm-unknown-linux-gnueabi file names to toolchain format
configure:4810: result: func_convert_file_noop
configure:4817: checking for /scratchbox/compilers/cs2007q3-glibc2.5-arm6/arm-none-linux-gnueabi/bin/ld option to reload object files
configure:4824: result: -r
configure:4898: checking for objdump
configure:4914: found /scratchbox/compilers/bin/objdump
configure:4925: result: objdump
configure:4957: checking how to recognize dependent libraries
configure:5159: result: pass_all
configure:5244: checking for dlltool
configure:5260: found /scratchbox/compilers/bin/dlltool
configure:5271: result: dlltool
configure:5304: checking how to associate runtime and link libraries
configure:5331: result: printf %s\n
configure:5392: checking for ar
configure:5408: found /scratchbox/compilers/bin/ar
configure:5419: result: ar
configure:5456: checking for archiver @FILE support
configure:5473: gcc -c -O2 -march=armv6j -mtune=arm1136jf-s -pipe -fomit-frame-pointer -fno-stack-protector  conftest.c >&5
configure:5473: $? = 0
configure:5476: ar cru libconftest.a @conftest.lst >&5
configure:5479: $? = 0
configure:5484: ar cru libconftest.a @conftest.lst >&5
/scratchbox/compilers/cs2007q3-glibc2.5-arm6/bin/sbox-arm-none-linux-gnueabi-ar: conftest.o: No such file or directory
configure:5487: $? = 1
configure:5499: result: @
configure:5557: checking for strip
configure:5573: found /scratchbox/compilers/bin/strip
configure:5584: result: strip
configure:5656: checking for ranlib
configure:5672: found /scratchbox/compilers/bin/ranlib
configure:5683: result: ranlib
configure:5785: checking command to parse /scratchbox/compilers/bin/nm -B output from gcc object
configure:5904: gcc -c -O2 -march=armv6j -mtune=arm1136jf-s -pipe -fomit-frame-pointer -fno-stack-protector  conftest.c >&5
configure:5907: $? = 0
configure:5911: /scratchbox/compilers/bin/nm -B conftest.o \| sed -n -e 's/^.*[ ]\([ABCDGIRSTW][ABCDGIRSTW]*\)[ ][ ]*\([_A-Za-z][_A-Za-z0-9]*\)$/\1 \2 \2/p' | sed '/ __gnu_lto/d' \> conftest.nm
configure:5914: $? = 0
configure:5980: gcc -o conftest -O2 -march=armv6j -mtune=arm1136jf-s -pipe -fomit-frame-pointer -fno-stack-protector   conftest.c conftstm.o >&5
configure:5983: $? = 0
configure:6021: result: ok
configure:6058: checking for sysroot
configure:6088: result: no
configure:6331: checking for mt
configure:6361: result: no
configure:6381: checking if : is a manifest tool
configure:6387: : '-?'
configure:6395: result: no
configure:7027: checking how to run the C preprocessor
configure:7058: gcc -E  conftest.c
configure:7058: $? = 0
configure:7072: gcc -E  conftest.c
conftest.c:13:28: error: ac_nonexistent.h: No such file or directory
configure:7072: $? = 1
configure: failed program was:
| /* confdefs.h */
| #define PACKAGE_NAME "libchewing"
| #define PACKAGE_TARNAME "libchewing"
| #define PACKAGE_VERSION "0.3.3"
| #define PACKAGE_STRING "libchewing 0.3.3"
| #define PACKAGE_BUGREPORT "chewing-devel@googlegroups.com"
| #define PACKAGE_URL ""
| #define LIBCHEWING_BINARY_VERSION "1.0.0"
| #define LIBCHEWING_VERSION "0.3.3"
| #define PACKAGE "libchewing"
| #define VERSION "0.3.3"
| /* end confdefs.h.  */
| #include <ac_nonexistent.h>
configure:7097: result: gcc -E
configure:7117: gcc -E  conftest.c
configure:7117: $? = 0
configure:7131: gcc -E  conftest.c
conftest.c:13:28: error: ac_nonexistent.h: No such file or directory
configure:7131: $? = 1
configure: failed program was:
| /* confdefs.h */
| #define PACKAGE_NAME "libchewing"
| #define PACKAGE_TARNAME "libchewing"
| #define PACKAGE_VERSION "0.3.3"
| #define PACKAGE_STRING "libchewing 0.3.3"
| #define PACKAGE_BUGREPORT "chewing-devel@googlegroups.com"
| #define PACKAGE_URL ""
| #define LIBCHEWING_BINARY_VERSION "1.0.0"
| #define LIBCHEWING_VERSION "0.3.3"
| #define PACKAGE "libchewing"
| #define VERSION "0.3.3"
| /* end confdefs.h.  */
| #include <ac_nonexistent.h>
configure:7160: checking for ANSI C header files
configure:7180: gcc -c -O2 -march=armv6j -mtune=arm1136jf-s -pipe -fomit-frame-pointer -fno-stack-protector  conftest.c >&5
configure:7180: $? = 0
configure:7253: gcc -o conftest -O2 -march=armv6j -mtune=arm1136jf-s -pipe -fomit-frame-pointer -fno-stack-protector   conftest.c  >&5
configure:7253: $? = 0
configure:7253: ./conftest
configure:7253: $? = 0
configure:7264: result: yes
configure:7277: checking for sys/types.h
configure:7277: gcc -c -O2 -march=armv6j -mtune=arm1136jf-s -pipe -fomit-frame-pointer -fno-stack-protector  conftest.c >&5
configure:7277: $? = 0
configure:7277: result: yes
configure:7277: checking for sys/stat.h
configure:7277: gcc -c -O2 -march=armv6j -mtune=arm1136jf-s -pipe -fomit-frame-pointer -fno-stack-protector  conftest.c >&5
configure:7277: $? = 0
configure:7277: result: yes
configure:7277: checking for stdlib.h
configure:7277: gcc -c -O2 -march=armv6j -mtune=arm1136jf-s -pipe -fomit-frame-pointer -fno-stack-protector  conftest.c >&5
configure:7277: $? = 0
configure:7277: result: yes
configure:7277: checking for string.h
configure:7277: gcc -c -O2 -march=armv6j -mtune=arm1136jf-s -pipe -fomit-frame-pointer -fno-stack-protector  conftest.c >&5
configure:7277: $? = 0
configure:7277: result: yes
configure:7277: checking for memory.h
configure:7277: gcc -c -O2 -march=armv6j -mtune=arm1136jf-s -pipe -fomit-frame-pointer -fno-stack-protector  conftest.c >&5
configure:7277: $? = 0
configure:7277: result: yes
configure:7277: checking for strings.h
configure:7277: gcc -c -O2 -march=armv6j -mtune=arm1136jf-s -pipe -fomit-frame-pointer -fno-stack-protector  conftest.c >&5
configure:7277: $? = 0
configure:7277: result: yes
configure:7277: checking for inttypes.h
configure:7277: gcc -c -O2 -march=armv6j -mtune=arm1136jf-s -pipe -fomit-frame-pointer -fno-stack-protector  conftest.c >&5
configure:7277: $? = 0
configure:7277: result: yes
configure:7277: checking for stdint.h
configure:7277: gcc -c -O2 -march=armv6j -mtune=arm1136jf-s -pipe -fomit-frame-pointer -fno-stack-protector  conftest.c >&5
configure:7277: $? = 0
configure:7277: result: yes
configure:7277: checking for unistd.h
configure:7277: gcc -c -O2 -march=armv6j -mtune=arm1136jf-s -pipe -fomit-frame-pointer -fno-stack-protector  conftest.c >&5
configure:7277: $? = 0
configure:7277: result: yes
configure:7291: checking for dlfcn.h
configure:7291: gcc -c -O2 -march=armv6j -mtune=arm1136jf-s -pipe -fomit-frame-pointer -fno-stack-protector  conftest.c >&5
configure:7291: $? = 0
configure:7291: result: yes
configure:7476: checking for objdir
configure:7491: result: .libs
configure:7758: checking if gcc supports -fno-rtti -fno-exceptions
configure:7776: gcc -c -O2 -march=armv6j -mtune=arm1136jf-s -pipe -fomit-frame-pointer -fno-stack-protector  -fno-rtti -fno-exceptions conftest.c >&5
cc1: warning: command line option "-fno-rtti" is valid for C++/ObjC++ but not for C
cc1: warning: command line option "-fno-rtti" is valid for C++/ObjC++ but not for C
configure:7780: $? = 0
configure:7793: result: no
configure:8103: checking for gcc option to produce PIC
configure:8110: result: -fPIC -DPIC
configure:8118: checking if gcc PIC flag -fPIC -DPIC works
configure:8136: gcc -c -O2 -march=armv6j -mtune=arm1136jf-s -pipe -fomit-frame-pointer -fno-stack-protector  -fPIC -DPIC -DPIC conftest.c >&5
configure:8140: $? = 0
configure:8153: result: yes
configure:8182: checking if gcc static flag -static works
configure:8210: result: yes
configure:8225: checking if gcc supports -c -o file.o
configure:8246: gcc -c -O2 -march=armv6j -mtune=arm1136jf-s -pipe -fomit-frame-pointer -fno-stack-protector  -o out/conftest2.o conftest.c >&5
configure:8250: $? = 0
configure:8272: result: yes
configure:8280: checking if gcc supports -c -o file.o
configure:8327: result: yes
configure:8360: checking whether the gcc linker (/scratchbox/compilers/cs2007q3-glibc2.5-arm6/arm-none-linux-gnueabi/bin/ld) supports shared libraries
configure:9518: result: yes
configure:9555: checking whether -lc should be explicitly linked in
configure:9563: gcc -c -O2 -march=armv6j -mtune=arm1136jf-s -pipe -fomit-frame-pointer -fno-stack-protector  conftest.c >&5
configure:9566: $? = 0
configure:9581: gcc -shared  -fPIC -DPIC conftest.o  -v -Wl,-soname -Wl,conftest -o conftest 2\>\&1 \| /scratchbox/tools/bin/grep  -lc  \>/dev/null 2\>\&1
configure:9584: $? = 0
configure:9598: result: no
configure:9763: checking dynamic linker characteristics
configure:10277: gcc -o conftest -O2 -march=armv6j -mtune=arm1136jf-s -pipe -fomit-frame-pointer -fno-stack-protector   -Wl,-rpath -Wl,/foo conftest.c  >&5
configure:10277: $? = 0
configure:10499: result: GNU/Linux ld.so
configure:10606: checking how to hardcode library paths into programs
configure:10631: result: immediate
configure:10725: checking for shl_load
configure:10725: gcc -o conftest -O2 -march=armv6j -mtune=arm1136jf-s -pipe -fomit-frame-pointer -fno-stack-protector   conftest.c  >&5
/tmp/ccmjAjYs.o: In function `main':
conftest.c:(.text+0x4): undefined reference to `shl_load'
collect2: ld returned 1 exit status
configure:10725: $? = 1
configure: failed program was:
| /* confdefs.h */
| #define PACKAGE_NAME "libchewing"
| #define PACKAGE_TARNAME "libchewing"
| #define PACKAGE_VERSION "0.3.3"
| #define PACKAGE_STRING "libchewing 0.3.3"
| #define PACKAGE_BUGREPORT "chewing-devel@googlegroups.com"
| #define PACKAGE_URL ""
| #define LIBCHEWING_BINARY_VERSION "1.0.0"
| #define LIBCHEWING_VERSION "0.3.3"
| #define PACKAGE "libchewing"
| #define VERSION "0.3.3"
| #define STDC_HEADERS 1
| #define HAVE_SYS_TYPES_H 1
| #define HAVE_SYS_STAT_H 1
| #define HAVE_STDLIB_H 1
| #define HAVE_STRING_H 1
| #define HAVE_MEMORY_H 1
| #define HAVE_STRINGS_H 1
| #define HAVE_INTTYPES_H 1
| #define HAVE_STDINT_H 1
| #define HAVE_UNISTD_H 1
| #define HAVE_DLFCN_H 1
| #define LT_OBJDIR ".libs/"
| /* end confdefs.h.  */
| /* Define shl_load to an innocuous variant, in case <limits.h> declares shl_load.
|    For example, HP-UX 11i <limits.h> declares gettimeofday.  */
| #define shl_load innocuous_shl_load
| 
| /* System header to define __stub macros and hopefully few prototypes,
|     which can conflict with char shl_load (); below.
|     Prefer <limits.h> to <assert.h> if __STDC__ is defined, since
|     <limits.h> exists even on freestanding compilers.  */
| 
| #ifdef __STDC__
| # include <limits.h>
| #else
| # include <assert.h>
| #endif
| 
| #undef shl_load
| 
| /* Override any GCC internal prototype to avoid an error.
|    Use char because int might match the return type of a GCC
|    builtin and then its argument prototype would still apply.  */
| #ifdef __cplusplus
| extern "C"
| #endif
| char shl_load ();
| /* The GNU C library defines this for functions which it implements
|     to always fail with ENOSYS.  Some functions are actually named
|     something starting with __ and the normal name is an alias.  */
| #if defined __stub_shl_load || defined __stub___shl_load
| choke me
| #endif
| 
| int
| main ()
| {
| return shl_load ();
|   ;
|   return 0;
| }
configure:10725: result: no
configure:10729: checking for shl_load in -ldld
configure:10754: gcc -o conftest -O2 -march=armv6j -mtune=arm1136jf-s -pipe -fomit-frame-pointer -fno-stack-protector   conftest.c -ldld   >&5
/scratchbox/compilers/cs2007q3-glibc2.5-arm6/bin/../lib/gcc/arm-none-linux-gnueabi/4.2.1/../../../../arm-none-linux-gnueabi/bin/ld: cannot find -ldld
collect2: ld returned 1 exit status
configure:10754: $? = 1
configure: failed program was:
| /* confdefs.h */
| #define PACKAGE_NAME "libchewing"
| #define PACKAGE_TARNAME "libchewing"
| #define PACKAGE_VERSION "0.3.3"
| #define PACKAGE_STRING "libchewing 0.3.3"
| #define PACKAGE_BUGREPORT "chewing-devel@googlegroups.com"
| #define PACKAGE_URL ""
| #define LIBCHEWING_BINARY_VERSION "1.0.0"
| #define LIBCHEWING_VERSION "0.3.3"
| #define PACKAGE "libchewing"
| #define VERSION "0.3.3"
| #define STDC_HEADERS 1
| #define HAVE_SYS_TYPES_H 1
| #define HAVE_SYS_STAT_H 1
| #define HAVE_STDLIB_H 1
| #define HAVE_STRING_H 1
| #define HAVE_MEMORY_H 1
| #define HAVE_STRINGS_H 1
| #define HAVE_INTTYPES_H 1
| #define HAVE_STDINT_H 1
| #define HAVE_UNISTD_H 1
| #define HAVE_DLFCN_H 1
| #define LT_OBJDIR ".libs/"
| /* end confdefs.h.  */
| 
| /* Override any GCC internal prototype to avoid an error.
|    Use char because int might match the return type of a GCC
|    builtin and then its argument prototype would still apply.  */
| #ifdef __cplusplus
| extern "C"
| #endif
| char shl_load ();
| int
| main ()
| {
| return shl_load ();
|   ;
|   return 0;
| }
configure:10763: result: no
configure:10768: checking for dlopen
configure:10768: gcc -o conftest -O2 -march=armv6j -mtune=arm1136jf-s -pipe -fomit-frame-pointer -fno-stack-protector   conftest.c  >&5
/tmp/cc5b5wXx.o: In function `main':
conftest.c:(.text+0x4): undefined reference to `dlopen'
collect2: ld returned 1 exit status
configure:10768: $? = 1
configure: failed program was:
| /* confdefs.h */
| #define PACKAGE_NAME "libchewing"
| #define PACKAGE_TARNAME "libchewing"
| #define PACKAGE_VERSION "0.3.3"
| #define PACKAGE_STRING "libchewing 0.3.3"
| #define PACKAGE_BUGREPORT "chewing-devel@googlegroups.com"
| #define PACKAGE_URL ""
| #define LIBCHEWING_BINARY_VERSION "1.0.0"
| #define LIBCHEWING_VERSION "0.3.3"
| #define PACKAGE "libchewing"
| #define VERSION "0.3.3"
| #define STDC_HEADERS 1
| #define HAVE_SYS_TYPES_H 1
| #define HAVE_SYS_STAT_H 1
| #define HAVE_STDLIB_H 1
| #define HAVE_STRING_H 1
| #define HAVE_MEMORY_H 1
| #define HAVE_STRINGS_H 1
| #define HAVE_INTTYPES_H 1
| #define HAVE_STDINT_H 1
| #define HAVE_UNISTD_H 1
| #define HAVE_DLFCN_H 1
| #define LT_OBJDIR ".libs/"
| /* end confdefs.h.  */
| /* Define dlopen to an innocuous variant, in case <limits.h> declares dlopen.
|    For example, HP-UX 11i <limits.h> declares gettimeofday.  */
| #define dlopen innocuous_dlopen
| 
| /* System header to define __stub macros and hopefully few prototypes,
|     which can conflict with char dlopen (); below.
|     Prefer <limits.h> to <assert.h> if __STDC__ is defined, since
|     <limits.h> exists even on freestanding compilers.  */
| 
| #ifdef __STDC__
| # include <limits.h>
| #else
| # include <assert.h>
| #endif
| 
| #undef dlopen
| 
| /* Override any GCC internal prototype to avoid an error.
|    Use char because int might match the return type of a GCC
|    builtin and then its argument prototype would still apply.  */
| #ifdef __cplusplus
| extern "C"
| #endif
| char dlopen ();
| /* The GNU C library defines this for functions which it implements
|     to always fail with ENOSYS.  Some functions are actually named
|     something starting with __ and the normal name is an alias.  */
| #if defined __stub_dlopen || defined __stub___dlopen
| choke me
| #endif
| 
| int
| main ()
| {
| return dlopen ();
|   ;
|   return 0;
| }
configure:10768: result: no
configure:10772: checking for dlopen in -ldl
configure:10797: gcc -o conftest -O2 -march=armv6j -mtune=arm1136jf-s -pipe -fomit-frame-pointer -fno-stack-protector   conftest.c -ldl   >&5
configure:10797: $? = 0
configure:10806: result: yes
configure:10925: checking whether a program can dlopen itself
configure:11005: gcc -o conftest -O2 -march=armv6j -mtune=arm1136jf-s -pipe -fomit-frame-pointer -fno-stack-protector  -DHAVE_DLFCN_H  -Wl,--export-dynamic conftest.c -ldl  >&5
configure:11008: $? = 0
configure:11026: result: yes
configure:11031: checking whether a statically linked program can dlopen itself
configure:11111: gcc -o conftest -O2 -march=armv6j -mtune=arm1136jf-s -pipe -fomit-frame-pointer -fno-stack-protector  -DHAVE_DLFCN_H  -Wl,--export-dynamic -static conftest.c -ldl  >&5
/tmp/cclnlsrN.o: In function `main':
conftest.c:(.text+0x14): warning: Using 'dlopen' in statically linked applications requires at runtime the shared libraries from the glibc version used for linking
configure:11114: $? = 0
/lib/: cannot read file data: Is a directory
configure:11132: result: no
configure:11171: checking whether stripping libraries is possible
configure:11176: result: yes
configure:11211: checking if libtool supports shared libraries
configure:11213: result: yes
configure:11216: checking whether to build shared libraries
configure:11237: result: yes
configure:11240: checking whether to build static libraries
configure:11244: result: no
configure:11336: checking for gcc
configure:11363: result: gcc
configure:11592: checking for C compiler version
configure:11601: gcc --version >&5
sbox-arm-none-linux-gnueabi-gcc (GCC) 4.2.1
Copyright (C) 2007 Free Software Foundation, Inc.
This is free software; see the source for copying conditions.  There is NO
warranty; not even for MERCHANTABILITY or FITNESS FOR A PARTICULAR PURPOSE.

configure:11612: $? = 0
configure:11601: gcc -v >&5
Using built-in specs.
Reading specs from /scratchbox/compilers/cs2007q3-glibc2.5-arm6/gcc.specs
rename spec cpp to old_cpp
rename spec cc1 to old_cc1
rename spec cc1plus to old_cc1plus
rename spec link to old_link
Target: arm-none-linux-gnueabi
Configured with: /home/jhakala/cs2007q3-sb4/arm/src/gcc-4.2/configure --build=i686-pc-linux-gnu --host=i686-pc-linux-gnu --target=arm-none-linux-gnueabi --enable-threads --disable-libmudflap --disable-libssp --disable-libgomp --disable-libstdcxx-pch --with-gnu-as --with-gnu-ld --enable-languages=c,c++ --enable-shared --enable-symvers=gnu --enable-__cxa_atexit --disable-nls --prefix=/opt/maemo --with-sysroot=/opt/maemo/arm-none-linux-gnueabi/libc --with-build-sysroot=/home/jhakala/cs2007q3-sb4/arm/install/arm-none-linux-gnueabi/libc --with-build-time-tools=/home/jhakala/cs2007q3-sb4/arm/install/arm-none-linux-gnueabi/bin
Thread model: posix
gcc version 4.2.1
configure:11612: $? = 0
configure:11601: gcc -V >&5
sbox-arm-none-linux-gnueabi-gcc: '-V' must come at the start of the command line
configure:11612: $? = 1
configure:11601: gcc -qversion >&5
sbox-arm-none-linux-gnueabi-gcc: unrecognized option '-qversion'
sbox-arm-none-linux-gnueabi-gcc: no input files
configure:11612: $? = 1
configure:11616: checking whether we are using the GNU C compiler
configure:11644: result: yes
configure:11653: checking whether gcc accepts -g
configure:11714: result: yes
configure:11731: checking for gcc option to accept ISO C89
configure:11808: result: none needed
configure:11830: checking dependency style of gcc
configure:11940: result: gcc3
configure:11961: checking for an ANSI C-conforming const
configure:12026: gcc -c -O2 -march=armv6j -mtune=arm1136jf-s -pipe -fomit-frame-pointer -fno-stack-protector  conftest.c >&5
configure:12026: $? = 0
configure:12033: result: yes
configure:12048: checking for doxygen
configure:12066: found /scratchbox/devkits/doctools/bin/doxygen
configure:12079: result: /scratchbox/devkits/doctools/bin/doxygen
configure:12100: checking for dot
configure:12116: found /scratchbox/devkits/doctools/bin/dot
configure:12128: result: YES
configure:12138: checking for dot
configure:12156: found /scratchbox/devkits/doctools/bin/dot
configure:12168: result: /scratchbox/devkits/doctools/bin/dot
configure:12179: checking for perl
configure:12197: found /scratchbox/tools/bin/perl
configure:12209: result: /scratchbox/tools/bin/perl
configure:12220: checking for ANSI C header files
configure:12324: result: yes
configure:12335: checking for stdlib.h
configure:12335: result: yes
configure:12335: checking for string.h
configure:12335: result: yes
configure:12335: checking for unistd.h
configure:12335: result: yes
configure:12347: checking for an ANSI C-conforming const
configure:12419: result: yes
configure:12431: checking for stdlib.h
configure:12431: result: yes
configure:12441: checking for GNU libc compatible malloc
configure:12465: gcc -o conftest -O2 -march=armv6j -mtune=arm1136jf-s -pipe -fomit-frame-pointer -fno-stack-protector   conftest.c  >&5
configure:12465: $? = 0
configure:12465: ./conftest
configure:12465: $? = 0
configure:12475: result: yes
configure:12496: checking for working memcmp
configure:12539: gcc -o conftest -O2 -march=armv6j -mtune=arm1136jf-s -pipe -fomit-frame-pointer -fno-stack-protector   conftest.c  >&5
configure:12539: $? = 0
configure:12539: ./conftest
configure:12539: $? = 0
configure:12549: result: yes
configure:12561: checking for memchr
configure:12561: gcc -o conftest -O2 -march=armv6j -mtune=arm1136jf-s -pipe -fomit-frame-pointer -fno-stack-protector   conftest.c  >&5
configure:12561: $? = 0
configure:12561: result: yes
configure:12561: checking for memmove
configure:12561: gcc -o conftest -O2 -march=armv6j -mtune=arm1136jf-s -pipe -fomit-frame-pointer -fno-stack-protector   conftest.c  >&5
conftest.c:55: warning: conflicting types for built-in function 'memmove'
configure:12561: $? = 0
configure:12561: result: yes
configure:12561: checking for memset
configure:12561: gcc -o conftest -O2 -march=armv6j -mtune=arm1136jf-s -pipe -fomit-frame-pointer -fno-stack-protector   conftest.c  >&5
conftest.c:56: warning: conflicting types for built-in function 'memset'
configure:12561: $? = 0
configure:12561: result: yes
configure:12561: checking for mkdir
configure:12561: gcc -o conftest -O2 -march=armv6j -mtune=arm1136jf-s -pipe -fomit-frame-pointer -fno-stack-protector   conftest.c  >&5
configure:12561: $? = 0
configure:12561: result: yes
configure:12561: checking for strchr
configure:12561: gcc -o conftest -O2 -march=armv6j -mtune=arm1136jf-s -pipe -fomit-frame-pointer -fno-stack-protector   conftest.c  >&5
conftest.c:58: warning: conflicting types for built-in function 'strchr'
configure:12561: $? = 0
configure:12561: result: yes
configure:12561: checking for strstr
configure:12561: gcc -o conftest -O2 -march=armv6j -mtune=arm1136jf-s -pipe -fomit-frame-pointer -fno-stack-protector   conftest.c  >&5
conftest.c:59: warning: conflicting types for built-in function 'strstr'
configure:12561: $? = 0
configure:12561: result: yes
configure:12629: checking for pkg-config
configure:12647: found /usr/local/bin/pkg-config
configure:12659: result: /usr/local/bin/pkg-config
configure:12684: checking pkg-config is at least version 0.9.0
configure:12687: result: yes
configure:12697: checking for CHECK
configure:12704: $PKG_CONFIG --exists --print-errors "check >= $CHECK_REQUIRED_VERSION"
Package check was not found in the pkg-config search path.
Perhaps you should add the directory containing `check.pc'
to the PKG_CONFIG_PATH environment variable
No package 'check' found
configure:12707: $? = 1
configure:12721: $PKG_CONFIG --exists --print-errors "check >= $CHECK_REQUIRED_VERSION"
Package check was not found in the pkg-config search path.
Perhaps you should add the directory containing `check.pc'
to the PKG_CONFIG_PATH environment variable
No package 'check' found
configure:12724: $? = 1
configure:12738: result: no
No package 'check' found
configure:12855: checking whether the compiler supports GCC Visibility
configure:12873: gcc -c -O2 -march=armv6j -mtune=arm1136jf-s -pipe -fomit-frame-pointer -fno-stack-protector  conftest.c >&5
configure:12873: $? = 0
configure:12884: result: yes
configure:13094: creating ./config.status

## ---------------------- ##
## Running config.status. ##
## ---------------------- ##

This file was extended by libchewing config.status 0.3.3, which was
generated by GNU Autoconf 2.68.  Invocation command line was

  CONFIG_FILES    = 
  CONFIG_HEADERS  = 
  CONFIG_LINKS    = 
  CONFIG_COMMANDS = 
  $ ./config.status 

on tjw-pc

config.status:1141: creating Makefile
config.status:1141: creating data/Makefile
config.status:1141: creating src/Makefile
config.status:1141: creating src/porting_layer/Makefile
config.status:1141: creating src/porting_layer/src/Makefile
config.status:1141: creating src/common/Makefile
config.status:1141: creating src/tools/Makefile
config.status:1141: creating test/Makefile
config.status:1141: creating chewing.pc
config.status:1141: creating libchewing.spec
config.status:1141: creating Doxyfile
config.status:1141: creating include/config.h
config.status:1322: include/config.h is unchanged
config.status:1370: executing depfiles commands
config.status:1370: executing libtool commands
configure:15352: result:
Build options:
  Version                 0.3.3
  Install prefix          /usr
  Enable debug            false
  Enable binary data      yes
  Build Unit Test         
  Build TextUI sample     no


## ---------------- ##
## Cache variables. ##
## ---------------- ##

ac_cv_build=arm-unknown-linux-gnueabi
ac_cv_c_compiler_gnu=yes
ac_cv_c_const=yes
ac_cv_env_CC_set=
ac_cv_env_CC_value=
ac_cv_env_CFLAGS_set=set
ac_cv_env_CFLAGS_value='-O2 -march=armv6j -mtune=arm1136jf-s -pipe -fomit-frame-pointer -fno-stack-protector'
ac_cv_env_CHECK_CFLAGS_set=
ac_cv_env_CHECK_CFLAGS_value=
ac_cv_env_CHECK_LIBS_set=
ac_cv_env_CHECK_LIBS_value=
ac_cv_env_CPPFLAGS_set=
ac_cv_env_CPPFLAGS_value=
ac_cv_env_CPP_set=
ac_cv_env_CPP_value=
ac_cv_env_LDFLAGS_set=
ac_cv_env_LDFLAGS_value=
ac_cv_env_LIBS_set=
ac_cv_env_LIBS_value=
ac_cv_env_PKG_CONFIG_LIBDIR_set=
ac_cv_env_PKG_CONFIG_LIBDIR_value=
ac_cv_env_PKG_CONFIG_PATH_set=set
ac_cv_env_PKG_CONFIG_PATH_value=/usr/lib/pkgconfig:/usr/local/lib/pkgconfig
ac_cv_env_PKG_CONFIG_set=
ac_cv_env_PKG_CONFIG_value=
ac_cv_env_build_alias_set=
ac_cv_env_build_alias_value=
ac_cv_env_host_alias_set=
ac_cv_env_host_alias_value=
ac_cv_env_target_alias_set=
ac_cv_env_target_alias_value=
ac_cv_func_dlopen=no
ac_cv_func_malloc_0_nonnull=yes
ac_cv_func_memchr=yes
ac_cv_func_memcmp_working=yes
ac_cv_func_memmove=yes
ac_cv_func_memset=yes
ac_cv_func_mkdir=yes
ac_cv_func_shl_load=no
ac_cv_func_strchr=yes
ac_cv_func_strstr=yes
ac_cv_header_dlfcn_h=yes
ac_cv_header_inttypes_h=yes
ac_cv_header_memory_h=yes
ac_cv_header_stdc=yes
ac_cv_header_stdint_h=yes
ac_cv_header_stdlib_h=yes
ac_cv_header_string_h=yes
ac_cv_header_strings_h=yes
ac_cv_header_sys_stat_h=yes
ac_cv_header_sys_types_h=yes
ac_cv_header_unistd_h=yes
ac_cv_host=arm-unknown-linux-gnueabi
ac_cv_lib_dl_dlopen=yes
ac_cv_lib_dld_shl_load=no
ac_cv_objext=o
ac_cv_path_DOT=/scratchbox/devkits/doctools/bin/dot
ac_cv_path_DOXYGEN=/scratchbox/devkits/doctools/bin/doxygen
ac_cv_path_EGREP='/scratchbox/tools/bin/grep -E'
ac_cv_path_FGREP='/scratchbox/tools/bin/grep -F'
ac_cv_path_GREP=/scratchbox/tools/bin/grep
ac_cv_path_PERL=/scratchbox/tools/bin/perl
ac_cv_path_SED=/scratchbox/tools/bin/sed
ac_cv_path_ac_pt_PKG_CONFIG=/usr/local/bin/pkg-config
ac_cv_path_install='/scratchbox/tools/bin/install -c'
ac_cv_path_mkdir=/scratchbox/tools/bin/mkdir
ac_cv_prog_AWK=gawk
ac_cv_prog_CPP='gcc -E'
ac_cv_prog_HAVE_GRAPHVIZ=YES
ac_cv_prog_ac_ct_AR=ar
ac_cv_prog_ac_ct_CC=gcc
ac_cv_prog_ac_ct_DLLTOOL=dlltool
ac_cv_prog_ac_ct_OBJDUMP=objdump
ac_cv_prog_ac_ct_RANLIB=ranlib
ac_cv_prog_ac_ct_STRIP=strip
ac_cv_prog_cc_c89=
ac_cv_prog_cc_g=yes
ac_cv_prog_make_make_set=yes
am_cv_CC_dependencies_compiler_type=gcc3
lt_cv_ar_at_file=@
lt_cv_archive_cmds_need_lc=no
lt_cv_deplibs_check_method=pass_all
lt_cv_dlopen=dlopen
lt_cv_dlopen_libs=-ldl
lt_cv_dlopen_self=yes
lt_cv_dlopen_self_static=no
lt_cv_file_magic_cmd='$MAGIC_CMD'
lt_cv_file_magic_test_file=
lt_cv_ld_reload_flag=-r
lt_cv_nm_interface='BSD nm'
lt_cv_objdir=.libs
lt_cv_path_LD=/scratchbox/compilers/cs2007q3-glibc2.5-arm6/arm-none-linux-gnueabi/bin/ld
lt_cv_path_NM='/scratchbox/compilers/bin/nm -B'
lt_cv_path_mainfest_tool=no
lt_cv_prog_compiler_c_o=yes
lt_cv_prog_compiler_pic='-fPIC -DPIC'
lt_cv_prog_compiler_pic_works=yes
lt_cv_prog_compiler_rtti_exceptions=no
lt_cv_prog_compiler_static_works=yes
lt_cv_prog_gnu_ld=yes
lt_cv_sharedlib_from_linklib_cmd='printf %s\n'
lt_cv_shlibpath_overrides_runpath=no
lt_cv_sys_global_symbol_pipe='sed -n -e '\''s/^.*[	 ]\([ABCDGIRSTW][ABCDGIRSTW]*\)[	 ][	 ]*\([_A-Za-z][_A-Za-z0-9]*\)$/\1 \2 \2/p'\'' | sed '\''/ __gnu_lto/d'\'''
lt_cv_sys_global_symbol_to_c_name_address='sed -n -e '\''s/^: \([^ ]*\)[ ]*$/  {\"\1\", (void *) 0},/p'\'' -e '\''s/^[ABCDGIRSTW]* \([^ ]*\) \([^ ]*\)$/  {"\2", (void *) \&\2},/p'\'''
lt_cv_sys_global_symbol_to_c_name_address_lib_prefix='sed -n -e '\''s/^: \([^ ]*\)[ ]*$/  {\"\1\", (void *) 0},/p'\'' -e '\''s/^[ABCDGIRSTW]* \([^ ]*\) \(lib[^ ]*\)$/  {"\2", (void *) \&\2},/p'\'' -e '\''s/^[ABCDGIRSTW]* \([^ ]*\) \([^ ]*\)$/  {"lib\2", (void *) \&\2},/p'\'''
lt_cv_sys_global_symbol_to_cdecl='sed -n -e '\''s/^T .* \(.*\)$/extern int \1();/p'\'' -e '\''s/^[ABCDGIRSTW]* .* \(.*\)$/extern char \1;/p'\'''
lt_cv_sys_max_cmd_len=98304
lt_cv_to_host_file_cmd=func_convert_file_noop
lt_cv_to_tool_file_cmd=func_convert_file_noop

## ----------------- ##
## Output variables. ##
## ----------------- ##

ACLOCAL='${SHELL} /home/tjw/tjKindle/LIB0/libchewing-0.3.3/autotools/missing --run aclocal-1.11'
AMDEPBACKSLASH='\'
AMDEP_FALSE='#'
AMDEP_TRUE=''
AMTAR='${SHELL} /home/tjw/tjKindle/LIB0/libchewing-0.3.3/autotools/missing --run tar'
AR='ar'
AUTOCONF='${SHELL} /home/tjw/tjKindle/LIB0/libchewing-0.3.3/autotools/missing --run autoconf'
AUTOHEADER='${SHELL} /home/tjw/tjKindle/LIB0/libchewing-0.3.3/autotools/missing --run autoheader'
AUTOMAKE='${SHELL} /home/tjw/tjKindle/LIB0/libchewing-0.3.3/autotools/missing --run automake-1.11'
AWK='gawk'
CC='gcc'
CCDEPMODE='depmode=gcc3'
CC_FOR_BUILD='gcc'
CFLAGS='-O2 -march=armv6j -mtune=arm1136jf-s -pipe -fomit-frame-pointer -fno-stack-protector -fvisibility=hidden'
CHECK_CFLAGS=''
CHECK_LIBS=''
CPP='gcc -E'
CPPFLAGS=''
CYGPATH_W='echo'
DEFS='-DHAVE_CONFIG_H'
DEPDIR='.deps'
DLLTOOL='dlltool'
DOT='/scratchbox/devkits/doctools/bin/dot'
DOXYGEN='/scratchbox/devkits/doctools/bin/doxygen'
DSYMUTIL=''
DUMPBIN=''
ECHO_C=''
ECHO_N='-n'
ECHO_T=''
EGREP='/scratchbox/tools/bin/grep -E'
ENABLE_BINARY_DATA=''
ENABLE_BINARY_DATA_FALSE='#'
ENABLE_BINARY_DATA_TRUE=''
ENABLE_TEXT_UI_FALSE=''
ENABLE_TEXT_UI_TRUE='#'
ENABLE_UNIT_TEST_FALSE=''
ENABLE_UNIT_TEST_TRUE='#'
EXEEXT=''
FGREP='/scratchbox/tools/bin/grep -F'
GREP='/scratchbox/tools/bin/grep'
HAVE_DOXYGEN_FALSE='#'
HAVE_DOXYGEN_TRUE=''
HAVE_GRAPHVIZ='YES'
INSTALL_DATA='${INSTALL} -m 644'
INSTALL_PROGRAM='${INSTALL}'
INSTALL_SCRIPT='${INSTALL}'
INSTALL_STRIP_PROGRAM='$(install_sh) -c -s'
LD='/scratchbox/compilers/cs2007q3-glibc2.5-arm6/arm-none-linux-gnueabi/bin/ld'
LDFLAGS=''
LIBCHEWING_AGE='0'
LIBCHEWING_BINARY_VERSION='1.0.0'
LIBCHEWING_CURRENT='3'
LIBCHEWING_REVISION='1'
LIBDEBUG='false'
LIBOBJS=''
LIBS=''
LIBTOOL='$(SHELL) $(top_builddir)/libtool'
LIBTOOL_DEPS='autotools/ltmain.sh'
LIBTOOL_EXPORT_OPTIONS='-export-symbols-regex "^[^_].*"'
LIPO=''
LN_S='ln -s'
LTLIBOBJS=''
MAKEINFO='${SHELL} /home/tjw/tjKindle/LIB0/libchewing-0.3.3/autotools/missing --run makeinfo'
MANIFEST_TOOL=':'
MKDIR_P='/scratchbox/tools/bin/mkdir -p'
NCURSESW_CFLAGS=''
NCURSESW_LIBS=''
NM='/scratchbox/compilers/bin/nm -B'
NMEDIT=''
OBJDUMP='objdump'
OBJEXT='o'
OTOOL64=''
OTOOL=''
PACKAGE='libchewing'
PACKAGE_BUGREPORT='chewing-devel@googlegroups.com'
PACKAGE_NAME='libchewing'
PACKAGE_STRING='libchewing 0.3.3'
PACKAGE_TARNAME='libchewing'
PACKAGE_URL=''
PACKAGE_VERSION='0.3.3'
PATH_SEPARATOR=':'
PERL='/scratchbox/tools/bin/perl'
PKG_CONFIG='/usr/local/bin/pkg-config'
PKG_CONFIG_LIBDIR=''
PKG_CONFIG_PATH='/usr/lib/pkgconfig:/usr/local/lib/pkgconfig'
RANLIB='ranlib'
SED='/scratchbox/tools/bin/sed'
SET_MAKE=''
SHELL='/bin/sh'
STRIP='strip'
VERSION='0.3.3'
ac_ct_AR='ar'
ac_ct_CC='gcc'
ac_ct_DUMPBIN=''
am__EXEEXT_FALSE=''
am__EXEEXT_TRUE='#'
am__fastdepCC_FALSE='#'
am__fastdepCC_TRUE=''
am__include='include'
am__isrc=''
am__leading_dot='.'
am__quote=''
am__tar='${AMTAR} chof - "$$tardir"'
am__untar='${AMTAR} xf -'
bindir='${exec_prefix}/bin'
build='arm-unknown-linux-gnueabi'
build_alias=''
build_cpu='arm'
build_os='linux-gnueabi'
build_vendor='unknown'
datadir='${datarootdir}'
datarootdir='${prefix}/share'
docdir='${datarootdir}/doc/${PACKAGE_TARNAME}'
dvidir='${docdir}'
exec_prefix='${prefix}'
host='arm-unknown-linux-gnueabi'
host_alias=''
host_cpu='arm'
host_os='linux-gnueabi'
host_vendor='unknown'
htmldir='${docdir}'
includedir='${prefix}/include'
infodir='${datarootdir}/info'
install_sh='${SHELL} /home/tjw/tjKindle/LIB0/libchewing-0.3.3/autotools/install-sh'
libdir='${exec_prefix}/lib'
libexecdir='${exec_prefix}/libexec'
localedir='${datarootdir}/locale'
localstatedir='${prefix}/var'
mandir='${datarootdir}/man'
mkdir_p='/scratchbox/tools/bin/mkdir -p'
oldincludedir='/usr/include'
pdfdir='${docdir}'
prefix='/usr'
program_transform_name='s,x,x,'
psdir='${docdir}'
sbindir='${exec_prefix}/sbin'
sharedstatedir='${prefix}/com'
sysconfdir='${prefix}/etc'
target_alias=''

## ----------- ##
## confdefs.h. ##
## ----------- ##

/* confdefs.h */
#define PACKAGE_NAME "libchewing"
#define PACKAGE_TARNAME "libchewing"
#define PACKAGE_VERSION "0.3.3"
#define PACKAGE_STRING "libchewing 0.3.3"
#define PACKAGE_BUGREPORT "chewing-devel@googlegroups.com"
#define PACKAGE_URL ""
#define LIBCHEWING_BINARY_VERSION "1.0.0"
#define LIBCHEWING_VERSION "0.3.3"
#define PACKAGE "libchewing"
#define VERSION "0.3.3"
#define STDC_HEADERS 1
#define HAVE_SYS_TYPES_H 1
#define HAVE_SYS_STAT_H 1
#define HAVE_STDLIB_H 1
#define HAVE_STRING_H 1
#define HAVE_MEMORY_H 1
#define HAVE_STRINGS_H 1
#define HAVE_INTTYPES_H 1
#define HAVE_STDINT_H 1
#define HAVE_UNISTD_H 1
#define HAVE_DLFCN_H 1
#define LT_OBJDIR ".libs/"
#define STDC_HEADERS 1
#define HAVE_STDLIB_H 1
#define HAVE_STRING_H 1
#define HAVE_UNISTD_H 1
#define HAVE_STDLIB_H 1
#define HAVE_MALLOC 1
#define HAVE_MEMCHR 1
#define HAVE_MEMMOVE 1
#define HAVE_MEMSET 1
#define HAVE_MKDIR 1
#define HAVE_STRCHR 1
#define HAVE_STRSTR 1
#define USE_BINARY_DATA 1
#define UNDER_POSIX 1

configure: exit 0
