This file contains any messages produced by compilers while
running configure, to aid debugging if configure makes a mistake.

It was created by WebKit configure 1.1.7, which was
generated by GNU Autoconf 2.61.  Invocation command line was

  $ ./configure 

## --------- ##
## Platform. ##
## --------- ##

hostname = tjw-pc
uname -m = arm
uname -r = 2.6.38-10-generic
uname -s = Linux
uname -v = #46-Ubuntu SMP Tue Jun 28 15:07:17 UTC 2011

/usr/bin/uname -p = unknown
/bin/uname -X     = unknown

/bin/arch              = arm
/usr/bin/arch -k       = arm
/usr/convex/getsysinfo = unknown
/usr/bin/hostinfo      = unknown
/bin/machine           = unknown
/usr/bin/oslevel       = unknown
/bin/universe          = unknown

PATH: /host_usr/bin
PATH: /scratchbox/devkits/debian-lenny/bin
PATH: /scratchbox/devkits/svn/bin
PATH: /scratchbox/devkits/qemu/bin
PATH: /scratchbox/devkits/perl/bin
PATH: /scratchbox/devkits/git/bin
PATH: /scratchbox/devkits/doctools/bin
PATH: /scratchbox/devkits/debian-sarge/bin
PATH: /scratchbox/devkits/debian-etch/bin
PATH: /scratchbox/devkits/cputransp/bin
PATH: /scratchbox/devkits/apt-https/bin
PATH: /scratchbox/tools/bin
PATH: /targets/links/arch_tools/bin
PATH: /scratchbox/compilers/bin
PATH: /bin
PATH: /usr/bin
PATH: /usr/local/bin
PATH: /usr/X11R6/bin
PATH: /sbin
PATH: /usr/sbin


## ----------- ##
## Core tests. ##
## ----------- ##

configure:2263: checking build system type
configure:2281: result: arm-unknown-linux-gnu
configure:2303: checking host system type
configure:2318: result: arm-unknown-linux-gnu
configure:2367: checking for a BSD-compatible install
configure:2423: result: /scratchbox/tools/bin/install -c
configure:2434: checking whether build environment is sane
configure:2477: result: yes
configure:2542: checking for gawk
configure:2558: found /scratchbox/tools/bin/gawk
configure:2569: result: gawk
configure:2580: checking whether make sets $(MAKE)
configure:2601: result: yes
configure:2780: checking how to create a ustar tar archive
configure:2793: tar --version
tar (GNU tar) 1.15.1
configure:2796: $? = 0
configure:2836: tardir=conftest.dir && eval tar --format=ustar -chf - "$tardir" >conftest.tar
configure:2839: $? = 0
configure:2843: tar -xf - <conftest.tar
configure:2846: $? = 0
configure:2859: result: gnutar
configure:2869: checking for native Win32
configure:2879: result: no
configure:2916: checking for style of include used by make
configure:2944: result: GNU
configure:3017: checking for gcc
configure:3033: found /scratchbox/compilers/bin/gcc
configure:3044: result: gcc
configure:3282: checking for C compiler version
configure:3289: gcc --version >&5
sbox-arm-none-linux-gnueabi-gcc (GCC) 4.2.1
Copyright (C) 2007 Free Software Foundation, Inc.
This is free software; see the source for copying conditions.  There is NO
warranty; not even for MERCHANTABILITY or FITNESS FOR A PARTICULAR PURPOSE.

configure:3292: $? = 0
configure:3299: gcc -v >&5
Using built-in specs.
Reading specs from /scratchbox/compilers/cs2007q3-glibc2.5-arm6/gcc.specs
rename spec cpp to old_cpp
rename spec cc1 to old_cc1
rename spec cc1plus to old_cc1plus
rename spec link to old_link
Target: arm-none-linux-gnueabi
Configured with: /home/jhakala/cs2007q3-sb5/arm/src/gcc-4.2/configure --build=i686-pc-linux-gnu --host=i686-pc-linux-gnu --target=arm-none-linux-gnueabi --enable-threads --disable-libmudflap --disable-libssp --disable-libgomp --disable-libstdcxx-pch --with-gnu-as --with-gnu-ld --enable-languages=c,c++ --enable-shared --enable-symvers=gnu --enable-__cxa_atexit --disable-nls --prefix=/opt/maemo --with-sysroot=/opt/maemo/arm-none-linux-gnueabi/libc --with-build-sysroot=/home/jhakala/cs2007q3-sb5/arm/install/arm-none-linux-gnueabi/libc --with-build-time-tools=/home/jhakala/cs2007q3-sb5/arm/install/arm-none-linux-gnueabi/bin
Thread model: posix
gcc version 4.2.1
configure:3302: $? = 0
configure:3309: gcc -V >&5
sbox-arm-none-linux-gnueabi-gcc: '-V' must come at the start of the command line
configure:3312: $? = 1
configure:3335: checking for C compiler default output file name
configure:3362: gcc    conftest.c  >&5
configure:3365: $? = 0
configure:3403: result: a.out
configure:3420: checking whether the C compiler works
configure:3430: ./a.out
configure:3433: $? = 0
configure:3450: result: yes
configure:3457: checking whether we are cross compiling
configure:3459: result: no
configure:3462: checking for suffix of executables
configure:3469: gcc -o conftest    conftest.c  >&5
configure:3472: $? = 0
configure:3496: result: 
configure:3502: checking for suffix of object files
configure:3528: gcc -c   conftest.c >&5
configure:3531: $? = 0
configure:3554: result: o
configure:3558: checking whether we are using the GNU C compiler
configure:3587: gcc -c   conftest.c >&5
configure:3593: $? = 0
configure:3610: result: yes
configure:3615: checking whether gcc accepts -g
configure:3645: gcc -c -g  conftest.c >&5
configure:3651: $? = 0
configure:3750: result: yes
configure:3767: checking for gcc option to accept ISO C89
configure:3841: gcc  -c -g -O2  conftest.c >&5
configure:3847: $? = 0
configure:3870: result: none needed
configure:3890: checking dependency style of gcc
configure:3980: result: gcc3
configure:3999: checking whether gcc and cc understand -c and -o together
configure:4034: gcc -c conftest.c -o conftest2.o >&5
configure:4037: $? = 0
configure:4043: gcc -c conftest.c -o conftest2.o >&5
configure:4046: $? = 0
configure:4057: cc -c conftest.c >&5
configure:4060: $? = 0
configure:4068: cc -c conftest.c -o conftest2.o >&5
configure:4071: $? = 0
configure:4077: cc -c conftest.c -o conftest2.o >&5
configure:4080: $? = 0
configure:4098: result: yes
configure:4116: checking how to run the C preprocessor
configure:4156: gcc -E  conftest.c
configure:4162: $? = 0
configure:4193: gcc -E  conftest.c
conftest.c:10:28: error: ac_nonexistent.h: No such file or directory
configure:4199: $? = 1
configure: failed program was:
| /* confdefs.h.  */
| #define PACKAGE_NAME "WebKit"
| #define PACKAGE_TARNAME "webkit"
| #define PACKAGE_VERSION "1.1.7"
| #define PACKAGE_STRING "WebKit 1.1.7"
| #define PACKAGE_BUGREPORT "http://bugs.webkit.org/"
| #define PACKAGE "webkit"
| #define VERSION "1.1.7"
| /* end confdefs.h.  */
| #include <ac_nonexistent.h>
configure:4232: result: gcc -E
configure:4261: gcc -E  conftest.c
configure:4267: $? = 0
configure:4298: gcc -E  conftest.c
conftest.c:10:28: error: ac_nonexistent.h: No such file or directory
configure:4304: $? = 1
configure: failed program was:
| /* confdefs.h.  */
| #define PACKAGE_NAME "WebKit"
| #define PACKAGE_TARNAME "webkit"
| #define PACKAGE_VERSION "1.1.7"
| #define PACKAGE_STRING "WebKit 1.1.7"
| #define PACKAGE_BUGREPORT "http://bugs.webkit.org/"
| #define PACKAGE "webkit"
| #define VERSION "1.1.7"
| /* end confdefs.h.  */
| #include <ac_nonexistent.h>
configure:4342: checking for grep that handles long lines and -e
configure:4416: result: /scratchbox/tools/bin/grep
configure:4421: checking for egrep
configure:4499: result: /scratchbox/tools/bin/grep -E
configure:4518: checking for sys/types.h
configure:4539: gcc -c -g -O2  conftest.c >&5
configure:4545: $? = 0
configure:4561: result: yes
configure:4518: checking for sys/stat.h
configure:4539: gcc -c -g -O2  conftest.c >&5
configure:4545: $? = 0
configure:4561: result: yes
configure:4518: checking for stdlib.h
configure:4539: gcc -c -g -O2  conftest.c >&5
configure:4545: $? = 0
configure:4561: result: yes
configure:4518: checking for string.h
configure:4539: gcc -c -g -O2  conftest.c >&5

## ---------------- ##
## Cache variables. ##
## ---------------- ##

ac_cv_build=arm-unknown-linux-gnu
ac_cv_c_compiler_gnu=yes
ac_cv_env_CAIRO_CFLAGS_set=
ac_cv_env_CAIRO_CFLAGS_value=
ac_cv_env_CAIRO_LIBS_set=
ac_cv_env_CAIRO_LIBS_value=
ac_cv_env_CCC_set=
ac_cv_env_CCC_value=
ac_cv_env_CC_set=
ac_cv_env_CC_value=
ac_cv_env_CFLAGS_set=
ac_cv_env_CFLAGS_value=
ac_cv_env_CPPFLAGS_set=
ac_cv_env_CPPFLAGS_value=
ac_cv_env_CPP_set=
ac_cv_env_CPP_value=
ac_cv_env_CXXCPP_set=
ac_cv_env_CXXCPP_value=
ac_cv_env_CXXFLAGS_set=
ac_cv_env_CXXFLAGS_value=
ac_cv_env_CXX_set=
ac_cv_env_CXX_value=
ac_cv_env_ENCHANT_CFLAGS_set=
ac_cv_env_ENCHANT_CFLAGS_value=
ac_cv_env_ENCHANT_LIBS_set=
ac_cv_env_ENCHANT_LIBS_value=
ac_cv_env_F77_set=
ac_cv_env_F77_value=
ac_cv_env_FFLAGS_set=
ac_cv_env_FFLAGS_value=
ac_cv_env_FREETYPE_CFLAGS_set=
ac_cv_env_FREETYPE_CFLAGS_value=
ac_cv_env_FREETYPE_LIBS_set=
ac_cv_env_FREETYPE_LIBS_value=
ac_cv_env_GEOCLUE_CFLAGS_set=
ac_cv_env_GEOCLUE_CFLAGS_value=
ac_cv_env_GEOCLUE_LIBS_set=
ac_cv_env_GEOCLUE_LIBS_value=
ac_cv_env_GLIB_CFLAGS_set=
ac_cv_env_GLIB_CFLAGS_value=
ac_cv_env_GLIB_LIBS_set=
ac_cv_env_GLIB_LIBS_value=
ac_cv_env_GNOMEKEYRING_CFLAGS_set=
ac_cv_env_GNOMEKEYRING_CFLAGS_value=
ac_cv_env_GNOMEKEYRING_LIBS_set=
ac_cv_env_GNOMEKEYRING_LIBS_value=
ac_cv_env_GSTREAMER_CFLAGS_set=
ac_cv_env_GSTREAMER_CFLAGS_value=
ac_cv_env_GSTREAMER_LIBS_set=
ac_cv_env_GSTREAMER_LIBS_value=
ac_cv_env_GTK_CFLAGS_set=
ac_cv_env_GTK_CFLAGS_value=
ac_cv_env_GTK_LIBS_set=
ac_cv_env_GTK_LIBS_value=
ac_cv_env_HILDON_CFLAGS_set=
ac_cv_env_HILDON_CFLAGS_value=
ac_cv_env_HILDON_LIBS_set=
ac_cv_env_HILDON_LIBS_value=
ac_cv_env_LDFLAGS_set=
ac_cv_env_LDFLAGS_value=
ac_cv_env_LIBSOUP_CFLAGS_set=
ac_cv_env_LIBSOUP_CFLAGS_value=
ac_cv_env_LIBSOUP_LIBS_set=
ac_cv_env_LIBSOUP_LIBS_value=
ac_cv_env_LIBS_set=
ac_cv_env_LIBS_value=
ac_cv_env_LIBXML_CFLAGS_set=
ac_cv_env_LIBXML_CFLAGS_value=
ac_cv_env_LIBXML_LIBS_set=
ac_cv_env_LIBXML_LIBS_value=
ac_cv_env_LIBXSLT_CFLAGS_set=
ac_cv_env_LIBXSLT_CFLAGS_value=
ac_cv_env_LIBXSLT_LIBS_set=
ac_cv_env_LIBXSLT_LIBS_value=
ac_cv_env_PANGO_CFLAGS_set=
ac_cv_env_PANGO_CFLAGS_value=
ac_cv_env_PANGO_LIBS_set=
ac_cv_env_PANGO_LIBS_value=
ac_cv_env_PKG_CONFIG_set=
ac_cv_env_PKG_CONFIG_value=
ac_cv_env_SQLITE3_CFLAGS_set=
ac_cv_env_SQLITE3_CFLAGS_value=
ac_cv_env_SQLITE3_LIBS_set=
ac_cv_env_SQLITE3_LIBS_value=
ac_cv_env_XT_CFLAGS_set=
ac_cv_env_XT_CFLAGS_value=
ac_cv_env_XT_LIBS_set=
ac_cv_env_XT_LIBS_value=
ac_cv_env_build_alias_set=
ac_cv_env_build_alias_value=
ac_cv_env_host_alias_set=
ac_cv_env_host_alias_value=
ac_cv_env_target_alias_set=
ac_cv_env_target_alias_value=
ac_cv_header_stdlib_h=yes
ac_cv_header_sys_stat_h=yes
ac_cv_header_sys_types_h=yes
ac_cv_host=arm-unknown-linux-gnu
ac_cv_objext=o
ac_cv_path_EGREP='/scratchbox/tools/bin/grep -E'
ac_cv_path_GREP=/scratchbox/tools/bin/grep
ac_cv_path_install='/scratchbox/tools/bin/install -c'
ac_cv_prog_AWK=gawk
ac_cv_prog_CPP='gcc -E'
ac_cv_prog_ac_ct_CC=gcc
ac_cv_prog_cc_c89=
ac_cv_prog_cc_g=yes
ac_cv_prog_cc_gcc_c_o=yes
ac_cv_prog_make_make_set=yes
am_cv_CC_dependencies_compiler_type=gcc3
am_cv_prog_tar_ustar=gnutar

## ----------------- ##
## Output variables. ##
## ----------------- ##

ACLOCAL='${SHELL} /home/tjw/kindle/WebKit-r43841/autotools/missing --run aclocal-1.9'
ACLOCAL_AMFLAGS='-I autotools'
AMDEPBACKSLASH='\'
AMDEP_FALSE='#'
AMDEP_TRUE=''
AMTAR='${SHELL} /home/tjw/kindle/WebKit-r43841/autotools/missing --run tar'
AR=''
AS=''
AUTOCONF='${SHELL} /home/tjw/kindle/WebKit-r43841/autotools/missing --run autoconf'
AUTOHEADER='${SHELL} /home/tjw/kindle/WebKit-r43841/autotools/missing --run autoheader'
AUTOMAKE='${SHELL} /home/tjw/kindle/WebKit-r43841/autotools/missing --run automake-1.9'
AWK='gawk'
BISON=''
CAIRO_CFLAGS=''
CAIRO_LIBS=''
CC='gcc'
CCDEPMODE='depmode=gcc3'
CFLAGS='-g -O2'
COVERAGE_CFLAGS=''
COVERAGE_LDFLAGS=''
CPP='gcc -E'
CPPFLAGS=''
CXX=''
CXXCPP=''
CXXDEPMODE=''
CXXFLAGS=''
CYGPATH_W='echo'
DEFS=''
DEPDIR='.deps'
DLLTOOL=''
DOLT_BASH=''
ECHO='echo'
ECHO_C=''
ECHO_N='-n'
ECHO_T=''
EGREP='/scratchbox/tools/bin/grep -E'
ENABLE_3D_TRANSFORMS_FALSE=''
ENABLE_3D_TRANSFORMS_TRUE=''
ENABLE_CHANNEL_MESSAGING_FALSE=''
ENABLE_CHANNEL_MESSAGING_TRUE=''
ENABLE_COVERAGE_FALSE=''
ENABLE_COVERAGE_TRUE=''
ENABLE_DASHBOARD_SUPPORT_FALSE=''
ENABLE_DASHBOARD_SUPPORT_TRUE=''
ENABLE_DATABASE_FALSE=''
ENABLE_DATABASE_TRUE=''
ENABLE_DEBUG_FALSE=''
ENABLE_DEBUG_TRUE=''
ENABLE_DOM_STORAGE_FALSE=''
ENABLE_DOM_STORAGE_TRUE=''
ENABLE_FAST_MALLOC_FALSE=''
ENABLE_FAST_MALLOC_TRUE=''
ENABLE_GEOLOCATION_FALSE=''
ENABLE_GEOLOCATION_TRUE=''
ENABLE_GTK_DOC_FALSE=''
ENABLE_GTK_DOC_TRUE=''
ENABLE_ICONDATABASE_FALSE=''
ENABLE_ICONDATABASE_TRUE=''
ENABLE_JAVASCRIPT_DEBUGGER_FALSE=''
ENABLE_JAVASCRIPT_DEBUGGER_TRUE=''
ENABLE_OFFLINE_WEB_APPLICATIONS_FALSE=''
ENABLE_OFFLINE_WEB_APPLICATIONS_TRUE=''
ENABLE_SVG_ANIMATION_FALSE=''
ENABLE_SVG_ANIMATION_TRUE=''
ENABLE_SVG_AS_IMAGE_FALSE=''
ENABLE_SVG_AS_IMAGE_TRUE=''
ENABLE_SVG_FALSE=''
ENABLE_SVG_FILTERS_FALSE=''
ENABLE_SVG_FILTERS_TRUE=''
ENABLE_SVG_FONTS_FALSE=''
ENABLE_SVG_FONTS_TRUE=''
ENABLE_SVG_FOREIGN_OBJECT_FALSE=''
ENABLE_SVG_FOREIGN_OBJECT_TRUE=''
ENABLE_SVG_TRUE=''
ENABLE_SVG_USE_FALSE=''
ENABLE_SVG_USE_TRUE=''
ENABLE_VIDEO_FALSE=''
ENABLE_VIDEO_TRUE=''
ENABLE_WML_FALSE=''
ENABLE_WML_TRUE=''
ENABLE_WORKERS_FALSE=''
ENABLE_WORKERS_TRUE=''
ENABLE_XPATH_FALSE=''
ENABLE_XPATH_TRUE=''
ENABLE_XSLT_FALSE=''
ENABLE_XSLT_TRUE=''
ENCHANT_CFLAGS=''
ENCHANT_LIBS=''
EXEEXT=''
F77=''
FFLAGS=''
FLEX=''
FREETYPE_CFLAGS=''
FREETYPE_LIBS=''
GEOCLUE_CFLAGS=''
GEOCLUE_LIBS=''
GETTEXT_PACKAGE=''
GLIB_CFLAGS=''
GLIB_GENMARSHAL=''
GLIB_LIBS=''
GLIB_MKENUMS=''
GNOMEKEYRING_CFLAGS=''
GNOMEKEYRING_LIBS=''
GPERF=''
GREP='/scratchbox/tools/bin/grep'
GSTREAMER_CFLAGS=''
GSTREAMER_LIBS=''
GTKDOC_CHECK=''
GTKDOC_MKPDF=''
GTKDOC_REBASE=''
GTK_CFLAGS=''
GTK_DOC_BUILD_HTML_FALSE=''
GTK_DOC_BUILD_HTML_TRUE=''
GTK_DOC_BUILD_PDF_FALSE=''
GTK_DOC_BUILD_PDF_TRUE=''
GTK_DOC_USE_LIBTOOL_FALSE=''
GTK_DOC_USE_LIBTOOL_TRUE=''
GTK_DOC_USE_REBASE_FALSE=''
GTK_DOC_USE_REBASE_TRUE=''
GTK_LIBS=''
HILDON_CFLAGS=''
HILDON_CPPFLAGS=''
HILDON_LIBS=''
HTML_DIR=''
HTML_FLAGS_FALSE=''
HTML_FLAGS_TRUE=''
INSTALL_DATA='${INSTALL} -m 644'
INSTALL_PROGRAM='${INSTALL}'
INSTALL_SCRIPT='${INSTALL}'
INSTALL_STRIP_PROGRAM='${SHELL} $(install_sh) -c -s'
JPEG_LIBS=''
LDFLAGS=''
LIBOBJS=''
LIBS=''
LIBSOUP_CFLAGS=''
LIBSOUP_LIBS=''
LIBTOOL='/targets/links/arch_tools/bin/libtool'
LIBWEBKITGTK_VERSION='7:0:5'
LIBXML_CFLAGS=''
LIBXML_LIBS=''
LIBXSLT_CFLAGS=''
LIBXSLT_LIBS=''
LN_S=''
LTCOMPILE=''
LTCXXCOMPILE=''
LTLIBOBJS=''
MAKEINFO='${SHELL} /home/tjw/kindle/WebKit-r43841/autotools/missing --run makeinfo'
MV=''
OBJDUMP=''
OBJEXT='o'
OS_FREEBSD_FALSE=''
OS_FREEBSD_TRUE=''
OS_GNU_FALSE=''
OS_GNU_TRUE=''
OS_LINUX_FALSE=''
OS_LINUX_TRUE=''
OS_UNIX_FALSE=''
OS_UNIX_TRUE=''
OS_WIN32_FALSE=''
OS_WIN32_TRUE=''
PACKAGE='webkit'
PACKAGE_BUGREPORT='http://bugs.webkit.org/'
PACKAGE_NAME='WebKit'
PACKAGE_STRING='WebKit 1.1.7'
PACKAGE_TARNAME='webkit'
PACKAGE_VERSION='1.1.7'
PANGO_CFLAGS=''
PANGO_LIBS=''
PATH_SEPARATOR=':'
PERL=''
PKG_CONFIG=''
PNG_LIBS=''
RANLIB=''
SET_MAKE=''
SHELL='/bin/sh'
SQLITE3_CFLAGS=''
SQLITE3_LIBS=''
STRIP=''
SVG_FLAGS_FALSE=''
SVG_FLAGS_TRUE=''
SYMBOL_VISIBILITY=''
SYMBOL_VISIBILITY_INLINES=''
TARGET_DIRECTFB_FALSE=''
TARGET_DIRECTFB_TRUE=''
TARGET_QUARTZ_FALSE=''
TARGET_QUARTZ_TRUE=''
TARGET_WIN32_FALSE=''
TARGET_WIN32_TRUE=''
TARGET_X11_FALSE=''
TARGET_X11_TRUE=''
UNICODE_CFLAGS=''
UNICODE_LIBS=''
USE_FREETYPE_FALSE=''
USE_FREETYPE_TRUE=''
USE_GNOMEKEYRING_FALSE=''
USE_GNOMEKEYRING_TRUE=''
USE_PANGO_FALSE=''
USE_PANGO_TRUE=''
VERSION='1.1.7'
WEBKIT_MAJOR_VERSION='1'
WEBKIT_MICRO_VERSION='7'
WEBKIT_MINOR_VERSION='1'
XT_CFLAGS=''
XT_LIBS=''
ac_ct_CC='gcc'
ac_ct_CXX=''
ac_ct_F77=''
am__fastdepCC_FALSE='#'
am__fastdepCC_TRUE=''
am__fastdepCXX_FALSE=''
am__fastdepCXX_TRUE=''
am__include='include'
am__leading_dot='.'
am__quote=''
am__tar='tar --format=ustar -chf - "$$tardir"'
am__untar='tar -xf -'
bindir='${exec_prefix}/bin'
build='arm-unknown-linux-gnu'
build_alias=''
build_cpu='arm'
build_os='linux-gnu'
build_vendor='unknown'
datadir='${datarootdir}'
datarootdir='${prefix}/share'
docdir='${datarootdir}/doc/${PACKAGE_TARNAME}'
dvidir='${docdir}'
exec_prefix='NONE'
host='arm-unknown-linux-gnu'
host_alias=''
host_cpu='arm'
host_os='linux-gnu'
host_vendor='unknown'
htmldir='${docdir}'
icu_config=''
includedir='${prefix}/include'
infodir='${datarootdir}/info'
install_sh='/home/tjw/kindle/WebKit-r43841/autotools/install-sh'
libdir='${exec_prefix}/lib'
libexecdir='${exec_prefix}/libexec'
localedir='${datarootdir}/locale'
localstatedir='${prefix}/var'
mandir='${datarootdir}/man'
mkdir_p='mkdir -p --'
oldincludedir='/usr/include'
pdfdir='${docdir}'
prefix='NONE'
program_transform_name='s,x,x,'
psdir='${docdir}'
sbindir='${exec_prefix}/sbin'
sharedstatedir='${prefix}/com'
sysconfdir='${prefix}/etc'
target_alias=''

## ----------- ##
## confdefs.h. ##
## ----------- ##

#define PACKAGE_NAME "WebKit"
#define PACKAGE_TARNAME "webkit"
#define PACKAGE_VERSION "1.1.7"
#define PACKAGE_STRING "WebKit 1.1.7"
#define PACKAGE_BUGREPORT "http://bugs.webkit.org/"
#define PACKAGE "webkit"
#define VERSION "1.1.7"
#define HAVE_SYS_TYPES_H 1
#define HAVE_SYS_STAT_H 1
#define HAVE_STDLIB_H 1

configure: caught signal 2
configure: exit 1
