This file contains any messages produced by compilers while
running configure, to aid debugging if configure makes a mistake.

It was created by GNU Autoconf configure 2.68, which was
generated by GNU Autoconf 2.68.  Invocation command line was

  $ ./configure --disable-static

## --------- ##
## Platform. ##
## --------- ##

hostname = tjw-pc
uname -m = arm
uname -r = 2.6.38-11-generic
uname -s = Linux
uname -v = #48-Ubuntu SMP Fri Jul 29 19:02:55 UTC 2011

/usr/bin/uname -p = unknown
/bin/uname -X     = unknown

/bin/arch              = arm
/usr/bin/arch -k       = arm
/usr/convex/getsysinfo = unknown
/usr/bin/hostinfo      = unknown
/bin/machine           = unknown
/usr/bin/oslevel       = unknown
/bin/universe          = unknown

PATH: /home/tjw/kindle/tjKindle
PATH: /usr/local/bin
PATH: /usr/local/bin
PATH: /host_usr/bin
PATH: /scratchbox/devkits/svn/bin
PATH: /scratchbox/devkits/qemu/bin
PATH: /scratchbox/devkits/perl/bin
PATH: /scratchbox/devkits/git/bin
PATH: /scratchbox/devkits/doctools/bin
PATH: /scratchbox/tools/bin
PATH: /targets/links/arch_tools/bin
PATH: /scratchbox/compilers/bin
PATH: /bin
PATH: /usr/bin
PATH: /usr/local/bin
PATH: /usr/X11R6/bin
PATH: /sbin
PATH: /usr/sbin


## ----------- ##
## Core tests. ##
## ----------- ##

configure:1778: checking for a BSD-compatible install
configure:1846: result: /scratchbox/tools/bin/install -c
configure:1857: checking whether build environment is sane
configure:1907: result: yes
configure:2048: checking for a thread-safe mkdir -p
configure:2087: result: /scratchbox/tools/bin/mkdir -p
configure:2100: checking for gawk
configure:2116: found /scratchbox/tools/bin/gawk
configure:2127: result: gawk
configure:2138: checking whether make sets $(MAKE)
configure:2160: result: yes
configure:2245: checking build system type
configure:2259: result: arm-unknown-linux-gnueabi
configure:2279: checking host system type
configure:2292: result: arm-unknown-linux-gnueabi
configure:2319: autobuild project... GNU Autoconf
configure:2325: autobuild revision... 2.68
configure:2341: autobuild timestamp... 20110906T135151Z
configure:2369: checking whether /bin/sh -n is known to work
configure:2388: result: yes
configure:2392: checking for characters that cannot appear in file names
configure:2412: result: none
configure:2418: checking whether directories can have trailing spaces
configure:2432: result: yes
configure:2443: checking for expr
configure:2461: found /scratchbox/tools/bin/expr
configure:2473: result: /scratchbox/tools/bin/expr
configure:2492: checking for GNU M4 that supports accurate traces
configure:2534: result: /scratchbox/tools/bin/m4
configure:2537: checking whether /scratchbox/tools/bin/m4 accepts --gnu
configure:2547: result: no
configure:2558: WARNING: the version of M4 that was found does not support -g
configure:2560: WARNING: using it with POSIXLY_CORRECT set may cause problems
configure:2564: checking how m4 supports trace files
configure:2574: result: --debugfile
configure:2598: checking for perl
configure:2616: found /scratchbox/tools/bin/perl
configure:2629: result: /scratchbox/tools/bin/perl
configure:2648: checking whether /scratchbox/tools/bin/perl Fcntl::flock is implemented
configure:2662: result: yes
configure:2680: checking for emacs
configure:2710: result: no
configure:2680: checking for xemacs
configure:2710: result: no
configure:2763: checking for emacs
configure:2790: result: no
configure:2814: checking where .elc files should go
configure:2843: result: ${datadir}/emacs/site-lisp
configure:2856: checking for grep that handles long lines and -e
configure:2914: result: /scratchbox/tools/bin/grep
configure:2919: checking for egrep
configure:2981: result: /scratchbox/tools/bin/grep -E
configure:2986: checking for a sed that does not truncate output
configure:3050: result: /scratchbox/tools/bin/sed
configure:3060: checking whether make is case sensitive
configure:3075: result: yes
configure:3254: creating ./config.status

## ---------------------- ##
## Running config.status. ##
## ---------------------- ##

This file was extended by GNU Autoconf config.status 2.68, which was
generated by GNU Autoconf 2.68.  Invocation command line was

  CONFIG_FILES    = 
  CONFIG_HEADERS  = 
  CONFIG_LINKS    = 
  CONFIG_COMMANDS = 
  $ ./config.status 

on tjw-pc

config.status:809: creating tests/Makefile
config.status:809: creating tests/atlocal
config.status:809: creating man/Makefile
config.status:809: creating lib/emacs/Makefile
config.status:809: creating Makefile
config.status:809: creating doc/Makefile
config.status:809: creating lib/Makefile
config.status:809: creating lib/Autom4te/Makefile
config.status:809: creating lib/autoscan/Makefile
config.status:809: creating lib/m4sugar/Makefile
config.status:809: creating lib/autoconf/Makefile
config.status:809: creating lib/autotest/Makefile
config.status:809: creating bin/Makefile
config.status:1012: executing tests/atconfig commands
configure:4373: WARNING: unrecognized options: --disable-static

## ---------------- ##
## Cache variables. ##
## ---------------- ##

ac_cv_build=arm-unknown-linux-gnueabi
ac_cv_dir_trailing_space=yes
ac_cv_env_EMACSLOADPATH_set=
ac_cv_env_EMACSLOADPATH_value=
ac_cv_env_EMACS_set=
ac_cv_env_EMACS_value=
ac_cv_env_M4_set=
ac_cv_env_M4_value=
ac_cv_env_build_alias_set=
ac_cv_env_build_alias_value=
ac_cv_env_host_alias_set=
ac_cv_env_host_alias_value=
ac_cv_env_target_alias_set=
ac_cv_env_target_alias_value=
ac_cv_host=arm-unknown-linux-gnueabi
ac_cv_path_EGREP='/scratchbox/tools/bin/grep -E'
ac_cv_path_EXPR=/scratchbox/tools/bin/expr
ac_cv_path_GREP=/scratchbox/tools/bin/grep
ac_cv_path_M4=/scratchbox/tools/bin/m4
ac_cv_path_PERL=/scratchbox/tools/bin/perl
ac_cv_path_SED=/scratchbox/tools/bin/sed
ac_cv_path_install='/scratchbox/tools/bin/install -c'
ac_cv_path_mkdir=/scratchbox/tools/bin/mkdir
ac_cv_perl_flock_implemented=yes
ac_cv_prog_AWK=gawk
ac_cv_prog_EMACS=no
ac_cv_prog_gnu_m4_debugfile=--debugfile
ac_cv_prog_gnu_m4_gnu=no
ac_cv_prog_make_make_case=yes
ac_cv_prog_make_make_set=yes
ac_cv_sh_n_works=yes
ac_cv_unsupported_fs_chars=
am_cv_lispdir='${datadir}/emacs/site-lisp'

## ----------------- ##
## Output variables. ##
## ----------------- ##

ACLOCAL='${SHELL} /home/tjw/tjKindle/autotools/autoconf-2.68/build-aux/missing --run aclocal-1.11'
AMTAR='${SHELL} /home/tjw/tjKindle/autotools/autoconf-2.68/build-aux/missing --run tar'
AUTOCONF='${SHELL} /home/tjw/tjKindle/autotools/autoconf-2.68/build-aux/missing --run autoconf'
AUTOHEADER='${SHELL} /home/tjw/tjKindle/autotools/autoconf-2.68/build-aux/missing --run autoheader'
AUTOMAKE='${SHELL} /home/tjw/tjKindle/autotools/autoconf-2.68/build-aux/missing --run automake-1.11'
AWK='gawk'
CYGPATH_W='echo'
DEFS='-DPACKAGE_NAME=\"GNU\ Autoconf\" -DPACKAGE_TARNAME=\"autoconf\" -DPACKAGE_VERSION=\"2.68\" -DPACKAGE_STRING=\"GNU\ Autoconf\ 2.68\" -DPACKAGE_BUGREPORT=\"bug-autoconf@gnu.org\" -DPACKAGE_URL=\"http://www.gnu.org/software/autoconf/\" -DPACKAGE=\"autoconf\" -DVERSION=\"2.68\"'
ECHO_C=''
ECHO_N='-n'
ECHO_T=''
EGREP='/scratchbox/tools/bin/grep -E'
EMACS='no'
EMACSLOADPATH=''
EXPR='/scratchbox/tools/bin/expr'
GREP='/scratchbox/tools/bin/grep'
HELP2MAN='${SHELL} /home/tjw/tjKindle/autotools/autoconf-2.68/build-aux/missing --run help2man'
INSTALL_DATA='${INSTALL} -m 644'
INSTALL_PROGRAM='${INSTALL}'
INSTALL_SCRIPT='${INSTALL}'
INSTALL_STRIP_PROGRAM='$(install_sh) -c -s'
LIBOBJS=''
LIBS=''
LTLIBOBJS=''
M4='/scratchbox/tools/bin/m4'
M4_DEBUGFILE='--debugfile'
M4_GNU=''
MAKEINFO='${SHELL} /home/tjw/tjKindle/autotools/autoconf-2.68/build-aux/missing --run makeinfo'
MAKE_CASE_SENSITIVE_FALSE='#'
MAKE_CASE_SENSITIVE_TRUE=''
MKDIR_P='/scratchbox/tools/bin/mkdir -p'
PACKAGE='autoconf'
PACKAGE_BUGREPORT='bug-autoconf@gnu.org'
PACKAGE_NAME='GNU Autoconf'
PACKAGE_STRING='GNU Autoconf 2.68'
PACKAGE_TARNAME='autoconf'
PACKAGE_URL='http://www.gnu.org/software/autoconf/'
PACKAGE_VERSION='2.68'
PATH_SEPARATOR=':'
PERL='/scratchbox/tools/bin/perl'
PERL_FLOCK='yes'
SED='/scratchbox/tools/bin/sed'
SET_MAKE=''
SHELL='/bin/sh'
STRIP=''
TEST_EMACS='no'
VERSION='2.68'
ac_cv_dir_trailing_space='yes'
ac_cv_sh_n_works='yes'
ac_cv_unsupported_fs_chars=''
am__isrc=''
am__leading_dot='.'
am__tar='${AMTAR} chof - "$$tardir"'
am__untar='${AMTAR} xf -'
bindir='${exec_prefix}/bin'
build='arm-unknown-linux-gnueabi'
build_alias=''
build_cpu='arm'
build_os='linux-gnueabi'
build_vendor='unknown'
datadir='${datarootdir}'
datarootdir='${prefix}/share'
docdir='${datarootdir}/doc/${PACKAGE_TARNAME}'
dvidir='${docdir}'
exec_prefix='${prefix}'
host='arm-unknown-linux-gnueabi'
host_alias=''
host_cpu='arm'
host_os='linux-gnueabi'
host_vendor='unknown'
htmldir='${docdir}'
includedir='${prefix}/include'
infodir='${datarootdir}/info'
install_sh='${SHELL} /home/tjw/tjKindle/autotools/autoconf-2.68/build-aux/install-sh'
libdir='${exec_prefix}/lib'
libexecdir='${exec_prefix}/libexec'
lispdir='${datadir}/emacs/site-lisp'
localedir='${datarootdir}/locale'
localstatedir='${prefix}/var'
mandir='${datarootdir}/man'
mkdir_p='/scratchbox/tools/bin/mkdir -p'
oldincludedir='/usr/include'
pdfdir='${docdir}'
prefix='/usr/local'
program_transform_name='s,x,x,'
psdir='${docdir}'
sbindir='${exec_prefix}/sbin'
sharedstatedir='${prefix}/com'
sysconfdir='${prefix}/etc'
target_alias=''

## ----------- ##
## confdefs.h. ##
## ----------- ##

/* confdefs.h */
#define PACKAGE_NAME "GNU Autoconf"
#define PACKAGE_TARNAME "autoconf"
#define PACKAGE_VERSION "2.68"
#define PACKAGE_STRING "GNU Autoconf 2.68"
#define PACKAGE_BUGREPORT "bug-autoconf@gnu.org"
#define PACKAGE_URL "http://www.gnu.org/software/autoconf/"
#define PACKAGE "autoconf"
#define VERSION "2.68"

configure: exit 0
