CurrencyData.res
af.res
af_ZA.res
am.res
am_ET.res
ar.res
ar_AE.res
ar_BH.res
ar_DZ.res
ar_EG.res
ar_IQ.res
ar_JO.res
ar_KW.res
ar_LB.res
ar_LY.res
ar_MA.res
ar_OM.res
ar_QA.res
ar_SA.res
ar_SD.res
ar_SY.res
ar_TN.res
ar_YE.res
as.res
as_IN.res
az.res
az_AZ.res
az_Cyrl.res
az_Cyrl_AZ.res
az_Latn.res
az_Latn_AZ.res
be.res
be_BY.res
bg.res
bg_BG.res
bn.res
bn_IN.res
brkitr/char.brk
brkitr/en.res
brkitr/en_US.res
brkitr/en_US_POSIX.res
brkitr/ja.res
brkitr/line.brk
brkitr/res_index.res
brkitr/root.res
brkitr/sent.brk
brkitr/thaidict.ctd
brkitr/title.brk
brkitr/word.brk
brkitr/word_POSIX.brk
brkitr/word_ja.brk
ca.res
ca_ES.res
cns-11643-1992.cnv
cnvalias.icu
coll/ar.res
coll/ar_AE.res
coll/ar_BH.res
coll/ar_DZ.res
coll/ar_EG.res
coll/ar_IQ.res
coll/ar_JO.res
coll/ar_KW.res
coll/ar_LB.res
coll/ar_LY.res
coll/ar_MA.res
coll/ar_OM.res
coll/ar_QA.res
coll/ar_SA.res
coll/ar_SD.res
coll/ar_SY.res
coll/ar_TN.res
coll/ar_YE.res
coll/as.res
coll/as_IN.res
coll/be.res
coll/be_BY.res
coll/bg.res
coll/bg_BG.res
coll/bn.res
coll/ca.res
coll/ca_ES.res
coll/cs.res
coll/cs_CZ.res
coll/da.res
coll/da_DK.res
coll/de.res
coll/de_.res
coll/de_AT.res
coll/de_BE.res
coll/de_CH.res
coll/de_DE.res
coll/de_LU.res
coll/de__PHONEBOOK.res
coll/el.res
coll/el_GR.res
coll/en.res
coll/en_AU.res
coll/en_BE.res
coll/en_BW.res
coll/en_CA.res
coll/en_GB.res
coll/en_HK.res
coll/en_IE.res
coll/en_IN.res
coll/en_MT.res
coll/en_NZ.res
coll/en_PH.res
coll/en_SG.res
coll/en_US.res
coll/en_US_POSIX.res
coll/en_VI.res
coll/en_ZA.res
coll/en_ZW.res
coll/eo.res
coll/es.res
coll/es_.res
coll/es_AR.res
coll/es_BO.res
coll/es_CL.res
coll/es_CO.res
coll/es_CR.res
coll/es_DO.res
coll/es_EC.res
coll/es_ES.res
coll/es_GT.res
coll/es_HN.res
coll/es_MX.res
coll/es_NI.res
coll/es_PA.res
coll/es_PE.res
coll/es_PR.res
coll/es_PY.res
coll/es_SV.res
coll/es_US.res
coll/es_UY.res
coll/es_VE.res
coll/es__TRADITIONAL.res
coll/et.res
coll/et_EE.res
coll/fa.res
coll/fa_AF.res
coll/fa_IR.res
coll/fi.res
coll/fi_FI.res
coll/fo.res
coll/fo_FO.res
coll/fr.res
coll/fr_BE.res
coll/fr_CA.res
coll/fr_CH.res
coll/fr_FR.res
coll/fr_LU.res
coll/ga.res
coll/ga_IE.res
coll/gu.res
coll/gu_IN.res
coll/haw.res
coll/he.res
coll/he_IL.res
coll/hi.res
coll/hi_.res
coll/hi_IN.res
coll/hi__DIRECT.res
coll/hr.res
coll/hr_HR.res
coll/hu.res
coll/hu_HU.res
coll/id.res
coll/id_ID.res
coll/in.res
coll/in_ID.res
coll/is.res
coll/is_IS.res
coll/it.res
coll/it_CH.res
coll/it_IT.res
coll/iw.res
coll/iw_IL.res
coll/ja.res
coll/ja_JP.res
coll/kk.res
coll/kk_KZ.res
coll/kl.res
coll/kl_GL.res
coll/kn.res
coll/kn_IN.res
coll/ko.res
coll/ko_KR.res
coll/kok.res
coll/lt.res
coll/lt_LT.res
coll/lv.res
coll/lv_LV.res
coll/mk.res
coll/mk_MK.res
coll/ml.res
coll/mr.res
coll/mr_IN.res
coll/ms.res
coll/ms_BN.res
coll/ms_MY.res
coll/mt.res
coll/mt_MT.res
coll/nb.res
coll/nb_NO.res
coll/nl.res
coll/nl_BE.res
coll/nl_NL.res
coll/nn.res
coll/nn_NO.res
coll/om.res
coll/om_ET.res
coll/om_KE.res
coll/or.res
coll/pa.res
coll/pa_IN.res
coll/pl.res
coll/pl_PL.res
coll/ps.res
coll/ps_AF.res
coll/pt.res
coll/pt_BR.res
coll/pt_PT.res
coll/res_index.res
coll/ro.res
coll/ro_RO.res
coll/root.res
coll/ru.res
coll/ru_RU.res
coll/ru_UA.res
coll/sh.res
coll/sh_BA.res
coll/sh_YU.res
coll/sk.res
coll/sk_SK.res
coll/sl.res
coll/sl_SI.res
coll/sq.res
coll/sq_AL.res
coll/sr.res
coll/sr_BA.res
coll/sr_Cyrl.res
coll/sr_Cyrl_BA.res
coll/sr_Cyrl_YU.res
coll/sr_YU.res
coll/sv.res
coll/sv_FI.res
coll/sv_SE.res
coll/ta.res
coll/ta_IN.res
coll/te.res
coll/te_IN.res
coll/th.res
coll/th_TH.res
coll/tr.res
coll/tr_TR.res
coll/uk.res
coll/uk_UA.res
coll/vi.res
coll/vi_VN.res
coll/zh.res
coll/zh_.res
coll/zh_CN.res
coll/zh_HK.res
coll/zh_Hant.res
coll/zh_MO.res
coll/zh_SG.res
coll/zh_TW.res
coll/zh_TW_STROKE.res
coll/zh__PINYIN.res
cs.res
cs_CZ.res
cy.res
cy_GB.res
da.res
da_DK.res
de.res
de_AT.res
de_BE.res
de_CH.res
de_DE.res
de_LU.res
ebcdic-xml-us.cnv
el.res
el_GR.res
en.res
en_AU.res
en_BE.res
en_BW.res
en_CA.res
en_GB.res
en_HK.res
en_IE.res
en_IN.res
en_MT.res
en_NZ.res
en_PH.res
en_PK.res
en_RH.res
en_SG.res
en_US.res
en_US_POSIX.res
en_VI.res
en_ZA.res
en_ZW.res
eo.res
es.res
es_AR.res
es_BO.res
es_CL.res
es_CO.res
es_CR.res
es_DO.res
es_EC.res
es_ES.res
es_GT.res
es_HN.res
es_MX.res
es_NI.res
es_PA.res
es_PE.res
es_PR.res
es_PY.res
es_SV.res
es_US.res
es_UY.res
es_VE.res
et.res
et_EE.res
eu.res
eu_ES.res
fa.res
fa_AF.res
fa_IR.res
fi.res
fi_FI.res
fo.res
fo_FO.res
fr.res
fr_BE.res
fr_CA.res
fr_CH.res
fr_FR.res
fr_LU.res
ga.res
ga_IE.res
gb18030.cnv
gl.res
gl_ES.res
gu.res
gu_IN.res
gv.res
gv_GB.res
haw.res
haw_US.res
he.res
he_IL.res
hi.res
hi_IN.res
hr.res
hr_HR.res
hu.res
hu_HU.res
hy.res
hy_AM.res
hy_AM_REVISED.res
ibm-1006_P100-1995.cnv
ibm-1025_P100-1995.cnv
ibm-1026_P100-1995.cnv
ibm-1047_P100-1995.cnv
ibm-1051_P100-1995.cnv
ibm-1089_P100-1995.cnv
ibm-1097_P100-1995.cnv
ibm-1098_P100-1995.cnv
ibm-1112_P100-1995.cnv
ibm-1122_P100-1999.cnv
ibm-1123_P100-1995.cnv
ibm-1124_P100-1996.cnv
ibm-1125_P100-1997.cnv
ibm-1129_P100-1997.cnv
ibm-1130_P100-1997.cnv
ibm-1131_P100-1997.cnv
ibm-1132_P100-1998.cnv
ibm-1133_P100-1997.cnv
ibm-1137_P100-1999.cnv
ibm-1140_P100-1997.cnv
ibm-1141_P100-1997.cnv
ibm-1142_P100-1997.cnv
ibm-1143_P100-1997.cnv
ibm-1144_P100-1997.cnv
ibm-1145_P100-1997.cnv
ibm-1146_P100-1997.cnv
ibm-1147_P100-1997.cnv
ibm-1148_P100-1997.cnv
ibm-1149_P100-1997.cnv
ibm-1153_P100-1999.cnv
ibm-1154_P100-1999.cnv
ibm-1155_P100-1999.cnv
ibm-1156_P100-1999.cnv
ibm-1157_P100-1999.cnv
ibm-1158_P100-1999.cnv
ibm-1160_P100-1999.cnv
ibm-1162_P100-1999.cnv
ibm-1164_P100-1999.cnv
ibm-1168_P100-2002.cnv
ibm-1250_P100-1995.cnv
ibm-1251_P100-1995.cnv
ibm-1252_P100-2000.cnv
ibm-1253_P100-1995.cnv
ibm-1254_P100-1995.cnv
ibm-1255_P100-1995.cnv
ibm-1256_P110-1997.cnv
ibm-1257_P100-1995.cnv
ibm-1258_P100-1997.cnv
ibm-12712_P100-1998.cnv
ibm-1276_P100-1995.cnv
ibm-1363_P110-1997.cnv
ibm-1363_P11B-1998.cnv
ibm-1364_P110-1997.cnv
ibm-1371_P100-1999.cnv
ibm-1373_P100-2002.cnv
ibm-1375_P100-2003.cnv
ibm-1383_P110-1999.cnv
ibm-1386_P100-2002.cnv
ibm-1388_P103-2001.cnv
ibm-1390_P110-2003.cnv
ibm-1399_P110-2003.cnv
ibm-16684_P110-2003.cnv
ibm-16804_X110-1999.cnv
ibm-273_P100-1995.cnv
ibm-277_P100-1995.cnv
ibm-278_P100-1995.cnv
ibm-280_P100-1995.cnv
ibm-284_P100-1995.cnv
ibm-285_P100-1995.cnv
ibm-290_P100-1995.cnv
ibm-297_P100-1995.cnv
ibm-33722_P120-1999.cnv
ibm-33722_P12A-1999.cnv
ibm-367_P100-1995.cnv
ibm-37_P100-1995.cnv
ibm-420_X120-1999.cnv
ibm-424_P100-1995.cnv
ibm-437_P100-1995.cnv
ibm-4517_P100-2005.cnv
ibm-4899_P100-1998.cnv
ibm-4909_P100-1999.cnv
ibm-4971_P100-1999.cnv
ibm-500_P100-1995.cnv
ibm-5123_P100-1999.cnv
ibm-5346_P100-1998.cnv
ibm-5347_P100-1998.cnv
ibm-5348_P100-1997.cnv
ibm-5349_P100-1998.cnv
ibm-5350_P100-1998.cnv
ibm-5351_P100-1998.cnv
ibm-5352_P100-1998.cnv
ibm-5353_P100-1998.cnv
ibm-5354_P100-1998.cnv
ibm-5478_P100-1995.cnv
ibm-737_P100-1997.cnv
ibm-775_P100-1996.cnv
ibm-803_P100-1999.cnv
ibm-813_P100-1995.cnv
ibm-838_P100-1995.cnv
ibm-8482_P100-1999.cnv
ibm-850_P100-1995.cnv
ibm-851_P100-1995.cnv
ibm-852_P100-1995.cnv
ibm-855_P100-1995.cnv
ibm-856_P100-1995.cnv
ibm-857_P100-1995.cnv
ibm-858_P100-1997.cnv
ibm-860_P100-1995.cnv
ibm-861_P100-1995.cnv
ibm-862_P100-1995.cnv
ibm-863_P100-1995.cnv
ibm-864_X110-1999.cnv
ibm-865_P100-1995.cnv
ibm-866_P100-1995.cnv
ibm-867_P100-1998.cnv
ibm-868_P100-1995.cnv
ibm-869_P100-1995.cnv
ibm-870_P100-1995.cnv
ibm-871_P100-1995.cnv
ibm-874_P100-1995.cnv
ibm-875_P100-1995.cnv
ibm-878_P100-1996.cnv
ibm-897_P100-1995.cnv
ibm-9005_X100-2005.cnv
ibm-901_P100-1999.cnv
ibm-902_P100-1999.cnv
ibm-9067_X100-2005.cnv
ibm-912_P100-1995.cnv
ibm-913_P100-2000.cnv
ibm-914_P100-1995.cnv
ibm-915_P100-1995.cnv
ibm-916_P100-1995.cnv
ibm-918_P100-1995.cnv
ibm-920_P100-1995.cnv
ibm-921_P100-1995.cnv
ibm-922_P100-1999.cnv
ibm-923_P100-1998.cnv
ibm-930_P120-1999.cnv
ibm-933_P110-1995.cnv
ibm-935_P110-1999.cnv
ibm-937_P110-1999.cnv
ibm-939_P120-1999.cnv
ibm-942_P12A-1999.cnv
ibm-943_P130-1999.cnv
ibm-943_P15A-2003.cnv
ibm-9447_P100-2002.cnv
ibm-9448_X100-2005.cnv
ibm-9449_P100-2002.cnv
ibm-949_P110-1999.cnv
ibm-949_P11A-1999.cnv
ibm-950_P110-1999.cnv
ibm-954_P101-2000.cnv
ibm-964_P110-1999.cnv
ibm-970_P110-1995.cnv
ibm-971_P100-1995.cnv
icu-internal-25546.cnv
id.res
id_ID.res
in.res
in_ID.res
invuca.icu
is.res
is_IS.res
iso-8859_10-1998.cnv
iso-8859_11-2001.cnv
iso-8859_14-1998.cnv
iso-ir-165.cnv
it.res
it_CH.res
it_IT.res
iw.res
iw_IL.res
ja.res
ja_JP.res
ja_JP_TRADITIONAL.res
jisx-208.cnv
jisx-212.cnv
kk.res
kk_KZ.res
kl.res
kl_GL.res
kn.res
kn_IN.res
ko.res
ko_KR.res
kok.res
kok_IN.res
kw.res
kw_GB.res
lmb-excp.cnv
lt.res
lt_LT.res
lv.res
lv_LV.res
macos-0_2-10.2.cnv
macos-2566-10.2.cnv
macos-29-10.2.cnv
macos-35-10.2.cnv
macos-6_2-10.4.cnv
macos-7_3-10.2.cnv
mk.res
mk_MK.res
ml.res
ml_IN.res
mr.res
mr_IN.res
ms.res
ms_BN.res
ms_MY.res
mt.res
mt_MT.res
nb.res
nb_NO.res
nl.res
nl_BE.res
nl_NL.res
nn.res
nn_NO.res
no.res
no_NO.res
no_NO_NY.res
om.res
om_ET.res
om_KE.res
or.res
or_IN.res
pa.res
pa_IN.res
pl.res
pl_PL.res
pnames.icu
ps.res
ps_AF.res
pt.res
pt_BR.res
pt_PT.res
rbnf/da.res
rbnf/de.res
rbnf/en.res
rbnf/en_GB.res
rbnf/eo.res
rbnf/es.res
rbnf/fa.res
rbnf/fa_AF.res
rbnf/fr.res
rbnf/fr_BE.res
rbnf/fr_CH.res
rbnf/ga.res
rbnf/he.res
rbnf/it.res
rbnf/ja.res
rbnf/mt.res
rbnf/nl.res
rbnf/pl.res
rbnf/pt.res
rbnf/res_index.res
rbnf/root.res
rbnf/ru.res
rbnf/sv.res
rbnf/th.res
rbnf/uk.res
res_index.res
ro.res
ro_RO.res
root.res
ru.res
ru_RU.res
ru_UA.res
sh.res
sh_CS.res
sh_YU.res
sk.res
sk_SK.res
sl.res
sl_SI.res
so.res
so_DJ.res
so_ET.res
so_KE.res
so_SO.res
sq.res
sq_AL.res
sr.res
sr_CS.res
sr_Cyrl.res
sr_Cyrl_CS.res
sr_Cyrl_YU.res
sr_Latn.res
sr_Latn_CS.res
sr_Latn_YU.res
sr_YU.res
sv.res
sv_FI.res
sv_SE.res
sw.res
sw_KE.res
sw_TZ.res
ta.res
ta_IN.res
te.res
te_IN.res
th.res
th_TH.res
th_TH_TRADITIONAL.res
ti.res
ti_ER.res
ti_ET.res
tr.res
tr_TR.res
translit/el.res
translit/en.res
translit/root.res
ucadata.icu
uidna.spp
uk.res
uk_UA.res
unames.icu
ur.res
ur_IN.res
ur_PK.res
uz.res
uz_Cyrl.res
uz_Cyrl_UZ.res
uz_Latn.res
uz_Latn_UZ.res
uz_UZ.res
vi.res
vi_VN.res
windows-874-2000.cnv
windows-936-2000.cnv
windows-949-2000.cnv
windows-950-2000.cnv
zh.res
zh_CN.res
zh_HK.res
zh_Hans.res
zh_Hans_CN.res
zh_Hans_SG.res
zh_Hant.res
zh_Hant_HK.res
zh_Hant_MO.res
zh_Hant_TW.res
zh_MO.res
zh_SG.res
zh_TW.res
zoneinfo.res
